[3.673s] Invoking command in '/home/optimus/optimus_v6.3_ws/src/optimus_description': CMAKE_PREFIX_PATH=/home/optimus/optimus_v6.3_ws/install/optimus_interfaces:/home/optimus/optimus_v6.3_ws/install/optimus_bringup PYTHONPATH=/home/optimus/optimus_v6.3_ws/build/optimus_description/prefix_override:/home/optimus/optimus_v6.3_ws/install/optimus_description/lib/python3.10/site-packages:${PYTHONPATH} /usr/bin/python3 setup.py egg_info --egg-base ../../build/optimus_description build --build-base /home/optimus/optimus_v6.3_ws/build/optimus_description/build install --record /home/optimus/optimus_v6.3_ws/build/optimus_description/install.log --single-version-externally-managed
[4.791s] running egg_info
[4.794s] writing ../../build/optimus_description/optimus_description.egg-info/PKG-INFO
[4.795s] writing dependency_links to ../../build/optimus_description/optimus_description.egg-info/dependency_links.txt
[4.796s] writing entry points to ../../build/optimus_description/optimus_description.egg-info/entry_points.txt
[4.797s] writing requirements to ../../build/optimus_description/optimus_description.egg-info/requires.txt
[4.797s] writing top-level names to ../../build/optimus_description/optimus_description.egg-info/top_level.txt
[4.807s] reading manifest file '../../build/optimus_description/optimus_description.egg-info/SOURCES.txt'
[4.811s] writing manifest file '../../build/optimus_description/optimus_description.egg-info/SOURCES.txt'
[4.812s] running build
[4.812s] running build_py
[4.815s] running install
[4.816s] running install_lib
[4.824s] running install_data
[4.826s] running install_egg_info
[4.833s] removing '/home/optimus/optimus_v6.3_ws/install/optimus_description/lib/python3.10/site-packages/optimus_description-0.0.0-py3.10.egg-info' (and everything under it)
[4.835s] Copying ../../build/optimus_description/optimus_description.egg-info to /home/optimus/optimus_v6.3_ws/install/optimus_description/lib/python3.10/site-packages/optimus_description-0.0.0-py3.10.egg-info
[4.841s] running install_scripts
[4.916s] Installing camera script to /home/optimus/optimus_v6.3_ws/install/optimus_description/lib/optimus_description
[4.917s] Installing lifecycle_manager script to /home/optimus/optimus_v6.3_ws/install/optimus_description/lib/optimus_description
[4.918s] Installing motor_driver script to /home/optimus/optimus_v6.3_ws/install/optimus_description/lib/optimus_description
[4.919s] Installing optimus_pi script to /home/optimus/optimus_v6.3_ws/install/optimus_description/lib/optimus_description
[4.920s] Installing ps4_controller script to /home/optimus/optimus_v6.3_ws/install/optimus_description/lib/optimus_description
[4.921s] Installing ultra_sonic_sensor script to /home/optimus/optimus_v6.3_ws/install/optimus_description/lib/optimus_description
[4.923s] writing list of installed files to '/home/optimus/optimus_v6.3_ws/build/optimus_description/install.log'
[5.049s] Invoked command in '/home/optimus/optimus_v6.3_ws/src/optimus_description' returned '0': CMAKE_PREFIX_PATH=/home/optimus/optimus_v6.3_ws/install/optimus_interfaces:/home/optimus/optimus_v6.3_ws/install/optimus_bringup PYTHONPATH=/home/optimus/optimus_v6.3_ws/build/optimus_description/prefix_override:/home/optimus/optimus_v6.3_ws/install/optimus_description/lib/python3.10/site-packages:${PYTHONPATH} /usr/bin/python3 setup.py egg_info --egg-base ../../build/optimus_description build --build-base /home/optimus/optimus_v6.3_ws/build/optimus_description/build install --record /home/optimus/optimus_v6.3_ws/build/optimus_description/install.log --single-version-externally-managed
