[0.292s] Invoking command in '/home/optimus/optimus_v6.3_ws/build/optimus_interfaces': CMAKE_PREFIX_PATH=${CMAKE_PREFIX_PATH}:/home/optimus/optimus_v6.3_ws/install/optimus_description:/opt/ros/humble /usr/bin/cmake --build /home/optimus/optimus_v6.3_ws/build/optimus_interfaces -- -j4 -l4
[0.520s] [  1%] Built target optimus_interfaces__cpp
[0.530s] [ 12%] Built target optimus_interfaces__rosidl_generator_c
[0.590s] [ 12%] Built target ament_cmake_python_copy_optimus_interfaces
[0.655s] [ 23%] Built target optimus_interfaces__rosidl_typesupport_cpp
[0.656s] [ 34%] Built target optimus_interfaces__rosidl_typesupport_fastrtps_cpp
[0.684s] [ 45%] Built target optimus_interfaces__rosidl_typesupport_introspection_cpp
[0.742s] [ 56%] Built target optimus_interfaces__rosidl_typesupport_fastrtps_c
[0.768s] [ 67%] Built target optimus_interfaces__rosidl_typesupport_introspection_c
[0.772s] [ 78%] Built target optimus_interfaces__rosidl_typesupport_c
[0.859s] [ 78%] Built target optimus_interfaces
[0.955s] [ 80%] Built target optimus_interfaces__py
[1.082s] [ 89%] Built target optimus_interfaces__rosidl_generator_py
[1.288s] [ 92%] Built target optimus_interfaces__rosidl_typesupport_introspection_c__pyext
[1.289s] [ 96%] Built target optimus_interfaces__rosidl_typesupport_c__pyext
[1.309s] [100%] Built target optimus_interfaces__rosidl_typesupport_fastrtps_c__pyext
[2.238s] running egg_info
[2.241s] writing optimus_interfaces.egg-info/PKG-INFO
[2.242s] writing dependency_links to optimus_interfaces.egg-info/dependency_links.txt
[2.244s] writing top-level names to optimus_interfaces.egg-info/top_level.txt
[2.254s] reading manifest file 'optimus_interfaces.egg-info/SOURCES.txt'
[2.258s] writing manifest file 'optimus_interfaces.egg-info/SOURCES.txt'
[2.392s] [100%] Built target ament_cmake_python_build_optimus_interfaces_egg
[2.443s] Invoked command in '/home/optimus/optimus_v6.3_ws/build/optimus_interfaces' returned '0': CMAKE_PREFIX_PATH=${CMAKE_PREFIX_PATH}:/home/optimus/optimus_v6.3_ws/install/optimus_description:/opt/ros/humble /usr/bin/cmake --build /home/optimus/optimus_v6.3_ws/build/optimus_interfaces -- -j4 -l4
[3.161s] Invoking command in '/home/optimus/optimus_v6.3_ws/build/optimus_interfaces': CMAKE_PREFIX_PATH=${CMAKE_PREFIX_PATH}:/home/optimus/optimus_v6.3_ws/install/optimus_description:/opt/ros/humble /usr/bin/cmake --install /home/optimus/optimus_v6.3_ws/build/optimus_interfaces
[3.191s] -- Install configuration: ""
[3.192s] -- Up-to-date: /home/optimus/optimus_v6.3_ws/install/optimus_interfaces/share/ament_index/resource_index/rosidl_interfaces/optimus_interfaces
[3.192s] -- Up-to-date: /home/optimus/optimus_v6.3_ws/install/optimus_interfaces/include/optimus_interfaces/optimus_interfaces
[3.193s] -- Up-to-date: /home/optimus/optimus_v6.3_ws/install/optimus_interfaces/include/optimus_interfaces/optimus_interfaces/action
[3.193s] -- Up-to-date: /home/optimus/optimus_v6.3_ws/install/optimus_interfaces/include/optimus_interfaces/optimus_interfaces/action/control_optimus.h
[3.193s] -- Up-to-date: /home/optimus/optimus_v6.3_ws/install/optimus_interfaces/include/optimus_interfaces/optimus_interfaces/action/detail
[3.194s] -- Up-to-date: /home/optimus/optimus_v6.3_ws/install/optimus_interfaces/include/optimus_interfaces/optimus_interfaces/action/detail/control_optimus__type_support.h
[3.195s] -- Up-to-date: /home/optimus/optimus_v6.3_ws/install/optimus_interfaces/include/optimus_interfaces/optimus_interfaces/action/detail/control_optimus__functions.c
[3.195s] -- Up-to-date: /home/optimus/optimus_v6.3_ws/install/optimus_interfaces/include/optimus_interfaces/optimus_interfaces/action/detail/control_optimus__functions.h
[3.195s] -- Up-to-date: /home/optimus/optimus_v6.3_ws/install/optimus_interfaces/include/optimus_interfaces/optimus_interfaces/action/detail/control_optimus__struct.h
[3.196s] -- Up-to-date: /home/optimus/optimus_v6.3_ws/install/optimus_interfaces/include/optimus_interfaces/optimus_interfaces/srv
[3.196s] -- Up-to-date: /home/optimus/optimus_v6.3_ws/install/optimus_interfaces/include/optimus_interfaces/optimus_interfaces/srv/detail
[3.197s] -- Up-to-date: /home/optimus/optimus_v6.3_ws/install/optimus_interfaces/include/optimus_interfaces/optimus_interfaces/srv/detail/autonomous_driver__functions.h
[3.197s] -- Up-to-date: /home/optimus/optimus_v6.3_ws/install/optimus_interfaces/include/optimus_interfaces/optimus_interfaces/srv/detail/autonomous_driver__functions.c
[3.198s] -- Up-to-date: /home/optimus/optimus_v6.3_ws/install/optimus_interfaces/include/optimus_interfaces/optimus_interfaces/srv/detail/autonomous_driver__struct.h
[3.198s] -- Up-to-date: /home/optimus/optimus_v6.3_ws/install/optimus_interfaces/include/optimus_interfaces/optimus_interfaces/srv/detail/autonomous_driver__type_support.h
[3.199s] -- Up-to-date: /home/optimus/optimus_v6.3_ws/install/optimus_interfaces/include/optimus_interfaces/optimus_interfaces/srv/autonomous_driver.h
[3.199s] -- Up-to-date: /home/optimus/optimus_v6.3_ws/install/optimus_interfaces/include/optimus_interfaces/optimus_interfaces/msg
[3.200s] -- Up-to-date: /home/optimus/optimus_v6.3_ws/install/optimus_interfaces/include/optimus_interfaces/optimus_interfaces/msg/detail
[3.200s] -- Up-to-date: /home/optimus/optimus_v6.3_ws/install/optimus_interfaces/include/optimus_interfaces/optimus_interfaces/msg/detail/motor_driver__struct.h
[3.201s] -- Up-to-date: /home/optimus/optimus_v6.3_ws/install/optimus_interfaces/include/optimus_interfaces/optimus_interfaces/msg/detail/ultra_sonic_range__struct.h
[3.201s] -- Up-to-date: /home/optimus/optimus_v6.3_ws/install/optimus_interfaces/include/optimus_interfaces/optimus_interfaces/msg/detail/ultra_sonic_range__type_support.h
[3.202s] -- Up-to-date: /home/optimus/optimus_v6.3_ws/install/optimus_interfaces/include/optimus_interfaces/optimus_interfaces/msg/detail/motor_driver__functions.c
[3.202s] -- Up-to-date: /home/optimus/optimus_v6.3_ws/install/optimus_interfaces/include/optimus_interfaces/optimus_interfaces/msg/detail/motor_driver__type_support.h
[3.202s] -- Up-to-date: /home/optimus/optimus_v6.3_ws/install/optimus_interfaces/include/optimus_interfaces/optimus_interfaces/msg/detail/ultra_sonic_range__functions.c
[3.203s] -- Up-to-date: /home/optimus/optimus_v6.3_ws/install/optimus_interfaces/include/optimus_interfaces/optimus_interfaces/msg/detail/motor_driver__functions.h
[3.203s] -- Up-to-date: /home/optimus/optimus_v6.3_ws/install/optimus_interfaces/include/optimus_interfaces/optimus_interfaces/msg/detail/ultra_sonic_range__functions.h
[3.204s] -- Up-to-date: /home/optimus/optimus_v6.3_ws/install/optimus_interfaces/include/optimus_interfaces/optimus_interfaces/msg/rosidl_generator_c__visibility_control.h
[3.204s] -- Up-to-date: /home/optimus/optimus_v6.3_ws/install/optimus_interfaces/include/optimus_interfaces/optimus_interfaces/msg/ultra_sonic_range.h
[3.205s] -- Up-to-date: /home/optimus/optimus_v6.3_ws/install/optimus_interfaces/include/optimus_interfaces/optimus_interfaces/msg/motor_driver.h
[3.205s] -- Up-to-date: /home/optimus/optimus_v6.3_ws/install/optimus_interfaces/share/optimus_interfaces/environment/library_path.sh
[3.205s] -- Up-to-date: /home/optimus/optimus_v6.3_ws/install/optimus_interfaces/share/optimus_interfaces/environment/library_path.dsv
[3.206s] -- Up-to-date: /home/optimus/optimus_v6.3_ws/install/optimus_interfaces/lib/liboptimus_interfaces__rosidl_generator_c.so
[3.206s] -- Up-to-date: /home/optimus/optimus_v6.3_ws/install/optimus_interfaces/include/optimus_interfaces/optimus_interfaces
[3.207s] -- Up-to-date: /home/optimus/optimus_v6.3_ws/install/optimus_interfaces/include/optimus_interfaces/optimus_interfaces/action
[3.207s] -- Up-to-date: /home/optimus/optimus_v6.3_ws/install/optimus_interfaces/include/optimus_interfaces/optimus_interfaces/action/detail
[3.208s] -- Up-to-date: /home/optimus/optimus_v6.3_ws/install/optimus_interfaces/include/optimus_interfaces/optimus_interfaces/action/detail/control_optimus__rosidl_typesupport_fastrtps_c.h
[3.208s] -- Up-to-date: /home/optimus/optimus_v6.3_ws/install/optimus_interfaces/include/optimus_interfaces/optimus_interfaces/srv
[3.209s] -- Up-to-date: /home/optimus/optimus_v6.3_ws/install/optimus_interfaces/include/optimus_interfaces/optimus_interfaces/srv/detail
[3.209s] -- Up-to-date: /home/optimus/optimus_v6.3_ws/install/optimus_interfaces/include/optimus_interfaces/optimus_interfaces/srv/detail/autonomous_driver__rosidl_typesupport_fastrtps_c.h
[3.209s] -- Up-to-date: /home/optimus/optimus_v6.3_ws/install/optimus_interfaces/include/optimus_interfaces/optimus_interfaces/msg
[3.210s] -- Up-to-date: /home/optimus/optimus_v6.3_ws/install/optimus_interfaces/include/optimus_interfaces/optimus_interfaces/msg/detail
[3.210s] -- Up-to-date: /home/optimus/optimus_v6.3_ws/install/optimus_interfaces/include/optimus_interfaces/optimus_interfaces/msg/detail/motor_driver__rosidl_typesupport_fastrtps_c.h
[3.210s] -- Up-to-date: /home/optimus/optimus_v6.3_ws/install/optimus_interfaces/include/optimus_interfaces/optimus_interfaces/msg/detail/ultra_sonic_range__rosidl_typesupport_fastrtps_c.h
[3.211s] -- Up-to-date: /home/optimus/optimus_v6.3_ws/install/optimus_interfaces/include/optimus_interfaces/optimus_interfaces/msg/rosidl_typesupport_fastrtps_c__visibility_control.h
[3.211s] -- Up-to-date: /home/optimus/optimus_v6.3_ws/install/optimus_interfaces/lib/liboptimus_interfaces__rosidl_typesupport_fastrtps_c.so
[3.212s] -- Up-to-date: /home/optimus/optimus_v6.3_ws/install/optimus_interfaces/include/optimus_interfaces/optimus_interfaces
[3.212s] -- Up-to-date: /home/optimus/optimus_v6.3_ws/install/optimus_interfaces/include/optimus_interfaces/optimus_interfaces/action
[3.213s] -- Up-to-date: /home/optimus/optimus_v6.3_ws/install/optimus_interfaces/include/optimus_interfaces/optimus_interfaces/action/detail
[3.213s] -- Up-to-date: /home/optimus/optimus_v6.3_ws/install/optimus_interfaces/include/optimus_interfaces/optimus_interfaces/action/detail/control_optimus__type_support.c
[3.214s] -- Up-to-date: /home/optimus/optimus_v6.3_ws/install/optimus_interfaces/include/optimus_interfaces/optimus_interfaces/action/detail/control_optimus__rosidl_typesupport_introspection_c.h
[3.214s] -- Up-to-date: /home/optimus/optimus_v6.3_ws/install/optimus_interfaces/include/optimus_interfaces/optimus_interfaces/srv
[3.215s] -- Up-to-date: /home/optimus/optimus_v6.3_ws/install/optimus_interfaces/include/optimus_interfaces/optimus_interfaces/srv/detail
[3.215s] -- Up-to-date: /home/optimus/optimus_v6.3_ws/install/optimus_interfaces/include/optimus_interfaces/optimus_interfaces/srv/detail/autonomous_driver__type_support.c
[3.216s] -- Up-to-date: /home/optimus/optimus_v6.3_ws/install/optimus_interfaces/include/optimus_interfaces/optimus_interfaces/srv/detail/autonomous_driver__rosidl_typesupport_introspection_c.h
[3.216s] -- Up-to-date: /home/optimus/optimus_v6.3_ws/install/optimus_interfaces/include/optimus_interfaces/optimus_interfaces/msg
[3.217s] -- Up-to-date: /home/optimus/optimus_v6.3_ws/install/optimus_interfaces/include/optimus_interfaces/optimus_interfaces/msg/detail
[3.218s] -- Up-to-date: /home/optimus/optimus_v6.3_ws/install/optimus_interfaces/include/optimus_interfaces/optimus_interfaces/msg/detail/motor_driver__rosidl_typesupport_introspection_c.h
[3.218s] -- Up-to-date: /home/optimus/optimus_v6.3_ws/install/optimus_interfaces/include/optimus_interfaces/optimus_interfaces/msg/detail/ultra_sonic_range__rosidl_typesupport_introspection_c.h
[3.219s] -- Up-to-date: /home/optimus/optimus_v6.3_ws/install/optimus_interfaces/include/optimus_interfaces/optimus_interfaces/msg/detail/motor_driver__type_support.c
[3.219s] -- Up-to-date: /home/optimus/optimus_v6.3_ws/install/optimus_interfaces/include/optimus_interfaces/optimus_interfaces/msg/detail/ultra_sonic_range__type_support.c
[3.220s] -- Up-to-date: /home/optimus/optimus_v6.3_ws/install/optimus_interfaces/include/optimus_interfaces/optimus_interfaces/msg/rosidl_typesupport_introspection_c__visibility_control.h
[3.220s] -- Up-to-date: /home/optimus/optimus_v6.3_ws/install/optimus_interfaces/lib/liboptimus_interfaces__rosidl_typesupport_introspection_c.so
[3.221s] -- Up-to-date: /home/optimus/optimus_v6.3_ws/install/optimus_interfaces/lib/liboptimus_interfaces__rosidl_typesupport_c.so
[3.222s] -- Up-to-date: /home/optimus/optimus_v6.3_ws/install/optimus_interfaces/include/optimus_interfaces/optimus_interfaces
[3.222s] -- Up-to-date: /home/optimus/optimus_v6.3_ws/install/optimus_interfaces/include/optimus_interfaces/optimus_interfaces/action
[3.223s] -- Up-to-date: /home/optimus/optimus_v6.3_ws/install/optimus_interfaces/include/optimus_interfaces/optimus_interfaces/action/detail
[3.223s] -- Up-to-date: /home/optimus/optimus_v6.3_ws/install/optimus_interfaces/include/optimus_interfaces/optimus_interfaces/action/detail/control_optimus__builder.hpp
[3.224s] -- Up-to-date: /home/optimus/optimus_v6.3_ws/install/optimus_interfaces/include/optimus_interfaces/optimus_interfaces/action/detail/control_optimus__traits.hpp
[3.225s] -- Up-to-date: /home/optimus/optimus_v6.3_ws/install/optimus_interfaces/include/optimus_interfaces/optimus_interfaces/action/detail/control_optimus__struct.hpp
[3.225s] -- Up-to-date: /home/optimus/optimus_v6.3_ws/install/optimus_interfaces/include/optimus_interfaces/optimus_interfaces/action/control_optimus.hpp
[3.226s] -- Up-to-date: /home/optimus/optimus_v6.3_ws/install/optimus_interfaces/include/optimus_interfaces/optimus_interfaces/srv
[3.227s] -- Up-to-date: /home/optimus/optimus_v6.3_ws/install/optimus_interfaces/include/optimus_interfaces/optimus_interfaces/srv/detail
[3.227s] -- Up-to-date: /home/optimus/optimus_v6.3_ws/install/optimus_interfaces/include/optimus_interfaces/optimus_interfaces/srv/detail/autonomous_driver__struct.hpp
[3.228s] -- Up-to-date: /home/optimus/optimus_v6.3_ws/install/optimus_interfaces/include/optimus_interfaces/optimus_interfaces/srv/detail/autonomous_driver__builder.hpp
[3.228s] -- Up-to-date: /home/optimus/optimus_v6.3_ws/install/optimus_interfaces/include/optimus_interfaces/optimus_interfaces/srv/detail/autonomous_driver__traits.hpp
[3.229s] -- Up-to-date: /home/optimus/optimus_v6.3_ws/install/optimus_interfaces/include/optimus_interfaces/optimus_interfaces/srv/autonomous_driver.hpp
[3.230s] -- Up-to-date: /home/optimus/optimus_v6.3_ws/install/optimus_interfaces/include/optimus_interfaces/optimus_interfaces/msg
[3.230s] -- Up-to-date: /home/optimus/optimus_v6.3_ws/install/optimus_interfaces/include/optimus_interfaces/optimus_interfaces/msg/detail
[3.231s] -- Up-to-date: /home/optimus/optimus_v6.3_ws/install/optimus_interfaces/include/optimus_interfaces/optimus_interfaces/msg/detail/motor_driver__traits.hpp
[3.231s] -- Up-to-date: /home/optimus/optimus_v6.3_ws/install/optimus_interfaces/include/optimus_interfaces/optimus_interfaces/msg/detail/ultra_sonic_range__builder.hpp
[3.232s] -- Up-to-date: /home/optimus/optimus_v6.3_ws/install/optimus_interfaces/include/optimus_interfaces/optimus_interfaces/msg/detail/ultra_sonic_range__struct.hpp
[3.233s] -- Up-to-date: /home/optimus/optimus_v6.3_ws/install/optimus_interfaces/include/optimus_interfaces/optimus_interfaces/msg/detail/motor_driver__builder.hpp
[3.233s] -- Up-to-date: /home/optimus/optimus_v6.3_ws/install/optimus_interfaces/include/optimus_interfaces/optimus_interfaces/msg/detail/motor_driver__struct.hpp
[3.234s] -- Up-to-date: /home/optimus/optimus_v6.3_ws/install/optimus_interfaces/include/optimus_interfaces/optimus_interfaces/msg/detail/ultra_sonic_range__traits.hpp
[3.234s] -- Up-to-date: /home/optimus/optimus_v6.3_ws/install/optimus_interfaces/include/optimus_interfaces/optimus_interfaces/msg/motor_driver.hpp
[3.235s] -- Up-to-date: /home/optimus/optimus_v6.3_ws/install/optimus_interfaces/include/optimus_interfaces/optimus_interfaces/msg/ultra_sonic_range.hpp
[3.235s] -- Up-to-date: /home/optimus/optimus_v6.3_ws/install/optimus_interfaces/include/optimus_interfaces/optimus_interfaces
[3.236s] -- Up-to-date: /home/optimus/optimus_v6.3_ws/install/optimus_interfaces/include/optimus_interfaces/optimus_interfaces/action
[3.236s] -- Up-to-date: /home/optimus/optimus_v6.3_ws/install/optimus_interfaces/include/optimus_interfaces/optimus_interfaces/action/detail
[3.236s] -- Up-to-date: /home/optimus/optimus_v6.3_ws/install/optimus_interfaces/include/optimus_interfaces/optimus_interfaces/action/detail/dds_fastrtps
[3.237s] -- Up-to-date: /home/optimus/optimus_v6.3_ws/install/optimus_interfaces/include/optimus_interfaces/optimus_interfaces/action/detail/control_optimus__rosidl_typesupport_fastrtps_cpp.hpp
[3.237s] -- Up-to-date: /home/optimus/optimus_v6.3_ws/install/optimus_interfaces/include/optimus_interfaces/optimus_interfaces/srv
[3.237s] -- Up-to-date: /home/optimus/optimus_v6.3_ws/install/optimus_interfaces/include/optimus_interfaces/optimus_interfaces/srv/detail
[3.238s] -- Up-to-date: /home/optimus/optimus_v6.3_ws/install/optimus_interfaces/include/optimus_interfaces/optimus_interfaces/srv/detail/autonomous_driver__rosidl_typesupport_fastrtps_cpp.hpp
[3.239s] -- Up-to-date: /home/optimus/optimus_v6.3_ws/install/optimus_interfaces/include/optimus_interfaces/optimus_interfaces/srv/detail/dds_fastrtps
[3.240s] -- Up-to-date: /home/optimus/optimus_v6.3_ws/install/optimus_interfaces/include/optimus_interfaces/optimus_interfaces/msg
[3.240s] -- Up-to-date: /home/optimus/optimus_v6.3_ws/install/optimus_interfaces/include/optimus_interfaces/optimus_interfaces/msg/detail
[3.241s] -- Up-to-date: /home/optimus/optimus_v6.3_ws/install/optimus_interfaces/include/optimus_interfaces/optimus_interfaces/msg/detail/dds_fastrtps
[3.242s] -- Up-to-date: /home/optimus/optimus_v6.3_ws/install/optimus_interfaces/include/optimus_interfaces/optimus_interfaces/msg/detail/motor_driver__rosidl_typesupport_fastrtps_cpp.hpp
[3.242s] -- Up-to-date: /home/optimus/optimus_v6.3_ws/install/optimus_interfaces/include/optimus_interfaces/optimus_interfaces/msg/detail/ultra_sonic_range__rosidl_typesupport_fastrtps_cpp.hpp
[3.243s] -- Up-to-date: /home/optimus/optimus_v6.3_ws/install/optimus_interfaces/include/optimus_interfaces/optimus_interfaces/msg/rosidl_typesupport_fastrtps_cpp__visibility_control.h
[3.243s] -- Up-to-date: /home/optimus/optimus_v6.3_ws/install/optimus_interfaces/lib/liboptimus_interfaces__rosidl_typesupport_fastrtps_cpp.so
[3.244s] -- Up-to-date: /home/optimus/optimus_v6.3_ws/install/optimus_interfaces/include/optimus_interfaces/optimus_interfaces
[3.244s] -- Up-to-date: /home/optimus/optimus_v6.3_ws/install/optimus_interfaces/include/optimus_interfaces/optimus_interfaces/action
[3.245s] -- Up-to-date: /home/optimus/optimus_v6.3_ws/install/optimus_interfaces/include/optimus_interfaces/optimus_interfaces/action/detail
[3.245s] -- Up-to-date: /home/optimus/optimus_v6.3_ws/install/optimus_interfaces/include/optimus_interfaces/optimus_interfaces/action/detail/control_optimus__rosidl_typesupport_introspection_cpp.hpp
[3.245s] -- Up-to-date: /home/optimus/optimus_v6.3_ws/install/optimus_interfaces/include/optimus_interfaces/optimus_interfaces/action/detail/control_optimus__type_support.cpp
[3.246s] -- Up-to-date: /home/optimus/optimus_v6.3_ws/install/optimus_interfaces/include/optimus_interfaces/optimus_interfaces/srv
[3.246s] -- Up-to-date: /home/optimus/optimus_v6.3_ws/install/optimus_interfaces/include/optimus_interfaces/optimus_interfaces/srv/detail
[3.246s] -- Up-to-date: /home/optimus/optimus_v6.3_ws/install/optimus_interfaces/include/optimus_interfaces/optimus_interfaces/srv/detail/autonomous_driver__type_support.cpp
[3.247s] -- Up-to-date: /home/optimus/optimus_v6.3_ws/install/optimus_interfaces/include/optimus_interfaces/optimus_interfaces/srv/detail/autonomous_driver__rosidl_typesupport_introspection_cpp.hpp
[3.248s] -- Up-to-date: /home/optimus/optimus_v6.3_ws/install/optimus_interfaces/include/optimus_interfaces/optimus_interfaces/msg
[3.248s] -- Up-to-date: /home/optimus/optimus_v6.3_ws/install/optimus_interfaces/include/optimus_interfaces/optimus_interfaces/msg/detail
[3.249s] -- Up-to-date: /home/optimus/optimus_v6.3_ws/install/optimus_interfaces/include/optimus_interfaces/optimus_interfaces/msg/detail/motor_driver__rosidl_typesupport_introspection_cpp.hpp
[3.249s] -- Up-to-date: /home/optimus/optimus_v6.3_ws/install/optimus_interfaces/include/optimus_interfaces/optimus_interfaces/msg/detail/ultra_sonic_range__rosidl_typesupport_introspection_cpp.hpp
[3.250s] -- Up-to-date: /home/optimus/optimus_v6.3_ws/install/optimus_interfaces/include/optimus_interfaces/optimus_interfaces/msg/detail/ultra_sonic_range__type_support.cpp
[3.250s] -- Up-to-date: /home/optimus/optimus_v6.3_ws/install/optimus_interfaces/include/optimus_interfaces/optimus_interfaces/msg/detail/motor_driver__type_support.cpp
[3.251s] -- Up-to-date: /home/optimus/optimus_v6.3_ws/install/optimus_interfaces/lib/liboptimus_interfaces__rosidl_typesupport_introspection_cpp.so
[3.251s] -- Up-to-date: /home/optimus/optimus_v6.3_ws/install/optimus_interfaces/lib/liboptimus_interfaces__rosidl_typesupport_cpp.so
[3.252s] -- Up-to-date: /home/optimus/optimus_v6.3_ws/install/optimus_interfaces/share/optimus_interfaces/environment/pythonpath.sh
[3.252s] -- Up-to-date: /home/optimus/optimus_v6.3_ws/install/optimus_interfaces/share/optimus_interfaces/environment/pythonpath.dsv
[3.252s] -- Up-to-date: /home/optimus/optimus_v6.3_ws/install/optimus_interfaces/local/lib/python3.10/dist-packages/optimus_interfaces-0.0.0-py3.10.egg-info
[3.253s] -- Installing: /home/optimus/optimus_v6.3_ws/install/optimus_interfaces/local/lib/python3.10/dist-packages/optimus_interfaces-0.0.0-py3.10.egg-info/dependency_links.txt
[3.253s] -- Installing: /home/optimus/optimus_v6.3_ws/install/optimus_interfaces/local/lib/python3.10/dist-packages/optimus_interfaces-0.0.0-py3.10.egg-info/top_level.txt
[3.254s] -- Installing: /home/optimus/optimus_v6.3_ws/install/optimus_interfaces/local/lib/python3.10/dist-packages/optimus_interfaces-0.0.0-py3.10.egg-info/SOURCES.txt
[3.254s] -- Installing: /home/optimus/optimus_v6.3_ws/install/optimus_interfaces/local/lib/python3.10/dist-packages/optimus_interfaces-0.0.0-py3.10.egg-info/PKG-INFO
[3.255s] -- Up-to-date: /home/optimus/optimus_v6.3_ws/install/optimus_interfaces/local/lib/python3.10/dist-packages/optimus_interfaces
[3.256s] -- Up-to-date: /home/optimus/optimus_v6.3_ws/install/optimus_interfaces/local/lib/python3.10/dist-packages/optimus_interfaces/optimus_interfaces_s__rosidl_typesupport_c.cpython-310-aarch64-linux-gnu.so
[3.256s] -- Up-to-date: /home/optimus/optimus_v6.3_ws/install/optimus_interfaces/local/lib/python3.10/dist-packages/optimus_interfaces/_optimus_interfaces_s.ep.rosidl_typesupport_fastrtps_c.c
[3.257s] -- Up-to-date: /home/optimus/optimus_v6.3_ws/install/optimus_interfaces/local/lib/python3.10/dist-packages/optimus_interfaces/liboptimus_interfaces__rosidl_generator_py.so
[3.257s] -- Up-to-date: /home/optimus/optimus_v6.3_ws/install/optimus_interfaces/local/lib/python3.10/dist-packages/optimus_interfaces/action
[3.257s] -- Up-to-date: /home/optimus/optimus_v6.3_ws/install/optimus_interfaces/local/lib/python3.10/dist-packages/optimus_interfaces/action/_control_optimus_s.c
[3.258s] -- Up-to-date: /home/optimus/optimus_v6.3_ws/install/optimus_interfaces/local/lib/python3.10/dist-packages/optimus_interfaces/action/_control_optimus.py
[3.258s] -- Up-to-date: /home/optimus/optimus_v6.3_ws/install/optimus_interfaces/local/lib/python3.10/dist-packages/optimus_interfaces/action/__init__.py
[3.259s] -- Up-to-date: /home/optimus/optimus_v6.3_ws/install/optimus_interfaces/local/lib/python3.10/dist-packages/optimus_interfaces/srv
[3.259s] -- Up-to-date: /home/optimus/optimus_v6.3_ws/install/optimus_interfaces/local/lib/python3.10/dist-packages/optimus_interfaces/srv/_autonomous_driver_s.c
[3.260s] -- Up-to-date: /home/optimus/optimus_v6.3_ws/install/optimus_interfaces/local/lib/python3.10/dist-packages/optimus_interfaces/srv/_autonomous_driver.py
[3.260s] -- Up-to-date: /home/optimus/optimus_v6.3_ws/install/optimus_interfaces/local/lib/python3.10/dist-packages/optimus_interfaces/srv/__init__.py
[3.260s] -- Up-to-date: /home/optimus/optimus_v6.3_ws/install/optimus_interfaces/local/lib/python3.10/dist-packages/optimus_interfaces/msg
[3.261s] -- Up-to-date: /home/optimus/optimus_v6.3_ws/install/optimus_interfaces/local/lib/python3.10/dist-packages/optimus_interfaces/msg/_ultra_sonic_range.py
[3.261s] -- Up-to-date: /home/optimus/optimus_v6.3_ws/install/optimus_interfaces/local/lib/python3.10/dist-packages/optimus_interfaces/msg/_motor_driver.py
[3.262s] -- Up-to-date: /home/optimus/optimus_v6.3_ws/install/optimus_interfaces/local/lib/python3.10/dist-packages/optimus_interfaces/msg/_motor_driver_s.c
[3.262s] -- Up-to-date: /home/optimus/optimus_v6.3_ws/install/optimus_interfaces/local/lib/python3.10/dist-packages/optimus_interfaces/msg/__init__.py
[3.262s] -- Up-to-date: /home/optimus/optimus_v6.3_ws/install/optimus_interfaces/local/lib/python3.10/dist-packages/optimus_interfaces/msg/_ultra_sonic_range_s.c
[3.263s] -- Up-to-date: /home/optimus/optimus_v6.3_ws/install/optimus_interfaces/local/lib/python3.10/dist-packages/optimus_interfaces/optimus_interfaces_s__rosidl_typesupport_fastrtps_c.cpython-310-aarch64-linux-gnu.so
[3.264s] -- Up-to-date: /home/optimus/optimus_v6.3_ws/install/optimus_interfaces/local/lib/python3.10/dist-packages/optimus_interfaces/_optimus_interfaces_s.ep.rosidl_typesupport_introspection_c.c
[3.264s] -- Up-to-date: /home/optimus/optimus_v6.3_ws/install/optimus_interfaces/local/lib/python3.10/dist-packages/optimus_interfaces/_optimus_interfaces_s.ep.rosidl_typesupport_c.c
[3.264s] -- Up-to-date: /home/optimus/optimus_v6.3_ws/install/optimus_interfaces/local/lib/python3.10/dist-packages/optimus_interfaces/__init__.py
[3.265s] -- Up-to-date: /home/optimus/optimus_v6.3_ws/install/optimus_interfaces/local/lib/python3.10/dist-packages/optimus_interfaces/optimus_interfaces_s__rosidl_typesupport_introspection_c.cpython-310-aarch64-linux-gnu.so
[3.417s] Listing '/home/optimus/optimus_v6.3_ws/install/optimus_interfaces/local/lib/python3.10/dist-packages/optimus_interfaces'...
[3.418s] Listing '/home/optimus/optimus_v6.3_ws/install/optimus_interfaces/local/lib/python3.10/dist-packages/optimus_interfaces/action'...
[3.421s] Listing '/home/optimus/optimus_v6.3_ws/install/optimus_interfaces/local/lib/python3.10/dist-packages/optimus_interfaces/msg'...
[3.422s] Listing '/home/optimus/optimus_v6.3_ws/install/optimus_interfaces/local/lib/python3.10/dist-packages/optimus_interfaces/srv'...
[3.442s] -- Up-to-date: /home/optimus/optimus_v6.3_ws/install/optimus_interfaces/local/lib/python3.10/dist-packages/optimus_interfaces/optimus_interfaces_s__rosidl_typesupport_fastrtps_c.cpython-310-aarch64-linux-gnu.so
[3.444s] -- Up-to-date: /home/optimus/optimus_v6.3_ws/install/optimus_interfaces/local/lib/python3.10/dist-packages/optimus_interfaces/optimus_interfaces_s__rosidl_typesupport_introspection_c.cpython-310-aarch64-linux-gnu.so
[3.447s] -- Up-to-date: /home/optimus/optimus_v6.3_ws/install/optimus_interfaces/local/lib/python3.10/dist-packages/optimus_interfaces/optimus_interfaces_s__rosidl_typesupport_c.cpython-310-aarch64-linux-gnu.so
[3.449s] -- Up-to-date: /home/optimus/optimus_v6.3_ws/install/optimus_interfaces/lib/liboptimus_interfaces__rosidl_generator_py.so
[3.451s] -- Up-to-date: /home/optimus/optimus_v6.3_ws/install/optimus_interfaces/share/optimus_interfaces/msg/MotorDriver.idl
[3.451s] -- Up-to-date: /home/optimus/optimus_v6.3_ws/install/optimus_interfaces/share/optimus_interfaces/msg/UltraSonicRange.idl
[3.452s] -- Up-to-date: /home/optimus/optimus_v6.3_ws/install/optimus_interfaces/share/optimus_interfaces/srv/AutonomousDriver.idl
[3.452s] -- Up-to-date: /home/optimus/optimus_v6.3_ws/install/optimus_interfaces/share/optimus_interfaces/action/ControlOptimus.idl
[3.453s] -- Up-to-date: /home/optimus/optimus_v6.3_ws/install/optimus_interfaces/share/optimus_interfaces/msg/MotorDriver.msg
[3.453s] -- Up-to-date: /home/optimus/optimus_v6.3_ws/install/optimus_interfaces/share/optimus_interfaces/msg/UltraSonicRange.msg
[3.454s] -- Up-to-date: /home/optimus/optimus_v6.3_ws/install/optimus_interfaces/share/optimus_interfaces/srv/AutonomousDriver.srv
[3.455s] -- Up-to-date: /home/optimus/optimus_v6.3_ws/install/optimus_interfaces/share/optimus_interfaces/srv/AutonomousDriver_Request.msg
[3.455s] -- Up-to-date: /home/optimus/optimus_v6.3_ws/install/optimus_interfaces/share/optimus_interfaces/srv/AutonomousDriver_Response.msg
[3.456s] -- Up-to-date: /home/optimus/optimus_v6.3_ws/install/optimus_interfaces/share/optimus_interfaces/action/ControlOptimus.action
[3.456s] -- Up-to-date: /home/optimus/optimus_v6.3_ws/install/optimus_interfaces/share/ament_index/resource_index/package_run_dependencies/optimus_interfaces
[3.457s] -- Up-to-date: /home/optimus/optimus_v6.3_ws/install/optimus_interfaces/share/ament_index/resource_index/parent_prefix_path/optimus_interfaces
[3.457s] -- Up-to-date: /home/optimus/optimus_v6.3_ws/install/optimus_interfaces/share/optimus_interfaces/environment/ament_prefix_path.sh
[3.457s] -- Up-to-date: /home/optimus/optimus_v6.3_ws/install/optimus_interfaces/share/optimus_interfaces/environment/ament_prefix_path.dsv
[3.458s] -- Up-to-date: /home/optimus/optimus_v6.3_ws/install/optimus_interfaces/share/optimus_interfaces/environment/path.sh
[3.459s] -- Up-to-date: /home/optimus/optimus_v6.3_ws/install/optimus_interfaces/share/optimus_interfaces/environment/path.dsv
[3.459s] -- Up-to-date: /home/optimus/optimus_v6.3_ws/install/optimus_interfaces/share/optimus_interfaces/local_setup.bash
[3.460s] -- Up-to-date: /home/optimus/optimus_v6.3_ws/install/optimus_interfaces/share/optimus_interfaces/local_setup.sh
[3.460s] -- Up-to-date: /home/optimus/optimus_v6.3_ws/install/optimus_interfaces/share/optimus_interfaces/local_setup.zsh
[3.460s] -- Up-to-date: /home/optimus/optimus_v6.3_ws/install/optimus_interfaces/share/optimus_interfaces/local_setup.dsv
[3.461s] -- Installing: /home/optimus/optimus_v6.3_ws/install/optimus_interfaces/share/optimus_interfaces/package.dsv
[3.463s] -- Up-to-date: /home/optimus/optimus_v6.3_ws/install/optimus_interfaces/share/ament_index/resource_index/packages/optimus_interfaces
[3.464s] -- Up-to-date: /home/optimus/optimus_v6.3_ws/install/optimus_interfaces/share/optimus_interfaces/cmake/export_optimus_interfaces__rosidl_generator_cExport.cmake
[3.465s] -- Up-to-date: /home/optimus/optimus_v6.3_ws/install/optimus_interfaces/share/optimus_interfaces/cmake/export_optimus_interfaces__rosidl_generator_cExport-noconfig.cmake
[3.465s] -- Up-to-date: /home/optimus/optimus_v6.3_ws/install/optimus_interfaces/share/optimus_interfaces/cmake/export_optimus_interfaces__rosidl_typesupport_fastrtps_cExport.cmake
[3.466s] -- Up-to-date: /home/optimus/optimus_v6.3_ws/install/optimus_interfaces/share/optimus_interfaces/cmake/export_optimus_interfaces__rosidl_typesupport_fastrtps_cExport-noconfig.cmake
[3.466s] -- Up-to-date: /home/optimus/optimus_v6.3_ws/install/optimus_interfaces/share/optimus_interfaces/cmake/optimus_interfaces__rosidl_typesupport_introspection_cExport.cmake
[3.467s] -- Up-to-date: /home/optimus/optimus_v6.3_ws/install/optimus_interfaces/share/optimus_interfaces/cmake/optimus_interfaces__rosidl_typesupport_introspection_cExport-noconfig.cmake
[3.467s] -- Up-to-date: /home/optimus/optimus_v6.3_ws/install/optimus_interfaces/share/optimus_interfaces/cmake/optimus_interfaces__rosidl_typesupport_cExport.cmake
[3.468s] -- Up-to-date: /home/optimus/optimus_v6.3_ws/install/optimus_interfaces/share/optimus_interfaces/cmake/optimus_interfaces__rosidl_typesupport_cExport-noconfig.cmake
[3.468s] -- Up-to-date: /home/optimus/optimus_v6.3_ws/install/optimus_interfaces/share/optimus_interfaces/cmake/export_optimus_interfaces__rosidl_generator_cppExport.cmake
[3.469s] -- Up-to-date: /home/optimus/optimus_v6.3_ws/install/optimus_interfaces/share/optimus_interfaces/cmake/export_optimus_interfaces__rosidl_typesupport_fastrtps_cppExport.cmake
[3.470s] -- Up-to-date: /home/optimus/optimus_v6.3_ws/install/optimus_interfaces/share/optimus_interfaces/cmake/export_optimus_interfaces__rosidl_typesupport_fastrtps_cppExport-noconfig.cmake
[3.471s] -- Up-to-date: /home/optimus/optimus_v6.3_ws/install/optimus_interfaces/share/optimus_interfaces/cmake/optimus_interfaces__rosidl_typesupport_introspection_cppExport.cmake
[3.479s] -- Up-to-date: /home/optimus/optimus_v6.3_ws/install/optimus_interfaces/share/optimus_interfaces/cmake/optimus_interfaces__rosidl_typesupport_introspection_cppExport-noconfig.cmake
[3.479s] -- Up-to-date: /home/optimus/optimus_v6.3_ws/install/optimus_interfaces/share/optimus_interfaces/cmake/optimus_interfaces__rosidl_typesupport_cppExport.cmake
[3.480s] -- Up-to-date: /home/optimus/optimus_v6.3_ws/install/optimus_interfaces/share/optimus_interfaces/cmake/optimus_interfaces__rosidl_typesupport_cppExport-noconfig.cmake
[3.481s] -- Up-to-date: /home/optimus/optimus_v6.3_ws/install/optimus_interfaces/share/optimus_interfaces/cmake/export_optimus_interfaces__rosidl_generator_pyExport.cmake
[3.481s] -- Up-to-date: /home/optimus/optimus_v6.3_ws/install/optimus_interfaces/share/optimus_interfaces/cmake/export_optimus_interfaces__rosidl_generator_pyExport-noconfig.cmake
[3.482s] -- Up-to-date: /home/optimus/optimus_v6.3_ws/install/optimus_interfaces/share/optimus_interfaces/cmake/rosidl_cmake-extras.cmake
[3.483s] -- Up-to-date: /home/optimus/optimus_v6.3_ws/install/optimus_interfaces/share/optimus_interfaces/cmake/ament_cmake_export_dependencies-extras.cmake
[3.483s] -- Up-to-date: /home/optimus/optimus_v6.3_ws/install/optimus_interfaces/share/optimus_interfaces/cmake/ament_cmake_export_include_directories-extras.cmake
[3.484s] -- Up-to-date: /home/optimus/optimus_v6.3_ws/install/optimus_interfaces/share/optimus_interfaces/cmake/ament_cmake_export_libraries-extras.cmake
[3.486s] -- Up-to-date: /home/optimus/optimus_v6.3_ws/install/optimus_interfaces/share/optimus_interfaces/cmake/ament_cmake_export_targets-extras.cmake
[3.487s] -- Up-to-date: /home/optimus/optimus_v6.3_ws/install/optimus_interfaces/share/optimus_interfaces/cmake/rosidl_cmake_export_typesupport_targets-extras.cmake
[3.489s] -- Up-to-date: /home/optimus/optimus_v6.3_ws/install/optimus_interfaces/share/optimus_interfaces/cmake/rosidl_cmake_export_typesupport_libraries-extras.cmake
[3.491s] -- Up-to-date: /home/optimus/optimus_v6.3_ws/install/optimus_interfaces/share/optimus_interfaces/cmake/optimus_interfacesConfig.cmake
[3.492s] -- Up-to-date: /home/optimus/optimus_v6.3_ws/install/optimus_interfaces/share/optimus_interfaces/cmake/optimus_interfacesConfig-version.cmake
[3.494s] -- Up-to-date: /home/optimus/optimus_v6.3_ws/install/optimus_interfaces/share/optimus_interfaces/package.xml
[3.495s] Invoked command in '/home/optimus/optimus_v6.3_ws/build/optimus_interfaces' returned '0': CMAKE_PREFIX_PATH=${CMAKE_PREFIX_PATH}:/home/optimus/optimus_v6.3_ws/install/optimus_description:/opt/ros/humble /usr/bin/cmake --install /home/optimus/optimus_v6.3_ws/build/optimus_interfaces
