[0.454s] Invoking command in '/home/optimus/optimus_v6.3_ws/build/optimus_interfaces': CMAKE_PREFIX_PATH=${CMAKE_PREFIX_PATH}:/home/optimus/optimus_v6.3_ws/install/optimus_description:/opt/ros/humble /usr/bin/cmake --build /home/optimus/optimus_v6.3_ws/build/optimus_interfaces -- -j4 -l4
[0.680s] [  1%] Built target optimus_interfaces__cpp
[0.690s] [ 12%] Built target optimus_interfaces__rosidl_generator_c
[0.775s] [ 12%] Built target ament_cmake_python_copy_optimus_interfaces
[0.802s] [ 23%] Built target optimus_interfaces__rosidl_typesupport_cpp
[0.829s] [ 34%] Built target optimus_interfaces__rosidl_typesupport_fastrtps_cpp
[0.862s] [ 45%] Built target optimus_interfaces__rosidl_typesupport_introspection_cpp
[0.911s] [ 56%] Built target optimus_interfaces__rosidl_typesupport_fastrtps_c
[0.959s] [ 67%] Built target optimus_interfaces__rosidl_typesupport_introspection_c
[1.009s] [ 78%] Built target optimus_interfaces__rosidl_typesupport_c
[1.161s] [ 78%] Built target optimus_interfaces
[1.311s] [ 80%] Built target optimus_interfaces__py
[1.448s] [ 89%] Built target optimus_interfaces__rosidl_generator_py
[1.645s] [ 94%] Built target optimus_interfaces__rosidl_typesupport_fastrtps_c__pyext
[1.656s] [ 96%] Built target optimus_interfaces__rosidl_typesupport_c__pyext
[1.664s] [100%] Built target optimus_interfaces__rosidl_typesupport_introspection_c__pyext
[2.647s] running egg_info
[2.650s] writing optimus_interfaces.egg-info/PKG-INFO
[2.651s] writing dependency_links to optimus_interfaces.egg-info/dependency_links.txt
[2.652s] writing top-level names to optimus_interfaces.egg-info/top_level.txt
[2.663s] reading manifest file 'optimus_interfaces.egg-info/SOURCES.txt'
[2.666s] writing manifest file 'optimus_interfaces.egg-info/SOURCES.txt'
[2.793s] [100%] Built target ament_cmake_python_build_optimus_interfaces_egg
[2.838s] Invoked command in '/home/optimus/optimus_v6.3_ws/build/optimus_interfaces' returned '0': CMAKE_PREFIX_PATH=${CMAKE_PREFIX_PATH}:/home/optimus/optimus_v6.3_ws/install/optimus_description:/opt/ros/humble /usr/bin/cmake --build /home/optimus/optimus_v6.3_ws/build/optimus_interfaces -- -j4 -l4
[3.548s] Invoking command in '/home/optimus/optimus_v6.3_ws/build/optimus_interfaces': CMAKE_PREFIX_PATH=${CMAKE_PREFIX_PATH}:/home/optimus/optimus_v6.3_ws/install/optimus_description:/opt/ros/humble /usr/bin/cmake --install /home/optimus/optimus_v6.3_ws/build/optimus_interfaces
[3.578s] -- Install configuration: ""
[3.579s] -- Up-to-date: /home/optimus/optimus_v6.3_ws/install/optimus_interfaces/share/ament_index/resource_index/rosidl_interfaces/optimus_interfaces
[3.579s] -- Up-to-date: /home/optimus/optimus_v6.3_ws/install/optimus_interfaces/include/optimus_interfaces/optimus_interfaces
[3.580s] -- Up-to-date: /home/optimus/optimus_v6.3_ws/install/optimus_interfaces/include/optimus_interfaces/optimus_interfaces/action
[3.580s] -- Up-to-date: /home/optimus/optimus_v6.3_ws/install/optimus_interfaces/include/optimus_interfaces/optimus_interfaces/action/control_optimus.h
[3.581s] -- Up-to-date: /home/optimus/optimus_v6.3_ws/install/optimus_interfaces/include/optimus_interfaces/optimus_interfaces/action/detail
[3.581s] -- Up-to-date: /home/optimus/optimus_v6.3_ws/install/optimus_interfaces/include/optimus_interfaces/optimus_interfaces/action/detail/control_optimus__type_support.h
[3.582s] -- Up-to-date: /home/optimus/optimus_v6.3_ws/install/optimus_interfaces/include/optimus_interfaces/optimus_interfaces/action/detail/control_optimus__functions.c
[3.582s] -- Up-to-date: /home/optimus/optimus_v6.3_ws/install/optimus_interfaces/include/optimus_interfaces/optimus_interfaces/action/detail/control_optimus__functions.h
[3.582s] -- Up-to-date: /home/optimus/optimus_v6.3_ws/install/optimus_interfaces/include/optimus_interfaces/optimus_interfaces/action/detail/control_optimus__struct.h
[3.583s] -- Up-to-date: /home/optimus/optimus_v6.3_ws/install/optimus_interfaces/include/optimus_interfaces/optimus_interfaces/srv
[3.583s] -- Up-to-date: /home/optimus/optimus_v6.3_ws/install/optimus_interfaces/include/optimus_interfaces/optimus_interfaces/srv/detail
[3.584s] -- Up-to-date: /home/optimus/optimus_v6.3_ws/install/optimus_interfaces/include/optimus_interfaces/optimus_interfaces/srv/detail/autonomous_driver__functions.h
[3.584s] -- Up-to-date: /home/optimus/optimus_v6.3_ws/install/optimus_interfaces/include/optimus_interfaces/optimus_interfaces/srv/detail/autonomous_driver__functions.c
[3.585s] -- Up-to-date: /home/optimus/optimus_v6.3_ws/install/optimus_interfaces/include/optimus_interfaces/optimus_interfaces/srv/detail/autonomous_driver__struct.h
[3.585s] -- Up-to-date: /home/optimus/optimus_v6.3_ws/install/optimus_interfaces/include/optimus_interfaces/optimus_interfaces/srv/detail/autonomous_driver__type_support.h
[3.585s] -- Up-to-date: /home/optimus/optimus_v6.3_ws/install/optimus_interfaces/include/optimus_interfaces/optimus_interfaces/srv/autonomous_driver.h
[3.586s] -- Up-to-date: /home/optimus/optimus_v6.3_ws/install/optimus_interfaces/include/optimus_interfaces/optimus_interfaces/msg
[3.586s] -- Up-to-date: /home/optimus/optimus_v6.3_ws/install/optimus_interfaces/include/optimus_interfaces/optimus_interfaces/msg/detail
[3.587s] -- Up-to-date: /home/optimus/optimus_v6.3_ws/install/optimus_interfaces/include/optimus_interfaces/optimus_interfaces/msg/detail/motor_driver__struct.h
[3.587s] -- Up-to-date: /home/optimus/optimus_v6.3_ws/install/optimus_interfaces/include/optimus_interfaces/optimus_interfaces/msg/detail/ultra_sonic_range__struct.h
[3.588s] -- Up-to-date: /home/optimus/optimus_v6.3_ws/install/optimus_interfaces/include/optimus_interfaces/optimus_interfaces/msg/detail/ultra_sonic_range__type_support.h
[3.588s] -- Up-to-date: /home/optimus/optimus_v6.3_ws/install/optimus_interfaces/include/optimus_interfaces/optimus_interfaces/msg/detail/motor_driver__functions.c
[3.588s] -- Up-to-date: /home/optimus/optimus_v6.3_ws/install/optimus_interfaces/include/optimus_interfaces/optimus_interfaces/msg/detail/motor_driver__type_support.h
[3.589s] -- Up-to-date: /home/optimus/optimus_v6.3_ws/install/optimus_interfaces/include/optimus_interfaces/optimus_interfaces/msg/detail/ultra_sonic_range__functions.c
[3.589s] -- Up-to-date: /home/optimus/optimus_v6.3_ws/install/optimus_interfaces/include/optimus_interfaces/optimus_interfaces/msg/detail/motor_driver__functions.h
[3.590s] -- Up-to-date: /home/optimus/optimus_v6.3_ws/install/optimus_interfaces/include/optimus_interfaces/optimus_interfaces/msg/detail/ultra_sonic_range__functions.h
[3.590s] -- Up-to-date: /home/optimus/optimus_v6.3_ws/install/optimus_interfaces/include/optimus_interfaces/optimus_interfaces/msg/rosidl_generator_c__visibility_control.h
[3.590s] -- Up-to-date: /home/optimus/optimus_v6.3_ws/install/optimus_interfaces/include/optimus_interfaces/optimus_interfaces/msg/ultra_sonic_range.h
[3.591s] -- Up-to-date: /home/optimus/optimus_v6.3_ws/install/optimus_interfaces/include/optimus_interfaces/optimus_interfaces/msg/motor_driver.h
[3.591s] -- Up-to-date: /home/optimus/optimus_v6.3_ws/install/optimus_interfaces/share/optimus_interfaces/environment/library_path.sh
[3.591s] -- Up-to-date: /home/optimus/optimus_v6.3_ws/install/optimus_interfaces/share/optimus_interfaces/environment/library_path.dsv
[3.592s] -- Up-to-date: /home/optimus/optimus_v6.3_ws/install/optimus_interfaces/lib/liboptimus_interfaces__rosidl_generator_c.so
[3.593s] -- Up-to-date: /home/optimus/optimus_v6.3_ws/install/optimus_interfaces/include/optimus_interfaces/optimus_interfaces
[3.593s] -- Up-to-date: /home/optimus/optimus_v6.3_ws/install/optimus_interfaces/include/optimus_interfaces/optimus_interfaces/action
[3.593s] -- Up-to-date: /home/optimus/optimus_v6.3_ws/install/optimus_interfaces/include/optimus_interfaces/optimus_interfaces/action/detail
[3.594s] -- Up-to-date: /home/optimus/optimus_v6.3_ws/install/optimus_interfaces/include/optimus_interfaces/optimus_interfaces/action/detail/control_optimus__rosidl_typesupport_fastrtps_c.h
[3.594s] -- Up-to-date: /home/optimus/optimus_v6.3_ws/install/optimus_interfaces/include/optimus_interfaces/optimus_interfaces/srv
[3.595s] -- Up-to-date: /home/optimus/optimus_v6.3_ws/install/optimus_interfaces/include/optimus_interfaces/optimus_interfaces/srv/detail
[3.595s] -- Up-to-date: /home/optimus/optimus_v6.3_ws/install/optimus_interfaces/include/optimus_interfaces/optimus_interfaces/srv/detail/autonomous_driver__rosidl_typesupport_fastrtps_c.h
[3.596s] -- Up-to-date: /home/optimus/optimus_v6.3_ws/install/optimus_interfaces/include/optimus_interfaces/optimus_interfaces/msg
[3.596s] -- Up-to-date: /home/optimus/optimus_v6.3_ws/install/optimus_interfaces/include/optimus_interfaces/optimus_interfaces/msg/detail
[3.596s] -- Up-to-date: /home/optimus/optimus_v6.3_ws/install/optimus_interfaces/include/optimus_interfaces/optimus_interfaces/msg/detail/motor_driver__rosidl_typesupport_fastrtps_c.h
[3.597s] -- Up-to-date: /home/optimus/optimus_v6.3_ws/install/optimus_interfaces/include/optimus_interfaces/optimus_interfaces/msg/detail/ultra_sonic_range__rosidl_typesupport_fastrtps_c.h
[3.597s] -- Up-to-date: /home/optimus/optimus_v6.3_ws/install/optimus_interfaces/include/optimus_interfaces/optimus_interfaces/msg/rosidl_typesupport_fastrtps_c__visibility_control.h
[3.597s] -- Up-to-date: /home/optimus/optimus_v6.3_ws/install/optimus_interfaces/lib/liboptimus_interfaces__rosidl_typesupport_fastrtps_c.so
[3.599s] -- Up-to-date: /home/optimus/optimus_v6.3_ws/install/optimus_interfaces/include/optimus_interfaces/optimus_interfaces
[3.599s] -- Up-to-date: /home/optimus/optimus_v6.3_ws/install/optimus_interfaces/include/optimus_interfaces/optimus_interfaces/action
[3.600s] -- Up-to-date: /home/optimus/optimus_v6.3_ws/install/optimus_interfaces/include/optimus_interfaces/optimus_interfaces/action/detail
[3.600s] -- Up-to-date: /home/optimus/optimus_v6.3_ws/install/optimus_interfaces/include/optimus_interfaces/optimus_interfaces/action/detail/control_optimus__type_support.c
[3.601s] -- Up-to-date: /home/optimus/optimus_v6.3_ws/install/optimus_interfaces/include/optimus_interfaces/optimus_interfaces/action/detail/control_optimus__rosidl_typesupport_introspection_c.h
[3.602s] -- Up-to-date: /home/optimus/optimus_v6.3_ws/install/optimus_interfaces/include/optimus_interfaces/optimus_interfaces/srv
[3.602s] -- Up-to-date: /home/optimus/optimus_v6.3_ws/install/optimus_interfaces/include/optimus_interfaces/optimus_interfaces/srv/detail
[3.603s] -- Up-to-date: /home/optimus/optimus_v6.3_ws/install/optimus_interfaces/include/optimus_interfaces/optimus_interfaces/srv/detail/autonomous_driver__type_support.c
[3.603s] -- Up-to-date: /home/optimus/optimus_v6.3_ws/install/optimus_interfaces/include/optimus_interfaces/optimus_interfaces/srv/detail/autonomous_driver__rosidl_typesupport_introspection_c.h
[3.604s] -- Up-to-date: /home/optimus/optimus_v6.3_ws/install/optimus_interfaces/include/optimus_interfaces/optimus_interfaces/msg
[3.604s] -- Up-to-date: /home/optimus/optimus_v6.3_ws/install/optimus_interfaces/include/optimus_interfaces/optimus_interfaces/msg/detail
[3.605s] -- Up-to-date: /home/optimus/optimus_v6.3_ws/install/optimus_interfaces/include/optimus_interfaces/optimus_interfaces/msg/detail/motor_driver__rosidl_typesupport_introspection_c.h
[3.605s] -- Up-to-date: /home/optimus/optimus_v6.3_ws/install/optimus_interfaces/include/optimus_interfaces/optimus_interfaces/msg/detail/ultra_sonic_range__rosidl_typesupport_introspection_c.h
[3.605s] -- Up-to-date: /home/optimus/optimus_v6.3_ws/install/optimus_interfaces/include/optimus_interfaces/optimus_interfaces/msg/detail/motor_driver__type_support.c
[3.606s] -- Up-to-date: /home/optimus/optimus_v6.3_ws/install/optimus_interfaces/include/optimus_interfaces/optimus_interfaces/msg/detail/ultra_sonic_range__type_support.c
[3.606s] -- Up-to-date: /home/optimus/optimus_v6.3_ws/install/optimus_interfaces/include/optimus_interfaces/optimus_interfaces/msg/rosidl_typesupport_introspection_c__visibility_control.h
[3.607s] -- Up-to-date: /home/optimus/optimus_v6.3_ws/install/optimus_interfaces/lib/liboptimus_interfaces__rosidl_typesupport_introspection_c.so
[3.608s] -- Up-to-date: /home/optimus/optimus_v6.3_ws/install/optimus_interfaces/lib/liboptimus_interfaces__rosidl_typesupport_c.so
[3.609s] -- Up-to-date: /home/optimus/optimus_v6.3_ws/install/optimus_interfaces/include/optimus_interfaces/optimus_interfaces
[3.610s] -- Up-to-date: /home/optimus/optimus_v6.3_ws/install/optimus_interfaces/include/optimus_interfaces/optimus_interfaces/action
[3.610s] -- Up-to-date: /home/optimus/optimus_v6.3_ws/install/optimus_interfaces/include/optimus_interfaces/optimus_interfaces/action/detail
[3.611s] -- Up-to-date: /home/optimus/optimus_v6.3_ws/install/optimus_interfaces/include/optimus_interfaces/optimus_interfaces/action/detail/control_optimus__builder.hpp
[3.611s] -- Up-to-date: /home/optimus/optimus_v6.3_ws/install/optimus_interfaces/include/optimus_interfaces/optimus_interfaces/action/detail/control_optimus__traits.hpp
[3.612s] -- Up-to-date: /home/optimus/optimus_v6.3_ws/install/optimus_interfaces/include/optimus_interfaces/optimus_interfaces/action/detail/control_optimus__struct.hpp
[3.612s] -- Up-to-date: /home/optimus/optimus_v6.3_ws/install/optimus_interfaces/include/optimus_interfaces/optimus_interfaces/action/control_optimus.hpp
[3.613s] -- Up-to-date: /home/optimus/optimus_v6.3_ws/install/optimus_interfaces/include/optimus_interfaces/optimus_interfaces/srv
[3.613s] -- Up-to-date: /home/optimus/optimus_v6.3_ws/install/optimus_interfaces/include/optimus_interfaces/optimus_interfaces/srv/detail
[3.614s] -- Up-to-date: /home/optimus/optimus_v6.3_ws/install/optimus_interfaces/include/optimus_interfaces/optimus_interfaces/srv/detail/autonomous_driver__struct.hpp
[3.614s] -- Up-to-date: /home/optimus/optimus_v6.3_ws/install/optimus_interfaces/include/optimus_interfaces/optimus_interfaces/srv/detail/autonomous_driver__builder.hpp
[3.615s] -- Up-to-date: /home/optimus/optimus_v6.3_ws/install/optimus_interfaces/include/optimus_interfaces/optimus_interfaces/srv/detail/autonomous_driver__traits.hpp
[3.616s] -- Up-to-date: /home/optimus/optimus_v6.3_ws/install/optimus_interfaces/include/optimus_interfaces/optimus_interfaces/srv/autonomous_driver.hpp
[3.616s] -- Up-to-date: /home/optimus/optimus_v6.3_ws/install/optimus_interfaces/include/optimus_interfaces/optimus_interfaces/msg
[3.616s] -- Up-to-date: /home/optimus/optimus_v6.3_ws/install/optimus_interfaces/include/optimus_interfaces/optimus_interfaces/msg/detail
[3.617s] -- Up-to-date: /home/optimus/optimus_v6.3_ws/install/optimus_interfaces/include/optimus_interfaces/optimus_interfaces/msg/detail/motor_driver__traits.hpp
[3.617s] -- Up-to-date: /home/optimus/optimus_v6.3_ws/install/optimus_interfaces/include/optimus_interfaces/optimus_interfaces/msg/detail/ultra_sonic_range__builder.hpp
[3.618s] -- Up-to-date: /home/optimus/optimus_v6.3_ws/install/optimus_interfaces/include/optimus_interfaces/optimus_interfaces/msg/detail/ultra_sonic_range__struct.hpp
[3.618s] -- Up-to-date: /home/optimus/optimus_v6.3_ws/install/optimus_interfaces/include/optimus_interfaces/optimus_interfaces/msg/detail/motor_driver__builder.hpp
[3.619s] -- Up-to-date: /home/optimus/optimus_v6.3_ws/install/optimus_interfaces/include/optimus_interfaces/optimus_interfaces/msg/detail/motor_driver__struct.hpp
[3.619s] -- Up-to-date: /home/optimus/optimus_v6.3_ws/install/optimus_interfaces/include/optimus_interfaces/optimus_interfaces/msg/detail/ultra_sonic_range__traits.hpp
[3.620s] -- Up-to-date: /home/optimus/optimus_v6.3_ws/install/optimus_interfaces/include/optimus_interfaces/optimus_interfaces/msg/motor_driver.hpp
[3.620s] -- Up-to-date: /home/optimus/optimus_v6.3_ws/install/optimus_interfaces/include/optimus_interfaces/optimus_interfaces/msg/ultra_sonic_range.hpp
[3.621s] -- Up-to-date: /home/optimus/optimus_v6.3_ws/install/optimus_interfaces/include/optimus_interfaces/optimus_interfaces
[3.621s] -- Up-to-date: /home/optimus/optimus_v6.3_ws/install/optimus_interfaces/include/optimus_interfaces/optimus_interfaces/action
[3.622s] -- Up-to-date: /home/optimus/optimus_v6.3_ws/install/optimus_interfaces/include/optimus_interfaces/optimus_interfaces/action/detail
[3.622s] -- Up-to-date: /home/optimus/optimus_v6.3_ws/install/optimus_interfaces/include/optimus_interfaces/optimus_interfaces/action/detail/dds_fastrtps
[3.622s] -- Up-to-date: /home/optimus/optimus_v6.3_ws/install/optimus_interfaces/include/optimus_interfaces/optimus_interfaces/action/detail/control_optimus__rosidl_typesupport_fastrtps_cpp.hpp
[3.623s] -- Up-to-date: /home/optimus/optimus_v6.3_ws/install/optimus_interfaces/include/optimus_interfaces/optimus_interfaces/srv
[3.623s] -- Up-to-date: /home/optimus/optimus_v6.3_ws/install/optimus_interfaces/include/optimus_interfaces/optimus_interfaces/srv/detail
[3.624s] -- Up-to-date: /home/optimus/optimus_v6.3_ws/install/optimus_interfaces/include/optimus_interfaces/optimus_interfaces/srv/detail/autonomous_driver__rosidl_typesupport_fastrtps_cpp.hpp
[3.624s] -- Up-to-date: /home/optimus/optimus_v6.3_ws/install/optimus_interfaces/include/optimus_interfaces/optimus_interfaces/srv/detail/dds_fastrtps
[3.624s] -- Up-to-date: /home/optimus/optimus_v6.3_ws/install/optimus_interfaces/include/optimus_interfaces/optimus_interfaces/msg
[3.625s] -- Up-to-date: /home/optimus/optimus_v6.3_ws/install/optimus_interfaces/include/optimus_interfaces/optimus_interfaces/msg/detail
[3.625s] -- Up-to-date: /home/optimus/optimus_v6.3_ws/install/optimus_interfaces/include/optimus_interfaces/optimus_interfaces/msg/detail/dds_fastrtps
[3.627s] -- Up-to-date: /home/optimus/optimus_v6.3_ws/install/optimus_interfaces/include/optimus_interfaces/optimus_interfaces/msg/detail/motor_driver__rosidl_typesupport_fastrtps_cpp.hpp
[3.630s] -- Up-to-date: /home/optimus/optimus_v6.3_ws/install/optimus_interfaces/include/optimus_interfaces/optimus_interfaces/msg/detail/ultra_sonic_range__rosidl_typesupport_fastrtps_cpp.hpp
[3.631s] -- Up-to-date: /home/optimus/optimus_v6.3_ws/install/optimus_interfaces/include/optimus_interfaces/optimus_interfaces/msg/rosidl_typesupport_fastrtps_cpp__visibility_control.h
[3.632s] -- Up-to-date: /home/optimus/optimus_v6.3_ws/install/optimus_interfaces/lib/liboptimus_interfaces__rosidl_typesupport_fastrtps_cpp.so
[3.633s] -- Up-to-date: /home/optimus/optimus_v6.3_ws/install/optimus_interfaces/include/optimus_interfaces/optimus_interfaces
[3.633s] -- Up-to-date: /home/optimus/optimus_v6.3_ws/install/optimus_interfaces/include/optimus_interfaces/optimus_interfaces/action
[3.634s] -- Up-to-date: /home/optimus/optimus_v6.3_ws/install/optimus_interfaces/include/optimus_interfaces/optimus_interfaces/action/detail
[3.634s] -- Up-to-date: /home/optimus/optimus_v6.3_ws/install/optimus_interfaces/include/optimus_interfaces/optimus_interfaces/action/detail/control_optimus__rosidl_typesupport_introspection_cpp.hpp
[3.635s] -- Up-to-date: /home/optimus/optimus_v6.3_ws/install/optimus_interfaces/include/optimus_interfaces/optimus_interfaces/action/detail/control_optimus__type_support.cpp
[3.635s] -- Up-to-date: /home/optimus/optimus_v6.3_ws/install/optimus_interfaces/include/optimus_interfaces/optimus_interfaces/srv
[3.636s] -- Up-to-date: /home/optimus/optimus_v6.3_ws/install/optimus_interfaces/include/optimus_interfaces/optimus_interfaces/srv/detail
[3.637s] -- Up-to-date: /home/optimus/optimus_v6.3_ws/install/optimus_interfaces/include/optimus_interfaces/optimus_interfaces/srv/detail/autonomous_driver__type_support.cpp
[3.637s] -- Up-to-date: /home/optimus/optimus_v6.3_ws/install/optimus_interfaces/include/optimus_interfaces/optimus_interfaces/srv/detail/autonomous_driver__rosidl_typesupport_introspection_cpp.hpp
[3.638s] -- Up-to-date: /home/optimus/optimus_v6.3_ws/install/optimus_interfaces/include/optimus_interfaces/optimus_interfaces/msg
[3.638s] -- Up-to-date: /home/optimus/optimus_v6.3_ws/install/optimus_interfaces/include/optimus_interfaces/optimus_interfaces/msg/detail
[3.639s] -- Up-to-date: /home/optimus/optimus_v6.3_ws/install/optimus_interfaces/include/optimus_interfaces/optimus_interfaces/msg/detail/motor_driver__rosidl_typesupport_introspection_cpp.hpp
[3.639s] -- Up-to-date: /home/optimus/optimus_v6.3_ws/install/optimus_interfaces/include/optimus_interfaces/optimus_interfaces/msg/detail/ultra_sonic_range__rosidl_typesupport_introspection_cpp.hpp
[3.639s] -- Up-to-date: /home/optimus/optimus_v6.3_ws/install/optimus_interfaces/include/optimus_interfaces/optimus_interfaces/msg/detail/ultra_sonic_range__type_support.cpp
[3.640s] -- Up-to-date: /home/optimus/optimus_v6.3_ws/install/optimus_interfaces/include/optimus_interfaces/optimus_interfaces/msg/detail/motor_driver__type_support.cpp
[3.640s] -- Up-to-date: /home/optimus/optimus_v6.3_ws/install/optimus_interfaces/lib/liboptimus_interfaces__rosidl_typesupport_introspection_cpp.so
[3.640s] -- Up-to-date: /home/optimus/optimus_v6.3_ws/install/optimus_interfaces/lib/liboptimus_interfaces__rosidl_typesupport_cpp.so
[3.641s] -- Up-to-date: /home/optimus/optimus_v6.3_ws/install/optimus_interfaces/share/optimus_interfaces/environment/pythonpath.sh
[3.642s] -- Up-to-date: /home/optimus/optimus_v6.3_ws/install/optimus_interfaces/share/optimus_interfaces/environment/pythonpath.dsv
[3.642s] -- Up-to-date: /home/optimus/optimus_v6.3_ws/install/optimus_interfaces/local/lib/python3.10/dist-packages/optimus_interfaces-0.0.0-py3.10.egg-info
[3.642s] -- Installing: /home/optimus/optimus_v6.3_ws/install/optimus_interfaces/local/lib/python3.10/dist-packages/optimus_interfaces-0.0.0-py3.10.egg-info/dependency_links.txt
[3.643s] -- Installing: /home/optimus/optimus_v6.3_ws/install/optimus_interfaces/local/lib/python3.10/dist-packages/optimus_interfaces-0.0.0-py3.10.egg-info/top_level.txt
[3.643s] -- Installing: /home/optimus/optimus_v6.3_ws/install/optimus_interfaces/local/lib/python3.10/dist-packages/optimus_interfaces-0.0.0-py3.10.egg-info/SOURCES.txt
[3.644s] -- Installing: /home/optimus/optimus_v6.3_ws/install/optimus_interfaces/local/lib/python3.10/dist-packages/optimus_interfaces-0.0.0-py3.10.egg-info/PKG-INFO
[3.645s] -- Up-to-date: /home/optimus/optimus_v6.3_ws/install/optimus_interfaces/local/lib/python3.10/dist-packages/optimus_interfaces
[3.646s] -- Up-to-date: /home/optimus/optimus_v6.3_ws/install/optimus_interfaces/local/lib/python3.10/dist-packages/optimus_interfaces/optimus_interfaces_s__rosidl_typesupport_c.cpython-310-aarch64-linux-gnu.so
[3.646s] -- Up-to-date: /home/optimus/optimus_v6.3_ws/install/optimus_interfaces/local/lib/python3.10/dist-packages/optimus_interfaces/_optimus_interfaces_s.ep.rosidl_typesupport_fastrtps_c.c
[3.647s] -- Up-to-date: /home/optimus/optimus_v6.3_ws/install/optimus_interfaces/local/lib/python3.10/dist-packages/optimus_interfaces/liboptimus_interfaces__rosidl_generator_py.so
[3.647s] -- Up-to-date: /home/optimus/optimus_v6.3_ws/install/optimus_interfaces/local/lib/python3.10/dist-packages/optimus_interfaces/action
[3.648s] -- Up-to-date: /home/optimus/optimus_v6.3_ws/install/optimus_interfaces/local/lib/python3.10/dist-packages/optimus_interfaces/action/_control_optimus_s.c
[3.648s] -- Up-to-date: /home/optimus/optimus_v6.3_ws/install/optimus_interfaces/local/lib/python3.10/dist-packages/optimus_interfaces/action/_control_optimus.py
[3.649s] -- Up-to-date: /home/optimus/optimus_v6.3_ws/install/optimus_interfaces/local/lib/python3.10/dist-packages/optimus_interfaces/action/__init__.py
[3.649s] -- Up-to-date: /home/optimus/optimus_v6.3_ws/install/optimus_interfaces/local/lib/python3.10/dist-packages/optimus_interfaces/srv
[3.649s] -- Up-to-date: /home/optimus/optimus_v6.3_ws/install/optimus_interfaces/local/lib/python3.10/dist-packages/optimus_interfaces/srv/_autonomous_driver_s.c
[3.650s] -- Up-to-date: /home/optimus/optimus_v6.3_ws/install/optimus_interfaces/local/lib/python3.10/dist-packages/optimus_interfaces/srv/_autonomous_driver.py
[3.650s] -- Up-to-date: /home/optimus/optimus_v6.3_ws/install/optimus_interfaces/local/lib/python3.10/dist-packages/optimus_interfaces/srv/__init__.py
[3.651s] -- Up-to-date: /home/optimus/optimus_v6.3_ws/install/optimus_interfaces/local/lib/python3.10/dist-packages/optimus_interfaces/msg
[3.651s] -- Up-to-date: /home/optimus/optimus_v6.3_ws/install/optimus_interfaces/local/lib/python3.10/dist-packages/optimus_interfaces/msg/_ultra_sonic_range.py
[3.652s] -- Up-to-date: /home/optimus/optimus_v6.3_ws/install/optimus_interfaces/local/lib/python3.10/dist-packages/optimus_interfaces/msg/_motor_driver.py
[3.652s] -- Up-to-date: /home/optimus/optimus_v6.3_ws/install/optimus_interfaces/local/lib/python3.10/dist-packages/optimus_interfaces/msg/_motor_driver_s.c
[3.653s] -- Up-to-date: /home/optimus/optimus_v6.3_ws/install/optimus_interfaces/local/lib/python3.10/dist-packages/optimus_interfaces/msg/__init__.py
[3.654s] -- Up-to-date: /home/optimus/optimus_v6.3_ws/install/optimus_interfaces/local/lib/python3.10/dist-packages/optimus_interfaces/msg/_ultra_sonic_range_s.c
[3.654s] -- Up-to-date: /home/optimus/optimus_v6.3_ws/install/optimus_interfaces/local/lib/python3.10/dist-packages/optimus_interfaces/optimus_interfaces_s__rosidl_typesupport_fastrtps_c.cpython-310-aarch64-linux-gnu.so
[3.654s] -- Up-to-date: /home/optimus/optimus_v6.3_ws/install/optimus_interfaces/local/lib/python3.10/dist-packages/optimus_interfaces/_optimus_interfaces_s.ep.rosidl_typesupport_introspection_c.c
[3.655s] -- Up-to-date: /home/optimus/optimus_v6.3_ws/install/optimus_interfaces/local/lib/python3.10/dist-packages/optimus_interfaces/_optimus_interfaces_s.ep.rosidl_typesupport_c.c
[3.656s] -- Up-to-date: /home/optimus/optimus_v6.3_ws/install/optimus_interfaces/local/lib/python3.10/dist-packages/optimus_interfaces/__init__.py
[3.656s] -- Up-to-date: /home/optimus/optimus_v6.3_ws/install/optimus_interfaces/local/lib/python3.10/dist-packages/optimus_interfaces/optimus_interfaces_s__rosidl_typesupport_introspection_c.cpython-310-aarch64-linux-gnu.so
[3.804s] Listing '/home/optimus/optimus_v6.3_ws/install/optimus_interfaces/local/lib/python3.10/dist-packages/optimus_interfaces'...
[3.805s] Listing '/home/optimus/optimus_v6.3_ws/install/optimus_interfaces/local/lib/python3.10/dist-packages/optimus_interfaces/action'...
[3.806s] Listing '/home/optimus/optimus_v6.3_ws/install/optimus_interfaces/local/lib/python3.10/dist-packages/optimus_interfaces/msg'...
[3.808s] Listing '/home/optimus/optimus_v6.3_ws/install/optimus_interfaces/local/lib/python3.10/dist-packages/optimus_interfaces/srv'...
[3.828s] -- Up-to-date: /home/optimus/optimus_v6.3_ws/install/optimus_interfaces/local/lib/python3.10/dist-packages/optimus_interfaces/optimus_interfaces_s__rosidl_typesupport_fastrtps_c.cpython-310-aarch64-linux-gnu.so
[3.830s] -- Up-to-date: /home/optimus/optimus_v6.3_ws/install/optimus_interfaces/local/lib/python3.10/dist-packages/optimus_interfaces/optimus_interfaces_s__rosidl_typesupport_introspection_c.cpython-310-aarch64-linux-gnu.so
[3.832s] -- Up-to-date: /home/optimus/optimus_v6.3_ws/install/optimus_interfaces/local/lib/python3.10/dist-packages/optimus_interfaces/optimus_interfaces_s__rosidl_typesupport_c.cpython-310-aarch64-linux-gnu.so
[3.835s] -- Up-to-date: /home/optimus/optimus_v6.3_ws/install/optimus_interfaces/lib/liboptimus_interfaces__rosidl_generator_py.so
[3.836s] -- Up-to-date: /home/optimus/optimus_v6.3_ws/install/optimus_interfaces/share/optimus_interfaces/msg/MotorDriver.idl
[3.837s] -- Up-to-date: /home/optimus/optimus_v6.3_ws/install/optimus_interfaces/share/optimus_interfaces/msg/UltraSonicRange.idl
[3.838s] -- Up-to-date: /home/optimus/optimus_v6.3_ws/install/optimus_interfaces/share/optimus_interfaces/srv/AutonomousDriver.idl
[3.838s] -- Up-to-date: /home/optimus/optimus_v6.3_ws/install/optimus_interfaces/share/optimus_interfaces/action/ControlOptimus.idl
[3.839s] -- Up-to-date: /home/optimus/optimus_v6.3_ws/install/optimus_interfaces/share/optimus_interfaces/msg/MotorDriver.msg
[3.840s] -- Up-to-date: /home/optimus/optimus_v6.3_ws/install/optimus_interfaces/share/optimus_interfaces/msg/UltraSonicRange.msg
[3.841s] -- Up-to-date: /home/optimus/optimus_v6.3_ws/install/optimus_interfaces/share/optimus_interfaces/srv/AutonomousDriver.srv
[3.842s] -- Up-to-date: /home/optimus/optimus_v6.3_ws/install/optimus_interfaces/share/optimus_interfaces/srv/AutonomousDriver_Request.msg
[3.842s] -- Up-to-date: /home/optimus/optimus_v6.3_ws/install/optimus_interfaces/share/optimus_interfaces/srv/AutonomousDriver_Response.msg
[3.843s] -- Up-to-date: /home/optimus/optimus_v6.3_ws/install/optimus_interfaces/share/optimus_interfaces/action/ControlOptimus.action
[3.844s] -- Up-to-date: /home/optimus/optimus_v6.3_ws/install/optimus_interfaces/share/ament_index/resource_index/package_run_dependencies/optimus_interfaces
[3.844s] -- Up-to-date: /home/optimus/optimus_v6.3_ws/install/optimus_interfaces/share/ament_index/resource_index/parent_prefix_path/optimus_interfaces
[3.845s] -- Up-to-date: /home/optimus/optimus_v6.3_ws/install/optimus_interfaces/share/optimus_interfaces/environment/ament_prefix_path.sh
[3.845s] -- Up-to-date: /home/optimus/optimus_v6.3_ws/install/optimus_interfaces/share/optimus_interfaces/environment/ament_prefix_path.dsv
[3.846s] -- Up-to-date: /home/optimus/optimus_v6.3_ws/install/optimus_interfaces/share/optimus_interfaces/environment/path.sh
[3.846s] -- Up-to-date: /home/optimus/optimus_v6.3_ws/install/optimus_interfaces/share/optimus_interfaces/environment/path.dsv
[3.847s] -- Up-to-date: /home/optimus/optimus_v6.3_ws/install/optimus_interfaces/share/optimus_interfaces/local_setup.bash
[3.847s] -- Up-to-date: /home/optimus/optimus_v6.3_ws/install/optimus_interfaces/share/optimus_interfaces/local_setup.sh
[3.848s] -- Up-to-date: /home/optimus/optimus_v6.3_ws/install/optimus_interfaces/share/optimus_interfaces/local_setup.zsh
[3.848s] -- Up-to-date: /home/optimus/optimus_v6.3_ws/install/optimus_interfaces/share/optimus_interfaces/local_setup.dsv
[3.849s] -- Installing: /home/optimus/optimus_v6.3_ws/install/optimus_interfaces/share/optimus_interfaces/package.dsv
[3.849s] -- Up-to-date: /home/optimus/optimus_v6.3_ws/install/optimus_interfaces/share/ament_index/resource_index/packages/optimus_interfaces
[3.850s] -- Up-to-date: /home/optimus/optimus_v6.3_ws/install/optimus_interfaces/share/optimus_interfaces/cmake/export_optimus_interfaces__rosidl_generator_cExport.cmake
[3.850s] -- Up-to-date: /home/optimus/optimus_v6.3_ws/install/optimus_interfaces/share/optimus_interfaces/cmake/export_optimus_interfaces__rosidl_generator_cExport-noconfig.cmake
[3.851s] -- Up-to-date: /home/optimus/optimus_v6.3_ws/install/optimus_interfaces/share/optimus_interfaces/cmake/export_optimus_interfaces__rosidl_typesupport_fastrtps_cExport.cmake
[3.851s] -- Up-to-date: /home/optimus/optimus_v6.3_ws/install/optimus_interfaces/share/optimus_interfaces/cmake/export_optimus_interfaces__rosidl_typesupport_fastrtps_cExport-noconfig.cmake
[3.852s] -- Up-to-date: /home/optimus/optimus_v6.3_ws/install/optimus_interfaces/share/optimus_interfaces/cmake/optimus_interfaces__rosidl_typesupport_introspection_cExport.cmake
[3.852s] -- Up-to-date: /home/optimus/optimus_v6.3_ws/install/optimus_interfaces/share/optimus_interfaces/cmake/optimus_interfaces__rosidl_typesupport_introspection_cExport-noconfig.cmake
[3.853s] -- Up-to-date: /home/optimus/optimus_v6.3_ws/install/optimus_interfaces/share/optimus_interfaces/cmake/optimus_interfaces__rosidl_typesupport_cExport.cmake
[3.853s] -- Up-to-date: /home/optimus/optimus_v6.3_ws/install/optimus_interfaces/share/optimus_interfaces/cmake/optimus_interfaces__rosidl_typesupport_cExport-noconfig.cmake
[3.854s] -- Up-to-date: /home/optimus/optimus_v6.3_ws/install/optimus_interfaces/share/optimus_interfaces/cmake/export_optimus_interfaces__rosidl_generator_cppExport.cmake
[3.855s] -- Up-to-date: /home/optimus/optimus_v6.3_ws/install/optimus_interfaces/share/optimus_interfaces/cmake/export_optimus_interfaces__rosidl_typesupport_fastrtps_cppExport.cmake
[3.855s] -- Up-to-date: /home/optimus/optimus_v6.3_ws/install/optimus_interfaces/share/optimus_interfaces/cmake/export_optimus_interfaces__rosidl_typesupport_fastrtps_cppExport-noconfig.cmake
[3.856s] -- Up-to-date: /home/optimus/optimus_v6.3_ws/install/optimus_interfaces/share/optimus_interfaces/cmake/optimus_interfaces__rosidl_typesupport_introspection_cppExport.cmake
[3.857s] -- Up-to-date: /home/optimus/optimus_v6.3_ws/install/optimus_interfaces/share/optimus_interfaces/cmake/optimus_interfaces__rosidl_typesupport_introspection_cppExport-noconfig.cmake
[3.858s] -- Up-to-date: /home/optimus/optimus_v6.3_ws/install/optimus_interfaces/share/optimus_interfaces/cmake/optimus_interfaces__rosidl_typesupport_cppExport.cmake
[3.858s] -- Up-to-date: /home/optimus/optimus_v6.3_ws/install/optimus_interfaces/share/optimus_interfaces/cmake/optimus_interfaces__rosidl_typesupport_cppExport-noconfig.cmake
[3.859s] -- Up-to-date: /home/optimus/optimus_v6.3_ws/install/optimus_interfaces/share/optimus_interfaces/cmake/export_optimus_interfaces__rosidl_generator_pyExport.cmake
[3.860s] -- Up-to-date: /home/optimus/optimus_v6.3_ws/install/optimus_interfaces/share/optimus_interfaces/cmake/export_optimus_interfaces__rosidl_generator_pyExport-noconfig.cmake
[3.861s] -- Up-to-date: /home/optimus/optimus_v6.3_ws/install/optimus_interfaces/share/optimus_interfaces/cmake/rosidl_cmake-extras.cmake
[3.861s] -- Up-to-date: /home/optimus/optimus_v6.3_ws/install/optimus_interfaces/share/optimus_interfaces/cmake/ament_cmake_export_dependencies-extras.cmake
[3.862s] -- Up-to-date: /home/optimus/optimus_v6.3_ws/install/optimus_interfaces/share/optimus_interfaces/cmake/ament_cmake_export_include_directories-extras.cmake
[3.863s] -- Up-to-date: /home/optimus/optimus_v6.3_ws/install/optimus_interfaces/share/optimus_interfaces/cmake/ament_cmake_export_libraries-extras.cmake
[3.864s] -- Up-to-date: /home/optimus/optimus_v6.3_ws/install/optimus_interfaces/share/optimus_interfaces/cmake/ament_cmake_export_targets-extras.cmake
[3.864s] -- Up-to-date: /home/optimus/optimus_v6.3_ws/install/optimus_interfaces/share/optimus_interfaces/cmake/rosidl_cmake_export_typesupport_targets-extras.cmake
[3.864s] -- Up-to-date: /home/optimus/optimus_v6.3_ws/install/optimus_interfaces/share/optimus_interfaces/cmake/rosidl_cmake_export_typesupport_libraries-extras.cmake
[3.865s] -- Up-to-date: /home/optimus/optimus_v6.3_ws/install/optimus_interfaces/share/optimus_interfaces/cmake/optimus_interfacesConfig.cmake
[3.865s] -- Up-to-date: /home/optimus/optimus_v6.3_ws/install/optimus_interfaces/share/optimus_interfaces/cmake/optimus_interfacesConfig-version.cmake
[3.866s] -- Up-to-date: /home/optimus/optimus_v6.3_ws/install/optimus_interfaces/share/optimus_interfaces/package.xml
[3.872s] Invoked command in '/home/optimus/optimus_v6.3_ws/build/optimus_interfaces' returned '0': CMAKE_PREFIX_PATH=${CMAKE_PREFIX_PATH}:/home/optimus/optimus_v6.3_ws/install/optimus_description:/opt/ros/humble /usr/bin/cmake --install /home/optimus/optimus_v6.3_ws/build/optimus_interfaces
