[5.037s] Invoking command in '/home/optimus/optimus_v6.3_ws/src/optimus_description': CMAKE_PREFIX_PATH=/home/optimus/optimus_v6.3_ws/install/optimus_interfaces:/home/optimus/optimus_v6.3_ws/install/optimus_bringup PYTHONPATH=/home/optimus/optimus_v6.3_ws/build/optimus_description/prefix_override:/home/optimus/optimus_v6.3_ws/install/optimus_description/lib/python3.10/site-packages:${PYTHONPATH} /usr/bin/python3 setup.py egg_info --egg-base ../../build/optimus_description build --build-base /home/optimus/optimus_v6.3_ws/build/optimus_description/build install --record /home/optimus/optimus_v6.3_ws/build/optimus_description/install.log --single-version-externally-managed
[6.695s] running egg_info
[6.702s] writing ../../build/optimus_description/optimus_description.egg-info/PKG-INFO
[6.708s] writing dependency_links to ../../build/optimus_description/optimus_description.egg-info/dependency_links.txt
[6.712s] writing entry points to ../../build/optimus_description/optimus_description.egg-info/entry_points.txt
[6.716s] writing requirements to ../../build/optimus_description/optimus_description.egg-info/requires.txt
[6.717s] writing top-level names to ../../build/optimus_description/optimus_description.egg-info/top_level.txt
[6.729s] reading manifest file '../../build/optimus_description/optimus_description.egg-info/SOURCES.txt'
[6.739s] writing manifest file '../../build/optimus_description/optimus_description.egg-info/SOURCES.txt'
[6.740s] running build
[6.740s] running build_py
[6.743s] copying optimus_description/optimus_pi_node.py -> /home/optimus/optimus_v6.3_ws/build/optimus_description/build/lib/optimus_description
[6.746s] running install
[6.747s] running install_lib
[6.753s] copying /home/optimus/optimus_v6.3_ws/build/optimus_description/build/lib/optimus_description/optimus_pi_node.py -> /home/optimus/optimus_v6.3_ws/install/optimus_description/lib/python3.10/site-packages/optimus_description
[6.758s] byte-compiling /home/optimus/optimus_v6.3_ws/install/optimus_description/lib/python3.10/site-packages/optimus_description/optimus_pi_node.py to optimus_pi_node.cpython-310.pyc
[6.767s] running install_data
[6.770s] running install_egg_info
[6.779s] removing '/home/optimus/optimus_v6.3_ws/install/optimus_description/lib/python3.10/site-packages/optimus_description-0.0.0-py3.10.egg-info' (and everything under it)
[6.783s] Copying ../../build/optimus_description/optimus_description.egg-info to /home/optimus/optimus_v6.3_ws/install/optimus_description/lib/python3.10/site-packages/optimus_description-0.0.0-py3.10.egg-info
[6.792s] running install_scripts
[6.901s] Installing camera script to /home/optimus/optimus_v6.3_ws/install/optimus_description/lib/optimus_description
[6.902s] Installing lifecycle_manager script to /home/optimus/optimus_v6.3_ws/install/optimus_description/lib/optimus_description
[6.903s] Installing motor_driver script to /home/optimus/optimus_v6.3_ws/install/optimus_description/lib/optimus_description
[6.904s] Installing optimus_pi script to /home/optimus/optimus_v6.3_ws/install/optimus_description/lib/optimus_description
[6.905s] Installing ps4_controller script to /home/optimus/optimus_v6.3_ws/install/optimus_description/lib/optimus_description
[6.907s] Installing ultra_sonic_sensor script to /home/optimus/optimus_v6.3_ws/install/optimus_description/lib/optimus_description
[6.909s] writing list of installed files to '/home/optimus/optimus_v6.3_ws/build/optimus_description/install.log'
[7.127s] Invoked command in '/home/optimus/optimus_v6.3_ws/src/optimus_description' returned '0': CMAKE_PREFIX_PATH=/home/optimus/optimus_v6.3_ws/install/optimus_interfaces:/home/optimus/optimus_v6.3_ws/install/optimus_bringup PYTHONPATH=/home/optimus/optimus_v6.3_ws/build/optimus_description/prefix_override:/home/optimus/optimus_v6.3_ws/install/optimus_description/lib/python3.10/site-packages:${PYTHONPATH} /usr/bin/python3 setup.py egg_info --egg-base ../../build/optimus_description build --build-base /home/optimus/optimus_v6.3_ws/build/optimus_description/build install --record /home/optimus/optimus_v6.3_ws/build/optimus_description/install.log --single-version-externally-managed
