[1.060s] Invoking command in '/home/optimus/optimus_v6.3_ws/build/optimus_bringup': AMENT_PREFIX_PATH=/home/optimus/optimus_v6.3_ws/install/optimus_description:/home/optimus/optimus_v6.3_ws/install/optimus_bringup:/home/optimus/optimus_v6.3_ws/install/optimus_interfaces:/opt/ros/humble CMAKE_PREFIX_PATH=/home/optimus/optimus_v6.3_ws/install/optimus_interfaces:/home/optimus/optimus_v6.3_ws/install/optimus_bringup:/home/optimus/optimus_v6.3_ws/install/optimus_description:/opt/ros/humble /usr/bin/cmake --build /home/optimus/optimus_v6.3_ws/build/optimus_bringup -- -j4 -l4
[1.453s] Invoked command in '/home/optimus/optimus_v6.3_ws/build/optimus_bringup' returned '0': AMENT_PREFIX_PATH=/home/optimus/optimus_v6.3_ws/install/optimus_description:/home/optimus/optimus_v6.3_ws/install/optimus_bringup:/home/optimus/optimus_v6.3_ws/install/optimus_interfaces:/opt/ros/humble CMAKE_PREFIX_PATH=/home/optimus/optimus_v6.3_ws/install/optimus_interfaces:/home/optimus/optimus_v6.3_ws/install/optimus_bringup:/home/optimus/optimus_v6.3_ws/install/optimus_description:/opt/ros/humble /usr/bin/cmake --build /home/optimus/optimus_v6.3_ws/build/optimus_bringup -- -j4 -l4
[1.753s] Invoking command in '/home/optimus/optimus_v6.3_ws/build/optimus_bringup': AMENT_PREFIX_PATH=/home/optimus/optimus_v6.3_ws/install/optimus_description:/home/optimus/optimus_v6.3_ws/install/optimus_bringup:/home/optimus/optimus_v6.3_ws/install/optimus_interfaces:/opt/ros/humble CMAKE_PREFIX_PATH=/home/optimus/optimus_v6.3_ws/install/optimus_interfaces:/home/optimus/optimus_v6.3_ws/install/optimus_bringup:/home/optimus/optimus_v6.3_ws/install/optimus_description:/opt/ros/humble /usr/bin/cmake --install /home/optimus/optimus_v6.3_ws/build/optimus_bringup
[1.835s] -- Install configuration: ""
[1.836s] -- Up-to-date: /home/optimus/optimus_v6.3_ws/install/optimus_bringup/share/optimus_bringup/launch
[1.841s] -- Up-to-date: /home/optimus/optimus_v6.3_ws/install/optimus_bringup/share/optimus_bringup/launch/optimus_pi_bot.launch.xml
[1.842s] -- Up-to-date: /home/optimus/optimus_v6.3_ws/install/optimus_bringup/share/optimus_bringup/launch/optimus_pi_bot.launch.py
[1.844s] -- Up-to-date: /home/optimus/optimus_v6.3_ws/install/optimus_bringup/share/ament_index/resource_index/package_run_dependencies/optimus_bringup
[1.846s] -- Up-to-date: /home/optimus/optimus_v6.3_ws/install/optimus_bringup/share/ament_index/resource_index/parent_prefix_path/optimus_bringup
[1.847s] -- Up-to-date: /home/optimus/optimus_v6.3_ws/install/optimus_bringup/share/optimus_bringup/environment/ament_prefix_path.sh
[1.849s] -- Up-to-date: /home/optimus/optimus_v6.3_ws/install/optimus_bringup/share/optimus_bringup/environment/ament_prefix_path.dsv
[1.851s] -- Up-to-date: /home/optimus/optimus_v6.3_ws/install/optimus_bringup/share/optimus_bringup/environment/path.sh
[1.852s] -- Up-to-date: /home/optimus/optimus_v6.3_ws/install/optimus_bringup/share/optimus_bringup/environment/path.dsv
[1.854s] -- Up-to-date: /home/optimus/optimus_v6.3_ws/install/optimus_bringup/share/optimus_bringup/local_setup.bash
[1.855s] -- Up-to-date: /home/optimus/optimus_v6.3_ws/install/optimus_bringup/share/optimus_bringup/local_setup.sh
[1.856s] -- Up-to-date: /home/optimus/optimus_v6.3_ws/install/optimus_bringup/share/optimus_bringup/local_setup.zsh
[1.857s] -- Up-to-date: /home/optimus/optimus_v6.3_ws/install/optimus_bringup/share/optimus_bringup/local_setup.dsv
[1.859s] -- Installing: /home/optimus/optimus_v6.3_ws/install/optimus_bringup/share/optimus_bringup/package.dsv
[1.860s] -- Up-to-date: /home/optimus/optimus_v6.3_ws/install/optimus_bringup/share/ament_index/resource_index/packages/optimus_bringup
[1.862s] -- Up-to-date: /home/optimus/optimus_v6.3_ws/install/optimus_bringup/share/optimus_bringup/cmake/optimus_bringupConfig.cmake
[1.863s] -- Up-to-date: /home/optimus/optimus_v6.3_ws/install/optimus_bringup/share/optimus_bringup/cmake/optimus_bringupConfig-version.cmake
[1.865s] -- Up-to-date: /home/optimus/optimus_v6.3_ws/install/optimus_bringup/share/optimus_bringup/package.xml
[1.886s] Invoked command in '/home/optimus/optimus_v6.3_ws/build/optimus_bringup' returned '0': AMENT_PREFIX_PATH=/home/optimus/optimus_v6.3_ws/install/optimus_description:/home/optimus/optimus_v6.3_ws/install/optimus_bringup:/home/optimus/optimus_v6.3_ws/install/optimus_interfaces:/opt/ros/humble CMAKE_PREFIX_PATH=/home/optimus/optimus_v6.3_ws/install/optimus_interfaces:/home/optimus/optimus_v6.3_ws/install/optimus_bringup:/home/optimus/optimus_v6.3_ws/install/optimus_description:/opt/ros/humble /usr/bin/cmake --install /home/optimus/optimus_v6.3_ws/build/optimus_bringup
