[4.130s] Invoking command in '/home/optimus/optimus_v6.3_ws/src/optimus_description': CMAKE_PREFIX_PATH=/home/optimus/optimus_v6.3_ws/install/optimus_interfaces:/home/optimus/optimus_v6.3_ws/install/optimus_bringup PYTHONPATH=/home/optimus/optimus_v6.3_ws/build/optimus_description/prefix_override:/home/optimus/optimus_v6.3_ws/install/optimus_description/lib/python3.10/site-packages:${PYTHONPATH} /usr/bin/python3 setup.py egg_info --egg-base ../../build/optimus_description build --build-base /home/optimus/optimus_v6.3_ws/build/optimus_description/build install --record /home/optimus/optimus_v6.3_ws/build/optimus_description/install.log --single-version-externally-managed
[6.041s] running egg_info
[6.044s] writing ../../build/optimus_description/optimus_description.egg-info/PKG-INFO
[6.046s] writing dependency_links to ../../build/optimus_description/optimus_description.egg-info/dependency_links.txt
[6.047s] writing entry points to ../../build/optimus_description/optimus_description.egg-info/entry_points.txt
[6.049s] writing requirements to ../../build/optimus_description/optimus_description.egg-info/requires.txt
[6.051s] writing top-level names to ../../build/optimus_description/optimus_description.egg-info/top_level.txt
[6.061s] reading manifest file '../../build/optimus_description/optimus_description.egg-info/SOURCES.txt'
[6.063s] adding license file 'LICENSE'
[6.077s] writing manifest file '../../build/optimus_description/optimus_description.egg-info/SOURCES.txt'
[6.077s] running build
[6.078s] running build_py
[6.078s] copying optimus_description/ps4_controller_node.py -> /home/optimus/optimus_v6.3_ws/build/optimus_description/build/lib/optimus_description
[6.079s] running install
[6.079s] running install_lib
[6.081s] copying /home/optimus/optimus_v6.3_ws/build/optimus_description/build/lib/optimus_description/ps4_controller_node.py -> /home/optimus/optimus_v6.3_ws/install/optimus_description/lib/python3.10/site-packages/optimus_description
[6.087s] byte-compiling /home/optimus/optimus_v6.3_ws/install/optimus_description/lib/python3.10/site-packages/optimus_description/ps4_controller_node.py to ps4_controller_node.cpython-310.pyc
[6.097s] running install_data
[6.100s] running install_egg_info
[6.111s] removing '/home/optimus/optimus_v6.3_ws/install/optimus_description/lib/python3.10/site-packages/optimus_description-0.0.0-py3.10.egg-info' (and everything under it)
[6.113s] Copying ../../build/optimus_description/optimus_description.egg-info to /home/optimus/optimus_v6.3_ws/install/optimus_description/lib/python3.10/site-packages/optimus_description-0.0.0-py3.10.egg-info
[6.127s] running install_scripts
[6.232s] Installing camera script to /home/optimus/optimus_v6.3_ws/install/optimus_description/lib/optimus_description
[6.234s] Installing motor_driver script to /home/optimus/optimus_v6.3_ws/install/optimus_description/lib/optimus_description
[6.235s] Installing optimus_pi script to /home/optimus/optimus_v6.3_ws/install/optimus_description/lib/optimus_description
[6.237s] Installing ps4_controller script to /home/optimus/optimus_v6.3_ws/install/optimus_description/lib/optimus_description
[6.239s] Installing ultra_sonic_sensor script to /home/optimus/optimus_v6.3_ws/install/optimus_description/lib/optimus_description
[6.242s] writing list of installed files to '/home/optimus/optimus_v6.3_ws/build/optimus_description/install.log'
[6.402s] Invoked command in '/home/optimus/optimus_v6.3_ws/src/optimus_description' returned '0': CMAKE_PREFIX_PATH=/home/optimus/optimus_v6.3_ws/install/optimus_interfaces:/home/optimus/optimus_v6.3_ws/install/optimus_bringup PYTHONPATH=/home/optimus/optimus_v6.3_ws/build/optimus_description/prefix_override:/home/optimus/optimus_v6.3_ws/install/optimus_description/lib/python3.10/site-packages:${PYTHONPATH} /usr/bin/python3 setup.py egg_info --egg-base ../../build/optimus_description build --build-base /home/optimus/optimus_v6.3_ws/build/optimus_description/build install --record /home/optimus/optimus_v6.3_ws/build/optimus_description/install.log --single-version-externally-managed
