[5.077s] Invoking command in '/home/optimus/optimus_v6.3_ws/src/optimus_description': CMAKE_PREFIX_PATH=/home/optimus/optimus_v6.3_ws/install/optimus_interfaces:/home/optimus/optimus_v6.3_ws/install/optimus_bringup PYTHONPATH=/home/optimus/optimus_v6.3_ws/build/optimus_description/prefix_override:/home/optimus/optimus_v6.3_ws/install/optimus_description/lib/python3.10/site-packages:${PYTHONPATH} /usr/bin/python3 setup.py egg_info --egg-base ../../build/optimus_description build --build-base /home/optimus/optimus_v6.3_ws/build/optimus_description/build install --record /home/optimus/optimus_v6.3_ws/build/optimus_description/install.log --single-version-externally-managed
[6.909s] running egg_info
[6.912s] writing ../../build/optimus_description/optimus_description.egg-info/PKG-INFO
[6.913s] writing dependency_links to ../../build/optimus_description/optimus_description.egg-info/dependency_links.txt
[6.914s] writing entry points to ../../build/optimus_description/optimus_description.egg-info/entry_points.txt
[6.915s] writing requirements to ../../build/optimus_description/optimus_description.egg-info/requires.txt
[6.916s] writing top-level names to ../../build/optimus_description/optimus_description.egg-info/top_level.txt
[6.927s] reading manifest file '../../build/optimus_description/optimus_description.egg-info/SOURCES.txt'
[6.930s] adding license file 'LICENSE'
[6.932s] writing manifest file '../../build/optimus_description/optimus_description.egg-info/SOURCES.txt'
[6.933s] running build
[6.934s] running build_py
[6.935s] copying optimus_description/ps4_controller_node.py -> /home/optimus/optimus_v6.3_ws/build/optimus_description/build/lib/optimus_description
[6.938s] running install
[6.940s] running install_lib
[6.945s] copying /home/optimus/optimus_v6.3_ws/build/optimus_description/build/lib/optimus_description/ps4_controller_node.py -> /home/optimus/optimus_v6.3_ws/install/optimus_description/lib/python3.10/site-packages/optimus_description
[6.950s] byte-compiling /home/optimus/optimus_v6.3_ws/install/optimus_description/lib/python3.10/site-packages/optimus_description/ps4_controller_node.py to ps4_controller_node.cpython-310.pyc
[6.958s] running install_data
[6.960s] running install_egg_info
[6.969s] removing '/home/optimus/optimus_v6.3_ws/install/optimus_description/lib/python3.10/site-packages/optimus_description-0.0.0-py3.10.egg-info' (and everything under it)
[6.972s] Copying ../../build/optimus_description/optimus_description.egg-info to /home/optimus/optimus_v6.3_ws/install/optimus_description/lib/python3.10/site-packages/optimus_description-0.0.0-py3.10.egg-info
[6.982s] running install_scripts
[7.083s] Installing camera script to /home/optimus/optimus_v6.3_ws/install/optimus_description/lib/optimus_description
[7.084s] Installing motor_driver script to /home/optimus/optimus_v6.3_ws/install/optimus_description/lib/optimus_description
[7.088s] Installing optimus_pi script to /home/optimus/optimus_v6.3_ws/install/optimus_description/lib/optimus_description
[7.089s] Installing ps4_controller script to /home/optimus/optimus_v6.3_ws/install/optimus_description/lib/optimus_description
[7.089s] Installing ultra_sonic_sensor script to /home/optimus/optimus_v6.3_ws/install/optimus_description/lib/optimus_description
[7.091s] writing list of installed files to '/home/optimus/optimus_v6.3_ws/build/optimus_description/install.log'
[7.275s] Invoked command in '/home/optimus/optimus_v6.3_ws/src/optimus_description' returned '0': CMAKE_PREFIX_PATH=/home/optimus/optimus_v6.3_ws/install/optimus_interfaces:/home/optimus/optimus_v6.3_ws/install/optimus_bringup PYTHONPATH=/home/optimus/optimus_v6.3_ws/build/optimus_description/prefix_override:/home/optimus/optimus_v6.3_ws/install/optimus_description/lib/python3.10/site-packages:${PYTHONPATH} /usr/bin/python3 setup.py egg_info --egg-base ../../build/optimus_description build --build-base /home/optimus/optimus_v6.3_ws/build/optimus_description/build install --record /home/optimus/optimus_v6.3_ws/build/optimus_description/install.log --single-version-externally-managed
