[0.505s] Invoking command in '/home/optimus/optimus_v6.3_ws/build/optimus_bringup': AMENT_PREFIX_PATH=/home/optimus/optimus_v6.3_ws/install/optimus_description:/home/optimus/optimus_v6.3_ws/install/optimus_bringup:/home/optimus/optimus_v6.3_ws/install/optimus_interfaces:/opt/ros/humble CMAKE_PREFIX_PATH=/home/optimus/optimus_v6.3_ws/install/optimus_interfaces:/home/optimus/optimus_v6.3_ws/install/optimus_bringup:/home/optimus/optimus_v6.3_ws/install/optimus_description:/opt/ros/humble /usr/bin/cmake --build /home/optimus/optimus_v6.3_ws/build/optimus_bringup -- -j4 -l4
[0.684s] Invoked command in '/home/optimus/optimus_v6.3_ws/build/optimus_bringup' returned '0': AMENT_PREFIX_PATH=/home/optimus/optimus_v6.3_ws/install/optimus_description:/home/optimus/optimus_v6.3_ws/install/optimus_bringup:/home/optimus/optimus_v6.3_ws/install/optimus_interfaces:/opt/ros/humble CMAKE_PREFIX_PATH=/home/optimus/optimus_v6.3_ws/install/optimus_interfaces:/home/optimus/optimus_v6.3_ws/install/optimus_bringup:/home/optimus/optimus_v6.3_ws/install/optimus_description:/opt/ros/humble /usr/bin/cmake --build /home/optimus/optimus_v6.3_ws/build/optimus_bringup -- -j4 -l4
[0.813s] Invoking command in '/home/optimus/optimus_v6.3_ws/build/optimus_bringup': AMENT_PREFIX_PATH=/home/optimus/optimus_v6.3_ws/install/optimus_description:/home/optimus/optimus_v6.3_ws/install/optimus_bringup:/home/optimus/optimus_v6.3_ws/install/optimus_interfaces:/opt/ros/humble CMAKE_PREFIX_PATH=/home/optimus/optimus_v6.3_ws/install/optimus_interfaces:/home/optimus/optimus_v6.3_ws/install/optimus_bringup:/home/optimus/optimus_v6.3_ws/install/optimus_description:/opt/ros/humble /usr/bin/cmake --install /home/optimus/optimus_v6.3_ws/build/optimus_bringup
[0.852s] -- Install configuration: ""
[0.853s] -- Up-to-date: /home/optimus/optimus_v6.3_ws/install/optimus_bringup/share/optimus_bringup/launch
[0.853s] -- Up-to-date: /home/optimus/optimus_v6.3_ws/install/optimus_bringup/share/optimus_bringup/launch/optimus_pi_bot.launch.xml
[0.854s] -- Up-to-date: /home/optimus/optimus_v6.3_ws/install/optimus_bringup/share/optimus_bringup/launch/optimus_pi_bot.launch.py
[0.855s] -- Up-to-date: /home/optimus/optimus_v6.3_ws/install/optimus_bringup/share/optimus_bringup/launch/camera.launch.xml
[0.856s] -- Up-to-date: /home/optimus/optimus_v6.3_ws/install/optimus_bringup/share/ament_index/resource_index/package_run_dependencies/optimus_bringup
[0.857s] -- Up-to-date: /home/optimus/optimus_v6.3_ws/install/optimus_bringup/share/ament_index/resource_index/parent_prefix_path/optimus_bringup
[0.864s] -- Up-to-date: /home/optimus/optimus_v6.3_ws/install/optimus_bringup/share/optimus_bringup/environment/ament_prefix_path.sh
[0.865s] -- Up-to-date: /home/optimus/optimus_v6.3_ws/install/optimus_bringup/share/optimus_bringup/environment/ament_prefix_path.dsv
[0.866s] -- Up-to-date: /home/optimus/optimus_v6.3_ws/install/optimus_bringup/share/optimus_bringup/environment/path.sh
[0.867s] -- Up-to-date: /home/optimus/optimus_v6.3_ws/install/optimus_bringup/share/optimus_bringup/environment/path.dsv
[0.868s] -- Up-to-date: /home/optimus/optimus_v6.3_ws/install/optimus_bringup/share/optimus_bringup/local_setup.bash
[0.869s] -- Up-to-date: /home/optimus/optimus_v6.3_ws/install/optimus_bringup/share/optimus_bringup/local_setup.sh
[0.869s] -- Up-to-date: /home/optimus/optimus_v6.3_ws/install/optimus_bringup/share/optimus_bringup/local_setup.zsh
[0.870s] -- Up-to-date: /home/optimus/optimus_v6.3_ws/install/optimus_bringup/share/optimus_bringup/local_setup.dsv
[0.870s] -- Installing: /home/optimus/optimus_v6.3_ws/install/optimus_bringup/share/optimus_bringup/package.dsv
[0.870s] -- Up-to-date: /home/optimus/optimus_v6.3_ws/install/optimus_bringup/share/ament_index/resource_index/packages/optimus_bringup
[0.871s] -- Up-to-date: /home/optimus/optimus_v6.3_ws/install/optimus_bringup/share/optimus_bringup/cmake/optimus_bringupConfig.cmake
[0.871s] -- Up-to-date: /home/optimus/optimus_v6.3_ws/install/optimus_bringup/share/optimus_bringup/cmake/optimus_bringupConfig-version.cmake
[0.872s] -- Up-to-date: /home/optimus/optimus_v6.3_ws/install/optimus_bringup/share/optimus_bringup/package.xml
[0.884s] Invoked command in '/home/optimus/optimus_v6.3_ws/build/optimus_bringup' returned '0': AMENT_PREFIX_PATH=/home/optimus/optimus_v6.3_ws/install/optimus_description:/home/optimus/optimus_v6.3_ws/install/optimus_bringup:/home/optimus/optimus_v6.3_ws/install/optimus_interfaces:/opt/ros/humble CMAKE_PREFIX_PATH=/home/optimus/optimus_v6.3_ws/install/optimus_interfaces:/home/optimus/optimus_v6.3_ws/install/optimus_bringup:/home/optimus/optimus_v6.3_ws/install/optimus_description:/opt/ros/humble /usr/bin/cmake --install /home/optimus/optimus_v6.3_ws/build/optimus_bringup
