[0.543s] Invoking command in '/home/optimus/optimus_v6.3_ws/build/optimus_bringup': AMENT_PREFIX_PATH=/home/optimus/optimus_v6.3_ws/install/optimus_description:/home/optimus/optimus_v6.3_ws/install/optimus_bringup:/home/optimus/optimus_v6.3_ws/install/optimus_interfaces:/opt/ros/humble CMAKE_PREFIX_PATH=/home/optimus/optimus_v6.3_ws/install/optimus_interfaces:/home/optimus/optimus_v6.3_ws/install/optimus_bringup:/home/optimus/optimus_v6.3_ws/install/optimus_description:/opt/ros/humble /usr/bin/cmake --build /home/optimus/optimus_v6.3_ws/build/optimus_bringup -- -j4 -l4
[0.693s] Invoked command in '/home/optimus/optimus_v6.3_ws/build/optimus_bringup' returned '0': AMENT_PREFIX_PATH=/home/optimus/optimus_v6.3_ws/install/optimus_description:/home/optimus/optimus_v6.3_ws/install/optimus_bringup:/home/optimus/optimus_v6.3_ws/install/optimus_interfaces:/opt/ros/humble CMAKE_PREFIX_PATH=/home/optimus/optimus_v6.3_ws/install/optimus_interfaces:/home/optimus/optimus_v6.3_ws/install/optimus_bringup:/home/optimus/optimus_v6.3_ws/install/optimus_description:/opt/ros/humble /usr/bin/cmake --build /home/optimus/optimus_v6.3_ws/build/optimus_bringup -- -j4 -l4
[0.804s] Invoking command in '/home/optimus/optimus_v6.3_ws/build/optimus_bringup': AMENT_PREFIX_PATH=/home/optimus/optimus_v6.3_ws/install/optimus_description:/home/optimus/optimus_v6.3_ws/install/optimus_bringup:/home/optimus/optimus_v6.3_ws/install/optimus_interfaces:/opt/ros/humble CMAKE_PREFIX_PATH=/home/optimus/optimus_v6.3_ws/install/optimus_interfaces:/home/optimus/optimus_v6.3_ws/install/optimus_bringup:/home/optimus/optimus_v6.3_ws/install/optimus_description:/opt/ros/humble /usr/bin/cmake --install /home/optimus/optimus_v6.3_ws/build/optimus_bringup
[0.833s] -- Install configuration: ""
[0.834s] -- Up-to-date: /home/optimus/optimus_v6.3_ws/install/optimus_bringup/share/optimus_bringup/launch
[0.837s] -- Up-to-date: /home/optimus/optimus_v6.3_ws/install/optimus_bringup/share/optimus_bringup/launch/optimus_pi_bot.launch.xml
[0.837s] -- Up-to-date: /home/optimus/optimus_v6.3_ws/install/optimus_bringup/share/optimus_bringup/launch/optimus_pi_bot.launch.py
[0.839s] -- Up-to-date: /home/optimus/optimus_v6.3_ws/install/optimus_bringup/share/optimus_bringup/launch/camera.launch.xml
[0.840s] -- Up-to-date: /home/optimus/optimus_v6.3_ws/install/optimus_bringup/share/ament_index/resource_index/package_run_dependencies/optimus_bringup
[0.840s] -- Up-to-date: /home/optimus/optimus_v6.3_ws/install/optimus_bringup/share/ament_index/resource_index/parent_prefix_path/optimus_bringup
[0.841s] -- Up-to-date: /home/optimus/optimus_v6.3_ws/install/optimus_bringup/share/optimus_bringup/environment/ament_prefix_path.sh
[0.841s] -- Up-to-date: /home/optimus/optimus_v6.3_ws/install/optimus_bringup/share/optimus_bringup/environment/ament_prefix_path.dsv
[0.842s] -- Up-to-date: /home/optimus/optimus_v6.3_ws/install/optimus_bringup/share/optimus_bringup/environment/path.sh
[0.843s] -- Up-to-date: /home/optimus/optimus_v6.3_ws/install/optimus_bringup/share/optimus_bringup/environment/path.dsv
[0.844s] -- Up-to-date: /home/optimus/optimus_v6.3_ws/install/optimus_bringup/share/optimus_bringup/local_setup.bash
[0.845s] -- Up-to-date: /home/optimus/optimus_v6.3_ws/install/optimus_bringup/share/optimus_bringup/local_setup.sh
[0.846s] -- Up-to-date: /home/optimus/optimus_v6.3_ws/install/optimus_bringup/share/optimus_bringup/local_setup.zsh
[0.847s] -- Up-to-date: /home/optimus/optimus_v6.3_ws/install/optimus_bringup/share/optimus_bringup/local_setup.dsv
[0.847s] -- Installing: /home/optimus/optimus_v6.3_ws/install/optimus_bringup/share/optimus_bringup/package.dsv
[0.849s] -- Up-to-date: /home/optimus/optimus_v6.3_ws/install/optimus_bringup/share/ament_index/resource_index/packages/optimus_bringup
[0.850s] -- Up-to-date: /home/optimus/optimus_v6.3_ws/install/optimus_bringup/share/optimus_bringup/cmake/optimus_bringupConfig.cmake
[0.865s] -- Up-to-date: /home/optimus/optimus_v6.3_ws/install/optimus_bringup/share/optimus_bringup/cmake/optimus_bringupConfig-version.cmake
[0.866s] -- Up-to-date: /home/optimus/optimus_v6.3_ws/install/optimus_bringup/share/optimus_bringup/package.xml
[0.867s] Invoked command in '/home/optimus/optimus_v6.3_ws/build/optimus_bringup' returned '0': AMENT_PREFIX_PATH=/home/optimus/optimus_v6.3_ws/install/optimus_description:/home/optimus/optimus_v6.3_ws/install/optimus_bringup:/home/optimus/optimus_v6.3_ws/install/optimus_interfaces:/opt/ros/humble CMAKE_PREFIX_PATH=/home/optimus/optimus_v6.3_ws/install/optimus_interfaces:/home/optimus/optimus_v6.3_ws/install/optimus_bringup:/home/optimus/optimus_v6.3_ws/install/optimus_description:/opt/ros/humble /usr/bin/cmake --install /home/optimus/optimus_v6.3_ws/build/optimus_bringup
