[3.371s] Invoking command in '/home/optimus/optimus_v6.3_ws/src/optimus_description': AMENT_PREFIX_PATH=/home/optimus/optimus_v6.3_ws/install/optimus_interfaces:${AMENT_PREFIX_PATH} CMAKE_PREFIX_PATH=/home/optimus/optimus_v6.3_ws/install/optimus_interfaces LD_LIBRARY_PATH=/home/optimus/optimus_v6.3_ws/install/optimus_interfaces/lib:${LD_LIBRARY_PATH} PYTHONPATH=/home/optimus/optimus_v6.3_ws/build/optimus_description/prefix_override:/home/optimus/optimus_v6.3_ws/install/optimus_description/lib/python3.10/site-packages:/home/optimus/optimus_v6.3_ws/install/optimus_interfaces/local/lib/python3.10/dist-packages:${PYTHONPATH} /usr/bin/python3 setup.py egg_info --egg-base ../../build/optimus_description build --build-base /home/optimus/optimus_v6.3_ws/build/optimus_description/build install --record /home/optimus/optimus_v6.3_ws/build/optimus_description/install.log --single-version-externally-managed
[4.483s] running egg_info
[4.485s] creating ../../build/optimus_description/optimus_description.egg-info
[4.486s] writing ../../build/optimus_description/optimus_description.egg-info/PKG-INFO
[4.487s] writing dependency_links to ../../build/optimus_description/optimus_description.egg-info/dependency_links.txt
[4.488s] writing entry points to ../../build/optimus_description/optimus_description.egg-info/entry_points.txt
[4.488s] writing requirements to ../../build/optimus_description/optimus_description.egg-info/requires.txt
[4.489s] writing top-level names to ../../build/optimus_description/optimus_description.egg-info/top_level.txt
[4.490s] writing manifest file '../../build/optimus_description/optimus_description.egg-info/SOURCES.txt'
[4.498s] reading manifest file '../../build/optimus_description/optimus_description.egg-info/SOURCES.txt'
[4.501s] writing manifest file '../../build/optimus_description/optimus_description.egg-info/SOURCES.txt'
[4.502s] running build
[4.502s] running build_py
[4.503s] creating /home/optimus/optimus_v6.3_ws/build/optimus_description/build
[4.504s] creating /home/optimus/optimus_v6.3_ws/build/optimus_description/build/lib
[4.504s] creating /home/optimus/optimus_v6.3_ws/build/optimus_description/build/lib/optimus_description
[4.505s] copying optimus_description/motor_driver_node.py -> /home/optimus/optimus_v6.3_ws/build/optimus_description/build/lib/optimus_description
[4.505s] copying optimus_description/camera_node.py -> /home/optimus/optimus_v6.3_ws/build/optimus_description/build/lib/optimus_description
[4.506s] copying optimus_description/ultra_sonic_sensor_node.py -> /home/optimus/optimus_v6.3_ws/build/optimus_description/build/lib/optimus_description
[4.506s] copying optimus_description/ps4_controller_node.py -> /home/optimus/optimus_v6.3_ws/build/optimus_description/build/lib/optimus_description
[4.507s] copying optimus_description/__init__.py -> /home/optimus/optimus_v6.3_ws/build/optimus_description/build/lib/optimus_description
[4.508s] copying optimus_description/lifecycle_node_manager.py -> /home/optimus/optimus_v6.3_ws/build/optimus_description/build/lib/optimus_description
[4.509s] copying optimus_description/optimus_pi_node.py -> /home/optimus/optimus_v6.3_ws/build/optimus_description/build/lib/optimus_description
[4.510s] running install
[4.511s] running install_lib
[4.514s] creating /home/optimus/optimus_v6.3_ws/install/optimus_description/lib/python3.10/site-packages/optimus_description
[4.515s] copying /home/optimus/optimus_v6.3_ws/build/optimus_description/build/lib/optimus_description/motor_driver_node.py -> /home/optimus/optimus_v6.3_ws/install/optimus_description/lib/python3.10/site-packages/optimus_description
[4.516s] copying /home/optimus/optimus_v6.3_ws/build/optimus_description/build/lib/optimus_description/camera_node.py -> /home/optimus/optimus_v6.3_ws/install/optimus_description/lib/python3.10/site-packages/optimus_description
[4.516s] copying /home/optimus/optimus_v6.3_ws/build/optimus_description/build/lib/optimus_description/ultra_sonic_sensor_node.py -> /home/optimus/optimus_v6.3_ws/install/optimus_description/lib/python3.10/site-packages/optimus_description
[4.517s] copying /home/optimus/optimus_v6.3_ws/build/optimus_description/build/lib/optimus_description/ps4_controller_node.py -> /home/optimus/optimus_v6.3_ws/install/optimus_description/lib/python3.10/site-packages/optimus_description
[4.518s] copying /home/optimus/optimus_v6.3_ws/build/optimus_description/build/lib/optimus_description/__init__.py -> /home/optimus/optimus_v6.3_ws/install/optimus_description/lib/python3.10/site-packages/optimus_description
[4.519s] copying /home/optimus/optimus_v6.3_ws/build/optimus_description/build/lib/optimus_description/lifecycle_node_manager.py -> /home/optimus/optimus_v6.3_ws/install/optimus_description/lib/python3.10/site-packages/optimus_description
[4.520s] copying /home/optimus/optimus_v6.3_ws/build/optimus_description/build/lib/optimus_description/optimus_pi_node.py -> /home/optimus/optimus_v6.3_ws/install/optimus_description/lib/python3.10/site-packages/optimus_description
[4.522s] byte-compiling /home/optimus/optimus_v6.3_ws/install/optimus_description/lib/python3.10/site-packages/optimus_description/motor_driver_node.py to motor_driver_node.cpython-310.pyc
[4.527s] byte-compiling /home/optimus/optimus_v6.3_ws/install/optimus_description/lib/python3.10/site-packages/optimus_description/camera_node.py to camera_node.cpython-310.pyc
[4.531s] byte-compiling /home/optimus/optimus_v6.3_ws/install/optimus_description/lib/python3.10/site-packages/optimus_description/ultra_sonic_sensor_node.py to ultra_sonic_sensor_node.cpython-310.pyc
[4.535s] byte-compiling /home/optimus/optimus_v6.3_ws/install/optimus_description/lib/python3.10/site-packages/optimus_description/ps4_controller_node.py to ps4_controller_node.cpython-310.pyc
[4.540s] byte-compiling /home/optimus/optimus_v6.3_ws/install/optimus_description/lib/python3.10/site-packages/optimus_description/__init__.py to __init__.cpython-310.pyc
[4.541s] byte-compiling /home/optimus/optimus_v6.3_ws/install/optimus_description/lib/python3.10/site-packages/optimus_description/lifecycle_node_manager.py to lifecycle_node_manager.cpython-310.pyc
[4.543s] byte-compiling /home/optimus/optimus_v6.3_ws/install/optimus_description/lib/python3.10/site-packages/optimus_description/optimus_pi_node.py to optimus_pi_node.cpython-310.pyc
[4.548s] running install_data
[4.551s] creating /home/optimus/optimus_v6.3_ws/install/optimus_description/share/ament_index
[4.552s] creating /home/optimus/optimus_v6.3_ws/install/optimus_description/share/ament_index/resource_index
[4.552s] creating /home/optimus/optimus_v6.3_ws/install/optimus_description/share/ament_index/resource_index/packages
[4.553s] copying resource/optimus_description -> /home/optimus/optimus_v6.3_ws/install/optimus_description/share/ament_index/resource_index/packages
[4.553s] copying package.xml -> /home/optimus/optimus_v6.3_ws/install/optimus_description/share/optimus_description
[4.553s] running install_egg_info
[4.560s] Copying ../../build/optimus_description/optimus_description.egg-info to /home/optimus/optimus_v6.3_ws/install/optimus_description/lib/python3.10/site-packages/optimus_description-0.0.0-py3.10.egg-info
[4.566s] running install_scripts
[4.642s] Installing camera script to /home/optimus/optimus_v6.3_ws/install/optimus_description/lib/optimus_description
[4.643s] Installing lifecycle_manager script to /home/optimus/optimus_v6.3_ws/install/optimus_description/lib/optimus_description
[4.643s] Installing motor_driver script to /home/optimus/optimus_v6.3_ws/install/optimus_description/lib/optimus_description
[4.644s] Installing optimus_pi script to /home/optimus/optimus_v6.3_ws/install/optimus_description/lib/optimus_description
[4.645s] Installing ps4_controller script to /home/optimus/optimus_v6.3_ws/install/optimus_description/lib/optimus_description
[4.645s] Installing ultra_sonic_sensor script to /home/optimus/optimus_v6.3_ws/install/optimus_description/lib/optimus_description
[4.647s] writing list of installed files to '/home/optimus/optimus_v6.3_ws/build/optimus_description/install.log'
[4.773s] Invoked command in '/home/optimus/optimus_v6.3_ws/src/optimus_description' returned '0': AMENT_PREFIX_PATH=/home/optimus/optimus_v6.3_ws/install/optimus_interfaces:${AMENT_PREFIX_PATH} CMAKE_PREFIX_PATH=/home/optimus/optimus_v6.3_ws/install/optimus_interfaces LD_LIBRARY_PATH=/home/optimus/optimus_v6.3_ws/install/optimus_interfaces/lib:${LD_LIBRARY_PATH} PYTHONPATH=/home/optimus/optimus_v6.3_ws/build/optimus_description/prefix_override:/home/optimus/optimus_v6.3_ws/install/optimus_description/lib/python3.10/site-packages:/home/optimus/optimus_v6.3_ws/install/optimus_interfaces/local/lib/python3.10/dist-packages:${PYTHONPATH} /usr/bin/python3 setup.py egg_info --egg-base ../../build/optimus_description build --build-base /home/optimus/optimus_v6.3_ws/build/optimus_description/build install --record /home/optimus/optimus_v6.3_ws/build/optimus_description/install.log --single-version-externally-managed
