/home/optimus/optimus_v6.3_ws/install/optimus_description/lib/python3.10/site-packages/optimus_description/motor_driver_node.py
/home/optimus/optimus_v6.3_ws/install/optimus_description/lib/python3.10/site-packages/optimus_description/camera_node.py
/home/optimus/optimus_v6.3_ws/install/optimus_description/lib/python3.10/site-packages/optimus_description/ultra_sonic_sensor_node.py
/home/optimus/optimus_v6.3_ws/install/optimus_description/lib/python3.10/site-packages/optimus_description/ps4_controller_node.py
/home/optimus/optimus_v6.3_ws/install/optimus_description/lib/python3.10/site-packages/optimus_description/__init__.py
/home/optimus/optimus_v6.3_ws/install/optimus_description/lib/python3.10/site-packages/optimus_description/optimus_pi_node.py
/home/optimus/optimus_v6.3_ws/install/optimus_description/lib/python3.10/site-packages/optimus_description/__pycache__/motor_driver_node.cpython-310.pyc
/home/optimus/optimus_v6.3_ws/install/optimus_description/lib/python3.10/site-packages/optimus_description/__pycache__/camera_node.cpython-310.pyc
/home/optimus/optimus_v6.3_ws/install/optimus_description/lib/python3.10/site-packages/optimus_description/__pycache__/ultra_sonic_sensor_node.cpython-310.pyc
/home/optimus/optimus_v6.3_ws/install/optimus_description/lib/python3.10/site-packages/optimus_description/__pycache__/ps4_controller_node.cpython-310.pyc
/home/optimus/optimus_v6.3_ws/install/optimus_description/lib/python3.10/site-packages/optimus_description/__pycache__/__init__.cpython-310.pyc
/home/optimus/optimus_v6.3_ws/install/optimus_description/lib/python3.10/site-packages/optimus_description/__pycache__/optimus_pi_node.cpython-310.pyc
/home/optimus/optimus_v6.3_ws/install/optimus_description/share/ament_index/resource_index/packages/optimus_description
/home/optimus/optimus_v6.3_ws/install/optimus_description/share/optimus_description/package.xml
/home/optimus/optimus_v6.3_ws/install/optimus_description/lib/python3.10/site-packages/optimus_description-6.3.0-py3.10.egg-info/dependency_links.txt
/home/optimus/optimus_v6.3_ws/install/optimus_description/lib/python3.10/site-packages/optimus_description-6.3.0-py3.10.egg-info/top_level.txt
/home/optimus/optimus_v6.3_ws/install/optimus_description/lib/python3.10/site-packages/optimus_description-6.3.0-py3.10.egg-info/requires.txt
/home/optimus/optimus_v6.3_ws/install/optimus_description/lib/python3.10/site-packages/optimus_description-6.3.0-py3.10.egg-info/entry_points.txt
/home/optimus/optimus_v6.3_ws/install/optimus_description/lib/python3.10/site-packages/optimus_description-6.3.0-py3.10.egg-info/SOURCES.txt
/home/optimus/optimus_v6.3_ws/install/optimus_description/lib/python3.10/site-packages/optimus_description-6.3.0-py3.10.egg-info/zip-safe
/home/optimus/optimus_v6.3_ws/install/optimus_description/lib/python3.10/site-packages/optimus_description-6.3.0-py3.10.egg-info/PKG-INFO
/home/optimus/optimus_v6.3_ws/install/optimus_description/lib/optimus_description/camera
/home/optimus/optimus_v6.3_ws/install/optimus_description/lib/optimus_description/motor_driver
/home/optimus/optimus_v6.3_ws/install/optimus_description/lib/optimus_description/optimus_pi
/home/optimus/optimus_v6.3_ws/install/optimus_description/lib/optimus_description/ps4_controller
/home/optimus/optimus_v6.3_ws/install/optimus_description/lib/optimus_description/ultra_sonic_sensor
