[0.644s] Invoking command in '/home/optimus/optimus_v6.3_ws/build/optimus_bringup': AMENT_PREFIX_PATH=/home/optimus/optimus_v6.3_ws/install/optimus_description:/home/optimus/optimus_v6.3_ws/install/optimus_bringup:/home/optimus/optimus_v6.3_ws/install/optimus_interfaces:/opt/ros/humble CMAKE_PREFIX_PATH=/home/optimus/optimus_v6.3_ws/install/optimus_interfaces:/home/optimus/optimus_v6.3_ws/install/optimus_bringup:/home/optimus/optimus_v6.3_ws/install/optimus_description:/opt/ros/humble /usr/bin/cmake --build /home/optimus/optimus_v6.3_ws/build/optimus_bringup -- -j4 -l4
[0.819s] Invoked command in '/home/optimus/optimus_v6.3_ws/build/optimus_bringup' returned '0': AMENT_PREFIX_PATH=/home/optimus/optimus_v6.3_ws/install/optimus_description:/home/optimus/optimus_v6.3_ws/install/optimus_bringup:/home/optimus/optimus_v6.3_ws/install/optimus_interfaces:/opt/ros/humble CMAKE_PREFIX_PATH=/home/optimus/optimus_v6.3_ws/install/optimus_interfaces:/home/optimus/optimus_v6.3_ws/install/optimus_bringup:/home/optimus/optimus_v6.3_ws/install/optimus_description:/opt/ros/humble /usr/bin/cmake --build /home/optimus/optimus_v6.3_ws/build/optimus_bringup -- -j4 -l4
[0.956s] Invoking command in '/home/optimus/optimus_v6.3_ws/build/optimus_bringup': AMENT_PREFIX_PATH=/home/optimus/optimus_v6.3_ws/install/optimus_description:/home/optimus/optimus_v6.3_ws/install/optimus_bringup:/home/optimus/optimus_v6.3_ws/install/optimus_interfaces:/opt/ros/humble CMAKE_PREFIX_PATH=/home/optimus/optimus_v6.3_ws/install/optimus_interfaces:/home/optimus/optimus_v6.3_ws/install/optimus_bringup:/home/optimus/optimus_v6.3_ws/install/optimus_description:/opt/ros/humble /usr/bin/cmake --install /home/optimus/optimus_v6.3_ws/build/optimus_bringup
[0.986s] -- Install configuration: ""
[0.987s] -- Up-to-date: /home/optimus/optimus_v6.3_ws/install/optimus_bringup/share/optimus_bringup/launch
[0.988s] -- Up-to-date: /home/optimus/optimus_v6.3_ws/install/optimus_bringup/share/optimus_bringup/launch/optimus_pi_bot.launch.xml
[0.989s] -- Up-to-date: /home/optimus/optimus_v6.3_ws/install/optimus_bringup/share/optimus_bringup/launch/optimus_pi_bot.launch.py
[0.990s] -- Up-to-date: /home/optimus/optimus_v6.3_ws/install/optimus_bringup/share/ament_index/resource_index/package_run_dependencies/optimus_bringup
[0.991s] -- Up-to-date: /home/optimus/optimus_v6.3_ws/install/optimus_bringup/share/ament_index/resource_index/parent_prefix_path/optimus_bringup
[0.993s] -- Up-to-date: /home/optimus/optimus_v6.3_ws/install/optimus_bringup/share/optimus_bringup/environment/ament_prefix_path.sh
[0.995s] -- Up-to-date: /home/optimus/optimus_v6.3_ws/install/optimus_bringup/share/optimus_bringup/environment/ament_prefix_path.dsv
[0.996s] -- Up-to-date: /home/optimus/optimus_v6.3_ws/install/optimus_bringup/share/optimus_bringup/environment/path.sh
[0.997s] -- Up-to-date: /home/optimus/optimus_v6.3_ws/install/optimus_bringup/share/optimus_bringup/environment/path.dsv
[0.998s] -- Up-to-date: /home/optimus/optimus_v6.3_ws/install/optimus_bringup/share/optimus_bringup/local_setup.bash
[0.999s] -- Up-to-date: /home/optimus/optimus_v6.3_ws/install/optimus_bringup/share/optimus_bringup/local_setup.sh
[0.999s] -- Up-to-date: /home/optimus/optimus_v6.3_ws/install/optimus_bringup/share/optimus_bringup/local_setup.zsh
[1.000s] -- Up-to-date: /home/optimus/optimus_v6.3_ws/install/optimus_bringup/share/optimus_bringup/local_setup.dsv
[1.020s] -- Installing: /home/optimus/optimus_v6.3_ws/install/optimus_bringup/share/optimus_bringup/package.dsv
[1.022s] -- Up-to-date: /home/optimus/optimus_v6.3_ws/install/optimus_bringup/share/ament_index/resource_index/packages/optimus_bringup
[1.023s] -- Up-to-date: /home/optimus/optimus_v6.3_ws/install/optimus_bringup/share/optimus_bringup/cmake/optimus_bringupConfig.cmake
[1.024s] -- Up-to-date: /home/optimus/optimus_v6.3_ws/install/optimus_bringup/share/optimus_bringup/cmake/optimus_bringupConfig-version.cmake
[1.025s] -- Up-to-date: /home/optimus/optimus_v6.3_ws/install/optimus_bringup/share/optimus_bringup/package.xml
[1.027s] Invoked command in '/home/optimus/optimus_v6.3_ws/build/optimus_bringup' returned '0': AMENT_PREFIX_PATH=/home/optimus/optimus_v6.3_ws/install/optimus_description:/home/optimus/optimus_v6.3_ws/install/optimus_bringup:/home/optimus/optimus_v6.3_ws/install/optimus_interfaces:/opt/ros/humble CMAKE_PREFIX_PATH=/home/optimus/optimus_v6.3_ws/install/optimus_interfaces:/home/optimus/optimus_v6.3_ws/install/optimus_bringup:/home/optimus/optimus_v6.3_ws/install/optimus_description:/opt/ros/humble /usr/bin/cmake --install /home/optimus/optimus_v6.3_ws/build/optimus_bringup
