[5.678s] Invoking command in '/home/optimus/optimus_v6.3_ws/build/optimus_description': CMAKE_PREFIX_PATH=/home/optimus/optimus_v6.3_ws/install/optimus_interfaces:/home/optimus/optimus_v6.3_ws/install/optimus_bringup PYTHONPATH=/home/optimus/optimus_v6.3_ws/build/optimus_description/prefix_override:/home/optimus/optimus_v6.3_ws/install/optimus_description/lib/python3.10/site-packages:${PYTHONPATH} /usr/bin/python3 setup.py develop --uninstall --editable --build-directory /home/optimus/optimus_v6.3_ws/build/optimus_description/build
[7.983s] running develop
[9.479s] Removing /home/optimus/optimus_v6.3_ws/install/optimus_description/lib/python3.10/site-packages/optimus-description.egg-link (link to .)
[9.698s] Invoked command in '/home/optimus/optimus_v6.3_ws/build/optimus_description' returned '0': CMAKE_PREFIX_PATH=/home/optimus/optimus_v6.3_ws/install/optimus_interfaces:/home/optimus/optimus_v6.3_ws/install/optimus_bringup PYTHONPATH=/home/optimus/optimus_v6.3_ws/build/optimus_description/prefix_override:/home/optimus/optimus_v6.3_ws/install/optimus_description/lib/python3.10/site-packages:${PYTHONPATH} /usr/bin/python3 setup.py develop --uninstall --editable --build-directory /home/optimus/optimus_v6.3_ws/build/optimus_description/build
[9.701s] Invoking command in '/home/optimus/optimus_v6.3_ws/src/optimus_description': CMAKE_PREFIX_PATH=/home/optimus/optimus_v6.3_ws/install/optimus_interfaces:/home/optimus/optimus_v6.3_ws/install/optimus_bringup PYTHONPATH=/home/optimus/optimus_v6.3_ws/build/optimus_description/prefix_override:/home/optimus/optimus_v6.3_ws/install/optimus_description/lib/python3.10/site-packages:${PYTHONPATH} /usr/bin/python3 setup.py egg_info --egg-base ../../build/optimus_description build --build-base /home/optimus/optimus_v6.3_ws/build/optimus_description/build install --record /home/optimus/optimus_v6.3_ws/build/optimus_description/install.log --single-version-externally-managed
[11.360s] running egg_info
[11.363s] writing ../../build/optimus_description/optimus_description.egg-info/PKG-INFO
[11.365s] writing dependency_links to ../../build/optimus_description/optimus_description.egg-info/dependency_links.txt
[11.366s] writing entry points to ../../build/optimus_description/optimus_description.egg-info/entry_points.txt
[11.368s] writing requirements to ../../build/optimus_description/optimus_description.egg-info/requires.txt
[11.369s] writing top-level names to ../../build/optimus_description/optimus_description.egg-info/top_level.txt
[11.380s] reading manifest file '../../build/optimus_description/optimus_description.egg-info/SOURCES.txt'
[11.387s] writing manifest file '../../build/optimus_description/optimus_description.egg-info/SOURCES.txt'
[11.388s] running build
[11.388s] running build_py
[11.392s] copying optimus_description/optimus_pi_node.py -> /home/optimus/optimus_v6.3_ws/build/optimus_description/build/lib/optimus_description
[11.396s] running install
[11.398s] running install_lib
[11.402s] creating /home/optimus/optimus_v6.3_ws/install/optimus_description/lib/python3.10/site-packages/optimus_description
[11.403s] copying /home/optimus/optimus_v6.3_ws/build/optimus_description/build/lib/optimus_description/motor_driver_node.py -> /home/optimus/optimus_v6.3_ws/install/optimus_description/lib/python3.10/site-packages/optimus_description
[11.405s] copying /home/optimus/optimus_v6.3_ws/build/optimus_description/build/lib/optimus_description/camera_node.py -> /home/optimus/optimus_v6.3_ws/install/optimus_description/lib/python3.10/site-packages/optimus_description
[11.406s] copying /home/optimus/optimus_v6.3_ws/build/optimus_description/build/lib/optimus_description/ultra_sonic_sensor_node.py -> /home/optimus/optimus_v6.3_ws/install/optimus_description/lib/python3.10/site-packages/optimus_description
[11.412s] copying /home/optimus/optimus_v6.3_ws/build/optimus_description/build/lib/optimus_description/ps4_controller_node.py -> /home/optimus/optimus_v6.3_ws/install/optimus_description/lib/python3.10/site-packages/optimus_description
[11.413s] copying /home/optimus/optimus_v6.3_ws/build/optimus_description/build/lib/optimus_description/__init__.py -> /home/optimus/optimus_v6.3_ws/install/optimus_description/lib/python3.10/site-packages/optimus_description
[11.414s] copying /home/optimus/optimus_v6.3_ws/build/optimus_description/build/lib/optimus_description/lifecycle_node_manager.py -> /home/optimus/optimus_v6.3_ws/install/optimus_description/lib/python3.10/site-packages/optimus_description
[11.416s] copying /home/optimus/optimus_v6.3_ws/build/optimus_description/build/lib/optimus_description/optimus_pi_node.py -> /home/optimus/optimus_v6.3_ws/install/optimus_description/lib/python3.10/site-packages/optimus_description
[11.417s] byte-compiling /home/optimus/optimus_v6.3_ws/install/optimus_description/lib/python3.10/site-packages/optimus_description/motor_driver_node.py to motor_driver_node.cpython-310.pyc
[11.422s] byte-compiling /home/optimus/optimus_v6.3_ws/install/optimus_description/lib/python3.10/site-packages/optimus_description/camera_node.py to camera_node.cpython-310.pyc
[11.428s] byte-compiling /home/optimus/optimus_v6.3_ws/install/optimus_description/lib/python3.10/site-packages/optimus_description/ultra_sonic_sensor_node.py to ultra_sonic_sensor_node.cpython-310.pyc
[11.433s] byte-compiling /home/optimus/optimus_v6.3_ws/install/optimus_description/lib/python3.10/site-packages/optimus_description/ps4_controller_node.py to ps4_controller_node.cpython-310.pyc
[11.439s] byte-compiling /home/optimus/optimus_v6.3_ws/install/optimus_description/lib/python3.10/site-packages/optimus_description/__init__.py to __init__.cpython-310.pyc
[11.440s] byte-compiling /home/optimus/optimus_v6.3_ws/install/optimus_description/lib/python3.10/site-packages/optimus_description/lifecycle_node_manager.py to lifecycle_node_manager.cpython-310.pyc
[11.443s] byte-compiling /home/optimus/optimus_v6.3_ws/install/optimus_description/lib/python3.10/site-packages/optimus_description/optimus_pi_node.py to optimus_pi_node.cpython-310.pyc
[11.450s] running install_data
[11.453s] running install_egg_info
[11.463s] Copying ../../build/optimus_description/optimus_description.egg-info to /home/optimus/optimus_v6.3_ws/install/optimus_description/lib/python3.10/site-packages/optimus_description-0.0.0-py3.10.egg-info
[11.477s] running install_scripts
[11.579s] Installing camera script to /home/optimus/optimus_v6.3_ws/install/optimus_description/lib/optimus_description
[11.586s] Installing lifecycle_manager script to /home/optimus/optimus_v6.3_ws/install/optimus_description/lib/optimus_description
[11.587s] Installing motor_driver script to /home/optimus/optimus_v6.3_ws/install/optimus_description/lib/optimus_description
[11.588s] Installing optimus_pi script to /home/optimus/optimus_v6.3_ws/install/optimus_description/lib/optimus_description
[11.590s] Installing ps4_controller script to /home/optimus/optimus_v6.3_ws/install/optimus_description/lib/optimus_description
[11.591s] Installing ultra_sonic_sensor script to /home/optimus/optimus_v6.3_ws/install/optimus_description/lib/optimus_description
[11.592s] writing list of installed files to '/home/optimus/optimus_v6.3_ws/build/optimus_description/install.log'
[11.788s] Invoked command in '/home/optimus/optimus_v6.3_ws/src/optimus_description' returned '0': CMAKE_PREFIX_PATH=/home/optimus/optimus_v6.3_ws/install/optimus_interfaces:/home/optimus/optimus_v6.3_ws/install/optimus_bringup PYTHONPATH=/home/optimus/optimus_v6.3_ws/build/optimus_description/prefix_override:/home/optimus/optimus_v6.3_ws/install/optimus_description/lib/python3.10/site-packages:${PYTHONPATH} /usr/bin/python3 setup.py egg_info --egg-base ../../build/optimus_description build --build-base /home/optimus/optimus_v6.3_ws/build/optimus_description/build install --record /home/optimus/optimus_v6.3_ws/build/optimus_description/install.log --single-version-externally-managed
