[14.726s] Invoking command in '/home/optimus/optimus_v6.3_ws/src/optimus_description': CMAKE_PREFIX_PATH=/home/optimus/optimus_v6.3_ws/install/optimus_interfaces:/home/optimus/optimus_v6.3_ws/install/optimus_bringup PYTHONPATH=/home/optimus/optimus_v6.3_ws/build/optimus_description/prefix_override:/home/optimus/optimus_v6.3_ws/install/optimus_description/lib/python3.10/site-packages:${PYTHONPATH} /usr/bin/python3 setup.py egg_info --egg-base ../../build/optimus_description build --build-base /home/optimus/optimus_v6.3_ws/build/optimus_description/build install --record /home/optimus/optimus_v6.3_ws/build/optimus_description/install.log --single-version-externally-managed
[18.732s] running egg_info
[18.740s] writing ../../build/optimus_description/optimus_description.egg-info/PKG-INFO
[18.746s] writing dependency_links to ../../build/optimus_description/optimus_description.egg-info/dependency_links.txt
[18.749s] writing entry points to ../../build/optimus_description/optimus_description.egg-info/entry_points.txt
[18.755s] writing requirements to ../../build/optimus_description/optimus_description.egg-info/requires.txt
[18.757s] writing top-level names to ../../build/optimus_description/optimus_description.egg-info/top_level.txt
[18.778s] reading manifest file '../../build/optimus_description/optimus_description.egg-info/SOURCES.txt'
[18.783s] adding license file 'LICENSE'
[18.791s] writing manifest file '../../build/optimus_description/optimus_description.egg-info/SOURCES.txt'
[18.793s] running build
[18.797s] running build_py
[18.800s] copying optimus_description/optimus_pi_node.py -> /home/optimus/optimus_v6.3_ws/build/optimus_description/build/lib/optimus_description
[18.809s] running install
[18.811s] running install_lib
[18.825s] copying /home/optimus/optimus_v6.3_ws/build/optimus_description/build/lib/optimus_description/optimus_pi_node.py -> /home/optimus/optimus_v6.3_ws/install/optimus_description/lib/python3.10/site-packages/optimus_description
[18.838s] byte-compiling /home/optimus/optimus_v6.3_ws/install/optimus_description/lib/python3.10/site-packages/optimus_description/optimus_pi_node.py to optimus_pi_node.cpython-310.pyc
[18.856s] running install_data
[18.863s] running install_egg_info
[18.883s] removing '/home/optimus/optimus_v6.3_ws/install/optimus_description/lib/python3.10/site-packages/optimus_description-6.3.0-py3.10.egg-info' (and everything under it)
[18.889s] Copying ../../build/optimus_description/optimus_description.egg-info to /home/optimus/optimus_v6.3_ws/install/optimus_description/lib/python3.10/site-packages/optimus_description-6.3.0-py3.10.egg-info
[18.916s] running install_scripts
[19.214s] Installing camera script to /home/optimus/optimus_v6.3_ws/install/optimus_description/lib/optimus_description
[19.216s] Installing motor_driver script to /home/optimus/optimus_v6.3_ws/install/optimus_description/lib/optimus_description
[19.221s] Installing optimus_pi script to /home/optimus/optimus_v6.3_ws/install/optimus_description/lib/optimus_description
[19.225s] Installing ps4_controller script to /home/optimus/optimus_v6.3_ws/install/optimus_description/lib/optimus_description
[19.228s] Installing ultra_sonic_sensor script to /home/optimus/optimus_v6.3_ws/install/optimus_description/lib/optimus_description
[19.236s] writing list of installed files to '/home/optimus/optimus_v6.3_ws/build/optimus_description/install.log'
[19.560s] Invoked command in '/home/optimus/optimus_v6.3_ws/src/optimus_description' returned '0': CMAKE_PREFIX_PATH=/home/optimus/optimus_v6.3_ws/install/optimus_interfaces:/home/optimus/optimus_v6.3_ws/install/optimus_bringup PYTHONPATH=/home/optimus/optimus_v6.3_ws/build/optimus_description/prefix_override:/home/optimus/optimus_v6.3_ws/install/optimus_description/lib/python3.10/site-packages:${PYTHONPATH} /usr/bin/python3 setup.py egg_info --egg-base ../../build/optimus_description build --build-base /home/optimus/optimus_v6.3_ws/build/optimus_description/build install --record /home/optimus/optimus_v6.3_ws/build/optimus_description/install.log --single-version-externally-managed
