[4.400s] DEBUG:colcon:Command line arguments: ['/usr/bin/colcon', 'build']
[4.400s] DEBUG:colcon:Parsed command line arguments: Namespace(log_base=None, log_level=None, verb_name='build', build_base='build', install_base='install', merge_install=False, symlink_install=False, test_result_base=None, continue_on_error=False, executor='parallel', parallel_workers=4, event_handlers=None, ignore_user_meta=False, metas=['./colcon.meta'], base_paths=['.'], packages_ignore=None, packages_ignore_regex=None, paths=None, packages_up_to=None, packages_up_to_regex=None, packages_above=None, packages_above_and_dependencies=None, packages_above_depth=None, packages_select_by_dep=None, packages_skip_by_dep=None, packages_skip_up_to=None, packages_select_build_failed=False, packages_skip_build_finished=False, packages_select_test_failures=False, packages_skip_test_passed=False, packages_select=None, packages_skip=None, packages_select_regex=None, packages_skip_regex=None, packages_start=None, packages_end=None, allow_overriding=[], cmake_args=None, cmake_target=None, cmake_target_skip_unavailable=False, cmake_clean_cache=False, cmake_clean_first=False, cmake_force_configure=False, ament_cmake_args=None, catkin_cmake_args=None, catkin_skip_building_tests=False, verb_parser=<colcon_defaults.argument_parser.defaults.DefaultArgumentsDecorator object at 0xffff8cf33340>, verb_extension=<colcon_core.verb.build.BuildVerb object at 0xffff8d208a00>, main=<bound method BuildVerb.main of <colcon_core.verb.build.BuildVerb object at 0xffff8d208a00>>)
[4.596s] Level 1:colcon.colcon_core.package_discovery:discover_packages(colcon_meta) check parameters
[4.597s] Level 1:colcon.colcon_core.package_discovery:discover_packages(recursive) check parameters
[4.597s] Level 1:colcon.colcon_core.package_discovery:discover_packages(ignore) check parameters
[4.597s] Level 1:colcon.colcon_core.package_discovery:discover_packages(path) check parameters
[4.597s] Level 1:colcon.colcon_core.package_discovery:discover_packages(colcon_meta) discover
[4.597s] Level 1:colcon.colcon_core.package_discovery:discover_packages(recursive) discover
[4.598s] INFO:colcon.colcon_core.package_discovery:Crawling recursively for packages in '/home/optimus/optimus_v6.3_ws'
[4.598s] Level 1:colcon.colcon_core.package_identification:_identify(.) by extensions ['ignore', 'ignore_ament_install']
[4.599s] Level 1:colcon.colcon_core.package_identification:_identify(.) by extension 'ignore'
[4.599s] Level 1:colcon.colcon_core.package_identification:_identify(.) by extension 'ignore_ament_install'
[4.599s] Level 1:colcon.colcon_core.package_identification:_identify(.) by extensions ['colcon_pkg']
[4.599s] Level 1:colcon.colcon_core.package_identification:_identify(.) by extension 'colcon_pkg'
[4.599s] Level 1:colcon.colcon_core.package_identification:_identify(.) by extensions ['colcon_meta']
[4.600s] Level 1:colcon.colcon_core.package_identification:_identify(.) by extension 'colcon_meta'
[4.600s] Level 1:colcon.colcon_core.package_identification:_identify(.) by extensions ['ros']
[4.600s] Level 1:colcon.colcon_core.package_identification:_identify(.) by extension 'ros'
[4.647s] Level 1:colcon.colcon_core.package_identification:_identify(.) by extensions ['cmake', 'python']
[4.648s] Level 1:colcon.colcon_core.package_identification:_identify(.) by extension 'cmake'
[4.648s] Level 1:colcon.colcon_core.package_identification:_identify(.) by extension 'python'
[4.648s] Level 1:colcon.colcon_core.package_identification:_identify(.) by extensions ['python_setup_py']
[4.648s] Level 1:colcon.colcon_core.package_identification:_identify(.) by extension 'python_setup_py'
[4.649s] Level 1:colcon.colcon_core.package_identification:_identify(build) by extensions ['ignore', 'ignore_ament_install']
[4.649s] Level 1:colcon.colcon_core.package_identification:_identify(build) by extension 'ignore'
[4.649s] Level 1:colcon.colcon_core.package_identification:_identify(build) ignored
[4.650s] Level 1:colcon.colcon_core.package_identification:_identify(install) by extensions ['ignore', 'ignore_ament_install']
[4.650s] Level 1:colcon.colcon_core.package_identification:_identify(install) by extension 'ignore'
[4.651s] Level 1:colcon.colcon_core.package_identification:_identify(install) ignored
[4.651s] Level 1:colcon.colcon_core.package_identification:_identify(log) by extensions ['ignore', 'ignore_ament_install']
[4.652s] Level 1:colcon.colcon_core.package_identification:_identify(log) by extension 'ignore'
[4.652s] Level 1:colcon.colcon_core.package_identification:_identify(log) ignored
[4.652s] Level 1:colcon.colcon_core.package_identification:_identify(src) by extensions ['ignore', 'ignore_ament_install']
[4.653s] Level 1:colcon.colcon_core.package_identification:_identify(src) by extension 'ignore'
[4.653s] Level 1:colcon.colcon_core.package_identification:_identify(src) by extension 'ignore_ament_install'
[4.653s] Level 1:colcon.colcon_core.package_identification:_identify(src) by extensions ['colcon_pkg']
[4.653s] Level 1:colcon.colcon_core.package_identification:_identify(src) by extension 'colcon_pkg'
[4.654s] Level 1:colcon.colcon_core.package_identification:_identify(src) by extensions ['colcon_meta']
[4.654s] Level 1:colcon.colcon_core.package_identification:_identify(src) by extension 'colcon_meta'
[4.654s] Level 1:colcon.colcon_core.package_identification:_identify(src) by extensions ['ros']
[4.654s] Level 1:colcon.colcon_core.package_identification:_identify(src) by extension 'ros'
[4.654s] Level 1:colcon.colcon_core.package_identification:_identify(src) by extensions ['cmake', 'python']
[4.655s] Level 1:colcon.colcon_core.package_identification:_identify(src) by extension 'cmake'
[4.655s] Level 1:colcon.colcon_core.package_identification:_identify(src) by extension 'python'
[4.655s] Level 1:colcon.colcon_core.package_identification:_identify(src) by extensions ['python_setup_py']
[4.655s] Level 1:colcon.colcon_core.package_identification:_identify(src) by extension 'python_setup_py'
[4.656s] Level 1:colcon.colcon_core.package_identification:_identify(src/optimus_bringup) by extensions ['ignore', 'ignore_ament_install']
[4.656s] Level 1:colcon.colcon_core.package_identification:_identify(src/optimus_bringup) by extension 'ignore'
[4.656s] Level 1:colcon.colcon_core.package_identification:_identify(src/optimus_bringup) by extension 'ignore_ament_install'
[4.656s] Level 1:colcon.colcon_core.package_identification:_identify(src/optimus_bringup) by extensions ['colcon_pkg']
[4.657s] Level 1:colcon.colcon_core.package_identification:_identify(src/optimus_bringup) by extension 'colcon_pkg'
[4.657s] Level 1:colcon.colcon_core.package_identification:_identify(src/optimus_bringup) by extensions ['colcon_meta']
[4.657s] Level 1:colcon.colcon_core.package_identification:_identify(src/optimus_bringup) by extension 'colcon_meta'
[4.657s] Level 1:colcon.colcon_core.package_identification:_identify(src/optimus_bringup) by extensions ['ros']
[4.657s] Level 1:colcon.colcon_core.package_identification:_identify(src/optimus_bringup) by extension 'ros'
[4.666s] DEBUG:colcon.colcon_core.package_identification:Package 'src/optimus_bringup' with type 'ros.ament_cmake' and name 'optimus_bringup'
[4.667s] Level 1:colcon.colcon_core.package_identification:_identify(src/optimus_description) by extensions ['ignore', 'ignore_ament_install']
[4.667s] Level 1:colcon.colcon_core.package_identification:_identify(src/optimus_description) by extension 'ignore'
[4.668s] Level 1:colcon.colcon_core.package_identification:_identify(src/optimus_description) by extension 'ignore_ament_install'
[4.668s] Level 1:colcon.colcon_core.package_identification:_identify(src/optimus_description) by extensions ['colcon_pkg']
[4.668s] Level 1:colcon.colcon_core.package_identification:_identify(src/optimus_description) by extension 'colcon_pkg'
[4.668s] Level 1:colcon.colcon_core.package_identification:_identify(src/optimus_description) by extensions ['colcon_meta']
[4.668s] Level 1:colcon.colcon_core.package_identification:_identify(src/optimus_description) by extension 'colcon_meta'
[4.668s] Level 1:colcon.colcon_core.package_identification:_identify(src/optimus_description) by extensions ['ros']
[4.669s] Level 1:colcon.colcon_core.package_identification:_identify(src/optimus_description) by extension 'ros'
[4.671s] DEBUG:colcon.colcon_core.package_identification:Package 'src/optimus_description' with type 'ros.ament_python' and name 'optimus_description'
[4.672s] Level 1:colcon.colcon_core.package_identification:_identify(src/optimus_interfaces) by extensions ['ignore', 'ignore_ament_install']
[4.672s] Level 1:colcon.colcon_core.package_identification:_identify(src/optimus_interfaces) by extension 'ignore'
[4.672s] Level 1:colcon.colcon_core.package_identification:_identify(src/optimus_interfaces) by extension 'ignore_ament_install'
[4.673s] Level 1:colcon.colcon_core.package_identification:_identify(src/optimus_interfaces) by extensions ['colcon_pkg']
[4.673s] Level 1:colcon.colcon_core.package_identification:_identify(src/optimus_interfaces) by extension 'colcon_pkg'
[4.673s] Level 1:colcon.colcon_core.package_identification:_identify(src/optimus_interfaces) by extensions ['colcon_meta']
[4.673s] Level 1:colcon.colcon_core.package_identification:_identify(src/optimus_interfaces) by extension 'colcon_meta'
[4.673s] Level 1:colcon.colcon_core.package_identification:_identify(src/optimus_interfaces) by extensions ['ros']
[4.674s] Level 1:colcon.colcon_core.package_identification:_identify(src/optimus_interfaces) by extension 'ros'
[4.675s] DEBUG:colcon.colcon_core.package_identification:Package 'src/optimus_interfaces' with type 'ros.ament_cmake' and name 'optimus_interfaces'
[4.676s] Level 1:colcon.colcon_core.package_discovery:discover_packages(recursive) using defaults
[4.676s] Level 1:colcon.colcon_core.package_discovery:discover_packages(ignore) discover
[4.676s] Level 1:colcon.colcon_core.package_discovery:discover_packages(ignore) using defaults
[4.676s] Level 1:colcon.colcon_core.package_discovery:discover_packages(path) discover
[4.676s] Level 1:colcon.colcon_core.package_discovery:discover_packages(path) using defaults
[5.061s] Level 1:colcon.colcon_core.package_discovery:discover_packages(prefix_path) check parameters
[5.061s] Level 1:colcon.colcon_core.package_discovery:discover_packages(prefix_path) discover
[5.194s] DEBUG:colcon.colcon_installed_package_information.package_discovery:Found 3 installed packages in /home/optimus/optimus_v6.3_ws/install
[5.263s] DEBUG:colcon.colcon_installed_package_information.package_discovery:Found 287 installed packages in /opt/ros/humble
[5.269s] Level 1:colcon.colcon_core.package_discovery:discover_packages(prefix_path) using defaults
[5.667s] Level 5:colcon.colcon_core.verb:set package 'optimus_interfaces' build argument 'cmake_args' from command line to 'None'
[5.668s] Level 5:colcon.colcon_core.verb:set package 'optimus_interfaces' build argument 'cmake_target' from command line to 'None'
[5.668s] Level 5:colcon.colcon_core.verb:set package 'optimus_interfaces' build argument 'cmake_target_skip_unavailable' from command line to 'False'
[5.668s] Level 5:colcon.colcon_core.verb:set package 'optimus_interfaces' build argument 'cmake_clean_cache' from command line to 'False'
[5.668s] Level 5:colcon.colcon_core.verb:set package 'optimus_interfaces' build argument 'cmake_clean_first' from command line to 'False'
[5.668s] Level 5:colcon.colcon_core.verb:set package 'optimus_interfaces' build argument 'cmake_force_configure' from command line to 'False'
[5.668s] Level 5:colcon.colcon_core.verb:set package 'optimus_interfaces' build argument 'ament_cmake_args' from command line to 'None'
[5.668s] Level 5:colcon.colcon_core.verb:set package 'optimus_interfaces' build argument 'catkin_cmake_args' from command line to 'None'
[5.668s] Level 5:colcon.colcon_core.verb:set package 'optimus_interfaces' build argument 'catkin_skip_building_tests' from command line to 'False'
[5.669s] DEBUG:colcon.colcon_core.verb:Building package 'optimus_interfaces' with the following arguments: {'ament_cmake_args': None, 'build_base': '/home/optimus/optimus_v6.3_ws/build/optimus_interfaces', 'catkin_cmake_args': None, 'catkin_skip_building_tests': False, 'cmake_args': None, 'cmake_clean_cache': False, 'cmake_clean_first': False, 'cmake_force_configure': False, 'cmake_target': None, 'cmake_target_skip_unavailable': False, 'install_base': '/home/optimus/optimus_v6.3_ws/install/optimus_interfaces', 'merge_install': False, 'path': '/home/optimus/optimus_v6.3_ws/src/optimus_interfaces', 'symlink_install': False, 'test_result_base': None}
[5.729s] Level 5:colcon.colcon_core.verb:set package 'optimus_description' build argument 'cmake_args' from command line to 'None'
[5.729s] Level 5:colcon.colcon_core.verb:set package 'optimus_description' build argument 'cmake_target' from command line to 'None'
[5.729s] Level 5:colcon.colcon_core.verb:set package 'optimus_description' build argument 'cmake_target_skip_unavailable' from command line to 'False'
[5.729s] Level 5:colcon.colcon_core.verb:set package 'optimus_description' build argument 'cmake_clean_cache' from command line to 'False'
[5.729s] Level 5:colcon.colcon_core.verb:set package 'optimus_description' build argument 'cmake_clean_first' from command line to 'False'
[5.729s] Level 5:colcon.colcon_core.verb:set package 'optimus_description' build argument 'cmake_force_configure' from command line to 'False'
[5.730s] Level 5:colcon.colcon_core.verb:set package 'optimus_description' build argument 'ament_cmake_args' from command line to 'None'
[5.730s] Level 5:colcon.colcon_core.verb:set package 'optimus_description' build argument 'catkin_cmake_args' from command line to 'None'
[5.730s] Level 5:colcon.colcon_core.verb:set package 'optimus_description' build argument 'catkin_skip_building_tests' from command line to 'False'
[5.730s] DEBUG:colcon.colcon_core.verb:Building package 'optimus_description' with the following arguments: {'ament_cmake_args': None, 'build_base': '/home/optimus/optimus_v6.3_ws/build/optimus_description', 'catkin_cmake_args': None, 'catkin_skip_building_tests': False, 'cmake_args': None, 'cmake_clean_cache': False, 'cmake_clean_first': False, 'cmake_force_configure': False, 'cmake_target': None, 'cmake_target_skip_unavailable': False, 'install_base': '/home/optimus/optimus_v6.3_ws/install/optimus_description', 'merge_install': False, 'path': '/home/optimus/optimus_v6.3_ws/src/optimus_description', 'symlink_install': False, 'test_result_base': None}
[5.789s] Level 5:colcon.colcon_core.verb:set package 'optimus_bringup' build argument 'cmake_args' from command line to 'None'
[5.790s] Level 5:colcon.colcon_core.verb:set package 'optimus_bringup' build argument 'cmake_target' from command line to 'None'
[5.790s] Level 5:colcon.colcon_core.verb:set package 'optimus_bringup' build argument 'cmake_target_skip_unavailable' from command line to 'False'
[5.790s] Level 5:colcon.colcon_core.verb:set package 'optimus_bringup' build argument 'cmake_clean_cache' from command line to 'False'
[5.790s] Level 5:colcon.colcon_core.verb:set package 'optimus_bringup' build argument 'cmake_clean_first' from command line to 'False'
[5.790s] Level 5:colcon.colcon_core.verb:set package 'optimus_bringup' build argument 'cmake_force_configure' from command line to 'False'
[5.790s] Level 5:colcon.colcon_core.verb:set package 'optimus_bringup' build argument 'ament_cmake_args' from command line to 'None'
[5.790s] Level 5:colcon.colcon_core.verb:set package 'optimus_bringup' build argument 'catkin_cmake_args' from command line to 'None'
[5.791s] Level 5:colcon.colcon_core.verb:set package 'optimus_bringup' build argument 'catkin_skip_building_tests' from command line to 'False'
[5.791s] DEBUG:colcon.colcon_core.verb:Building package 'optimus_bringup' with the following arguments: {'ament_cmake_args': None, 'build_base': '/home/optimus/optimus_v6.3_ws/build/optimus_bringup', 'catkin_cmake_args': None, 'catkin_skip_building_tests': False, 'cmake_args': None, 'cmake_clean_cache': False, 'cmake_clean_first': False, 'cmake_force_configure': False, 'cmake_target': None, 'cmake_target_skip_unavailable': False, 'install_base': '/home/optimus/optimus_v6.3_ws/install/optimus_bringup', 'merge_install': False, 'path': '/home/optimus/optimus_v6.3_ws/src/optimus_bringup', 'symlink_install': False, 'test_result_base': None}
[5.870s] INFO:colcon.colcon_core.executor:Executing jobs using 'parallel' executor
[5.937s] DEBUG:colcon.colcon_parallel_executor.executor.parallel:run_until_complete
[5.938s] INFO:colcon.colcon_ros.task.ament_cmake.build:Building ROS package in '/home/optimus/optimus_v6.3_ws/src/optimus_interfaces' with build type 'ament_cmake'
[5.939s] INFO:colcon.colcon_cmake.task.cmake.build:Building CMake package in '/home/optimus/optimus_v6.3_ws/src/optimus_interfaces'
[6.043s] INFO:colcon.colcon_core.plugin_system:Skipping extension 'colcon_core.shell.bat': Not used on non-Windows systems
[6.044s] INFO:colcon.colcon_core.shell:Skip shell extension 'powershell' for command environment: Not usable outside of PowerShell
[6.044s] DEBUG:colcon.colcon_core.shell:Skip shell extension 'dsv' for command environment
[6.369s] DEBUG:colcon.colcon_core.event_handler.log_command:Invoking command in '/home/optimus/optimus_v6.3_ws/build/optimus_interfaces': CMAKE_PREFIX_PATH=${CMAKE_PREFIX_PATH}:/home/optimus/optimus_v6.3_ws/install/optimus_description:/opt/ros/humble /usr/bin/cmake --build /home/optimus/optimus_v6.3_ws/build/optimus_interfaces -- -j4 -l4
[8.237s] DEBUG:colcon.colcon_core.event_handler.log_command:Invoked command in '/home/optimus/optimus_v6.3_ws/build/optimus_interfaces' returned '0': CMAKE_PREFIX_PATH=${CMAKE_PREFIX_PATH}:/home/optimus/optimus_v6.3_ws/install/optimus_description:/opt/ros/humble /usr/bin/cmake --build /home/optimus/optimus_v6.3_ws/build/optimus_interfaces -- -j4 -l4
[8.944s] DEBUG:colcon.colcon_core.event_handler.log_command:Invoking command in '/home/optimus/optimus_v6.3_ws/build/optimus_interfaces': CMAKE_PREFIX_PATH=${CMAKE_PREFIX_PATH}:/home/optimus/optimus_v6.3_ws/install/optimus_description:/opt/ros/humble /usr/bin/cmake --install /home/optimus/optimus_v6.3_ws/build/optimus_interfaces
[9.297s] Level 1:colcon.colcon_core.environment:create_environment_scripts_only(optimus_interfaces)
[9.298s] DEBUG:colcon.colcon_core.event_handler.log_command:Invoked command in '/home/optimus/optimus_v6.3_ws/build/optimus_interfaces' returned '0': CMAKE_PREFIX_PATH=${CMAKE_PREFIX_PATH}:/home/optimus/optimus_v6.3_ws/install/optimus_description:/opt/ros/humble /usr/bin/cmake --install /home/optimus/optimus_v6.3_ws/build/optimus_interfaces
[9.373s] Level 1:colcon.colcon_core.environment:checking '/home/optimus/optimus_v6.3_ws/install/optimus_interfaces' for CMake module files
[9.378s] Level 1:colcon.colcon_core.environment:checking '/home/optimus/optimus_v6.3_ws/install/optimus_interfaces' for CMake config files
[9.381s] Level 1:colcon.colcon_core.shell:create_environment_hook('optimus_interfaces', 'cmake_prefix_path')
[9.481s] INFO:colcon.colcon_core.shell:Creating environment hook '/home/optimus/optimus_v6.3_ws/install/optimus_interfaces/share/optimus_interfaces/hook/cmake_prefix_path.ps1'
[9.484s] INFO:colcon.colcon_core.shell:Creating environment descriptor '/home/optimus/optimus_v6.3_ws/install/optimus_interfaces/share/optimus_interfaces/hook/cmake_prefix_path.dsv'
[9.486s] INFO:colcon.colcon_core.shell:Creating environment hook '/home/optimus/optimus_v6.3_ws/install/optimus_interfaces/share/optimus_interfaces/hook/cmake_prefix_path.sh'
[9.491s] Level 1:colcon.colcon_core.environment:checking '/home/optimus/optimus_v6.3_ws/install/optimus_interfaces/lib'
[9.492s] Level 1:colcon.colcon_core.shell:create_environment_hook('optimus_interfaces', 'ld_library_path_lib')
[9.629s] INFO:colcon.colcon_core.shell:Creating environment hook '/home/optimus/optimus_v6.3_ws/install/optimus_interfaces/share/optimus_interfaces/hook/ld_library_path_lib.ps1'
[9.631s] INFO:colcon.colcon_core.shell:Creating environment descriptor '/home/optimus/optimus_v6.3_ws/install/optimus_interfaces/share/optimus_interfaces/hook/ld_library_path_lib.dsv'
[9.633s] INFO:colcon.colcon_core.shell:Creating environment hook '/home/optimus/optimus_v6.3_ws/install/optimus_interfaces/share/optimus_interfaces/hook/ld_library_path_lib.sh'
[9.636s] Level 1:colcon.colcon_core.environment:checking '/home/optimus/optimus_v6.3_ws/install/optimus_interfaces/bin'
[9.637s] Level 1:colcon.colcon_core.environment:checking '/home/optimus/optimus_v6.3_ws/install/optimus_interfaces/lib/pkgconfig/optimus_interfaces.pc'
[9.638s] Level 1:colcon.colcon_core.environment:checking '/home/optimus/optimus_v6.3_ws/install/optimus_interfaces/lib/python3.10/site-packages'
[9.639s] Level 1:colcon.colcon_core.environment:checking '/home/optimus/optimus_v6.3_ws/install/optimus_interfaces/bin'
[9.755s] INFO:colcon.colcon_core.shell:Creating package script '/home/optimus/optimus_v6.3_ws/install/optimus_interfaces/share/optimus_interfaces/package.ps1'
[9.759s] INFO:colcon.colcon_core.shell:Creating package descriptor '/home/optimus/optimus_v6.3_ws/install/optimus_interfaces/share/optimus_interfaces/package.dsv'
[9.763s] INFO:colcon.colcon_core.shell:Creating package script '/home/optimus/optimus_v6.3_ws/install/optimus_interfaces/share/optimus_interfaces/package.sh'
[9.767s] INFO:colcon.colcon_core.shell:Creating package script '/home/optimus/optimus_v6.3_ws/install/optimus_interfaces/share/optimus_interfaces/package.bash'
[9.771s] INFO:colcon.colcon_core.shell:Creating package script '/home/optimus/optimus_v6.3_ws/install/optimus_interfaces/share/optimus_interfaces/package.zsh'
[9.776s] Level 1:colcon.colcon_core.environment:create_file_with_runtime_dependencies(/home/optimus/optimus_v6.3_ws/install/optimus_interfaces/share/colcon-core/packages/optimus_interfaces)
[10.558s] Level 1:colcon.colcon_core.environment:create_environment_scripts_only(optimus_interfaces)
[10.623s] Level 1:colcon.colcon_core.environment:checking '/home/optimus/optimus_v6.3_ws/install/optimus_interfaces' for CMake module files
[10.627s] Level 1:colcon.colcon_core.environment:checking '/home/optimus/optimus_v6.3_ws/install/optimus_interfaces' for CMake config files
[10.630s] Level 1:colcon.colcon_core.shell:create_environment_hook('optimus_interfaces', 'cmake_prefix_path')
[10.693s] INFO:colcon.colcon_core.shell:Creating environment hook '/home/optimus/optimus_v6.3_ws/install/optimus_interfaces/share/optimus_interfaces/hook/cmake_prefix_path.ps1'
[10.695s] INFO:colcon.colcon_core.shell:Creating environment descriptor '/home/optimus/optimus_v6.3_ws/install/optimus_interfaces/share/optimus_interfaces/hook/cmake_prefix_path.dsv'
[10.697s] INFO:colcon.colcon_core.shell:Creating environment hook '/home/optimus/optimus_v6.3_ws/install/optimus_interfaces/share/optimus_interfaces/hook/cmake_prefix_path.sh'
[10.700s] Level 1:colcon.colcon_core.environment:checking '/home/optimus/optimus_v6.3_ws/install/optimus_interfaces/lib'
[10.701s] Level 1:colcon.colcon_core.shell:create_environment_hook('optimus_interfaces', 'ld_library_path_lib')
[10.762s] INFO:colcon.colcon_core.shell:Creating environment hook '/home/optimus/optimus_v6.3_ws/install/optimus_interfaces/share/optimus_interfaces/hook/ld_library_path_lib.ps1'
[10.764s] INFO:colcon.colcon_core.shell:Creating environment descriptor '/home/optimus/optimus_v6.3_ws/install/optimus_interfaces/share/optimus_interfaces/hook/ld_library_path_lib.dsv'
[10.766s] INFO:colcon.colcon_core.shell:Creating environment hook '/home/optimus/optimus_v6.3_ws/install/optimus_interfaces/share/optimus_interfaces/hook/ld_library_path_lib.sh'
[10.768s] Level 1:colcon.colcon_core.environment:checking '/home/optimus/optimus_v6.3_ws/install/optimus_interfaces/bin'
[10.768s] Level 1:colcon.colcon_core.environment:checking '/home/optimus/optimus_v6.3_ws/install/optimus_interfaces/lib/pkgconfig/optimus_interfaces.pc'
[10.769s] Level 1:colcon.colcon_core.environment:checking '/home/optimus/optimus_v6.3_ws/install/optimus_interfaces/lib/python3.10/site-packages'
[10.770s] Level 1:colcon.colcon_core.environment:checking '/home/optimus/optimus_v6.3_ws/install/optimus_interfaces/bin'
[10.835s] INFO:colcon.colcon_core.shell:Creating package script '/home/optimus/optimus_v6.3_ws/install/optimus_interfaces/share/optimus_interfaces/package.ps1'
[10.837s] INFO:colcon.colcon_core.shell:Creating package descriptor '/home/optimus/optimus_v6.3_ws/install/optimus_interfaces/share/optimus_interfaces/package.dsv'
[10.840s] INFO:colcon.colcon_core.shell:Creating package script '/home/optimus/optimus_v6.3_ws/install/optimus_interfaces/share/optimus_interfaces/package.sh'
[10.842s] INFO:colcon.colcon_core.shell:Creating package script '/home/optimus/optimus_v6.3_ws/install/optimus_interfaces/share/optimus_interfaces/package.bash'
[10.844s] INFO:colcon.colcon_core.shell:Creating package script '/home/optimus/optimus_v6.3_ws/install/optimus_interfaces/share/optimus_interfaces/package.zsh'
[10.846s] Level 1:colcon.colcon_core.environment:create_file_with_runtime_dependencies(/home/optimus/optimus_v6.3_ws/install/optimus_interfaces/share/colcon-core/packages/optimus_interfaces)
[10.848s] INFO:colcon.colcon_ros.task.ament_python.build:Building ROS package in '/home/optimus/optimus_v6.3_ws/src/optimus_description' with build type 'ament_python'
[10.849s] Level 1:colcon.colcon_core.shell:create_environment_hook('optimus_description', 'ament_prefix_path')
[10.918s] INFO:colcon.colcon_core.shell:Creating environment hook '/home/optimus/optimus_v6.3_ws/install/optimus_description/share/optimus_description/hook/ament_prefix_path.ps1'
[10.920s] INFO:colcon.colcon_core.shell:Creating environment descriptor '/home/optimus/optimus_v6.3_ws/install/optimus_description/share/optimus_description/hook/ament_prefix_path.dsv'
[10.922s] INFO:colcon.colcon_core.shell:Creating environment hook '/home/optimus/optimus_v6.3_ws/install/optimus_description/share/optimus_description/hook/ament_prefix_path.sh'
[10.987s] INFO:colcon.colcon_core.shell:Skip shell extension 'powershell' for command environment: Not usable outside of PowerShell
[10.987s] DEBUG:colcon.colcon_core.shell:Skip shell extension 'dsv' for command environment
[13.022s] INFO:colcon.colcon_core.task.python.build:Building Python package in '/home/optimus/optimus_v6.3_ws/src/optimus_description'
[13.192s] INFO:colcon.colcon_core.shell:Skip shell extension 'powershell' for command environment: Not usable outside of PowerShell
[13.193s] DEBUG:colcon.colcon_core.shell:Skip shell extension 'dsv' for command environment
[16.419s] DEBUG:colcon.colcon_core.event_handler.log_command:Invoking command in '/home/optimus/optimus_v6.3_ws/src/optimus_description': CMAKE_PREFIX_PATH=/home/optimus/optimus_v6.3_ws/install/optimus_interfaces:/home/optimus/optimus_v6.3_ws/install/optimus_bringup PYTHONPATH=/home/optimus/optimus_v6.3_ws/build/optimus_description/prefix_override:/home/optimus/optimus_v6.3_ws/install/optimus_description/lib/python3.10/site-packages:${PYTHONPATH} /usr/bin/python3 setup.py egg_info --egg-base ../../build/optimus_description build --build-base /home/optimus/optimus_v6.3_ws/build/optimus_description/build install --record /home/optimus/optimus_v6.3_ws/build/optimus_description/install.log --single-version-externally-managed
[18.623s] DEBUG:colcon.colcon_core.event_handler.log_command:Invoked command in '/home/optimus/optimus_v6.3_ws/src/optimus_description' returned '0': CMAKE_PREFIX_PATH=/home/optimus/optimus_v6.3_ws/install/optimus_interfaces:/home/optimus/optimus_v6.3_ws/install/optimus_bringup PYTHONPATH=/home/optimus/optimus_v6.3_ws/build/optimus_description/prefix_override:/home/optimus/optimus_v6.3_ws/install/optimus_description/lib/python3.10/site-packages:${PYTHONPATH} /usr/bin/python3 setup.py egg_info --egg-base ../../build/optimus_description build --build-base /home/optimus/optimus_v6.3_ws/build/optimus_description/build install --record /home/optimus/optimus_v6.3_ws/build/optimus_description/install.log --single-version-externally-managed
[18.738s] Level 1:colcon.colcon_core.environment:checking '/home/optimus/optimus_v6.3_ws/install/optimus_description' for CMake module files
[18.741s] Level 1:colcon.colcon_core.environment:checking '/home/optimus/optimus_v6.3_ws/install/optimus_description' for CMake config files
[18.746s] Level 1:colcon.colcon_core.environment:checking '/home/optimus/optimus_v6.3_ws/install/optimus_description/lib'
[18.747s] Level 1:colcon.colcon_core.environment:checking '/home/optimus/optimus_v6.3_ws/install/optimus_description/bin'
[18.747s] Level 1:colcon.colcon_core.environment:checking '/home/optimus/optimus_v6.3_ws/install/optimus_description/lib/pkgconfig/optimus_description.pc'
[18.748s] Level 1:colcon.colcon_core.environment:checking '/home/optimus/optimus_v6.3_ws/install/optimus_description/lib/python3.10/site-packages'
[18.749s] Level 1:colcon.colcon_core.shell:create_environment_hook('optimus_description', 'pythonpath')
[18.915s] INFO:colcon.colcon_core.shell:Creating environment hook '/home/optimus/optimus_v6.3_ws/install/optimus_description/share/optimus_description/hook/pythonpath.ps1'
[18.919s] INFO:colcon.colcon_core.shell:Creating environment descriptor '/home/optimus/optimus_v6.3_ws/install/optimus_description/share/optimus_description/hook/pythonpath.dsv'
[18.922s] INFO:colcon.colcon_core.shell:Creating environment hook '/home/optimus/optimus_v6.3_ws/install/optimus_description/share/optimus_description/hook/pythonpath.sh'
[18.927s] Level 1:colcon.colcon_core.environment:checking '/home/optimus/optimus_v6.3_ws/install/optimus_description/bin'
[18.928s] Level 1:colcon.colcon_core.environment:create_environment_scripts_only(optimus_description)
[19.133s] INFO:colcon.colcon_core.shell:Creating package script '/home/optimus/optimus_v6.3_ws/install/optimus_description/share/optimus_description/package.ps1'
[19.137s] INFO:colcon.colcon_core.shell:Creating package descriptor '/home/optimus/optimus_v6.3_ws/install/optimus_description/share/optimus_description/package.dsv'
[19.141s] INFO:colcon.colcon_core.shell:Creating package script '/home/optimus/optimus_v6.3_ws/install/optimus_description/share/optimus_description/package.sh'
[19.145s] INFO:colcon.colcon_core.shell:Creating package script '/home/optimus/optimus_v6.3_ws/install/optimus_description/share/optimus_description/package.bash'
[19.153s] INFO:colcon.colcon_core.shell:Creating package script '/home/optimus/optimus_v6.3_ws/install/optimus_description/share/optimus_description/package.zsh'
[19.156s] Level 1:colcon.colcon_core.environment:create_file_with_runtime_dependencies(/home/optimus/optimus_v6.3_ws/install/optimus_description/share/colcon-core/packages/optimus_description)
[19.163s] INFO:colcon.colcon_ros.task.ament_cmake.build:Building ROS package in '/home/optimus/optimus_v6.3_ws/src/optimus_bringup' with build type 'ament_cmake'
[19.164s] INFO:colcon.colcon_cmake.task.cmake.build:Building CMake package in '/home/optimus/optimus_v6.3_ws/src/optimus_bringup'
[19.307s] INFO:colcon.colcon_core.shell:Skip shell extension 'powershell' for command environment: Not usable outside of PowerShell
[19.307s] DEBUG:colcon.colcon_core.shell:Skip shell extension 'dsv' for command environment
[19.783s] DEBUG:colcon.colcon_core.event_handler.log_command:Invoking command in '/home/optimus/optimus_v6.3_ws/build/optimus_bringup': AMENT_PREFIX_PATH=/home/optimus/optimus_v6.3_ws/install/optimus_description:/home/optimus/optimus_v6.3_ws/install/optimus_bringup:/home/optimus/optimus_v6.3_ws/install/optimus_interfaces:/opt/ros/humble CMAKE_PREFIX_PATH=/home/optimus/optimus_v6.3_ws/install/optimus_interfaces:/home/optimus/optimus_v6.3_ws/install/optimus_bringup:/home/optimus/optimus_v6.3_ws/install/optimus_description:/opt/ros/humble /usr/bin/cmake --build /home/optimus/optimus_v6.3_ws/build/optimus_bringup -- -j4 -l4
[19.956s] DEBUG:colcon.colcon_core.event_handler.log_command:Invoked command in '/home/optimus/optimus_v6.3_ws/build/optimus_bringup' returned '0': AMENT_PREFIX_PATH=/home/optimus/optimus_v6.3_ws/install/optimus_description:/home/optimus/optimus_v6.3_ws/install/optimus_bringup:/home/optimus/optimus_v6.3_ws/install/optimus_interfaces:/opt/ros/humble CMAKE_PREFIX_PATH=/home/optimus/optimus_v6.3_ws/install/optimus_interfaces:/home/optimus/optimus_v6.3_ws/install/optimus_bringup:/home/optimus/optimus_v6.3_ws/install/optimus_description:/opt/ros/humble /usr/bin/cmake --build /home/optimus/optimus_v6.3_ws/build/optimus_bringup -- -j4 -l4
[20.107s] DEBUG:colcon.colcon_core.event_handler.log_command:Invoking command in '/home/optimus/optimus_v6.3_ws/build/optimus_bringup': AMENT_PREFIX_PATH=/home/optimus/optimus_v6.3_ws/install/optimus_description:/home/optimus/optimus_v6.3_ws/install/optimus_bringup:/home/optimus/optimus_v6.3_ws/install/optimus_interfaces:/opt/ros/humble CMAKE_PREFIX_PATH=/home/optimus/optimus_v6.3_ws/install/optimus_interfaces:/home/optimus/optimus_v6.3_ws/install/optimus_bringup:/home/optimus/optimus_v6.3_ws/install/optimus_description:/opt/ros/humble /usr/bin/cmake --install /home/optimus/optimus_v6.3_ws/build/optimus_bringup
[20.167s] Level 1:colcon.colcon_core.environment:create_environment_scripts_only(optimus_bringup)
[20.180s] DEBUG:colcon.colcon_core.event_handler.log_command:Invoked command in '/home/optimus/optimus_v6.3_ws/build/optimus_bringup' returned '0': AMENT_PREFIX_PATH=/home/optimus/optimus_v6.3_ws/install/optimus_description:/home/optimus/optimus_v6.3_ws/install/optimus_bringup:/home/optimus/optimus_v6.3_ws/install/optimus_interfaces:/opt/ros/humble CMAKE_PREFIX_PATH=/home/optimus/optimus_v6.3_ws/install/optimus_interfaces:/home/optimus/optimus_v6.3_ws/install/optimus_bringup:/home/optimus/optimus_v6.3_ws/install/optimus_description:/opt/ros/humble /usr/bin/cmake --install /home/optimus/optimus_v6.3_ws/build/optimus_bringup
[20.335s] Level 1:colcon.colcon_core.environment:checking '/home/optimus/optimus_v6.3_ws/install/optimus_bringup' for CMake module files
[20.338s] Level 1:colcon.colcon_core.environment:checking '/home/optimus/optimus_v6.3_ws/install/optimus_bringup' for CMake config files
[20.340s] Level 1:colcon.colcon_core.shell:create_environment_hook('optimus_bringup', 'cmake_prefix_path')
[20.482s] INFO:colcon.colcon_core.shell:Creating environment hook '/home/optimus/optimus_v6.3_ws/install/optimus_bringup/share/optimus_bringup/hook/cmake_prefix_path.ps1'
[20.485s] INFO:colcon.colcon_core.shell:Creating environment descriptor '/home/optimus/optimus_v6.3_ws/install/optimus_bringup/share/optimus_bringup/hook/cmake_prefix_path.dsv'
[20.487s] INFO:colcon.colcon_core.shell:Creating environment hook '/home/optimus/optimus_v6.3_ws/install/optimus_bringup/share/optimus_bringup/hook/cmake_prefix_path.sh'
[20.491s] Level 1:colcon.colcon_core.environment:checking '/home/optimus/optimus_v6.3_ws/install/optimus_bringup/bin'
[20.491s] Level 1:colcon.colcon_core.environment:checking '/home/optimus/optimus_v6.3_ws/install/optimus_bringup/lib/pkgconfig/optimus_bringup.pc'
[20.492s] Level 1:colcon.colcon_core.environment:checking '/home/optimus/optimus_v6.3_ws/install/optimus_bringup/lib/python3.10/site-packages'
[20.493s] Level 1:colcon.colcon_core.environment:checking '/home/optimus/optimus_v6.3_ws/install/optimus_bringup/bin'
[20.597s] INFO:colcon.colcon_core.shell:Creating package script '/home/optimus/optimus_v6.3_ws/install/optimus_bringup/share/optimus_bringup/package.ps1'
[20.600s] INFO:colcon.colcon_core.shell:Creating package descriptor '/home/optimus/optimus_v6.3_ws/install/optimus_bringup/share/optimus_bringup/package.dsv'
[20.605s] INFO:colcon.colcon_core.shell:Creating package script '/home/optimus/optimus_v6.3_ws/install/optimus_bringup/share/optimus_bringup/package.sh'
[20.608s] INFO:colcon.colcon_core.shell:Creating package script '/home/optimus/optimus_v6.3_ws/install/optimus_bringup/share/optimus_bringup/package.bash'
[20.612s] INFO:colcon.colcon_core.shell:Creating package script '/home/optimus/optimus_v6.3_ws/install/optimus_bringup/share/optimus_bringup/package.zsh'
[20.616s] Level 1:colcon.colcon_core.environment:create_file_with_runtime_dependencies(/home/optimus/optimus_v6.3_ws/install/optimus_bringup/share/colcon-core/packages/optimus_bringup)
[20.904s] Level 1:colcon.colcon_core.environment:create_environment_scripts_only(optimus_bringup)
[21.057s] Level 1:colcon.colcon_core.environment:checking '/home/optimus/optimus_v6.3_ws/install/optimus_bringup' for CMake module files
[21.061s] Level 1:colcon.colcon_core.environment:checking '/home/optimus/optimus_v6.3_ws/install/optimus_bringup' for CMake config files
[21.064s] Level 1:colcon.colcon_core.shell:create_environment_hook('optimus_bringup', 'cmake_prefix_path')
[21.217s] INFO:colcon.colcon_core.shell:Creating environment hook '/home/optimus/optimus_v6.3_ws/install/optimus_bringup/share/optimus_bringup/hook/cmake_prefix_path.ps1'
[21.221s] INFO:colcon.colcon_core.shell:Creating environment descriptor '/home/optimus/optimus_v6.3_ws/install/optimus_bringup/share/optimus_bringup/hook/cmake_prefix_path.dsv'
[21.224s] INFO:colcon.colcon_core.shell:Creating environment hook '/home/optimus/optimus_v6.3_ws/install/optimus_bringup/share/optimus_bringup/hook/cmake_prefix_path.sh'
[21.228s] Level 1:colcon.colcon_core.environment:checking '/home/optimus/optimus_v6.3_ws/install/optimus_bringup/bin'
[21.229s] Level 1:colcon.colcon_core.environment:checking '/home/optimus/optimus_v6.3_ws/install/optimus_bringup/lib/pkgconfig/optimus_bringup.pc'
[21.231s] Level 1:colcon.colcon_core.environment:checking '/home/optimus/optimus_v6.3_ws/install/optimus_bringup/lib/python3.10/site-packages'
[21.232s] Level 1:colcon.colcon_core.environment:checking '/home/optimus/optimus_v6.3_ws/install/optimus_bringup/bin'
[21.413s] INFO:colcon.colcon_core.shell:Creating package script '/home/optimus/optimus_v6.3_ws/install/optimus_bringup/share/optimus_bringup/package.ps1'
[21.416s] INFO:colcon.colcon_core.shell:Creating package descriptor '/home/optimus/optimus_v6.3_ws/install/optimus_bringup/share/optimus_bringup/package.dsv'
[21.418s] INFO:colcon.colcon_core.shell:Creating package script '/home/optimus/optimus_v6.3_ws/install/optimus_bringup/share/optimus_bringup/package.sh'
[21.422s] INFO:colcon.colcon_core.shell:Creating package script '/home/optimus/optimus_v6.3_ws/install/optimus_bringup/share/optimus_bringup/package.bash'
[21.425s] INFO:colcon.colcon_core.shell:Creating package script '/home/optimus/optimus_v6.3_ws/install/optimus_bringup/share/optimus_bringup/package.zsh'
[21.428s] Level 1:colcon.colcon_core.environment:create_file_with_runtime_dependencies(/home/optimus/optimus_v6.3_ws/install/optimus_bringup/share/colcon-core/packages/optimus_bringup)
[21.431s] DEBUG:colcon.colcon_parallel_executor.executor.parallel:closing loop
[21.432s] DEBUG:colcon.colcon_parallel_executor.executor.parallel:loop closed
[21.433s] DEBUG:colcon.colcon_parallel_executor.executor.parallel:run_until_complete finished with '0'
[21.434s] DEBUG:colcon.colcon_core.event_reactor:joining thread
[21.575s] INFO:colcon.colcon_core.plugin_system:Skipping extension 'colcon_notification.desktop_notification.terminal_notifier': Not used on non-Darwin systems
[21.576s] INFO:colcon.colcon_core.plugin_system:Skipping extension 'colcon_notification.desktop_notification.win32': Not used on non-Windows systems
[21.576s] INFO:colcon.colcon_notification.desktop_notification:Sending desktop notification using 'notify2'
[21.770s] DEBUG:colcon.colcon_core.event_reactor:joined thread
[21.966s] INFO:colcon.colcon_core.shell:Creating prefix script '/home/optimus/optimus_v6.3_ws/install/local_setup.ps1'
[21.971s] INFO:colcon.colcon_core.shell:Creating prefix util module '/home/optimus/optimus_v6.3_ws/install/_local_setup_util_ps1.py'
[21.979s] INFO:colcon.colcon_core.shell:Creating prefix chain script '/home/optimus/optimus_v6.3_ws/install/setup.ps1'
[22.136s] INFO:colcon.colcon_core.shell:Creating prefix script '/home/optimus/optimus_v6.3_ws/install/local_setup.sh'
[22.139s] INFO:colcon.colcon_core.shell:Creating prefix util module '/home/optimus/optimus_v6.3_ws/install/_local_setup_util_sh.py'
[22.142s] INFO:colcon.colcon_core.shell:Creating prefix chain script '/home/optimus/optimus_v6.3_ws/install/setup.sh'
[22.261s] INFO:colcon.colcon_core.shell:Creating prefix script '/home/optimus/optimus_v6.3_ws/install/local_setup.bash'
[22.264s] INFO:colcon.colcon_core.shell:Creating prefix chain script '/home/optimus/optimus_v6.3_ws/install/setup.bash'
[22.384s] INFO:colcon.colcon_core.shell:Creating prefix script '/home/optimus/optimus_v6.3_ws/install/local_setup.zsh'
[22.387s] INFO:colcon.colcon_core.shell:Creating prefix chain script '/home/optimus/optimus_v6.3_ws/install/setup.zsh'
