[3.565s] Invoking command in '/home/optimus/optimus_v6.3_ws/src/optimus_description': CMAKE_PREFIX_PATH=/home/optimus/optimus_v6.3_ws/install/optimus_interfaces:/home/optimus/optimus_v6.3_ws/install/optimus_bringup PYTHONPATH=/home/optimus/optimus_v6.3_ws/build/optimus_description/prefix_override:/home/optimus/optimus_v6.3_ws/install/optimus_description/lib/python3.10/site-packages:${PYTHONPATH} /usr/bin/python3 setup.py egg_info --egg-base ../../build/optimus_description build --build-base /home/optimus/optimus_v6.3_ws/build/optimus_description/build install --record /home/optimus/optimus_v6.3_ws/build/optimus_description/install.log --single-version-externally-managed
[4.698s] running egg_info
[4.700s] writing ../../build/optimus_description/optimus_description.egg-info/PKG-INFO
[4.701s] writing dependency_links to ../../build/optimus_description/optimus_description.egg-info/dependency_links.txt
[4.702s] writing entry points to ../../build/optimus_description/optimus_description.egg-info/entry_points.txt
[4.703s] writing requirements to ../../build/optimus_description/optimus_description.egg-info/requires.txt
[4.704s] writing top-level names to ../../build/optimus_description/optimus_description.egg-info/top_level.txt
[4.713s] reading manifest file '../../build/optimus_description/optimus_description.egg-info/SOURCES.txt'
[4.717s] writing manifest file '../../build/optimus_description/optimus_description.egg-info/SOURCES.txt'
[4.719s] running build
[4.719s] running build_py
[4.720s] copying optimus_description/optimus_pi_node.py -> /home/optimus/optimus_v6.3_ws/build/optimus_description/build/lib/optimus_description
[4.722s] running install
[4.723s] running install_lib
[4.728s] copying /home/optimus/optimus_v6.3_ws/build/optimus_description/build/lib/optimus_description/optimus_pi_node.py -> /home/optimus/optimus_v6.3_ws/install/optimus_description/lib/python3.10/site-packages/optimus_description
[4.732s] byte-compiling /home/optimus/optimus_v6.3_ws/install/optimus_description/lib/python3.10/site-packages/optimus_description/optimus_pi_node.py to optimus_pi_node.cpython-310.pyc
[4.738s] running install_data
[4.740s] running install_egg_info
[4.747s] removing '/home/optimus/optimus_v6.3_ws/install/optimus_description/lib/python3.10/site-packages/optimus_description-0.0.0-py3.10.egg-info' (and everything under it)
[4.749s] Copying ../../build/optimus_description/optimus_description.egg-info to /home/optimus/optimus_v6.3_ws/install/optimus_description/lib/python3.10/site-packages/optimus_description-0.0.0-py3.10.egg-info
[4.757s] running install_scripts
[4.832s] Installing camera script to /home/optimus/optimus_v6.3_ws/install/optimus_description/lib/optimus_description
[4.833s] Installing lifecycle_manager script to /home/optimus/optimus_v6.3_ws/install/optimus_description/lib/optimus_description
[4.834s] Installing motor_driver script to /home/optimus/optimus_v6.3_ws/install/optimus_description/lib/optimus_description
[4.835s] Installing optimus_pi script to /home/optimus/optimus_v6.3_ws/install/optimus_description/lib/optimus_description
[4.836s] Installing ps4_controller script to /home/optimus/optimus_v6.3_ws/install/optimus_description/lib/optimus_description
[4.837s] Installing ultra_sonic_sensor script to /home/optimus/optimus_v6.3_ws/install/optimus_description/lib/optimus_description
[4.839s] writing list of installed files to '/home/optimus/optimus_v6.3_ws/build/optimus_description/install.log'
[4.967s] Invoked command in '/home/optimus/optimus_v6.3_ws/src/optimus_description' returned '0': CMAKE_PREFIX_PATH=/home/optimus/optimus_v6.3_ws/install/optimus_interfaces:/home/optimus/optimus_v6.3_ws/install/optimus_bringup PYTHONPATH=/home/optimus/optimus_v6.3_ws/build/optimus_description/prefix_override:/home/optimus/optimus_v6.3_ws/install/optimus_description/lib/python3.10/site-packages:${PYTHONPATH} /usr/bin/python3 setup.py egg_info --egg-base ../../build/optimus_description build --build-base /home/optimus/optimus_v6.3_ws/build/optimus_description/build install --record /home/optimus/optimus_v6.3_ws/build/optimus_description/install.log --single-version-externally-managed
