[4.304s] DEBUG:colcon:Command line arguments: ['/usr/bin/colcon', 'build']
[4.304s] DEBUG:colcon:Parsed command line arguments: Namespace(log_base=None, log_level=None, verb_name='build', build_base='build', install_base='install', merge_install=False, symlink_install=False, test_result_base=None, continue_on_error=False, executor='parallel', parallel_workers=4, event_handlers=None, ignore_user_meta=False, metas=['./colcon.meta'], base_paths=['.'], packages_ignore=None, packages_ignore_regex=None, paths=None, packages_up_to=None, packages_up_to_regex=None, packages_above=None, packages_above_and_dependencies=None, packages_above_depth=None, packages_select_by_dep=None, packages_skip_by_dep=None, packages_skip_up_to=None, packages_select_build_failed=False, packages_skip_build_finished=False, packages_select_test_failures=False, packages_skip_test_passed=False, packages_select=None, packages_skip=None, packages_select_regex=None, packages_skip_regex=None, packages_start=None, packages_end=None, allow_overriding=[], cmake_args=None, cmake_target=None, cmake_target_skip_unavailable=False, cmake_clean_cache=False, cmake_clean_first=False, cmake_force_configure=False, ament_cmake_args=None, catkin_cmake_args=None, catkin_skip_building_tests=False, verb_parser=<colcon_defaults.argument_parser.defaults.DefaultArgumentsDecorator object at 0xffff835b32e0>, verb_extension=<colcon_core.verb.build.BuildVerb object at 0xffff8386cbe0>, main=<bound method BuildVerb.main of <colcon_core.verb.build.BuildVerb object at 0xffff8386cbe0>>)
[4.499s] Level 1:colcon.colcon_core.package_discovery:discover_packages(colcon_meta) check parameters
[4.500s] Level 1:colcon.colcon_core.package_discovery:discover_packages(recursive) check parameters
[4.500s] Level 1:colcon.colcon_core.package_discovery:discover_packages(ignore) check parameters
[4.500s] Level 1:colcon.colcon_core.package_discovery:discover_packages(path) check parameters
[4.500s] Level 1:colcon.colcon_core.package_discovery:discover_packages(colcon_meta) discover
[4.501s] Level 1:colcon.colcon_core.package_discovery:discover_packages(recursive) discover
[4.501s] INFO:colcon.colcon_core.package_discovery:Crawling recursively for packages in '/home/optimus/optimus_v6.3_ws'
[4.501s] Level 1:colcon.colcon_core.package_identification:_identify(.) by extensions ['ignore', 'ignore_ament_install']
[4.502s] Level 1:colcon.colcon_core.package_identification:_identify(.) by extension 'ignore'
[4.502s] Level 1:colcon.colcon_core.package_identification:_identify(.) by extension 'ignore_ament_install'
[4.502s] Level 1:colcon.colcon_core.package_identification:_identify(.) by extensions ['colcon_pkg']
[4.502s] Level 1:colcon.colcon_core.package_identification:_identify(.) by extension 'colcon_pkg'
[4.502s] Level 1:colcon.colcon_core.package_identification:_identify(.) by extensions ['colcon_meta']
[4.503s] Level 1:colcon.colcon_core.package_identification:_identify(.) by extension 'colcon_meta'
[4.503s] Level 1:colcon.colcon_core.package_identification:_identify(.) by extensions ['ros']
[4.503s] Level 1:colcon.colcon_core.package_identification:_identify(.) by extension 'ros'
[4.550s] Level 1:colcon.colcon_core.package_identification:_identify(.) by extensions ['cmake', 'python']
[4.550s] Level 1:colcon.colcon_core.package_identification:_identify(.) by extension 'cmake'
[4.550s] Level 1:colcon.colcon_core.package_identification:_identify(.) by extension 'python'
[4.551s] Level 1:colcon.colcon_core.package_identification:_identify(.) by extensions ['python_setup_py']
[4.551s] Level 1:colcon.colcon_core.package_identification:_identify(.) by extension 'python_setup_py'
[4.551s] Level 1:colcon.colcon_core.package_identification:_identify(build) by extensions ['ignore', 'ignore_ament_install']
[4.552s] Level 1:colcon.colcon_core.package_identification:_identify(build) by extension 'ignore'
[4.552s] Level 1:colcon.colcon_core.package_identification:_identify(build) ignored
[4.553s] Level 1:colcon.colcon_core.package_identification:_identify(install) by extensions ['ignore', 'ignore_ament_install']
[4.553s] Level 1:colcon.colcon_core.package_identification:_identify(install) by extension 'ignore'
[4.553s] Level 1:colcon.colcon_core.package_identification:_identify(install) ignored
[4.554s] Level 1:colcon.colcon_core.package_identification:_identify(log) by extensions ['ignore', 'ignore_ament_install']
[4.555s] Level 1:colcon.colcon_core.package_identification:_identify(log) by extension 'ignore'
[4.555s] Level 1:colcon.colcon_core.package_identification:_identify(log) ignored
[4.555s] Level 1:colcon.colcon_core.package_identification:_identify(src) by extensions ['ignore', 'ignore_ament_install']
[4.555s] Level 1:colcon.colcon_core.package_identification:_identify(src) by extension 'ignore'
[4.556s] Level 1:colcon.colcon_core.package_identification:_identify(src) by extension 'ignore_ament_install'
[4.556s] Level 1:colcon.colcon_core.package_identification:_identify(src) by extensions ['colcon_pkg']
[4.556s] Level 1:colcon.colcon_core.package_identification:_identify(src) by extension 'colcon_pkg'
[4.556s] Level 1:colcon.colcon_core.package_identification:_identify(src) by extensions ['colcon_meta']
[4.556s] Level 1:colcon.colcon_core.package_identification:_identify(src) by extension 'colcon_meta'
[4.557s] Level 1:colcon.colcon_core.package_identification:_identify(src) by extensions ['ros']
[4.557s] Level 1:colcon.colcon_core.package_identification:_identify(src) by extension 'ros'
[4.557s] Level 1:colcon.colcon_core.package_identification:_identify(src) by extensions ['cmake', 'python']
[4.557s] Level 1:colcon.colcon_core.package_identification:_identify(src) by extension 'cmake'
[4.557s] Level 1:colcon.colcon_core.package_identification:_identify(src) by extension 'python'
[4.558s] Level 1:colcon.colcon_core.package_identification:_identify(src) by extensions ['python_setup_py']
[4.558s] Level 1:colcon.colcon_core.package_identification:_identify(src) by extension 'python_setup_py'
[4.558s] Level 1:colcon.colcon_core.package_identification:_identify(src/optimus_bringup) by extensions ['ignore', 'ignore_ament_install']
[4.559s] Level 1:colcon.colcon_core.package_identification:_identify(src/optimus_bringup) by extension 'ignore'
[4.559s] Level 1:colcon.colcon_core.package_identification:_identify(src/optimus_bringup) by extension 'ignore_ament_install'
[4.559s] Level 1:colcon.colcon_core.package_identification:_identify(src/optimus_bringup) by extensions ['colcon_pkg']
[4.559s] Level 1:colcon.colcon_core.package_identification:_identify(src/optimus_bringup) by extension 'colcon_pkg'
[4.559s] Level 1:colcon.colcon_core.package_identification:_identify(src/optimus_bringup) by extensions ['colcon_meta']
[4.560s] Level 1:colcon.colcon_core.package_identification:_identify(src/optimus_bringup) by extension 'colcon_meta'
[4.560s] Level 1:colcon.colcon_core.package_identification:_identify(src/optimus_bringup) by extensions ['ros']
[4.560s] Level 1:colcon.colcon_core.package_identification:_identify(src/optimus_bringup) by extension 'ros'
[4.569s] DEBUG:colcon.colcon_core.package_identification:Package 'src/optimus_bringup' with type 'ros.ament_cmake' and name 'optimus_bringup'
[4.569s] Level 1:colcon.colcon_core.package_identification:_identify(src/optimus_description) by extensions ['ignore', 'ignore_ament_install']
[4.570s] Level 1:colcon.colcon_core.package_identification:_identify(src/optimus_description) by extension 'ignore'
[4.570s] Level 1:colcon.colcon_core.package_identification:_identify(src/optimus_description) by extension 'ignore_ament_install'
[4.570s] Level 1:colcon.colcon_core.package_identification:_identify(src/optimus_description) by extensions ['colcon_pkg']
[4.571s] Level 1:colcon.colcon_core.package_identification:_identify(src/optimus_description) by extension 'colcon_pkg'
[4.571s] Level 1:colcon.colcon_core.package_identification:_identify(src/optimus_description) by extensions ['colcon_meta']
[4.571s] Level 1:colcon.colcon_core.package_identification:_identify(src/optimus_description) by extension 'colcon_meta'
[4.571s] Level 1:colcon.colcon_core.package_identification:_identify(src/optimus_description) by extensions ['ros']
[4.571s] Level 1:colcon.colcon_core.package_identification:_identify(src/optimus_description) by extension 'ros'
[4.574s] DEBUG:colcon.colcon_core.package_identification:Package 'src/optimus_description' with type 'ros.ament_python' and name 'optimus_description'
[4.575s] Level 1:colcon.colcon_core.package_identification:_identify(src/optimus_interfaces) by extensions ['ignore', 'ignore_ament_install']
[4.575s] Level 1:colcon.colcon_core.package_identification:_identify(src/optimus_interfaces) by extension 'ignore'
[4.575s] Level 1:colcon.colcon_core.package_identification:_identify(src/optimus_interfaces) by extension 'ignore_ament_install'
[4.575s] Level 1:colcon.colcon_core.package_identification:_identify(src/optimus_interfaces) by extensions ['colcon_pkg']
[4.576s] Level 1:colcon.colcon_core.package_identification:_identify(src/optimus_interfaces) by extension 'colcon_pkg'
[4.576s] Level 1:colcon.colcon_core.package_identification:_identify(src/optimus_interfaces) by extensions ['colcon_meta']
[4.576s] Level 1:colcon.colcon_core.package_identification:_identify(src/optimus_interfaces) by extension 'colcon_meta'
[4.576s] Level 1:colcon.colcon_core.package_identification:_identify(src/optimus_interfaces) by extensions ['ros']
[4.576s] Level 1:colcon.colcon_core.package_identification:_identify(src/optimus_interfaces) by extension 'ros'
[4.578s] DEBUG:colcon.colcon_core.package_identification:Package 'src/optimus_interfaces' with type 'ros.ament_cmake' and name 'optimus_interfaces'
[4.578s] Level 1:colcon.colcon_core.package_discovery:discover_packages(recursive) using defaults
[4.579s] Level 1:colcon.colcon_core.package_discovery:discover_packages(ignore) discover
[4.579s] Level 1:colcon.colcon_core.package_discovery:discover_packages(ignore) using defaults
[4.579s] Level 1:colcon.colcon_core.package_discovery:discover_packages(path) discover
[4.579s] Level 1:colcon.colcon_core.package_discovery:discover_packages(path) using defaults
[4.963s] Level 1:colcon.colcon_core.package_discovery:discover_packages(prefix_path) check parameters
[4.964s] Level 1:colcon.colcon_core.package_discovery:discover_packages(prefix_path) discover
[5.089s] DEBUG:colcon.colcon_installed_package_information.package_discovery:Found 3 installed packages in /home/optimus/optimus_v6.3_ws/install
[5.156s] DEBUG:colcon.colcon_installed_package_information.package_discovery:Found 287 installed packages in /opt/ros/humble
[5.163s] Level 1:colcon.colcon_core.package_discovery:discover_packages(prefix_path) using defaults
[5.558s] Level 5:colcon.colcon_core.verb:set package 'optimus_interfaces' build argument 'cmake_args' from command line to 'None'
[5.559s] Level 5:colcon.colcon_core.verb:set package 'optimus_interfaces' build argument 'cmake_target' from command line to 'None'
[5.559s] Level 5:colcon.colcon_core.verb:set package 'optimus_interfaces' build argument 'cmake_target_skip_unavailable' from command line to 'False'
[5.559s] Level 5:colcon.colcon_core.verb:set package 'optimus_interfaces' build argument 'cmake_clean_cache' from command line to 'False'
[5.559s] Level 5:colcon.colcon_core.verb:set package 'optimus_interfaces' build argument 'cmake_clean_first' from command line to 'False'
[5.559s] Level 5:colcon.colcon_core.verb:set package 'optimus_interfaces' build argument 'cmake_force_configure' from command line to 'False'
[5.559s] Level 5:colcon.colcon_core.verb:set package 'optimus_interfaces' build argument 'ament_cmake_args' from command line to 'None'
[5.559s] Level 5:colcon.colcon_core.verb:set package 'optimus_interfaces' build argument 'catkin_cmake_args' from command line to 'None'
[5.559s] Level 5:colcon.colcon_core.verb:set package 'optimus_interfaces' build argument 'catkin_skip_building_tests' from command line to 'False'
[5.559s] DEBUG:colcon.colcon_core.verb:Building package 'optimus_interfaces' with the following arguments: {'ament_cmake_args': None, 'build_base': '/home/optimus/optimus_v6.3_ws/build/optimus_interfaces', 'catkin_cmake_args': None, 'catkin_skip_building_tests': False, 'cmake_args': None, 'cmake_clean_cache': False, 'cmake_clean_first': False, 'cmake_force_configure': False, 'cmake_target': None, 'cmake_target_skip_unavailable': False, 'install_base': '/home/optimus/optimus_v6.3_ws/install/optimus_interfaces', 'merge_install': False, 'path': '/home/optimus/optimus_v6.3_ws/src/optimus_interfaces', 'symlink_install': False, 'test_result_base': None}
[5.620s] Level 5:colcon.colcon_core.verb:set package 'optimus_description' build argument 'cmake_args' from command line to 'None'
[5.620s] Level 5:colcon.colcon_core.verb:set package 'optimus_description' build argument 'cmake_target' from command line to 'None'
[5.620s] Level 5:colcon.colcon_core.verb:set package 'optimus_description' build argument 'cmake_target_skip_unavailable' from command line to 'False'
[5.620s] Level 5:colcon.colcon_core.verb:set package 'optimus_description' build argument 'cmake_clean_cache' from command line to 'False'
[5.620s] Level 5:colcon.colcon_core.verb:set package 'optimus_description' build argument 'cmake_clean_first' from command line to 'False'
[5.620s] Level 5:colcon.colcon_core.verb:set package 'optimus_description' build argument 'cmake_force_configure' from command line to 'False'
[5.620s] Level 5:colcon.colcon_core.verb:set package 'optimus_description' build argument 'ament_cmake_args' from command line to 'None'
[5.621s] Level 5:colcon.colcon_core.verb:set package 'optimus_description' build argument 'catkin_cmake_args' from command line to 'None'
[5.621s] Level 5:colcon.colcon_core.verb:set package 'optimus_description' build argument 'catkin_skip_building_tests' from command line to 'False'
[5.621s] DEBUG:colcon.colcon_core.verb:Building package 'optimus_description' with the following arguments: {'ament_cmake_args': None, 'build_base': '/home/optimus/optimus_v6.3_ws/build/optimus_description', 'catkin_cmake_args': None, 'catkin_skip_building_tests': False, 'cmake_args': None, 'cmake_clean_cache': False, 'cmake_clean_first': False, 'cmake_force_configure': False, 'cmake_target': None, 'cmake_target_skip_unavailable': False, 'install_base': '/home/optimus/optimus_v6.3_ws/install/optimus_description', 'merge_install': False, 'path': '/home/optimus/optimus_v6.3_ws/src/optimus_description', 'symlink_install': False, 'test_result_base': None}
[5.680s] Level 5:colcon.colcon_core.verb:set package 'optimus_bringup' build argument 'cmake_args' from command line to 'None'
[5.680s] Level 5:colcon.colcon_core.verb:set package 'optimus_bringup' build argument 'cmake_target' from command line to 'None'
[5.681s] Level 5:colcon.colcon_core.verb:set package 'optimus_bringup' build argument 'cmake_target_skip_unavailable' from command line to 'False'
[5.681s] Level 5:colcon.colcon_core.verb:set package 'optimus_bringup' build argument 'cmake_clean_cache' from command line to 'False'
[5.681s] Level 5:colcon.colcon_core.verb:set package 'optimus_bringup' build argument 'cmake_clean_first' from command line to 'False'
[5.681s] Level 5:colcon.colcon_core.verb:set package 'optimus_bringup' build argument 'cmake_force_configure' from command line to 'False'
[5.681s] Level 5:colcon.colcon_core.verb:set package 'optimus_bringup' build argument 'ament_cmake_args' from command line to 'None'
[5.681s] Level 5:colcon.colcon_core.verb:set package 'optimus_bringup' build argument 'catkin_cmake_args' from command line to 'None'
[5.681s] Level 5:colcon.colcon_core.verb:set package 'optimus_bringup' build argument 'catkin_skip_building_tests' from command line to 'False'
[5.681s] DEBUG:colcon.colcon_core.verb:Building package 'optimus_bringup' with the following arguments: {'ament_cmake_args': None, 'build_base': '/home/optimus/optimus_v6.3_ws/build/optimus_bringup', 'catkin_cmake_args': None, 'catkin_skip_building_tests': False, 'cmake_args': None, 'cmake_clean_cache': False, 'cmake_clean_first': False, 'cmake_force_configure': False, 'cmake_target': None, 'cmake_target_skip_unavailable': False, 'install_base': '/home/optimus/optimus_v6.3_ws/install/optimus_bringup', 'merge_install': False, 'path': '/home/optimus/optimus_v6.3_ws/src/optimus_bringup', 'symlink_install': False, 'test_result_base': None}
[5.742s] INFO:colcon.colcon_core.executor:Executing jobs using 'parallel' executor
[5.803s] DEBUG:colcon.colcon_parallel_executor.executor.parallel:run_until_complete
[5.804s] INFO:colcon.colcon_ros.task.ament_cmake.build:Building ROS package in '/home/optimus/optimus_v6.3_ws/src/optimus_interfaces' with build type 'ament_cmake'
[5.805s] INFO:colcon.colcon_cmake.task.cmake.build:Building CMake package in '/home/optimus/optimus_v6.3_ws/src/optimus_interfaces'
[5.876s] INFO:colcon.colcon_core.plugin_system:Skipping extension 'colcon_core.shell.bat': Not used on non-Windows systems
[5.877s] INFO:colcon.colcon_core.shell:Skip shell extension 'powershell' for command environment: Not usable outside of PowerShell
[5.877s] DEBUG:colcon.colcon_core.shell:Skip shell extension 'dsv' for command environment
[6.105s] DEBUG:colcon.colcon_core.event_handler.log_command:Invoking command in '/home/optimus/optimus_v6.3_ws/build/optimus_interfaces': CMAKE_PREFIX_PATH=${CMAKE_PREFIX_PATH}:/home/optimus/optimus_v6.3_ws/install/optimus_description:/opt/ros/humble /usr/bin/cmake --build /home/optimus/optimus_v6.3_ws/build/optimus_interfaces -- -j4 -l4
[8.383s] DEBUG:colcon.colcon_core.event_handler.log_command:Invoked command in '/home/optimus/optimus_v6.3_ws/build/optimus_interfaces' returned '0': CMAKE_PREFIX_PATH=${CMAKE_PREFIX_PATH}:/home/optimus/optimus_v6.3_ws/install/optimus_description:/opt/ros/humble /usr/bin/cmake --build /home/optimus/optimus_v6.3_ws/build/optimus_interfaces -- -j4 -l4
[9.079s] DEBUG:colcon.colcon_core.event_handler.log_command:Invoking command in '/home/optimus/optimus_v6.3_ws/build/optimus_interfaces': CMAKE_PREFIX_PATH=${CMAKE_PREFIX_PATH}:/home/optimus/optimus_v6.3_ws/install/optimus_description:/opt/ros/humble /usr/bin/cmake --install /home/optimus/optimus_v6.3_ws/build/optimus_interfaces
[9.400s] Level 1:colcon.colcon_core.environment:create_environment_scripts_only(optimus_interfaces)
[9.401s] DEBUG:colcon.colcon_core.event_handler.log_command:Invoked command in '/home/optimus/optimus_v6.3_ws/build/optimus_interfaces' returned '0': CMAKE_PREFIX_PATH=${CMAKE_PREFIX_PATH}:/home/optimus/optimus_v6.3_ws/install/optimus_description:/opt/ros/humble /usr/bin/cmake --install /home/optimus/optimus_v6.3_ws/build/optimus_interfaces
[9.473s] Level 1:colcon.colcon_core.environment:checking '/home/optimus/optimus_v6.3_ws/install/optimus_interfaces' for CMake module files
[9.478s] Level 1:colcon.colcon_core.environment:checking '/home/optimus/optimus_v6.3_ws/install/optimus_interfaces' for CMake config files
[9.480s] Level 1:colcon.colcon_core.shell:create_environment_hook('optimus_interfaces', 'cmake_prefix_path')
[9.571s] INFO:colcon.colcon_core.shell:Creating environment hook '/home/optimus/optimus_v6.3_ws/install/optimus_interfaces/share/optimus_interfaces/hook/cmake_prefix_path.ps1'
[9.574s] INFO:colcon.colcon_core.shell:Creating environment descriptor '/home/optimus/optimus_v6.3_ws/install/optimus_interfaces/share/optimus_interfaces/hook/cmake_prefix_path.dsv'
[9.577s] INFO:colcon.colcon_core.shell:Creating environment hook '/home/optimus/optimus_v6.3_ws/install/optimus_interfaces/share/optimus_interfaces/hook/cmake_prefix_path.sh'
[9.582s] Level 1:colcon.colcon_core.environment:checking '/home/optimus/optimus_v6.3_ws/install/optimus_interfaces/lib'
[9.583s] Level 1:colcon.colcon_core.shell:create_environment_hook('optimus_interfaces', 'ld_library_path_lib')
[9.673s] INFO:colcon.colcon_core.shell:Creating environment hook '/home/optimus/optimus_v6.3_ws/install/optimus_interfaces/share/optimus_interfaces/hook/ld_library_path_lib.ps1'
[9.675s] INFO:colcon.colcon_core.shell:Creating environment descriptor '/home/optimus/optimus_v6.3_ws/install/optimus_interfaces/share/optimus_interfaces/hook/ld_library_path_lib.dsv'
[9.677s] INFO:colcon.colcon_core.shell:Creating environment hook '/home/optimus/optimus_v6.3_ws/install/optimus_interfaces/share/optimus_interfaces/hook/ld_library_path_lib.sh'
[9.679s] Level 1:colcon.colcon_core.environment:checking '/home/optimus/optimus_v6.3_ws/install/optimus_interfaces/bin'
[9.680s] Level 1:colcon.colcon_core.environment:checking '/home/optimus/optimus_v6.3_ws/install/optimus_interfaces/lib/pkgconfig/optimus_interfaces.pc'
[9.681s] Level 1:colcon.colcon_core.environment:checking '/home/optimus/optimus_v6.3_ws/install/optimus_interfaces/lib/python3.10/site-packages'
[9.682s] Level 1:colcon.colcon_core.environment:checking '/home/optimus/optimus_v6.3_ws/install/optimus_interfaces/bin'
[9.743s] INFO:colcon.colcon_core.shell:Creating package script '/home/optimus/optimus_v6.3_ws/install/optimus_interfaces/share/optimus_interfaces/package.ps1'
[9.747s] INFO:colcon.colcon_core.shell:Creating package descriptor '/home/optimus/optimus_v6.3_ws/install/optimus_interfaces/share/optimus_interfaces/package.dsv'
[9.750s] INFO:colcon.colcon_core.shell:Creating package script '/home/optimus/optimus_v6.3_ws/install/optimus_interfaces/share/optimus_interfaces/package.sh'
[9.753s] INFO:colcon.colcon_core.shell:Creating package script '/home/optimus/optimus_v6.3_ws/install/optimus_interfaces/share/optimus_interfaces/package.bash'
[9.757s] INFO:colcon.colcon_core.shell:Creating package script '/home/optimus/optimus_v6.3_ws/install/optimus_interfaces/share/optimus_interfaces/package.zsh'
[9.760s] Level 1:colcon.colcon_core.environment:create_file_with_runtime_dependencies(/home/optimus/optimus_v6.3_ws/install/optimus_interfaces/share/colcon-core/packages/optimus_interfaces)
[10.485s] Level 1:colcon.colcon_core.environment:create_environment_scripts_only(optimus_interfaces)
[10.545s] Level 1:colcon.colcon_core.environment:checking '/home/optimus/optimus_v6.3_ws/install/optimus_interfaces' for CMake module files
[10.550s] Level 1:colcon.colcon_core.environment:checking '/home/optimus/optimus_v6.3_ws/install/optimus_interfaces' for CMake config files
[10.553s] Level 1:colcon.colcon_core.shell:create_environment_hook('optimus_interfaces', 'cmake_prefix_path')
[10.614s] INFO:colcon.colcon_core.shell:Creating environment hook '/home/optimus/optimus_v6.3_ws/install/optimus_interfaces/share/optimus_interfaces/hook/cmake_prefix_path.ps1'
[10.616s] INFO:colcon.colcon_core.shell:Creating environment descriptor '/home/optimus/optimus_v6.3_ws/install/optimus_interfaces/share/optimus_interfaces/hook/cmake_prefix_path.dsv'
[10.618s] INFO:colcon.colcon_core.shell:Creating environment hook '/home/optimus/optimus_v6.3_ws/install/optimus_interfaces/share/optimus_interfaces/hook/cmake_prefix_path.sh'
[10.621s] Level 1:colcon.colcon_core.environment:checking '/home/optimus/optimus_v6.3_ws/install/optimus_interfaces/lib'
[10.621s] Level 1:colcon.colcon_core.shell:create_environment_hook('optimus_interfaces', 'ld_library_path_lib')
[10.713s] INFO:colcon.colcon_core.shell:Creating environment hook '/home/optimus/optimus_v6.3_ws/install/optimus_interfaces/share/optimus_interfaces/hook/ld_library_path_lib.ps1'
[10.715s] INFO:colcon.colcon_core.shell:Creating environment descriptor '/home/optimus/optimus_v6.3_ws/install/optimus_interfaces/share/optimus_interfaces/hook/ld_library_path_lib.dsv'
[10.717s] INFO:colcon.colcon_core.shell:Creating environment hook '/home/optimus/optimus_v6.3_ws/install/optimus_interfaces/share/optimus_interfaces/hook/ld_library_path_lib.sh'
[10.719s] Level 1:colcon.colcon_core.environment:checking '/home/optimus/optimus_v6.3_ws/install/optimus_interfaces/bin'
[10.719s] Level 1:colcon.colcon_core.environment:checking '/home/optimus/optimus_v6.3_ws/install/optimus_interfaces/lib/pkgconfig/optimus_interfaces.pc'
[10.720s] Level 1:colcon.colcon_core.environment:checking '/home/optimus/optimus_v6.3_ws/install/optimus_interfaces/lib/python3.10/site-packages'
[10.721s] Level 1:colcon.colcon_core.environment:checking '/home/optimus/optimus_v6.3_ws/install/optimus_interfaces/bin'
[10.784s] INFO:colcon.colcon_core.shell:Creating package script '/home/optimus/optimus_v6.3_ws/install/optimus_interfaces/share/optimus_interfaces/package.ps1'
[10.786s] INFO:colcon.colcon_core.shell:Creating package descriptor '/home/optimus/optimus_v6.3_ws/install/optimus_interfaces/share/optimus_interfaces/package.dsv'
[10.789s] INFO:colcon.colcon_core.shell:Creating package script '/home/optimus/optimus_v6.3_ws/install/optimus_interfaces/share/optimus_interfaces/package.sh'
[10.791s] INFO:colcon.colcon_core.shell:Creating package script '/home/optimus/optimus_v6.3_ws/install/optimus_interfaces/share/optimus_interfaces/package.bash'
[10.793s] INFO:colcon.colcon_core.shell:Creating package script '/home/optimus/optimus_v6.3_ws/install/optimus_interfaces/share/optimus_interfaces/package.zsh'
[10.796s] Level 1:colcon.colcon_core.environment:create_file_with_runtime_dependencies(/home/optimus/optimus_v6.3_ws/install/optimus_interfaces/share/colcon-core/packages/optimus_interfaces)
[10.798s] INFO:colcon.colcon_ros.task.ament_python.build:Building ROS package in '/home/optimus/optimus_v6.3_ws/src/optimus_description' with build type 'ament_python'
[10.798s] Level 1:colcon.colcon_core.shell:create_environment_hook('optimus_description', 'ament_prefix_path')
[10.865s] INFO:colcon.colcon_core.shell:Creating environment hook '/home/optimus/optimus_v6.3_ws/install/optimus_description/share/optimus_description/hook/ament_prefix_path.ps1'
[10.867s] INFO:colcon.colcon_core.shell:Creating environment descriptor '/home/optimus/optimus_v6.3_ws/install/optimus_description/share/optimus_description/hook/ament_prefix_path.dsv'
[10.869s] INFO:colcon.colcon_core.shell:Creating environment hook '/home/optimus/optimus_v6.3_ws/install/optimus_description/share/optimus_description/hook/ament_prefix_path.sh'
[10.931s] INFO:colcon.colcon_core.shell:Skip shell extension 'powershell' for command environment: Not usable outside of PowerShell
[10.932s] DEBUG:colcon.colcon_core.shell:Skip shell extension 'dsv' for command environment
[12.468s] INFO:colcon.colcon_core.task.python.build:Building Python package in '/home/optimus/optimus_v6.3_ws/src/optimus_description'
[12.534s] INFO:colcon.colcon_core.shell:Skip shell extension 'powershell' for command environment: Not usable outside of PowerShell
[12.535s] DEBUG:colcon.colcon_core.shell:Skip shell extension 'dsv' for command environment
[14.275s] DEBUG:colcon.colcon_core.event_handler.log_command:Invoking command in '/home/optimus/optimus_v6.3_ws/src/optimus_description': CMAKE_PREFIX_PATH=/home/optimus/optimus_v6.3_ws/install/optimus_interfaces:/home/optimus/optimus_v6.3_ws/install/optimus_bringup PYTHONPATH=/home/optimus/optimus_v6.3_ws/build/optimus_description/prefix_override:/home/optimus/optimus_v6.3_ws/install/optimus_description/lib/python3.10/site-packages:${PYTHONPATH} /usr/bin/python3 setup.py egg_info --egg-base ../../build/optimus_description build --build-base /home/optimus/optimus_v6.3_ws/build/optimus_description/build install --record /home/optimus/optimus_v6.3_ws/build/optimus_description/install.log --single-version-externally-managed
[15.656s] DEBUG:colcon.colcon_core.event_handler.log_command:Invoked command in '/home/optimus/optimus_v6.3_ws/src/optimus_description' returned '0': CMAKE_PREFIX_PATH=/home/optimus/optimus_v6.3_ws/install/optimus_interfaces:/home/optimus/optimus_v6.3_ws/install/optimus_bringup PYTHONPATH=/home/optimus/optimus_v6.3_ws/build/optimus_description/prefix_override:/home/optimus/optimus_v6.3_ws/install/optimus_description/lib/python3.10/site-packages:${PYTHONPATH} /usr/bin/python3 setup.py egg_info --egg-base ../../build/optimus_description build --build-base /home/optimus/optimus_v6.3_ws/build/optimus_description/build install --record /home/optimus/optimus_v6.3_ws/build/optimus_description/install.log --single-version-externally-managed
[15.724s] Level 1:colcon.colcon_core.environment:checking '/home/optimus/optimus_v6.3_ws/install/optimus_description' for CMake module files
[15.727s] Level 1:colcon.colcon_core.environment:checking '/home/optimus/optimus_v6.3_ws/install/optimus_description' for CMake config files
[15.731s] Level 1:colcon.colcon_core.environment:checking '/home/optimus/optimus_v6.3_ws/install/optimus_description/lib'
[15.731s] Level 1:colcon.colcon_core.environment:checking '/home/optimus/optimus_v6.3_ws/install/optimus_description/bin'
[15.732s] Level 1:colcon.colcon_core.environment:checking '/home/optimus/optimus_v6.3_ws/install/optimus_description/lib/pkgconfig/optimus_description.pc'
[15.733s] Level 1:colcon.colcon_core.environment:checking '/home/optimus/optimus_v6.3_ws/install/optimus_description/lib/python3.10/site-packages'
[15.733s] Level 1:colcon.colcon_core.shell:create_environment_hook('optimus_description', 'pythonpath')
[15.795s] INFO:colcon.colcon_core.shell:Creating environment hook '/home/optimus/optimus_v6.3_ws/install/optimus_description/share/optimus_description/hook/pythonpath.ps1'
[15.797s] INFO:colcon.colcon_core.shell:Creating environment descriptor '/home/optimus/optimus_v6.3_ws/install/optimus_description/share/optimus_description/hook/pythonpath.dsv'
[15.799s] INFO:colcon.colcon_core.shell:Creating environment hook '/home/optimus/optimus_v6.3_ws/install/optimus_description/share/optimus_description/hook/pythonpath.sh'
[15.802s] Level 1:colcon.colcon_core.environment:checking '/home/optimus/optimus_v6.3_ws/install/optimus_description/bin'
[15.803s] Level 1:colcon.colcon_core.environment:create_environment_scripts_only(optimus_description)
[15.868s] INFO:colcon.colcon_core.shell:Creating package script '/home/optimus/optimus_v6.3_ws/install/optimus_description/share/optimus_description/package.ps1'
[15.870s] INFO:colcon.colcon_core.shell:Creating package descriptor '/home/optimus/optimus_v6.3_ws/install/optimus_description/share/optimus_description/package.dsv'
[15.873s] INFO:colcon.colcon_core.shell:Creating package script '/home/optimus/optimus_v6.3_ws/install/optimus_description/share/optimus_description/package.sh'
[15.875s] INFO:colcon.colcon_core.shell:Creating package script '/home/optimus/optimus_v6.3_ws/install/optimus_description/share/optimus_description/package.bash'
[15.877s] INFO:colcon.colcon_core.shell:Creating package script '/home/optimus/optimus_v6.3_ws/install/optimus_description/share/optimus_description/package.zsh'
[15.879s] Level 1:colcon.colcon_core.environment:create_file_with_runtime_dependencies(/home/optimus/optimus_v6.3_ws/install/optimus_description/share/colcon-core/packages/optimus_description)
[15.880s] INFO:colcon.colcon_ros.task.ament_cmake.build:Building ROS package in '/home/optimus/optimus_v6.3_ws/src/optimus_bringup' with build type 'ament_cmake'
[15.881s] INFO:colcon.colcon_cmake.task.cmake.build:Building CMake package in '/home/optimus/optimus_v6.3_ws/src/optimus_bringup'
[15.956s] INFO:colcon.colcon_core.shell:Skip shell extension 'powershell' for command environment: Not usable outside of PowerShell
[15.956s] DEBUG:colcon.colcon_core.shell:Skip shell extension 'dsv' for command environment
[16.204s] DEBUG:colcon.colcon_core.event_handler.log_command:Invoking command in '/home/optimus/optimus_v6.3_ws/build/optimus_bringup': AMENT_PREFIX_PATH=/home/optimus/optimus_v6.3_ws/install/optimus_description:/home/optimus/optimus_v6.3_ws/install/optimus_bringup:/home/optimus/optimus_v6.3_ws/install/optimus_interfaces:/opt/ros/humble CMAKE_PREFIX_PATH=/home/optimus/optimus_v6.3_ws/install/optimus_interfaces:/home/optimus/optimus_v6.3_ws/install/optimus_bringup:/home/optimus/optimus_v6.3_ws/install/optimus_description:/opt/ros/humble /usr/bin/cmake --build /home/optimus/optimus_v6.3_ws/build/optimus_bringup -- -j4 -l4
[16.346s] DEBUG:colcon.colcon_core.event_handler.log_command:Invoked command in '/home/optimus/optimus_v6.3_ws/build/optimus_bringup' returned '0': AMENT_PREFIX_PATH=/home/optimus/optimus_v6.3_ws/install/optimus_description:/home/optimus/optimus_v6.3_ws/install/optimus_bringup:/home/optimus/optimus_v6.3_ws/install/optimus_interfaces:/opt/ros/humble CMAKE_PREFIX_PATH=/home/optimus/optimus_v6.3_ws/install/optimus_interfaces:/home/optimus/optimus_v6.3_ws/install/optimus_bringup:/home/optimus/optimus_v6.3_ws/install/optimus_description:/opt/ros/humble /usr/bin/cmake --build /home/optimus/optimus_v6.3_ws/build/optimus_bringup -- -j4 -l4
[16.469s] DEBUG:colcon.colcon_core.event_handler.log_command:Invoking command in '/home/optimus/optimus_v6.3_ws/build/optimus_bringup': AMENT_PREFIX_PATH=/home/optimus/optimus_v6.3_ws/install/optimus_description:/home/optimus/optimus_v6.3_ws/install/optimus_bringup:/home/optimus/optimus_v6.3_ws/install/optimus_interfaces:/opt/ros/humble CMAKE_PREFIX_PATH=/home/optimus/optimus_v6.3_ws/install/optimus_interfaces:/home/optimus/optimus_v6.3_ws/install/optimus_bringup:/home/optimus/optimus_v6.3_ws/install/optimus_description:/opt/ros/humble /usr/bin/cmake --install /home/optimus/optimus_v6.3_ws/build/optimus_bringup
[16.511s] Level 1:colcon.colcon_core.environment:create_environment_scripts_only(optimus_bringup)
[16.512s] DEBUG:colcon.colcon_core.event_handler.log_command:Invoked command in '/home/optimus/optimus_v6.3_ws/build/optimus_bringup' returned '0': AMENT_PREFIX_PATH=/home/optimus/optimus_v6.3_ws/install/optimus_description:/home/optimus/optimus_v6.3_ws/install/optimus_bringup:/home/optimus/optimus_v6.3_ws/install/optimus_interfaces:/opt/ros/humble CMAKE_PREFIX_PATH=/home/optimus/optimus_v6.3_ws/install/optimus_interfaces:/home/optimus/optimus_v6.3_ws/install/optimus_bringup:/home/optimus/optimus_v6.3_ws/install/optimus_description:/opt/ros/humble /usr/bin/cmake --install /home/optimus/optimus_v6.3_ws/build/optimus_bringup
[16.573s] Level 1:colcon.colcon_core.environment:checking '/home/optimus/optimus_v6.3_ws/install/optimus_bringup' for CMake module files
[16.576s] Level 1:colcon.colcon_core.environment:checking '/home/optimus/optimus_v6.3_ws/install/optimus_bringup' for CMake config files
[16.578s] Level 1:colcon.colcon_core.shell:create_environment_hook('optimus_bringup', 'cmake_prefix_path')
[16.642s] INFO:colcon.colcon_core.shell:Creating environment hook '/home/optimus/optimus_v6.3_ws/install/optimus_bringup/share/optimus_bringup/hook/cmake_prefix_path.ps1'
[16.644s] INFO:colcon.colcon_core.shell:Creating environment descriptor '/home/optimus/optimus_v6.3_ws/install/optimus_bringup/share/optimus_bringup/hook/cmake_prefix_path.dsv'
[16.645s] INFO:colcon.colcon_core.shell:Creating environment hook '/home/optimus/optimus_v6.3_ws/install/optimus_bringup/share/optimus_bringup/hook/cmake_prefix_path.sh'
[16.648s] Level 1:colcon.colcon_core.environment:checking '/home/optimus/optimus_v6.3_ws/install/optimus_bringup/bin'
[16.648s] Level 1:colcon.colcon_core.environment:checking '/home/optimus/optimus_v6.3_ws/install/optimus_bringup/lib/pkgconfig/optimus_bringup.pc'
[16.649s] Level 1:colcon.colcon_core.environment:checking '/home/optimus/optimus_v6.3_ws/install/optimus_bringup/lib/python3.10/site-packages'
[16.650s] Level 1:colcon.colcon_core.environment:checking '/home/optimus/optimus_v6.3_ws/install/optimus_bringup/bin'
[16.713s] INFO:colcon.colcon_core.shell:Creating package script '/home/optimus/optimus_v6.3_ws/install/optimus_bringup/share/optimus_bringup/package.ps1'
[16.715s] INFO:colcon.colcon_core.shell:Creating package descriptor '/home/optimus/optimus_v6.3_ws/install/optimus_bringup/share/optimus_bringup/package.dsv'
[16.717s] INFO:colcon.colcon_core.shell:Creating package script '/home/optimus/optimus_v6.3_ws/install/optimus_bringup/share/optimus_bringup/package.sh'
[16.720s] INFO:colcon.colcon_core.shell:Creating package script '/home/optimus/optimus_v6.3_ws/install/optimus_bringup/share/optimus_bringup/package.bash'
[16.721s] INFO:colcon.colcon_core.shell:Creating package script '/home/optimus/optimus_v6.3_ws/install/optimus_bringup/share/optimus_bringup/package.zsh'
[16.723s] Level 1:colcon.colcon_core.environment:create_file_with_runtime_dependencies(/home/optimus/optimus_v6.3_ws/install/optimus_bringup/share/colcon-core/packages/optimus_bringup)
[16.888s] Level 1:colcon.colcon_core.environment:create_environment_scripts_only(optimus_bringup)
[16.950s] Level 1:colcon.colcon_core.environment:checking '/home/optimus/optimus_v6.3_ws/install/optimus_bringup' for CMake module files
[16.953s] Level 1:colcon.colcon_core.environment:checking '/home/optimus/optimus_v6.3_ws/install/optimus_bringup' for CMake config files
[16.955s] Level 1:colcon.colcon_core.shell:create_environment_hook('optimus_bringup', 'cmake_prefix_path')
[17.031s] INFO:colcon.colcon_core.shell:Creating environment hook '/home/optimus/optimus_v6.3_ws/install/optimus_bringup/share/optimus_bringup/hook/cmake_prefix_path.ps1'
[17.033s] INFO:colcon.colcon_core.shell:Creating environment descriptor '/home/optimus/optimus_v6.3_ws/install/optimus_bringup/share/optimus_bringup/hook/cmake_prefix_path.dsv'
[17.035s] INFO:colcon.colcon_core.shell:Creating environment hook '/home/optimus/optimus_v6.3_ws/install/optimus_bringup/share/optimus_bringup/hook/cmake_prefix_path.sh'
[17.037s] Level 1:colcon.colcon_core.environment:checking '/home/optimus/optimus_v6.3_ws/install/optimus_bringup/bin'
[17.038s] Level 1:colcon.colcon_core.environment:checking '/home/optimus/optimus_v6.3_ws/install/optimus_bringup/lib/pkgconfig/optimus_bringup.pc'
[17.039s] Level 1:colcon.colcon_core.environment:checking '/home/optimus/optimus_v6.3_ws/install/optimus_bringup/lib/python3.10/site-packages'
[17.040s] Level 1:colcon.colcon_core.environment:checking '/home/optimus/optimus_v6.3_ws/install/optimus_bringup/bin'
[17.117s] INFO:colcon.colcon_core.shell:Creating package script '/home/optimus/optimus_v6.3_ws/install/optimus_bringup/share/optimus_bringup/package.ps1'
[17.120s] INFO:colcon.colcon_core.shell:Creating package descriptor '/home/optimus/optimus_v6.3_ws/install/optimus_bringup/share/optimus_bringup/package.dsv'
[17.123s] INFO:colcon.colcon_core.shell:Creating package script '/home/optimus/optimus_v6.3_ws/install/optimus_bringup/share/optimus_bringup/package.sh'
[17.126s] INFO:colcon.colcon_core.shell:Creating package script '/home/optimus/optimus_v6.3_ws/install/optimus_bringup/share/optimus_bringup/package.bash'
[17.129s] INFO:colcon.colcon_core.shell:Creating package script '/home/optimus/optimus_v6.3_ws/install/optimus_bringup/share/optimus_bringup/package.zsh'
[17.132s] Level 1:colcon.colcon_core.environment:create_file_with_runtime_dependencies(/home/optimus/optimus_v6.3_ws/install/optimus_bringup/share/colcon-core/packages/optimus_bringup)
[17.134s] DEBUG:colcon.colcon_parallel_executor.executor.parallel:closing loop
[17.136s] DEBUG:colcon.colcon_parallel_executor.executor.parallel:loop closed
[17.137s] DEBUG:colcon.colcon_parallel_executor.executor.parallel:run_until_complete finished with '0'
[17.138s] DEBUG:colcon.colcon_core.event_reactor:joining thread
[17.243s] INFO:colcon.colcon_core.plugin_system:Skipping extension 'colcon_notification.desktop_notification.terminal_notifier': Not used on non-Darwin systems
[17.244s] INFO:colcon.colcon_core.plugin_system:Skipping extension 'colcon_notification.desktop_notification.win32': Not used on non-Windows systems
[17.244s] INFO:colcon.colcon_notification.desktop_notification:Sending desktop notification using 'notify2'
[17.316s] DEBUG:colcon.colcon_core.event_reactor:joined thread
[17.412s] INFO:colcon.colcon_core.shell:Creating prefix script '/home/optimus/optimus_v6.3_ws/install/local_setup.ps1'
[17.417s] INFO:colcon.colcon_core.shell:Creating prefix util module '/home/optimus/optimus_v6.3_ws/install/_local_setup_util_ps1.py'
[17.423s] INFO:colcon.colcon_core.shell:Creating prefix chain script '/home/optimus/optimus_v6.3_ws/install/setup.ps1'
[17.520s] INFO:colcon.colcon_core.shell:Creating prefix script '/home/optimus/optimus_v6.3_ws/install/local_setup.sh'
[17.523s] INFO:colcon.colcon_core.shell:Creating prefix util module '/home/optimus/optimus_v6.3_ws/install/_local_setup_util_sh.py'
[17.526s] INFO:colcon.colcon_core.shell:Creating prefix chain script '/home/optimus/optimus_v6.3_ws/install/setup.sh'
[17.622s] INFO:colcon.colcon_core.shell:Creating prefix script '/home/optimus/optimus_v6.3_ws/install/local_setup.bash'
[17.625s] INFO:colcon.colcon_core.shell:Creating prefix chain script '/home/optimus/optimus_v6.3_ws/install/setup.bash'
[17.695s] INFO:colcon.colcon_core.shell:Creating prefix script '/home/optimus/optimus_v6.3_ws/install/local_setup.zsh'
[17.697s] INFO:colcon.colcon_core.shell:Creating prefix chain script '/home/optimus/optimus_v6.3_ws/install/setup.zsh'
