[4.368s] DEBUG:colcon:Command line arguments: ['/usr/bin/colcon', 'build']
[4.368s] DEBUG:colcon:Parsed command line arguments: Namespace(log_base=None, log_level=None, verb_name='build', build_base='build', install_base='install', merge_install=False, symlink_install=False, test_result_base=None, continue_on_error=False, executor='parallel', parallel_workers=4, event_handlers=None, ignore_user_meta=False, metas=['./colcon.meta'], base_paths=['.'], packages_ignore=None, packages_ignore_regex=None, paths=None, packages_up_to=None, packages_up_to_regex=None, packages_above=None, packages_above_and_dependencies=None, packages_above_depth=None, packages_select_by_dep=None, packages_skip_by_dep=None, packages_skip_up_to=None, packages_select_build_failed=False, packages_skip_build_finished=False, packages_select_test_failures=False, packages_skip_test_passed=False, packages_select=None, packages_skip=None, packages_select_regex=None, packages_skip_regex=None, packages_start=None, packages_end=None, allow_overriding=[], cmake_args=None, cmake_target=None, cmake_target_skip_unavailable=False, cmake_clean_cache=False, cmake_clean_first=False, cmake_force_configure=False, ament_cmake_args=None, catkin_cmake_args=None, catkin_skip_building_tests=False, verb_parser=<colcon_defaults.argument_parser.defaults.DefaultArgumentsDecorator object at 0xffff936025c0>, verb_extension=<colcon_core.verb.build.BuildVerb object at 0xffff938d8be0>, main=<bound method BuildVerb.main of <colcon_core.verb.build.BuildVerb object at 0xffff938d8be0>>)
[4.565s] Level 1:colcon.colcon_core.package_discovery:discover_packages(colcon_meta) check parameters
[4.566s] Level 1:colcon.colcon_core.package_discovery:discover_packages(recursive) check parameters
[4.566s] Level 1:colcon.colcon_core.package_discovery:discover_packages(ignore) check parameters
[4.566s] Level 1:colcon.colcon_core.package_discovery:discover_packages(path) check parameters
[4.566s] Level 1:colcon.colcon_core.package_discovery:discover_packages(colcon_meta) discover
[4.567s] Level 1:colcon.colcon_core.package_discovery:discover_packages(recursive) discover
[4.567s] INFO:colcon.colcon_core.package_discovery:Crawling recursively for packages in '/home/optimus/optimus_v6.3_ws'
[4.567s] Level 1:colcon.colcon_core.package_identification:_identify(.) by extensions ['ignore', 'ignore_ament_install']
[4.568s] Level 1:colcon.colcon_core.package_identification:_identify(.) by extension 'ignore'
[4.568s] Level 1:colcon.colcon_core.package_identification:_identify(.) by extension 'ignore_ament_install'
[4.568s] Level 1:colcon.colcon_core.package_identification:_identify(.) by extensions ['colcon_pkg']
[4.568s] Level 1:colcon.colcon_core.package_identification:_identify(.) by extension 'colcon_pkg'
[4.568s] Level 1:colcon.colcon_core.package_identification:_identify(.) by extensions ['colcon_meta']
[4.569s] Level 1:colcon.colcon_core.package_identification:_identify(.) by extension 'colcon_meta'
[4.569s] Level 1:colcon.colcon_core.package_identification:_identify(.) by extensions ['ros']
[4.569s] Level 1:colcon.colcon_core.package_identification:_identify(.) by extension 'ros'
[4.617s] Level 1:colcon.colcon_core.package_identification:_identify(.) by extensions ['cmake', 'python']
[4.618s] Level 1:colcon.colcon_core.package_identification:_identify(.) by extension 'cmake'
[4.618s] Level 1:colcon.colcon_core.package_identification:_identify(.) by extension 'python'
[4.618s] Level 1:colcon.colcon_core.package_identification:_identify(.) by extensions ['python_setup_py']
[4.618s] Level 1:colcon.colcon_core.package_identification:_identify(.) by extension 'python_setup_py'
[4.619s] Level 1:colcon.colcon_core.package_identification:_identify(build) by extensions ['ignore', 'ignore_ament_install']
[4.620s] Level 1:colcon.colcon_core.package_identification:_identify(build) by extension 'ignore'
[4.620s] Level 1:colcon.colcon_core.package_identification:_identify(build) ignored
[4.621s] Level 1:colcon.colcon_core.package_identification:_identify(install) by extensions ['ignore', 'ignore_ament_install']
[4.622s] Level 1:colcon.colcon_core.package_identification:_identify(install) by extension 'ignore'
[4.622s] Level 1:colcon.colcon_core.package_identification:_identify(install) ignored
[4.623s] Level 1:colcon.colcon_core.package_identification:_identify(log) by extensions ['ignore', 'ignore_ament_install']
[4.624s] Level 1:colcon.colcon_core.package_identification:_identify(log) by extension 'ignore'
[4.624s] Level 1:colcon.colcon_core.package_identification:_identify(log) ignored
[4.625s] Level 1:colcon.colcon_core.package_identification:_identify(src) by extensions ['ignore', 'ignore_ament_install']
[4.625s] Level 1:colcon.colcon_core.package_identification:_identify(src) by extension 'ignore'
[4.626s] Level 1:colcon.colcon_core.package_identification:_identify(src) by extension 'ignore_ament_install'
[4.626s] Level 1:colcon.colcon_core.package_identification:_identify(src) by extensions ['colcon_pkg']
[4.626s] Level 1:colcon.colcon_core.package_identification:_identify(src) by extension 'colcon_pkg'
[4.627s] Level 1:colcon.colcon_core.package_identification:_identify(src) by extensions ['colcon_meta']
[4.627s] Level 1:colcon.colcon_core.package_identification:_identify(src) by extension 'colcon_meta'
[4.627s] Level 1:colcon.colcon_core.package_identification:_identify(src) by extensions ['ros']
[4.627s] Level 1:colcon.colcon_core.package_identification:_identify(src) by extension 'ros'
[4.628s] Level 1:colcon.colcon_core.package_identification:_identify(src) by extensions ['cmake', 'python']
[4.628s] Level 1:colcon.colcon_core.package_identification:_identify(src) by extension 'cmake'
[4.629s] Level 1:colcon.colcon_core.package_identification:_identify(src) by extension 'python'
[4.629s] Level 1:colcon.colcon_core.package_identification:_identify(src) by extensions ['python_setup_py']
[4.629s] Level 1:colcon.colcon_core.package_identification:_identify(src) by extension 'python_setup_py'
[4.630s] Level 1:colcon.colcon_core.package_identification:_identify(src/optimus_bringup) by extensions ['ignore', 'ignore_ament_install']
[4.630s] Level 1:colcon.colcon_core.package_identification:_identify(src/optimus_bringup) by extension 'ignore'
[4.631s] Level 1:colcon.colcon_core.package_identification:_identify(src/optimus_bringup) by extension 'ignore_ament_install'
[4.631s] Level 1:colcon.colcon_core.package_identification:_identify(src/optimus_bringup) by extensions ['colcon_pkg']
[4.631s] Level 1:colcon.colcon_core.package_identification:_identify(src/optimus_bringup) by extension 'colcon_pkg'
[4.632s] Level 1:colcon.colcon_core.package_identification:_identify(src/optimus_bringup) by extensions ['colcon_meta']
[4.632s] Level 1:colcon.colcon_core.package_identification:_identify(src/optimus_bringup) by extension 'colcon_meta'
[4.632s] Level 1:colcon.colcon_core.package_identification:_identify(src/optimus_bringup) by extensions ['ros']
[4.632s] Level 1:colcon.colcon_core.package_identification:_identify(src/optimus_bringup) by extension 'ros'
[4.643s] DEBUG:colcon.colcon_core.package_identification:Package 'src/optimus_bringup' with type 'ros.ament_cmake' and name 'optimus_bringup'
[4.644s] Level 1:colcon.colcon_core.package_identification:_identify(src/optimus_description) by extensions ['ignore', 'ignore_ament_install']
[4.645s] Level 1:colcon.colcon_core.package_identification:_identify(src/optimus_description) by extension 'ignore'
[4.645s] Level 1:colcon.colcon_core.package_identification:_identify(src/optimus_description) by extension 'ignore_ament_install'
[4.645s] Level 1:colcon.colcon_core.package_identification:_identify(src/optimus_description) by extensions ['colcon_pkg']
[4.646s] Level 1:colcon.colcon_core.package_identification:_identify(src/optimus_description) by extension 'colcon_pkg'
[4.646s] Level 1:colcon.colcon_core.package_identification:_identify(src/optimus_description) by extensions ['colcon_meta']
[4.646s] Level 1:colcon.colcon_core.package_identification:_identify(src/optimus_description) by extension 'colcon_meta'
[4.647s] Level 1:colcon.colcon_core.package_identification:_identify(src/optimus_description) by extensions ['ros']
[4.647s] Level 1:colcon.colcon_core.package_identification:_identify(src/optimus_description) by extension 'ros'
[4.650s] DEBUG:colcon.colcon_core.package_identification:Package 'src/optimus_description' with type 'ros.ament_python' and name 'optimus_description'
[4.651s] Level 1:colcon.colcon_core.package_identification:_identify(src/optimus_interfaces) by extensions ['ignore', 'ignore_ament_install']
[4.651s] Level 1:colcon.colcon_core.package_identification:_identify(src/optimus_interfaces) by extension 'ignore'
[4.651s] Level 1:colcon.colcon_core.package_identification:_identify(src/optimus_interfaces) by extension 'ignore_ament_install'
[4.652s] Level 1:colcon.colcon_core.package_identification:_identify(src/optimus_interfaces) by extensions ['colcon_pkg']
[4.652s] Level 1:colcon.colcon_core.package_identification:_identify(src/optimus_interfaces) by extension 'colcon_pkg'
[4.652s] Level 1:colcon.colcon_core.package_identification:_identify(src/optimus_interfaces) by extensions ['colcon_meta']
[4.653s] Level 1:colcon.colcon_core.package_identification:_identify(src/optimus_interfaces) by extension 'colcon_meta'
[4.653s] Level 1:colcon.colcon_core.package_identification:_identify(src/optimus_interfaces) by extensions ['ros']
[4.653s] Level 1:colcon.colcon_core.package_identification:_identify(src/optimus_interfaces) by extension 'ros'
[4.655s] DEBUG:colcon.colcon_core.package_identification:Package 'src/optimus_interfaces' with type 'ros.ament_cmake' and name 'optimus_interfaces'
[4.656s] Level 1:colcon.colcon_core.package_discovery:discover_packages(recursive) using defaults
[4.656s] Level 1:colcon.colcon_core.package_discovery:discover_packages(ignore) discover
[4.656s] Level 1:colcon.colcon_core.package_discovery:discover_packages(ignore) using defaults
[4.656s] Level 1:colcon.colcon_core.package_discovery:discover_packages(path) discover
[4.657s] Level 1:colcon.colcon_core.package_discovery:discover_packages(path) using defaults
[5.060s] Level 1:colcon.colcon_core.package_discovery:discover_packages(prefix_path) check parameters
[5.061s] Level 1:colcon.colcon_core.package_discovery:discover_packages(prefix_path) discover
[5.238s] DEBUG:colcon.colcon_installed_package_information.package_discovery:Found 3 installed packages in /home/optimus/optimus_v6.3_ws/install
[5.337s] DEBUG:colcon.colcon_installed_package_information.package_discovery:Found 287 installed packages in /opt/ros/humble
[5.344s] Level 1:colcon.colcon_core.package_discovery:discover_packages(prefix_path) using defaults
[5.788s] Level 5:colcon.colcon_core.verb:set package 'optimus_interfaces' build argument 'cmake_args' from command line to 'None'
[5.788s] Level 5:colcon.colcon_core.verb:set package 'optimus_interfaces' build argument 'cmake_target' from command line to 'None'
[5.788s] Level 5:colcon.colcon_core.verb:set package 'optimus_interfaces' build argument 'cmake_target_skip_unavailable' from command line to 'False'
[5.788s] Level 5:colcon.colcon_core.verb:set package 'optimus_interfaces' build argument 'cmake_clean_cache' from command line to 'False'
[5.788s] Level 5:colcon.colcon_core.verb:set package 'optimus_interfaces' build argument 'cmake_clean_first' from command line to 'False'
[5.788s] Level 5:colcon.colcon_core.verb:set package 'optimus_interfaces' build argument 'cmake_force_configure' from command line to 'False'
[5.788s] Level 5:colcon.colcon_core.verb:set package 'optimus_interfaces' build argument 'ament_cmake_args' from command line to 'None'
[5.788s] Level 5:colcon.colcon_core.verb:set package 'optimus_interfaces' build argument 'catkin_cmake_args' from command line to 'None'
[5.789s] Level 5:colcon.colcon_core.verb:set package 'optimus_interfaces' build argument 'catkin_skip_building_tests' from command line to 'False'
[5.789s] DEBUG:colcon.colcon_core.verb:Building package 'optimus_interfaces' with the following arguments: {'ament_cmake_args': None, 'build_base': '/home/optimus/optimus_v6.3_ws/build/optimus_interfaces', 'catkin_cmake_args': None, 'catkin_skip_building_tests': False, 'cmake_args': None, 'cmake_clean_cache': False, 'cmake_clean_first': False, 'cmake_force_configure': False, 'cmake_target': None, 'cmake_target_skip_unavailable': False, 'install_base': '/home/optimus/optimus_v6.3_ws/install/optimus_interfaces', 'merge_install': False, 'path': '/home/optimus/optimus_v6.3_ws/src/optimus_interfaces', 'symlink_install': False, 'test_result_base': None}
[5.849s] Level 5:colcon.colcon_core.verb:set package 'optimus_description' build argument 'cmake_args' from command line to 'None'
[5.849s] Level 5:colcon.colcon_core.verb:set package 'optimus_description' build argument 'cmake_target' from command line to 'None'
[5.850s] Level 5:colcon.colcon_core.verb:set package 'optimus_description' build argument 'cmake_target_skip_unavailable' from command line to 'False'
[5.850s] Level 5:colcon.colcon_core.verb:set package 'optimus_description' build argument 'cmake_clean_cache' from command line to 'False'
[5.850s] Level 5:colcon.colcon_core.verb:set package 'optimus_description' build argument 'cmake_clean_first' from command line to 'False'
[5.850s] Level 5:colcon.colcon_core.verb:set package 'optimus_description' build argument 'cmake_force_configure' from command line to 'False'
[5.850s] Level 5:colcon.colcon_core.verb:set package 'optimus_description' build argument 'ament_cmake_args' from command line to 'None'
[5.850s] Level 5:colcon.colcon_core.verb:set package 'optimus_description' build argument 'catkin_cmake_args' from command line to 'None'
[5.850s] Level 5:colcon.colcon_core.verb:set package 'optimus_description' build argument 'catkin_skip_building_tests' from command line to 'False'
[5.850s] DEBUG:colcon.colcon_core.verb:Building package 'optimus_description' with the following arguments: {'ament_cmake_args': None, 'build_base': '/home/optimus/optimus_v6.3_ws/build/optimus_description', 'catkin_cmake_args': None, 'catkin_skip_building_tests': False, 'cmake_args': None, 'cmake_clean_cache': False, 'cmake_clean_first': False, 'cmake_force_configure': False, 'cmake_target': None, 'cmake_target_skip_unavailable': False, 'install_base': '/home/optimus/optimus_v6.3_ws/install/optimus_description', 'merge_install': False, 'path': '/home/optimus/optimus_v6.3_ws/src/optimus_description', 'symlink_install': False, 'test_result_base': None}
[5.910s] Level 5:colcon.colcon_core.verb:set package 'optimus_bringup' build argument 'cmake_args' from command line to 'None'
[5.910s] Level 5:colcon.colcon_core.verb:set package 'optimus_bringup' build argument 'cmake_target' from command line to 'None'
[5.910s] Level 5:colcon.colcon_core.verb:set package 'optimus_bringup' build argument 'cmake_target_skip_unavailable' from command line to 'False'
[5.911s] Level 5:colcon.colcon_core.verb:set package 'optimus_bringup' build argument 'cmake_clean_cache' from command line to 'False'
[5.911s] Level 5:colcon.colcon_core.verb:set package 'optimus_bringup' build argument 'cmake_clean_first' from command line to 'False'
[5.911s] Level 5:colcon.colcon_core.verb:set package 'optimus_bringup' build argument 'cmake_force_configure' from command line to 'False'
[5.911s] Level 5:colcon.colcon_core.verb:set package 'optimus_bringup' build argument 'ament_cmake_args' from command line to 'None'
[5.911s] Level 5:colcon.colcon_core.verb:set package 'optimus_bringup' build argument 'catkin_cmake_args' from command line to 'None'
[5.911s] Level 5:colcon.colcon_core.verb:set package 'optimus_bringup' build argument 'catkin_skip_building_tests' from command line to 'False'
[5.911s] DEBUG:colcon.colcon_core.verb:Building package 'optimus_bringup' with the following arguments: {'ament_cmake_args': None, 'build_base': '/home/optimus/optimus_v6.3_ws/build/optimus_bringup', 'catkin_cmake_args': None, 'catkin_skip_building_tests': False, 'cmake_args': None, 'cmake_clean_cache': False, 'cmake_clean_first': False, 'cmake_force_configure': False, 'cmake_target': None, 'cmake_target_skip_unavailable': False, 'install_base': '/home/optimus/optimus_v6.3_ws/install/optimus_bringup', 'merge_install': False, 'path': '/home/optimus/optimus_v6.3_ws/src/optimus_bringup', 'symlink_install': False, 'test_result_base': None}
[5.972s] INFO:colcon.colcon_core.executor:Executing jobs using 'parallel' executor
[6.034s] DEBUG:colcon.colcon_parallel_executor.executor.parallel:run_until_complete
[6.035s] INFO:colcon.colcon_ros.task.ament_cmake.build:Building ROS package in '/home/optimus/optimus_v6.3_ws/src/optimus_interfaces' with build type 'ament_cmake'
[6.035s] INFO:colcon.colcon_cmake.task.cmake.build:Building CMake package in '/home/optimus/optimus_v6.3_ws/src/optimus_interfaces'
[6.107s] INFO:colcon.colcon_core.plugin_system:Skipping extension 'colcon_core.shell.bat': Not used on non-Windows systems
[6.108s] INFO:colcon.colcon_core.shell:Skip shell extension 'powershell' for command environment: Not usable outside of PowerShell
[6.109s] DEBUG:colcon.colcon_core.shell:Skip shell extension 'dsv' for command environment
[6.337s] DEBUG:colcon.colcon_core.event_handler.log_command:Invoking command in '/home/optimus/optimus_v6.3_ws/build/optimus_interfaces': CMAKE_PREFIX_PATH=${CMAKE_PREFIX_PATH}:/home/optimus/optimus_v6.3_ws/install/optimus_description:/opt/ros/humble /usr/bin/cmake --build /home/optimus/optimus_v6.3_ws/build/optimus_interfaces -- -j4 -l4
[8.186s] DEBUG:colcon.colcon_core.event_handler.log_command:Invoked command in '/home/optimus/optimus_v6.3_ws/build/optimus_interfaces' returned '0': CMAKE_PREFIX_PATH=${CMAKE_PREFIX_PATH}:/home/optimus/optimus_v6.3_ws/install/optimus_description:/opt/ros/humble /usr/bin/cmake --build /home/optimus/optimus_v6.3_ws/build/optimus_interfaces -- -j4 -l4
[8.904s] DEBUG:colcon.colcon_core.event_handler.log_command:Invoking command in '/home/optimus/optimus_v6.3_ws/build/optimus_interfaces': CMAKE_PREFIX_PATH=${CMAKE_PREFIX_PATH}:/home/optimus/optimus_v6.3_ws/install/optimus_description:/opt/ros/humble /usr/bin/cmake --install /home/optimus/optimus_v6.3_ws/build/optimus_interfaces
[9.228s] Level 1:colcon.colcon_core.environment:create_environment_scripts_only(optimus_interfaces)
[9.229s] DEBUG:colcon.colcon_core.event_handler.log_command:Invoked command in '/home/optimus/optimus_v6.3_ws/build/optimus_interfaces' returned '0': CMAKE_PREFIX_PATH=${CMAKE_PREFIX_PATH}:/home/optimus/optimus_v6.3_ws/install/optimus_description:/opt/ros/humble /usr/bin/cmake --install /home/optimus/optimus_v6.3_ws/build/optimus_interfaces
[9.303s] Level 1:colcon.colcon_core.environment:checking '/home/optimus/optimus_v6.3_ws/install/optimus_interfaces' for CMake module files
[9.308s] Level 1:colcon.colcon_core.environment:checking '/home/optimus/optimus_v6.3_ws/install/optimus_interfaces' for CMake config files
[9.311s] Level 1:colcon.colcon_core.shell:create_environment_hook('optimus_interfaces', 'cmake_prefix_path')
[9.419s] INFO:colcon.colcon_core.shell:Creating environment hook '/home/optimus/optimus_v6.3_ws/install/optimus_interfaces/share/optimus_interfaces/hook/cmake_prefix_path.ps1'
[9.423s] INFO:colcon.colcon_core.shell:Creating environment descriptor '/home/optimus/optimus_v6.3_ws/install/optimus_interfaces/share/optimus_interfaces/hook/cmake_prefix_path.dsv'
[9.426s] INFO:colcon.colcon_core.shell:Creating environment hook '/home/optimus/optimus_v6.3_ws/install/optimus_interfaces/share/optimus_interfaces/hook/cmake_prefix_path.sh'
[9.430s] Level 1:colcon.colcon_core.environment:checking '/home/optimus/optimus_v6.3_ws/install/optimus_interfaces/lib'
[9.431s] Level 1:colcon.colcon_core.shell:create_environment_hook('optimus_interfaces', 'ld_library_path_lib')
[9.521s] INFO:colcon.colcon_core.shell:Creating environment hook '/home/optimus/optimus_v6.3_ws/install/optimus_interfaces/share/optimus_interfaces/hook/ld_library_path_lib.ps1'
[9.524s] INFO:colcon.colcon_core.shell:Creating environment descriptor '/home/optimus/optimus_v6.3_ws/install/optimus_interfaces/share/optimus_interfaces/hook/ld_library_path_lib.dsv'
[9.526s] INFO:colcon.colcon_core.shell:Creating environment hook '/home/optimus/optimus_v6.3_ws/install/optimus_interfaces/share/optimus_interfaces/hook/ld_library_path_lib.sh'
[9.528s] Level 1:colcon.colcon_core.environment:checking '/home/optimus/optimus_v6.3_ws/install/optimus_interfaces/bin'
[9.529s] Level 1:colcon.colcon_core.environment:checking '/home/optimus/optimus_v6.3_ws/install/optimus_interfaces/lib/pkgconfig/optimus_interfaces.pc'
[9.530s] Level 1:colcon.colcon_core.environment:checking '/home/optimus/optimus_v6.3_ws/install/optimus_interfaces/lib/python3.10/site-packages'
[9.531s] Level 1:colcon.colcon_core.environment:checking '/home/optimus/optimus_v6.3_ws/install/optimus_interfaces/bin'
[9.634s] INFO:colcon.colcon_core.shell:Creating package script '/home/optimus/optimus_v6.3_ws/install/optimus_interfaces/share/optimus_interfaces/package.ps1'
[9.639s] INFO:colcon.colcon_core.shell:Creating package descriptor '/home/optimus/optimus_v6.3_ws/install/optimus_interfaces/share/optimus_interfaces/package.dsv'
[9.643s] INFO:colcon.colcon_core.shell:Creating package script '/home/optimus/optimus_v6.3_ws/install/optimus_interfaces/share/optimus_interfaces/package.sh'
[9.647s] INFO:colcon.colcon_core.shell:Creating package script '/home/optimus/optimus_v6.3_ws/install/optimus_interfaces/share/optimus_interfaces/package.bash'
[9.651s] INFO:colcon.colcon_core.shell:Creating package script '/home/optimus/optimus_v6.3_ws/install/optimus_interfaces/share/optimus_interfaces/package.zsh'
[9.655s] Level 1:colcon.colcon_core.environment:create_file_with_runtime_dependencies(/home/optimus/optimus_v6.3_ws/install/optimus_interfaces/share/colcon-core/packages/optimus_interfaces)
[10.474s] Level 1:colcon.colcon_core.environment:create_environment_scripts_only(optimus_interfaces)
[10.562s] Level 1:colcon.colcon_core.environment:checking '/home/optimus/optimus_v6.3_ws/install/optimus_interfaces' for CMake module files
[10.567s] Level 1:colcon.colcon_core.environment:checking '/home/optimus/optimus_v6.3_ws/install/optimus_interfaces' for CMake config files
[10.570s] Level 1:colcon.colcon_core.shell:create_environment_hook('optimus_interfaces', 'cmake_prefix_path')
[10.662s] INFO:colcon.colcon_core.shell:Creating environment hook '/home/optimus/optimus_v6.3_ws/install/optimus_interfaces/share/optimus_interfaces/hook/cmake_prefix_path.ps1'
[10.664s] INFO:colcon.colcon_core.shell:Creating environment descriptor '/home/optimus/optimus_v6.3_ws/install/optimus_interfaces/share/optimus_interfaces/hook/cmake_prefix_path.dsv'
[10.666s] INFO:colcon.colcon_core.shell:Creating environment hook '/home/optimus/optimus_v6.3_ws/install/optimus_interfaces/share/optimus_interfaces/hook/cmake_prefix_path.sh'
[10.670s] Level 1:colcon.colcon_core.environment:checking '/home/optimus/optimus_v6.3_ws/install/optimus_interfaces/lib'
[10.670s] Level 1:colcon.colcon_core.shell:create_environment_hook('optimus_interfaces', 'ld_library_path_lib')
[10.760s] INFO:colcon.colcon_core.shell:Creating environment hook '/home/optimus/optimus_v6.3_ws/install/optimus_interfaces/share/optimus_interfaces/hook/ld_library_path_lib.ps1'
[10.762s] INFO:colcon.colcon_core.shell:Creating environment descriptor '/home/optimus/optimus_v6.3_ws/install/optimus_interfaces/share/optimus_interfaces/hook/ld_library_path_lib.dsv'
[10.764s] INFO:colcon.colcon_core.shell:Creating environment hook '/home/optimus/optimus_v6.3_ws/install/optimus_interfaces/share/optimus_interfaces/hook/ld_library_path_lib.sh'
[10.767s] Level 1:colcon.colcon_core.environment:checking '/home/optimus/optimus_v6.3_ws/install/optimus_interfaces/bin'
[10.767s] Level 1:colcon.colcon_core.environment:checking '/home/optimus/optimus_v6.3_ws/install/optimus_interfaces/lib/pkgconfig/optimus_interfaces.pc'
[10.769s] Level 1:colcon.colcon_core.environment:checking '/home/optimus/optimus_v6.3_ws/install/optimus_interfaces/lib/python3.10/site-packages'
[10.770s] Level 1:colcon.colcon_core.environment:checking '/home/optimus/optimus_v6.3_ws/install/optimus_interfaces/bin'
[10.872s] INFO:colcon.colcon_core.shell:Creating package script '/home/optimus/optimus_v6.3_ws/install/optimus_interfaces/share/optimus_interfaces/package.ps1'
[10.876s] INFO:colcon.colcon_core.shell:Creating package descriptor '/home/optimus/optimus_v6.3_ws/install/optimus_interfaces/share/optimus_interfaces/package.dsv'
[10.879s] INFO:colcon.colcon_core.shell:Creating package script '/home/optimus/optimus_v6.3_ws/install/optimus_interfaces/share/optimus_interfaces/package.sh'
[10.882s] INFO:colcon.colcon_core.shell:Creating package script '/home/optimus/optimus_v6.3_ws/install/optimus_interfaces/share/optimus_interfaces/package.bash'
[10.885s] INFO:colcon.colcon_core.shell:Creating package script '/home/optimus/optimus_v6.3_ws/install/optimus_interfaces/share/optimus_interfaces/package.zsh'
[10.888s] Level 1:colcon.colcon_core.environment:create_file_with_runtime_dependencies(/home/optimus/optimus_v6.3_ws/install/optimus_interfaces/share/colcon-core/packages/optimus_interfaces)
[10.890s] INFO:colcon.colcon_ros.task.ament_python.build:Building ROS package in '/home/optimus/optimus_v6.3_ws/src/optimus_description' with build type 'ament_python'
[10.891s] Level 1:colcon.colcon_core.shell:create_environment_hook('optimus_description', 'ament_prefix_path')
[11.012s] INFO:colcon.colcon_core.shell:Creating environment hook '/home/optimus/optimus_v6.3_ws/install/optimus_description/share/optimus_description/hook/ament_prefix_path.ps1'
[11.014s] INFO:colcon.colcon_core.shell:Creating environment descriptor '/home/optimus/optimus_v6.3_ws/install/optimus_description/share/optimus_description/hook/ament_prefix_path.dsv'
[11.017s] INFO:colcon.colcon_core.shell:Creating environment hook '/home/optimus/optimus_v6.3_ws/install/optimus_description/share/optimus_description/hook/ament_prefix_path.sh'
[11.123s] INFO:colcon.colcon_core.shell:Skip shell extension 'powershell' for command environment: Not usable outside of PowerShell
[11.124s] DEBUG:colcon.colcon_core.shell:Skip shell extension 'dsv' for command environment
[13.556s] INFO:colcon.colcon_core.task.python.build:Building Python package in '/home/optimus/optimus_v6.3_ws/src/optimus_description'
[13.684s] INFO:colcon.colcon_core.shell:Skip shell extension 'powershell' for command environment: Not usable outside of PowerShell
[13.685s] DEBUG:colcon.colcon_core.shell:Skip shell extension 'dsv' for command environment
[16.695s] DEBUG:colcon.colcon_core.event_handler.log_command:Invoking command in '/home/optimus/optimus_v6.3_ws/src/optimus_description': CMAKE_PREFIX_PATH=/home/optimus/optimus_v6.3_ws/install/optimus_interfaces:/home/optimus/optimus_v6.3_ws/install/optimus_bringup PYTHONPATH=/home/optimus/optimus_v6.3_ws/build/optimus_description/prefix_override:/home/optimus/optimus_v6.3_ws/install/optimus_description/lib/python3.10/site-packages:${PYTHONPATH} /usr/bin/python3 setup.py egg_info --egg-base ../../build/optimus_description build --build-base /home/optimus/optimus_v6.3_ws/build/optimus_description/build install --record /home/optimus/optimus_v6.3_ws/build/optimus_description/install.log --single-version-externally-managed
[18.918s] DEBUG:colcon.colcon_core.event_handler.log_command:Invoked command in '/home/optimus/optimus_v6.3_ws/src/optimus_description' returned '0': CMAKE_PREFIX_PATH=/home/optimus/optimus_v6.3_ws/install/optimus_interfaces:/home/optimus/optimus_v6.3_ws/install/optimus_bringup PYTHONPATH=/home/optimus/optimus_v6.3_ws/build/optimus_description/prefix_override:/home/optimus/optimus_v6.3_ws/install/optimus_description/lib/python3.10/site-packages:${PYTHONPATH} /usr/bin/python3 setup.py egg_info --egg-base ../../build/optimus_description build --build-base /home/optimus/optimus_v6.3_ws/build/optimus_description/build install --record /home/optimus/optimus_v6.3_ws/build/optimus_description/install.log --single-version-externally-managed
[19.032s] Level 1:colcon.colcon_core.environment:checking '/home/optimus/optimus_v6.3_ws/install/optimus_description' for CMake module files
[19.035s] Level 1:colcon.colcon_core.environment:checking '/home/optimus/optimus_v6.3_ws/install/optimus_description' for CMake config files
[19.039s] Level 1:colcon.colcon_core.environment:checking '/home/optimus/optimus_v6.3_ws/install/optimus_description/lib'
[19.039s] Level 1:colcon.colcon_core.environment:checking '/home/optimus/optimus_v6.3_ws/install/optimus_description/bin'
[19.040s] Level 1:colcon.colcon_core.environment:checking '/home/optimus/optimus_v6.3_ws/install/optimus_description/lib/pkgconfig/optimus_description.pc'
[19.041s] Level 1:colcon.colcon_core.environment:checking '/home/optimus/optimus_v6.3_ws/install/optimus_description/lib/python3.10/site-packages'
[19.042s] Level 1:colcon.colcon_core.shell:create_environment_hook('optimus_description', 'pythonpath')
[19.179s] INFO:colcon.colcon_core.shell:Creating environment hook '/home/optimus/optimus_v6.3_ws/install/optimus_description/share/optimus_description/hook/pythonpath.ps1'
[19.182s] INFO:colcon.colcon_core.shell:Creating environment descriptor '/home/optimus/optimus_v6.3_ws/install/optimus_description/share/optimus_description/hook/pythonpath.dsv'
[19.184s] INFO:colcon.colcon_core.shell:Creating environment hook '/home/optimus/optimus_v6.3_ws/install/optimus_description/share/optimus_description/hook/pythonpath.sh'
[19.188s] Level 1:colcon.colcon_core.environment:checking '/home/optimus/optimus_v6.3_ws/install/optimus_description/bin'
[19.189s] Level 1:colcon.colcon_core.environment:create_environment_scripts_only(optimus_description)
[19.322s] INFO:colcon.colcon_core.shell:Creating package script '/home/optimus/optimus_v6.3_ws/install/optimus_description/share/optimus_description/package.ps1'
[19.326s] INFO:colcon.colcon_core.shell:Creating package descriptor '/home/optimus/optimus_v6.3_ws/install/optimus_description/share/optimus_description/package.dsv'
[19.329s] INFO:colcon.colcon_core.shell:Creating package script '/home/optimus/optimus_v6.3_ws/install/optimus_description/share/optimus_description/package.sh'
[19.332s] INFO:colcon.colcon_core.shell:Creating package script '/home/optimus/optimus_v6.3_ws/install/optimus_description/share/optimus_description/package.bash'
[19.335s] INFO:colcon.colcon_core.shell:Creating package script '/home/optimus/optimus_v6.3_ws/install/optimus_description/share/optimus_description/package.zsh'
[19.338s] Level 1:colcon.colcon_core.environment:create_file_with_runtime_dependencies(/home/optimus/optimus_v6.3_ws/install/optimus_description/share/colcon-core/packages/optimus_description)
[19.342s] INFO:colcon.colcon_ros.task.ament_cmake.build:Building ROS package in '/home/optimus/optimus_v6.3_ws/src/optimus_bringup' with build type 'ament_cmake'
[19.343s] INFO:colcon.colcon_cmake.task.cmake.build:Building CMake package in '/home/optimus/optimus_v6.3_ws/src/optimus_bringup'
[19.472s] INFO:colcon.colcon_core.shell:Skip shell extension 'powershell' for command environment: Not usable outside of PowerShell
[19.472s] DEBUG:colcon.colcon_core.shell:Skip shell extension 'dsv' for command environment
[19.851s] DEBUG:colcon.colcon_core.event_handler.log_command:Invoking command in '/home/optimus/optimus_v6.3_ws/build/optimus_bringup': AMENT_PREFIX_PATH=/home/optimus/optimus_v6.3_ws/install/optimus_description:/home/optimus/optimus_v6.3_ws/install/optimus_bringup:/home/optimus/optimus_v6.3_ws/install/optimus_interfaces:/opt/ros/humble CMAKE_PREFIX_PATH=/home/optimus/optimus_v6.3_ws/install/optimus_interfaces:/home/optimus/optimus_v6.3_ws/install/optimus_bringup:/home/optimus/optimus_v6.3_ws/install/optimus_description:/opt/ros/humble /usr/bin/cmake --build /home/optimus/optimus_v6.3_ws/build/optimus_bringup -- -j4 -l4
[20.030s] DEBUG:colcon.colcon_core.event_handler.log_command:Invoked command in '/home/optimus/optimus_v6.3_ws/build/optimus_bringup' returned '0': AMENT_PREFIX_PATH=/home/optimus/optimus_v6.3_ws/install/optimus_description:/home/optimus/optimus_v6.3_ws/install/optimus_bringup:/home/optimus/optimus_v6.3_ws/install/optimus_interfaces:/opt/ros/humble CMAKE_PREFIX_PATH=/home/optimus/optimus_v6.3_ws/install/optimus_interfaces:/home/optimus/optimus_v6.3_ws/install/optimus_bringup:/home/optimus/optimus_v6.3_ws/install/optimus_description:/opt/ros/humble /usr/bin/cmake --build /home/optimus/optimus_v6.3_ws/build/optimus_bringup -- -j4 -l4
[20.160s] DEBUG:colcon.colcon_core.event_handler.log_command:Invoking command in '/home/optimus/optimus_v6.3_ws/build/optimus_bringup': AMENT_PREFIX_PATH=/home/optimus/optimus_v6.3_ws/install/optimus_description:/home/optimus/optimus_v6.3_ws/install/optimus_bringup:/home/optimus/optimus_v6.3_ws/install/optimus_interfaces:/opt/ros/humble CMAKE_PREFIX_PATH=/home/optimus/optimus_v6.3_ws/install/optimus_interfaces:/home/optimus/optimus_v6.3_ws/install/optimus_bringup:/home/optimus/optimus_v6.3_ws/install/optimus_description:/opt/ros/humble /usr/bin/cmake --install /home/optimus/optimus_v6.3_ws/build/optimus_bringup
[20.220s] Level 1:colcon.colcon_core.environment:create_environment_scripts_only(optimus_bringup)
[20.230s] DEBUG:colcon.colcon_core.event_handler.log_command:Invoked command in '/home/optimus/optimus_v6.3_ws/build/optimus_bringup' returned '0': AMENT_PREFIX_PATH=/home/optimus/optimus_v6.3_ws/install/optimus_description:/home/optimus/optimus_v6.3_ws/install/optimus_bringup:/home/optimus/optimus_v6.3_ws/install/optimus_interfaces:/opt/ros/humble CMAKE_PREFIX_PATH=/home/optimus/optimus_v6.3_ws/install/optimus_interfaces:/home/optimus/optimus_v6.3_ws/install/optimus_bringup:/home/optimus/optimus_v6.3_ws/install/optimus_description:/opt/ros/humble /usr/bin/cmake --install /home/optimus/optimus_v6.3_ws/build/optimus_bringup
[20.329s] Level 1:colcon.colcon_core.environment:checking '/home/optimus/optimus_v6.3_ws/install/optimus_bringup' for CMake module files
[20.333s] Level 1:colcon.colcon_core.environment:checking '/home/optimus/optimus_v6.3_ws/install/optimus_bringup' for CMake config files
[20.335s] Level 1:colcon.colcon_core.shell:create_environment_hook('optimus_bringup', 'cmake_prefix_path')
[20.441s] INFO:colcon.colcon_core.shell:Creating environment hook '/home/optimus/optimus_v6.3_ws/install/optimus_bringup/share/optimus_bringup/hook/cmake_prefix_path.ps1'
[20.447s] INFO:colcon.colcon_core.shell:Creating environment descriptor '/home/optimus/optimus_v6.3_ws/install/optimus_bringup/share/optimus_bringup/hook/cmake_prefix_path.dsv'
[20.451s] INFO:colcon.colcon_core.shell:Creating environment hook '/home/optimus/optimus_v6.3_ws/install/optimus_bringup/share/optimus_bringup/hook/cmake_prefix_path.sh'
[20.455s] Level 1:colcon.colcon_core.environment:checking '/home/optimus/optimus_v6.3_ws/install/optimus_bringup/bin'
[20.455s] Level 1:colcon.colcon_core.environment:checking '/home/optimus/optimus_v6.3_ws/install/optimus_bringup/lib/pkgconfig/optimus_bringup.pc'
[20.456s] Level 1:colcon.colcon_core.environment:checking '/home/optimus/optimus_v6.3_ws/install/optimus_bringup/lib/python3.10/site-packages'
[20.457s] Level 1:colcon.colcon_core.environment:checking '/home/optimus/optimus_v6.3_ws/install/optimus_bringup/bin'
[20.562s] INFO:colcon.colcon_core.shell:Creating package script '/home/optimus/optimus_v6.3_ws/install/optimus_bringup/share/optimus_bringup/package.ps1'
[20.565s] INFO:colcon.colcon_core.shell:Creating package descriptor '/home/optimus/optimus_v6.3_ws/install/optimus_bringup/share/optimus_bringup/package.dsv'
[20.568s] INFO:colcon.colcon_core.shell:Creating package script '/home/optimus/optimus_v6.3_ws/install/optimus_bringup/share/optimus_bringup/package.sh'
[20.571s] INFO:colcon.colcon_core.shell:Creating package script '/home/optimus/optimus_v6.3_ws/install/optimus_bringup/share/optimus_bringup/package.bash'
[20.573s] INFO:colcon.colcon_core.shell:Creating package script '/home/optimus/optimus_v6.3_ws/install/optimus_bringup/share/optimus_bringup/package.zsh'
[20.576s] Level 1:colcon.colcon_core.environment:create_file_with_runtime_dependencies(/home/optimus/optimus_v6.3_ws/install/optimus_bringup/share/colcon-core/packages/optimus_bringup)
[20.802s] Level 1:colcon.colcon_core.environment:create_environment_scripts_only(optimus_bringup)
[20.903s] Level 1:colcon.colcon_core.environment:checking '/home/optimus/optimus_v6.3_ws/install/optimus_bringup' for CMake module files
[20.906s] Level 1:colcon.colcon_core.environment:checking '/home/optimus/optimus_v6.3_ws/install/optimus_bringup' for CMake config files
[20.909s] Level 1:colcon.colcon_core.shell:create_environment_hook('optimus_bringup', 'cmake_prefix_path')
[21.008s] INFO:colcon.colcon_core.shell:Creating environment hook '/home/optimus/optimus_v6.3_ws/install/optimus_bringup/share/optimus_bringup/hook/cmake_prefix_path.ps1'
[21.011s] INFO:colcon.colcon_core.shell:Creating environment descriptor '/home/optimus/optimus_v6.3_ws/install/optimus_bringup/share/optimus_bringup/hook/cmake_prefix_path.dsv'
[21.014s] INFO:colcon.colcon_core.shell:Creating environment hook '/home/optimus/optimus_v6.3_ws/install/optimus_bringup/share/optimus_bringup/hook/cmake_prefix_path.sh'
[21.018s] Level 1:colcon.colcon_core.environment:checking '/home/optimus/optimus_v6.3_ws/install/optimus_bringup/bin'
[21.018s] Level 1:colcon.colcon_core.environment:checking '/home/optimus/optimus_v6.3_ws/install/optimus_bringup/lib/pkgconfig/optimus_bringup.pc'
[21.020s] Level 1:colcon.colcon_core.environment:checking '/home/optimus/optimus_v6.3_ws/install/optimus_bringup/lib/python3.10/site-packages'
[21.021s] Level 1:colcon.colcon_core.environment:checking '/home/optimus/optimus_v6.3_ws/install/optimus_bringup/bin'
[21.117s] INFO:colcon.colcon_core.shell:Creating package script '/home/optimus/optimus_v6.3_ws/install/optimus_bringup/share/optimus_bringup/package.ps1'
[21.122s] INFO:colcon.colcon_core.shell:Creating package descriptor '/home/optimus/optimus_v6.3_ws/install/optimus_bringup/share/optimus_bringup/package.dsv'
[21.126s] INFO:colcon.colcon_core.shell:Creating package script '/home/optimus/optimus_v6.3_ws/install/optimus_bringup/share/optimus_bringup/package.sh'
[21.130s] INFO:colcon.colcon_core.shell:Creating package script '/home/optimus/optimus_v6.3_ws/install/optimus_bringup/share/optimus_bringup/package.bash'
[21.134s] INFO:colcon.colcon_core.shell:Creating package script '/home/optimus/optimus_v6.3_ws/install/optimus_bringup/share/optimus_bringup/package.zsh'
[21.137s] Level 1:colcon.colcon_core.environment:create_file_with_runtime_dependencies(/home/optimus/optimus_v6.3_ws/install/optimus_bringup/share/colcon-core/packages/optimus_bringup)
[21.139s] DEBUG:colcon.colcon_parallel_executor.executor.parallel:closing loop
[21.141s] DEBUG:colcon.colcon_parallel_executor.executor.parallel:loop closed
[21.142s] DEBUG:colcon.colcon_parallel_executor.executor.parallel:run_until_complete finished with '0'
[21.142s] DEBUG:colcon.colcon_core.event_reactor:joining thread
[21.283s] INFO:colcon.colcon_core.plugin_system:Skipping extension 'colcon_notification.desktop_notification.terminal_notifier': Not used on non-Darwin systems
[21.284s] INFO:colcon.colcon_core.plugin_system:Skipping extension 'colcon_notification.desktop_notification.win32': Not used on non-Windows systems
[21.284s] INFO:colcon.colcon_notification.desktop_notification:Sending desktop notification using 'notify2'
[21.365s] DEBUG:colcon.colcon_core.event_reactor:joined thread
[21.467s] INFO:colcon.colcon_core.shell:Creating prefix script '/home/optimus/optimus_v6.3_ws/install/local_setup.ps1'
[21.473s] INFO:colcon.colcon_core.shell:Creating prefix util module '/home/optimus/optimus_v6.3_ws/install/_local_setup_util_ps1.py'
[21.479s] INFO:colcon.colcon_core.shell:Creating prefix chain script '/home/optimus/optimus_v6.3_ws/install/setup.ps1'
[21.543s] INFO:colcon.colcon_core.shell:Creating prefix script '/home/optimus/optimus_v6.3_ws/install/local_setup.sh'
[21.546s] INFO:colcon.colcon_core.shell:Creating prefix util module '/home/optimus/optimus_v6.3_ws/install/_local_setup_util_sh.py'
[21.548s] INFO:colcon.colcon_core.shell:Creating prefix chain script '/home/optimus/optimus_v6.3_ws/install/setup.sh'
[21.618s] INFO:colcon.colcon_core.shell:Creating prefix script '/home/optimus/optimus_v6.3_ws/install/local_setup.bash'
[21.620s] INFO:colcon.colcon_core.shell:Creating prefix chain script '/home/optimus/optimus_v6.3_ws/install/setup.bash'
[21.685s] INFO:colcon.colcon_core.shell:Creating prefix script '/home/optimus/optimus_v6.3_ws/install/local_setup.zsh'
[21.687s] INFO:colcon.colcon_core.shell:Creating prefix chain script '/home/optimus/optimus_v6.3_ws/install/setup.zsh'
