[5.558s] Invoking command in '/home/optimus/optimus_v6.3_ws/src/optimus_description': CMAKE_PREFIX_PATH=/home/optimus/optimus_v6.3_ws/install/optimus_interfaces:/home/optimus/optimus_v6.3_ws/install/optimus_bringup PYTHONPATH=/home/optimus/optimus_v6.3_ws/build/optimus_description/prefix_override:/home/optimus/optimus_v6.3_ws/install/optimus_description/lib/python3.10/site-packages:${PYTHONPATH} /usr/bin/python3 setup.py egg_info --egg-base ../../build/optimus_description build --build-base /home/optimus/optimus_v6.3_ws/build/optimus_description/build install --record /home/optimus/optimus_v6.3_ws/build/optimus_description/install.log --single-version-externally-managed
[7.386s] running egg_info
[7.389s] writing ../../build/optimus_description/optimus_description.egg-info/PKG-INFO
[7.392s] writing dependency_links to ../../build/optimus_description/optimus_description.egg-info/dependency_links.txt
[7.395s] writing entry points to ../../build/optimus_description/optimus_description.egg-info/entry_points.txt
[7.397s] writing requirements to ../../build/optimus_description/optimus_description.egg-info/requires.txt
[7.399s] writing top-level names to ../../build/optimus_description/optimus_description.egg-info/top_level.txt
[7.411s] reading manifest file '../../build/optimus_description/optimus_description.egg-info/SOURCES.txt'
[7.416s] writing manifest file '../../build/optimus_description/optimus_description.egg-info/SOURCES.txt'
[7.417s] running build
[7.417s] running build_py
[7.420s] copying optimus_description/optimus_pi_node.py -> /home/optimus/optimus_v6.3_ws/build/optimus_description/build/lib/optimus_description
[7.422s] running install
[7.423s] running install_lib
[7.429s] copying /home/optimus/optimus_v6.3_ws/build/optimus_description/build/lib/optimus_description/optimus_pi_node.py -> /home/optimus/optimus_v6.3_ws/install/optimus_description/lib/python3.10/site-packages/optimus_description
[7.435s] byte-compiling /home/optimus/optimus_v6.3_ws/install/optimus_description/lib/python3.10/site-packages/optimus_description/optimus_pi_node.py to optimus_pi_node.cpython-310.pyc
[7.442s] running install_data
[7.445s] running install_egg_info
[7.455s] removing '/home/optimus/optimus_v6.3_ws/install/optimus_description/lib/python3.10/site-packages/optimus_description-0.0.0-py3.10.egg-info' (and everything under it)
[7.458s] Copying ../../build/optimus_description/optimus_description.egg-info to /home/optimus/optimus_v6.3_ws/install/optimus_description/lib/python3.10/site-packages/optimus_description-0.0.0-py3.10.egg-info
[7.470s] running install_scripts
[7.576s] Installing camera script to /home/optimus/optimus_v6.3_ws/install/optimus_description/lib/optimus_description
[7.577s] Installing lifecycle_manager script to /home/optimus/optimus_v6.3_ws/install/optimus_description/lib/optimus_description
[7.579s] Installing motor_driver script to /home/optimus/optimus_v6.3_ws/install/optimus_description/lib/optimus_description
[7.580s] Installing optimus_pi script to /home/optimus/optimus_v6.3_ws/install/optimus_description/lib/optimus_description
[7.581s] Installing ps4_controller script to /home/optimus/optimus_v6.3_ws/install/optimus_description/lib/optimus_description
[7.582s] Installing ultra_sonic_sensor script to /home/optimus/optimus_v6.3_ws/install/optimus_description/lib/optimus_description
[7.585s] writing list of installed files to '/home/optimus/optimus_v6.3_ws/build/optimus_description/install.log'
[7.736s] Invoked command in '/home/optimus/optimus_v6.3_ws/src/optimus_description' returned '0': CMAKE_PREFIX_PATH=/home/optimus/optimus_v6.3_ws/install/optimus_interfaces:/home/optimus/optimus_v6.3_ws/install/optimus_bringup PYTHONPATH=/home/optimus/optimus_v6.3_ws/build/optimus_description/prefix_override:/home/optimus/optimus_v6.3_ws/install/optimus_description/lib/python3.10/site-packages:${PYTHONPATH} /usr/bin/python3 setup.py egg_info --egg-base ../../build/optimus_description build --build-base /home/optimus/optimus_v6.3_ws/build/optimus_description/build install --record /home/optimus/optimus_v6.3_ws/build/optimus_description/install.log --single-version-externally-managed
