Traceback (most recent call last):
  File "/home/optimus/optimus_v6.3_ws/build/optimus_interfaces/ament_cmake_python/optimus_interfaces/setup.py", line 1, in <module>
    from setuptools import find_packages
  File "/home/optimus/.local/lib/python3.10/site-packages/setuptools/__init__.py", line 16, in <module>
    import setuptools.version
  File "/home/optimus/.local/lib/python3.10/site-packages/setuptools/version.py", line 1, in <module>
    import pkg_resources
  File "/home/optimus/.local/lib/python3.10/site-packages/pkg_resources/__init__.py", line 3243, in <module>
    def _initialize_master_working_set():
  File "/home/optimus/.local/lib/python3.10/site-packages/pkg_resources/__init__.py", line 3226, in _call_aside
    f(*args, **kwargs)
  File "/home/optimus/.local/lib/python3.10/site-packages/pkg_resources/__init__.py", line 3278, in _initialize_master_working_set
    list(map(working_set.add_entry, sys.path))
  File "/home/optimus/.local/lib/python3.10/site-packages/pkg_resources/__init__.py", line 608, in add_entry
    for dist in find_distributions(entry, True):
  File "/home/optimus/.local/lib/python3.10/site-packages/pkg_resources/__init__.py", line 2063, in find_on_path
    for dist in factory(fullpath):
  File "/home/optimus/.local/lib/python3.10/site-packages/pkg_resources/__init__.py", line 2128, in distributions_from_metadata
    yield Distribution.from_location(
  File "/home/optimus/.local/lib/python3.10/site-packages/pkg_resources/__init__.py", line 2583, in from_location
    match = EGG_NAME(basename)
KeyboardInterrupt
gmake[2]: *** [CMakeFiles/ament_cmake_python_build_optimus_interfaces_egg.dir/build.make:70: CMakeFiles/ament_cmake_python_build_optimus_interfaces_egg] Interrupt
gmake[1]: *** [CMakeFiles/Makefile2:447: CMakeFiles/ament_cmake_python_build_optimus_interfaces_egg.dir/all] Interrupt
gmake: *** [Makefile:146: all] Interrupt
