[0.311s] Invoking command in '/home/optimus/optimus_v6.3_ws/build/optimus_interfaces': CMAKE_PREFIX_PATH=${CMAKE_PREFIX_PATH}:/home/optimus/optimus_v6.3_ws/install/optimus_description:/opt/ros/humble /usr/bin/cmake --build /home/optimus/optimus_v6.3_ws/build/optimus_interfaces -- -j4 -l4
[0.521s] [  1%] Built target optimus_interfaces__cpp
[0.542s] [ 12%] Built target optimus_interfaces__rosidl_generator_c
[0.609s] [ 12%] Built target ament_cmake_python_copy_optimus_interfaces
[0.659s] [ 23%] Built target optimus_interfaces__rosidl_typesupport_cpp
[0.666s] [ 34%] Built target optimus_interfaces__rosidl_typesupport_fastrtps_cpp
[0.692s] [ 45%] Built target optimus_interfaces__rosidl_typesupport_introspection_cpp
[0.745s] [ 56%] Built target optimus_interfaces__rosidl_typesupport_fastrtps_c
[0.784s] [ 67%] Built target optimus_interfaces__rosidl_typesupport_introspection_c
[0.788s] [ 78%] Built target optimus_interfaces__rosidl_typesupport_c
[0.875s] [ 78%] Built target optimus_interfaces
[0.976s] [ 80%] Built target optimus_interfaces__py
[1.110s] [ 89%] Built target optimus_interfaces__rosidl_generator_py
[1.272s] [ 92%] Built target optimus_interfaces__rosidl_typesupport_c__pyext
[1.300s] [ 96%] Built target optimus_interfaces__rosidl_typesupport_fastrtps_c__pyext
[1.303s] [100%] Built target optimus_interfaces__rosidl_typesupport_introspection_c__pyext
[2.419s] running egg_info
[2.422s] writing optimus_interfaces.egg-info/PKG-INFO
[2.424s] writing dependency_links to optimus_interfaces.egg-info/dependency_links.txt
[2.425s] writing top-level names to optimus_interfaces.egg-info/top_level.txt
[2.436s] reading manifest file 'optimus_interfaces.egg-info/SOURCES.txt'
[2.438s] writing manifest file 'optimus_interfaces.egg-info/SOURCES.txt'
[2.569s] [100%] Built target ament_cmake_python_build_optimus_interfaces_egg
[2.617s] Invoked command in '/home/optimus/optimus_v6.3_ws/build/optimus_interfaces' returned '0': CMAKE_PREFIX_PATH=${CMAKE_PREFIX_PATH}:/home/optimus/optimus_v6.3_ws/install/optimus_description:/opt/ros/humble /usr/bin/cmake --build /home/optimus/optimus_v6.3_ws/build/optimus_interfaces -- -j4 -l4
[3.334s] Invoking command in '/home/optimus/optimus_v6.3_ws/build/optimus_interfaces': CMAKE_PREFIX_PATH=${CMAKE_PREFIX_PATH}:/home/optimus/optimus_v6.3_ws/install/optimus_description:/opt/ros/humble /usr/bin/cmake --install /home/optimus/optimus_v6.3_ws/build/optimus_interfaces
[3.365s] -- Install configuration: ""
[3.365s] -- Up-to-date: /home/optimus/optimus_v6.3_ws/install/optimus_interfaces/share/ament_index/resource_index/rosidl_interfaces/optimus_interfaces
[3.366s] -- Up-to-date: /home/optimus/optimus_v6.3_ws/install/optimus_interfaces/include/optimus_interfaces/optimus_interfaces
[3.366s] -- Up-to-date: /home/optimus/optimus_v6.3_ws/install/optimus_interfaces/include/optimus_interfaces/optimus_interfaces/action
[3.367s] -- Up-to-date: /home/optimus/optimus_v6.3_ws/install/optimus_interfaces/include/optimus_interfaces/optimus_interfaces/action/control_optimus.h
[3.367s] -- Up-to-date: /home/optimus/optimus_v6.3_ws/install/optimus_interfaces/include/optimus_interfaces/optimus_interfaces/action/detail
[3.367s] -- Up-to-date: /home/optimus/optimus_v6.3_ws/install/optimus_interfaces/include/optimus_interfaces/optimus_interfaces/action/detail/control_optimus__type_support.h
[3.368s] -- Up-to-date: /home/optimus/optimus_v6.3_ws/install/optimus_interfaces/include/optimus_interfaces/optimus_interfaces/action/detail/control_optimus__functions.c
[3.368s] -- Up-to-date: /home/optimus/optimus_v6.3_ws/install/optimus_interfaces/include/optimus_interfaces/optimus_interfaces/action/detail/control_optimus__functions.h
[3.369s] -- Up-to-date: /home/optimus/optimus_v6.3_ws/install/optimus_interfaces/include/optimus_interfaces/optimus_interfaces/action/detail/control_optimus__struct.h
[3.369s] -- Up-to-date: /home/optimus/optimus_v6.3_ws/install/optimus_interfaces/include/optimus_interfaces/optimus_interfaces/srv
[3.370s] -- Up-to-date: /home/optimus/optimus_v6.3_ws/install/optimus_interfaces/include/optimus_interfaces/optimus_interfaces/srv/detail
[3.370s] -- Up-to-date: /home/optimus/optimus_v6.3_ws/install/optimus_interfaces/include/optimus_interfaces/optimus_interfaces/srv/detail/autonomous_driver__functions.h
[3.371s] -- Up-to-date: /home/optimus/optimus_v6.3_ws/install/optimus_interfaces/include/optimus_interfaces/optimus_interfaces/srv/detail/autonomous_driver__functions.c
[3.371s] -- Up-to-date: /home/optimus/optimus_v6.3_ws/install/optimus_interfaces/include/optimus_interfaces/optimus_interfaces/srv/detail/autonomous_driver__struct.h
[3.372s] -- Up-to-date: /home/optimus/optimus_v6.3_ws/install/optimus_interfaces/include/optimus_interfaces/optimus_interfaces/srv/detail/autonomous_driver__type_support.h
[3.373s] -- Up-to-date: /home/optimus/optimus_v6.3_ws/install/optimus_interfaces/include/optimus_interfaces/optimus_interfaces/srv/autonomous_driver.h
[3.373s] -- Up-to-date: /home/optimus/optimus_v6.3_ws/install/optimus_interfaces/include/optimus_interfaces/optimus_interfaces/msg
[3.373s] -- Up-to-date: /home/optimus/optimus_v6.3_ws/install/optimus_interfaces/include/optimus_interfaces/optimus_interfaces/msg/detail
[3.374s] -- Up-to-date: /home/optimus/optimus_v6.3_ws/install/optimus_interfaces/include/optimus_interfaces/optimus_interfaces/msg/detail/motor_driver__struct.h
[3.374s] -- Up-to-date: /home/optimus/optimus_v6.3_ws/install/optimus_interfaces/include/optimus_interfaces/optimus_interfaces/msg/detail/ultra_sonic_range__struct.h
[3.375s] -- Up-to-date: /home/optimus/optimus_v6.3_ws/install/optimus_interfaces/include/optimus_interfaces/optimus_interfaces/msg/detail/ultra_sonic_range__type_support.h
[3.375s] -- Up-to-date: /home/optimus/optimus_v6.3_ws/install/optimus_interfaces/include/optimus_interfaces/optimus_interfaces/msg/detail/motor_driver__functions.c
[3.376s] -- Up-to-date: /home/optimus/optimus_v6.3_ws/install/optimus_interfaces/include/optimus_interfaces/optimus_interfaces/msg/detail/motor_driver__type_support.h
[3.376s] -- Up-to-date: /home/optimus/optimus_v6.3_ws/install/optimus_interfaces/include/optimus_interfaces/optimus_interfaces/msg/detail/ultra_sonic_range__functions.c
[3.376s] -- Up-to-date: /home/optimus/optimus_v6.3_ws/install/optimus_interfaces/include/optimus_interfaces/optimus_interfaces/msg/detail/motor_driver__functions.h
[3.377s] -- Up-to-date: /home/optimus/optimus_v6.3_ws/install/optimus_interfaces/include/optimus_interfaces/optimus_interfaces/msg/detail/ultra_sonic_range__functions.h
[3.377s] -- Up-to-date: /home/optimus/optimus_v6.3_ws/install/optimus_interfaces/include/optimus_interfaces/optimus_interfaces/msg/rosidl_generator_c__visibility_control.h
[3.377s] -- Up-to-date: /home/optimus/optimus_v6.3_ws/install/optimus_interfaces/include/optimus_interfaces/optimus_interfaces/msg/ultra_sonic_range.h
[3.378s] -- Up-to-date: /home/optimus/optimus_v6.3_ws/install/optimus_interfaces/include/optimus_interfaces/optimus_interfaces/msg/motor_driver.h
[3.378s] -- Up-to-date: /home/optimus/optimus_v6.3_ws/install/optimus_interfaces/share/optimus_interfaces/environment/library_path.sh
[3.379s] -- Up-to-date: /home/optimus/optimus_v6.3_ws/install/optimus_interfaces/share/optimus_interfaces/environment/library_path.dsv
[3.380s] -- Up-to-date: /home/optimus/optimus_v6.3_ws/install/optimus_interfaces/lib/liboptimus_interfaces__rosidl_generator_c.so
[3.380s] -- Up-to-date: /home/optimus/optimus_v6.3_ws/install/optimus_interfaces/include/optimus_interfaces/optimus_interfaces
[3.380s] -- Up-to-date: /home/optimus/optimus_v6.3_ws/install/optimus_interfaces/include/optimus_interfaces/optimus_interfaces/action
[3.381s] -- Up-to-date: /home/optimus/optimus_v6.3_ws/install/optimus_interfaces/include/optimus_interfaces/optimus_interfaces/action/detail
[3.381s] -- Up-to-date: /home/optimus/optimus_v6.3_ws/install/optimus_interfaces/include/optimus_interfaces/optimus_interfaces/action/detail/control_optimus__rosidl_typesupport_fastrtps_c.h
[3.382s] -- Up-to-date: /home/optimus/optimus_v6.3_ws/install/optimus_interfaces/include/optimus_interfaces/optimus_interfaces/srv
[3.382s] -- Up-to-date: /home/optimus/optimus_v6.3_ws/install/optimus_interfaces/include/optimus_interfaces/optimus_interfaces/srv/detail
[3.382s] -- Up-to-date: /home/optimus/optimus_v6.3_ws/install/optimus_interfaces/include/optimus_interfaces/optimus_interfaces/srv/detail/autonomous_driver__rosidl_typesupport_fastrtps_c.h
[3.383s] -- Up-to-date: /home/optimus/optimus_v6.3_ws/install/optimus_interfaces/include/optimus_interfaces/optimus_interfaces/msg
[3.383s] -- Up-to-date: /home/optimus/optimus_v6.3_ws/install/optimus_interfaces/include/optimus_interfaces/optimus_interfaces/msg/detail
[3.384s] -- Up-to-date: /home/optimus/optimus_v6.3_ws/install/optimus_interfaces/include/optimus_interfaces/optimus_interfaces/msg/detail/motor_driver__rosidl_typesupport_fastrtps_c.h
[3.384s] -- Up-to-date: /home/optimus/optimus_v6.3_ws/install/optimus_interfaces/include/optimus_interfaces/optimus_interfaces/msg/detail/ultra_sonic_range__rosidl_typesupport_fastrtps_c.h
[3.384s] -- Up-to-date: /home/optimus/optimus_v6.3_ws/install/optimus_interfaces/include/optimus_interfaces/optimus_interfaces/msg/rosidl_typesupport_fastrtps_c__visibility_control.h
[3.385s] -- Up-to-date: /home/optimus/optimus_v6.3_ws/install/optimus_interfaces/lib/liboptimus_interfaces__rosidl_typesupport_fastrtps_c.so
[3.385s] -- Up-to-date: /home/optimus/optimus_v6.3_ws/install/optimus_interfaces/include/optimus_interfaces/optimus_interfaces
[3.386s] -- Up-to-date: /home/optimus/optimus_v6.3_ws/install/optimus_interfaces/include/optimus_interfaces/optimus_interfaces/action
[3.387s] -- Up-to-date: /home/optimus/optimus_v6.3_ws/install/optimus_interfaces/include/optimus_interfaces/optimus_interfaces/action/detail
[3.387s] -- Up-to-date: /home/optimus/optimus_v6.3_ws/install/optimus_interfaces/include/optimus_interfaces/optimus_interfaces/action/detail/control_optimus__type_support.c
[3.388s] -- Up-to-date: /home/optimus/optimus_v6.3_ws/install/optimus_interfaces/include/optimus_interfaces/optimus_interfaces/action/detail/control_optimus__rosidl_typesupport_introspection_c.h
[3.388s] -- Up-to-date: /home/optimus/optimus_v6.3_ws/install/optimus_interfaces/include/optimus_interfaces/optimus_interfaces/srv
[3.389s] -- Up-to-date: /home/optimus/optimus_v6.3_ws/install/optimus_interfaces/include/optimus_interfaces/optimus_interfaces/srv/detail
[3.389s] -- Up-to-date: /home/optimus/optimus_v6.3_ws/install/optimus_interfaces/include/optimus_interfaces/optimus_interfaces/srv/detail/autonomous_driver__type_support.c
[3.389s] -- Up-to-date: /home/optimus/optimus_v6.3_ws/install/optimus_interfaces/include/optimus_interfaces/optimus_interfaces/srv/detail/autonomous_driver__rosidl_typesupport_introspection_c.h
[3.390s] -- Up-to-date: /home/optimus/optimus_v6.3_ws/install/optimus_interfaces/include/optimus_interfaces/optimus_interfaces/msg
[3.391s] -- Up-to-date: /home/optimus/optimus_v6.3_ws/install/optimus_interfaces/include/optimus_interfaces/optimus_interfaces/msg/detail
[3.391s] -- Up-to-date: /home/optimus/optimus_v6.3_ws/install/optimus_interfaces/include/optimus_interfaces/optimus_interfaces/msg/detail/motor_driver__rosidl_typesupport_introspection_c.h
[3.391s] -- Up-to-date: /home/optimus/optimus_v6.3_ws/install/optimus_interfaces/include/optimus_interfaces/optimus_interfaces/msg/detail/ultra_sonic_range__rosidl_typesupport_introspection_c.h
[3.392s] -- Up-to-date: /home/optimus/optimus_v6.3_ws/install/optimus_interfaces/include/optimus_interfaces/optimus_interfaces/msg/detail/motor_driver__type_support.c
[3.392s] -- Up-to-date: /home/optimus/optimus_v6.3_ws/install/optimus_interfaces/include/optimus_interfaces/optimus_interfaces/msg/detail/ultra_sonic_range__type_support.c
[3.392s] -- Up-to-date: /home/optimus/optimus_v6.3_ws/install/optimus_interfaces/include/optimus_interfaces/optimus_interfaces/msg/rosidl_typesupport_introspection_c__visibility_control.h
[3.393s] -- Up-to-date: /home/optimus/optimus_v6.3_ws/install/optimus_interfaces/lib/liboptimus_interfaces__rosidl_typesupport_introspection_c.so
[3.394s] -- Up-to-date: /home/optimus/optimus_v6.3_ws/install/optimus_interfaces/lib/liboptimus_interfaces__rosidl_typesupport_c.so
[3.402s] -- Up-to-date: /home/optimus/optimus_v6.3_ws/install/optimus_interfaces/include/optimus_interfaces/optimus_interfaces
[3.403s] -- Up-to-date: /home/optimus/optimus_v6.3_ws/install/optimus_interfaces/include/optimus_interfaces/optimus_interfaces/action
[3.405s] -- Up-to-date: /home/optimus/optimus_v6.3_ws/install/optimus_interfaces/include/optimus_interfaces/optimus_interfaces/action/detail
[3.406s] -- Up-to-date: /home/optimus/optimus_v6.3_ws/install/optimus_interfaces/include/optimus_interfaces/optimus_interfaces/action/detail/control_optimus__builder.hpp
[3.408s] -- Up-to-date: /home/optimus/optimus_v6.3_ws/install/optimus_interfaces/include/optimus_interfaces/optimus_interfaces/action/detail/control_optimus__traits.hpp
[3.409s] -- Up-to-date: /home/optimus/optimus_v6.3_ws/install/optimus_interfaces/include/optimus_interfaces/optimus_interfaces/action/detail/control_optimus__struct.hpp
[3.410s] -- Up-to-date: /home/optimus/optimus_v6.3_ws/install/optimus_interfaces/include/optimus_interfaces/optimus_interfaces/action/control_optimus.hpp
[3.411s] -- Up-to-date: /home/optimus/optimus_v6.3_ws/install/optimus_interfaces/include/optimus_interfaces/optimus_interfaces/srv
[3.419s] -- Up-to-date: /home/optimus/optimus_v6.3_ws/install/optimus_interfaces/include/optimus_interfaces/optimus_interfaces/srv/detail
[3.420s] -- Up-to-date: /home/optimus/optimus_v6.3_ws/install/optimus_interfaces/include/optimus_interfaces/optimus_interfaces/srv/detail/autonomous_driver__struct.hpp
[3.422s] -- Up-to-date: /home/optimus/optimus_v6.3_ws/install/optimus_interfaces/include/optimus_interfaces/optimus_interfaces/srv/detail/autonomous_driver__builder.hpp
[3.423s] -- Up-to-date: /home/optimus/optimus_v6.3_ws/install/optimus_interfaces/include/optimus_interfaces/optimus_interfaces/srv/detail/autonomous_driver__traits.hpp
[3.423s] -- Up-to-date: /home/optimus/optimus_v6.3_ws/install/optimus_interfaces/include/optimus_interfaces/optimus_interfaces/srv/autonomous_driver.hpp
[3.427s] -- Up-to-date: /home/optimus/optimus_v6.3_ws/install/optimus_interfaces/include/optimus_interfaces/optimus_interfaces/msg
[3.427s] -- Up-to-date: /home/optimus/optimus_v6.3_ws/install/optimus_interfaces/include/optimus_interfaces/optimus_interfaces/msg/detail
[3.428s] -- Up-to-date: /home/optimus/optimus_v6.3_ws/install/optimus_interfaces/include/optimus_interfaces/optimus_interfaces/msg/detail/motor_driver__traits.hpp
[3.429s] -- Up-to-date: /home/optimus/optimus_v6.3_ws/install/optimus_interfaces/include/optimus_interfaces/optimus_interfaces/msg/detail/ultra_sonic_range__builder.hpp
[3.430s] -- Up-to-date: /home/optimus/optimus_v6.3_ws/install/optimus_interfaces/include/optimus_interfaces/optimus_interfaces/msg/detail/ultra_sonic_range__struct.hpp
[3.430s] -- Up-to-date: /home/optimus/optimus_v6.3_ws/install/optimus_interfaces/include/optimus_interfaces/optimus_interfaces/msg/detail/motor_driver__builder.hpp
[3.431s] -- Up-to-date: /home/optimus/optimus_v6.3_ws/install/optimus_interfaces/include/optimus_interfaces/optimus_interfaces/msg/detail/motor_driver__struct.hpp
[3.432s] -- Up-to-date: /home/optimus/optimus_v6.3_ws/install/optimus_interfaces/include/optimus_interfaces/optimus_interfaces/msg/detail/ultra_sonic_range__traits.hpp
[3.433s] -- Up-to-date: /home/optimus/optimus_v6.3_ws/install/optimus_interfaces/include/optimus_interfaces/optimus_interfaces/msg/motor_driver.hpp
[3.433s] -- Up-to-date: /home/optimus/optimus_v6.3_ws/install/optimus_interfaces/include/optimus_interfaces/optimus_interfaces/msg/ultra_sonic_range.hpp
[3.434s] -- Up-to-date: /home/optimus/optimus_v6.3_ws/install/optimus_interfaces/include/optimus_interfaces/optimus_interfaces
[3.435s] -- Up-to-date: /home/optimus/optimus_v6.3_ws/install/optimus_interfaces/include/optimus_interfaces/optimus_interfaces/action
[3.435s] -- Up-to-date: /home/optimus/optimus_v6.3_ws/install/optimus_interfaces/include/optimus_interfaces/optimus_interfaces/action/detail
[3.436s] -- Up-to-date: /home/optimus/optimus_v6.3_ws/install/optimus_interfaces/include/optimus_interfaces/optimus_interfaces/action/detail/dds_fastrtps
[3.436s] -- Up-to-date: /home/optimus/optimus_v6.3_ws/install/optimus_interfaces/include/optimus_interfaces/optimus_interfaces/action/detail/control_optimus__rosidl_typesupport_fastrtps_cpp.hpp
[3.437s] -- Up-to-date: /home/optimus/optimus_v6.3_ws/install/optimus_interfaces/include/optimus_interfaces/optimus_interfaces/srv
[3.438s] -- Up-to-date: /home/optimus/optimus_v6.3_ws/install/optimus_interfaces/include/optimus_interfaces/optimus_interfaces/srv/detail
[3.439s] -- Up-to-date: /home/optimus/optimus_v6.3_ws/install/optimus_interfaces/include/optimus_interfaces/optimus_interfaces/srv/detail/autonomous_driver__rosidl_typesupport_fastrtps_cpp.hpp
[3.439s] -- Up-to-date: /home/optimus/optimus_v6.3_ws/install/optimus_interfaces/include/optimus_interfaces/optimus_interfaces/srv/detail/dds_fastrtps
[3.440s] -- Up-to-date: /home/optimus/optimus_v6.3_ws/install/optimus_interfaces/include/optimus_interfaces/optimus_interfaces/msg
[3.441s] -- Up-to-date: /home/optimus/optimus_v6.3_ws/install/optimus_interfaces/include/optimus_interfaces/optimus_interfaces/msg/detail
[3.442s] -- Up-to-date: /home/optimus/optimus_v6.3_ws/install/optimus_interfaces/include/optimus_interfaces/optimus_interfaces/msg/detail/dds_fastrtps
[3.442s] -- Up-to-date: /home/optimus/optimus_v6.3_ws/install/optimus_interfaces/include/optimus_interfaces/optimus_interfaces/msg/detail/motor_driver__rosidl_typesupport_fastrtps_cpp.hpp
[3.443s] -- Up-to-date: /home/optimus/optimus_v6.3_ws/install/optimus_interfaces/include/optimus_interfaces/optimus_interfaces/msg/detail/ultra_sonic_range__rosidl_typesupport_fastrtps_cpp.hpp
[3.444s] -- Up-to-date: /home/optimus/optimus_v6.3_ws/install/optimus_interfaces/include/optimus_interfaces/optimus_interfaces/msg/rosidl_typesupport_fastrtps_cpp__visibility_control.h
[3.445s] -- Up-to-date: /home/optimus/optimus_v6.3_ws/install/optimus_interfaces/lib/liboptimus_interfaces__rosidl_typesupport_fastrtps_cpp.so
[3.445s] -- Up-to-date: /home/optimus/optimus_v6.3_ws/install/optimus_interfaces/include/optimus_interfaces/optimus_interfaces
[3.446s] -- Up-to-date: /home/optimus/optimus_v6.3_ws/install/optimus_interfaces/include/optimus_interfaces/optimus_interfaces/action
[3.447s] -- Up-to-date: /home/optimus/optimus_v6.3_ws/install/optimus_interfaces/include/optimus_interfaces/optimus_interfaces/action/detail
[3.447s] -- Up-to-date: /home/optimus/optimus_v6.3_ws/install/optimus_interfaces/include/optimus_interfaces/optimus_interfaces/action/detail/control_optimus__rosidl_typesupport_introspection_cpp.hpp
[3.447s] -- Up-to-date: /home/optimus/optimus_v6.3_ws/install/optimus_interfaces/include/optimus_interfaces/optimus_interfaces/action/detail/control_optimus__type_support.cpp
[3.448s] -- Up-to-date: /home/optimus/optimus_v6.3_ws/install/optimus_interfaces/include/optimus_interfaces/optimus_interfaces/srv
[3.448s] -- Up-to-date: /home/optimus/optimus_v6.3_ws/install/optimus_interfaces/include/optimus_interfaces/optimus_interfaces/srv/detail
[3.449s] -- Up-to-date: /home/optimus/optimus_v6.3_ws/install/optimus_interfaces/include/optimus_interfaces/optimus_interfaces/srv/detail/autonomous_driver__type_support.cpp
[3.449s] -- Up-to-date: /home/optimus/optimus_v6.3_ws/install/optimus_interfaces/include/optimus_interfaces/optimus_interfaces/srv/detail/autonomous_driver__rosidl_typesupport_introspection_cpp.hpp
[3.450s] -- Up-to-date: /home/optimus/optimus_v6.3_ws/install/optimus_interfaces/include/optimus_interfaces/optimus_interfaces/msg
[3.450s] -- Up-to-date: /home/optimus/optimus_v6.3_ws/install/optimus_interfaces/include/optimus_interfaces/optimus_interfaces/msg/detail
[3.450s] -- Up-to-date: /home/optimus/optimus_v6.3_ws/install/optimus_interfaces/include/optimus_interfaces/optimus_interfaces/msg/detail/motor_driver__rosidl_typesupport_introspection_cpp.hpp
[3.452s] -- Up-to-date: /home/optimus/optimus_v6.3_ws/install/optimus_interfaces/include/optimus_interfaces/optimus_interfaces/msg/detail/ultra_sonic_range__rosidl_typesupport_introspection_cpp.hpp
[3.453s] -- Up-to-date: /home/optimus/optimus_v6.3_ws/install/optimus_interfaces/include/optimus_interfaces/optimus_interfaces/msg/detail/ultra_sonic_range__type_support.cpp
[3.453s] -- Up-to-date: /home/optimus/optimus_v6.3_ws/install/optimus_interfaces/include/optimus_interfaces/optimus_interfaces/msg/detail/motor_driver__type_support.cpp
[3.454s] -- Up-to-date: /home/optimus/optimus_v6.3_ws/install/optimus_interfaces/lib/liboptimus_interfaces__rosidl_typesupport_introspection_cpp.so
[3.454s] -- Up-to-date: /home/optimus/optimus_v6.3_ws/install/optimus_interfaces/lib/liboptimus_interfaces__rosidl_typesupport_cpp.so
[3.455s] -- Up-to-date: /home/optimus/optimus_v6.3_ws/install/optimus_interfaces/share/optimus_interfaces/environment/pythonpath.sh
[3.455s] -- Up-to-date: /home/optimus/optimus_v6.3_ws/install/optimus_interfaces/share/optimus_interfaces/environment/pythonpath.dsv
[3.456s] -- Up-to-date: /home/optimus/optimus_v6.3_ws/install/optimus_interfaces/local/lib/python3.10/dist-packages/optimus_interfaces-0.0.0-py3.10.egg-info
[3.457s] -- Installing: /home/optimus/optimus_v6.3_ws/install/optimus_interfaces/local/lib/python3.10/dist-packages/optimus_interfaces-0.0.0-py3.10.egg-info/dependency_links.txt
[3.457s] -- Installing: /home/optimus/optimus_v6.3_ws/install/optimus_interfaces/local/lib/python3.10/dist-packages/optimus_interfaces-0.0.0-py3.10.egg-info/top_level.txt
[3.458s] -- Installing: /home/optimus/optimus_v6.3_ws/install/optimus_interfaces/local/lib/python3.10/dist-packages/optimus_interfaces-0.0.0-py3.10.egg-info/SOURCES.txt
[3.458s] -- Installing: /home/optimus/optimus_v6.3_ws/install/optimus_interfaces/local/lib/python3.10/dist-packages/optimus_interfaces-0.0.0-py3.10.egg-info/PKG-INFO
[3.459s] -- Up-to-date: /home/optimus/optimus_v6.3_ws/install/optimus_interfaces/local/lib/python3.10/dist-packages/optimus_interfaces
[3.459s] -- Up-to-date: /home/optimus/optimus_v6.3_ws/install/optimus_interfaces/local/lib/python3.10/dist-packages/optimus_interfaces/optimus_interfaces_s__rosidl_typesupport_c.cpython-310-aarch64-linux-gnu.so
[3.460s] -- Up-to-date: /home/optimus/optimus_v6.3_ws/install/optimus_interfaces/local/lib/python3.10/dist-packages/optimus_interfaces/_optimus_interfaces_s.ep.rosidl_typesupport_fastrtps_c.c
[3.461s] -- Up-to-date: /home/optimus/optimus_v6.3_ws/install/optimus_interfaces/local/lib/python3.10/dist-packages/optimus_interfaces/liboptimus_interfaces__rosidl_generator_py.so
[3.461s] -- Up-to-date: /home/optimus/optimus_v6.3_ws/install/optimus_interfaces/local/lib/python3.10/dist-packages/optimus_interfaces/action
[3.462s] -- Up-to-date: /home/optimus/optimus_v6.3_ws/install/optimus_interfaces/local/lib/python3.10/dist-packages/optimus_interfaces/action/_control_optimus_s.c
[3.463s] -- Up-to-date: /home/optimus/optimus_v6.3_ws/install/optimus_interfaces/local/lib/python3.10/dist-packages/optimus_interfaces/action/_control_optimus.py
[3.465s] -- Up-to-date: /home/optimus/optimus_v6.3_ws/install/optimus_interfaces/local/lib/python3.10/dist-packages/optimus_interfaces/action/__init__.py
[3.465s] -- Up-to-date: /home/optimus/optimus_v6.3_ws/install/optimus_interfaces/local/lib/python3.10/dist-packages/optimus_interfaces/srv
[3.466s] -- Up-to-date: /home/optimus/optimus_v6.3_ws/install/optimus_interfaces/local/lib/python3.10/dist-packages/optimus_interfaces/srv/_autonomous_driver_s.c
[3.466s] -- Up-to-date: /home/optimus/optimus_v6.3_ws/install/optimus_interfaces/local/lib/python3.10/dist-packages/optimus_interfaces/srv/_autonomous_driver.py
[3.467s] -- Up-to-date: /home/optimus/optimus_v6.3_ws/install/optimus_interfaces/local/lib/python3.10/dist-packages/optimus_interfaces/srv/__init__.py
[3.468s] -- Up-to-date: /home/optimus/optimus_v6.3_ws/install/optimus_interfaces/local/lib/python3.10/dist-packages/optimus_interfaces/msg
[3.468s] -- Up-to-date: /home/optimus/optimus_v6.3_ws/install/optimus_interfaces/local/lib/python3.10/dist-packages/optimus_interfaces/msg/_ultra_sonic_range.py
[3.469s] -- Up-to-date: /home/optimus/optimus_v6.3_ws/install/optimus_interfaces/local/lib/python3.10/dist-packages/optimus_interfaces/msg/_motor_driver.py
[3.469s] -- Up-to-date: /home/optimus/optimus_v6.3_ws/install/optimus_interfaces/local/lib/python3.10/dist-packages/optimus_interfaces/msg/_motor_driver_s.c
[3.470s] -- Up-to-date: /home/optimus/optimus_v6.3_ws/install/optimus_interfaces/local/lib/python3.10/dist-packages/optimus_interfaces/msg/__init__.py
[3.470s] -- Up-to-date: /home/optimus/optimus_v6.3_ws/install/optimus_interfaces/local/lib/python3.10/dist-packages/optimus_interfaces/msg/_ultra_sonic_range_s.c
[3.471s] -- Up-to-date: /home/optimus/optimus_v6.3_ws/install/optimus_interfaces/local/lib/python3.10/dist-packages/optimus_interfaces/optimus_interfaces_s__rosidl_typesupport_fastrtps_c.cpython-310-aarch64-linux-gnu.so
[3.471s] -- Up-to-date: /home/optimus/optimus_v6.3_ws/install/optimus_interfaces/local/lib/python3.10/dist-packages/optimus_interfaces/_optimus_interfaces_s.ep.rosidl_typesupport_introspection_c.c
[3.471s] -- Up-to-date: /home/optimus/optimus_v6.3_ws/install/optimus_interfaces/local/lib/python3.10/dist-packages/optimus_interfaces/_optimus_interfaces_s.ep.rosidl_typesupport_c.c
[3.472s] -- Up-to-date: /home/optimus/optimus_v6.3_ws/install/optimus_interfaces/local/lib/python3.10/dist-packages/optimus_interfaces/__init__.py
[3.472s] -- Up-to-date: /home/optimus/optimus_v6.3_ws/install/optimus_interfaces/local/lib/python3.10/dist-packages/optimus_interfaces/optimus_interfaces_s__rosidl_typesupport_introspection_c.cpython-310-aarch64-linux-gnu.so
[3.611s] Listing '/home/optimus/optimus_v6.3_ws/install/optimus_interfaces/local/lib/python3.10/dist-packages/optimus_interfaces'...
[3.612s] Listing '/home/optimus/optimus_v6.3_ws/install/optimus_interfaces/local/lib/python3.10/dist-packages/optimus_interfaces/action'...
[3.613s] Listing '/home/optimus/optimus_v6.3_ws/install/optimus_interfaces/local/lib/python3.10/dist-packages/optimus_interfaces/msg'...
[3.614s] Listing '/home/optimus/optimus_v6.3_ws/install/optimus_interfaces/local/lib/python3.10/dist-packages/optimus_interfaces/srv'...
[3.634s] -- Up-to-date: /home/optimus/optimus_v6.3_ws/install/optimus_interfaces/local/lib/python3.10/dist-packages/optimus_interfaces/optimus_interfaces_s__rosidl_typesupport_fastrtps_c.cpython-310-aarch64-linux-gnu.so
[3.637s] -- Up-to-date: /home/optimus/optimus_v6.3_ws/install/optimus_interfaces/local/lib/python3.10/dist-packages/optimus_interfaces/optimus_interfaces_s__rosidl_typesupport_introspection_c.cpython-310-aarch64-linux-gnu.so
[3.640s] -- Up-to-date: /home/optimus/optimus_v6.3_ws/install/optimus_interfaces/local/lib/python3.10/dist-packages/optimus_interfaces/optimus_interfaces_s__rosidl_typesupport_c.cpython-310-aarch64-linux-gnu.so
[3.642s] -- Up-to-date: /home/optimus/optimus_v6.3_ws/install/optimus_interfaces/lib/liboptimus_interfaces__rosidl_generator_py.so
[3.644s] -- Up-to-date: /home/optimus/optimus_v6.3_ws/install/optimus_interfaces/share/optimus_interfaces/msg/MotorDriver.idl
[3.645s] -- Up-to-date: /home/optimus/optimus_v6.3_ws/install/optimus_interfaces/share/optimus_interfaces/msg/UltraSonicRange.idl
[3.645s] -- Up-to-date: /home/optimus/optimus_v6.3_ws/install/optimus_interfaces/share/optimus_interfaces/srv/AutonomousDriver.idl
[3.646s] -- Up-to-date: /home/optimus/optimus_v6.3_ws/install/optimus_interfaces/share/optimus_interfaces/action/ControlOptimus.idl
[3.646s] -- Up-to-date: /home/optimus/optimus_v6.3_ws/install/optimus_interfaces/share/optimus_interfaces/msg/MotorDriver.msg
[3.647s] -- Up-to-date: /home/optimus/optimus_v6.3_ws/install/optimus_interfaces/share/optimus_interfaces/msg/UltraSonicRange.msg
[3.648s] -- Up-to-date: /home/optimus/optimus_v6.3_ws/install/optimus_interfaces/share/optimus_interfaces/srv/AutonomousDriver.srv
[3.648s] -- Up-to-date: /home/optimus/optimus_v6.3_ws/install/optimus_interfaces/share/optimus_interfaces/srv/AutonomousDriver_Request.msg
[3.648s] -- Up-to-date: /home/optimus/optimus_v6.3_ws/install/optimus_interfaces/share/optimus_interfaces/srv/AutonomousDriver_Response.msg
[3.649s] -- Up-to-date: /home/optimus/optimus_v6.3_ws/install/optimus_interfaces/share/optimus_interfaces/action/ControlOptimus.action
[3.649s] -- Up-to-date: /home/optimus/optimus_v6.3_ws/install/optimus_interfaces/share/ament_index/resource_index/package_run_dependencies/optimus_interfaces
[3.650s] -- Up-to-date: /home/optimus/optimus_v6.3_ws/install/optimus_interfaces/share/ament_index/resource_index/parent_prefix_path/optimus_interfaces
[3.650s] -- Up-to-date: /home/optimus/optimus_v6.3_ws/install/optimus_interfaces/share/optimus_interfaces/environment/ament_prefix_path.sh
[3.651s] -- Up-to-date: /home/optimus/optimus_v6.3_ws/install/optimus_interfaces/share/optimus_interfaces/environment/ament_prefix_path.dsv
[3.651s] -- Up-to-date: /home/optimus/optimus_v6.3_ws/install/optimus_interfaces/share/optimus_interfaces/environment/path.sh
[3.652s] -- Up-to-date: /home/optimus/optimus_v6.3_ws/install/optimus_interfaces/share/optimus_interfaces/environment/path.dsv
[3.652s] -- Up-to-date: /home/optimus/optimus_v6.3_ws/install/optimus_interfaces/share/optimus_interfaces/local_setup.bash
[3.653s] -- Up-to-date: /home/optimus/optimus_v6.3_ws/install/optimus_interfaces/share/optimus_interfaces/local_setup.sh
[3.653s] -- Up-to-date: /home/optimus/optimus_v6.3_ws/install/optimus_interfaces/share/optimus_interfaces/local_setup.zsh
[3.654s] -- Up-to-date: /home/optimus/optimus_v6.3_ws/install/optimus_interfaces/share/optimus_interfaces/local_setup.dsv
[3.654s] -- Installing: /home/optimus/optimus_v6.3_ws/install/optimus_interfaces/share/optimus_interfaces/package.dsv
[3.655s] -- Up-to-date: /home/optimus/optimus_v6.3_ws/install/optimus_interfaces/share/ament_index/resource_index/packages/optimus_interfaces
[3.656s] -- Up-to-date: /home/optimus/optimus_v6.3_ws/install/optimus_interfaces/share/optimus_interfaces/cmake/export_optimus_interfaces__rosidl_generator_cExport.cmake
[3.657s] -- Up-to-date: /home/optimus/optimus_v6.3_ws/install/optimus_interfaces/share/optimus_interfaces/cmake/export_optimus_interfaces__rosidl_generator_cExport-noconfig.cmake
[3.658s] -- Up-to-date: /home/optimus/optimus_v6.3_ws/install/optimus_interfaces/share/optimus_interfaces/cmake/export_optimus_interfaces__rosidl_typesupport_fastrtps_cExport.cmake
[3.658s] -- Up-to-date: /home/optimus/optimus_v6.3_ws/install/optimus_interfaces/share/optimus_interfaces/cmake/export_optimus_interfaces__rosidl_typesupport_fastrtps_cExport-noconfig.cmake
[3.659s] -- Up-to-date: /home/optimus/optimus_v6.3_ws/install/optimus_interfaces/share/optimus_interfaces/cmake/optimus_interfaces__rosidl_typesupport_introspection_cExport.cmake
[3.660s] -- Up-to-date: /home/optimus/optimus_v6.3_ws/install/optimus_interfaces/share/optimus_interfaces/cmake/optimus_interfaces__rosidl_typesupport_introspection_cExport-noconfig.cmake
[3.661s] -- Up-to-date: /home/optimus/optimus_v6.3_ws/install/optimus_interfaces/share/optimus_interfaces/cmake/optimus_interfaces__rosidl_typesupport_cExport.cmake
[3.662s] -- Up-to-date: /home/optimus/optimus_v6.3_ws/install/optimus_interfaces/share/optimus_interfaces/cmake/optimus_interfaces__rosidl_typesupport_cExport-noconfig.cmake
[3.664s] -- Up-to-date: /home/optimus/optimus_v6.3_ws/install/optimus_interfaces/share/optimus_interfaces/cmake/export_optimus_interfaces__rosidl_generator_cppExport.cmake
[3.665s] -- Up-to-date: /home/optimus/optimus_v6.3_ws/install/optimus_interfaces/share/optimus_interfaces/cmake/export_optimus_interfaces__rosidl_typesupport_fastrtps_cppExport.cmake
[3.665s] -- Up-to-date: /home/optimus/optimus_v6.3_ws/install/optimus_interfaces/share/optimus_interfaces/cmake/export_optimus_interfaces__rosidl_typesupport_fastrtps_cppExport-noconfig.cmake
[3.666s] -- Up-to-date: /home/optimus/optimus_v6.3_ws/install/optimus_interfaces/share/optimus_interfaces/cmake/optimus_interfaces__rosidl_typesupport_introspection_cppExport.cmake
[3.667s] -- Up-to-date: /home/optimus/optimus_v6.3_ws/install/optimus_interfaces/share/optimus_interfaces/cmake/optimus_interfaces__rosidl_typesupport_introspection_cppExport-noconfig.cmake
[3.668s] -- Up-to-date: /home/optimus/optimus_v6.3_ws/install/optimus_interfaces/share/optimus_interfaces/cmake/optimus_interfaces__rosidl_typesupport_cppExport.cmake
[3.669s] -- Up-to-date: /home/optimus/optimus_v6.3_ws/install/optimus_interfaces/share/optimus_interfaces/cmake/optimus_interfaces__rosidl_typesupport_cppExport-noconfig.cmake
[3.670s] -- Up-to-date: /home/optimus/optimus_v6.3_ws/install/optimus_interfaces/share/optimus_interfaces/cmake/export_optimus_interfaces__rosidl_generator_pyExport.cmake
[3.670s] -- Up-to-date: /home/optimus/optimus_v6.3_ws/install/optimus_interfaces/share/optimus_interfaces/cmake/export_optimus_interfaces__rosidl_generator_pyExport-noconfig.cmake
[3.671s] -- Up-to-date: /home/optimus/optimus_v6.3_ws/install/optimus_interfaces/share/optimus_interfaces/cmake/rosidl_cmake-extras.cmake
[3.672s] -- Up-to-date: /home/optimus/optimus_v6.3_ws/install/optimus_interfaces/share/optimus_interfaces/cmake/ament_cmake_export_dependencies-extras.cmake
[3.672s] -- Up-to-date: /home/optimus/optimus_v6.3_ws/install/optimus_interfaces/share/optimus_interfaces/cmake/ament_cmake_export_include_directories-extras.cmake
[3.673s] -- Up-to-date: /home/optimus/optimus_v6.3_ws/install/optimus_interfaces/share/optimus_interfaces/cmake/ament_cmake_export_libraries-extras.cmake
[3.673s] -- Up-to-date: /home/optimus/optimus_v6.3_ws/install/optimus_interfaces/share/optimus_interfaces/cmake/ament_cmake_export_targets-extras.cmake
[3.674s] -- Up-to-date: /home/optimus/optimus_v6.3_ws/install/optimus_interfaces/share/optimus_interfaces/cmake/rosidl_cmake_export_typesupport_targets-extras.cmake
[3.675s] -- Up-to-date: /home/optimus/optimus_v6.3_ws/install/optimus_interfaces/share/optimus_interfaces/cmake/rosidl_cmake_export_typesupport_libraries-extras.cmake
[3.675s] -- Up-to-date: /home/optimus/optimus_v6.3_ws/install/optimus_interfaces/share/optimus_interfaces/cmake/optimus_interfacesConfig.cmake
[3.676s] -- Up-to-date: /home/optimus/optimus_v6.3_ws/install/optimus_interfaces/share/optimus_interfaces/cmake/optimus_interfacesConfig-version.cmake
[3.677s] -- Up-to-date: /home/optimus/optimus_v6.3_ws/install/optimus_interfaces/share/optimus_interfaces/package.xml
[3.684s] Invoked command in '/home/optimus/optimus_v6.3_ws/build/optimus_interfaces' returned '0': CMAKE_PREFIX_PATH=${CMAKE_PREFIX_PATH}:/home/optimus/optimus_v6.3_ws/install/optimus_description:/opt/ros/humble /usr/bin/cmake --install /home/optimus/optimus_v6.3_ws/build/optimus_interfaces
