[0.414s] Invoking command in '/home/optimus/optimus_v6.3_ws/build/optimus_bringup': AMENT_PREFIX_PATH=/home/optimus/optimus_v6.3_ws/install/optimus_description:/home/optimus/optimus_v6.3_ws/install/optimus_bringup:/home/optimus/optimus_v6.3_ws/install/optimus_interfaces:/opt/ros/humble CMAKE_PREFIX_PATH=/home/optimus/optimus_v6.3_ws/install/optimus_interfaces:/home/optimus/optimus_v6.3_ws/install/optimus_bringup:/home/optimus/optimus_v6.3_ws/install/optimus_description:/opt/ros/humble /usr/bin/cmake --build /home/optimus/optimus_v6.3_ws/build/optimus_bringup -- -j4 -l4
[0.567s] Invoked command in '/home/optimus/optimus_v6.3_ws/build/optimus_bringup' returned '0': AMENT_PREFIX_PATH=/home/optimus/optimus_v6.3_ws/install/optimus_description:/home/optimus/optimus_v6.3_ws/install/optimus_bringup:/home/optimus/optimus_v6.3_ws/install/optimus_interfaces:/opt/ros/humble CMAKE_PREFIX_PATH=/home/optimus/optimus_v6.3_ws/install/optimus_interfaces:/home/optimus/optimus_v6.3_ws/install/optimus_bringup:/home/optimus/optimus_v6.3_ws/install/optimus_description:/opt/ros/humble /usr/bin/cmake --build /home/optimus/optimus_v6.3_ws/build/optimus_bringup -- -j4 -l4
[0.702s] Invoking command in '/home/optimus/optimus_v6.3_ws/build/optimus_bringup': AMENT_PREFIX_PATH=/home/optimus/optimus_v6.3_ws/install/optimus_description:/home/optimus/optimus_v6.3_ws/install/optimus_bringup:/home/optimus/optimus_v6.3_ws/install/optimus_interfaces:/opt/ros/humble CMAKE_PREFIX_PATH=/home/optimus/optimus_v6.3_ws/install/optimus_interfaces:/home/optimus/optimus_v6.3_ws/install/optimus_bringup:/home/optimus/optimus_v6.3_ws/install/optimus_description:/opt/ros/humble /usr/bin/cmake --install /home/optimus/optimus_v6.3_ws/build/optimus_bringup
[0.740s] -- Install configuration: ""
[0.741s] -- Up-to-date: /home/optimus/optimus_v6.3_ws/install/optimus_bringup/share/optimus_bringup/launch
[0.742s] -- Up-to-date: /home/optimus/optimus_v6.3_ws/install/optimus_bringup/share/optimus_bringup/launch/optimus_pi_bot.launch.xml
[0.745s] -- Up-to-date: /home/optimus/optimus_v6.3_ws/install/optimus_bringup/share/optimus_bringup/launch/optimus_pi_bot.launch.py
[0.748s] -- Up-to-date: /home/optimus/optimus_v6.3_ws/install/optimus_bringup/share/optimus_bringup/launch/camera.launch.xml
[0.749s] -- Up-to-date: /home/optimus/optimus_v6.3_ws/install/optimus_bringup/share/ament_index/resource_index/package_run_dependencies/optimus_bringup
[0.750s] -- Up-to-date: /home/optimus/optimus_v6.3_ws/install/optimus_bringup/share/ament_index/resource_index/parent_prefix_path/optimus_bringup
[0.751s] -- Up-to-date: /home/optimus/optimus_v6.3_ws/install/optimus_bringup/share/optimus_bringup/environment/ament_prefix_path.sh
[0.753s] -- Up-to-date: /home/optimus/optimus_v6.3_ws/install/optimus_bringup/share/optimus_bringup/environment/ament_prefix_path.dsv
[0.755s] -- Up-to-date: /home/optimus/optimus_v6.3_ws/install/optimus_bringup/share/optimus_bringup/environment/path.sh
[0.756s] -- Up-to-date: /home/optimus/optimus_v6.3_ws/install/optimus_bringup/share/optimus_bringup/environment/path.dsv
[0.757s] -- Up-to-date: /home/optimus/optimus_v6.3_ws/install/optimus_bringup/share/optimus_bringup/local_setup.bash
[0.758s] -- Up-to-date: /home/optimus/optimus_v6.3_ws/install/optimus_bringup/share/optimus_bringup/local_setup.sh
[0.759s] -- Up-to-date: /home/optimus/optimus_v6.3_ws/install/optimus_bringup/share/optimus_bringup/local_setup.zsh
[0.760s] -- Up-to-date: /home/optimus/optimus_v6.3_ws/install/optimus_bringup/share/optimus_bringup/local_setup.dsv
[0.761s] -- Installing: /home/optimus/optimus_v6.3_ws/install/optimus_bringup/share/optimus_bringup/package.dsv
[0.763s] -- Up-to-date: /home/optimus/optimus_v6.3_ws/install/optimus_bringup/share/ament_index/resource_index/packages/optimus_bringup
[0.777s] -- Up-to-date: /home/optimus/optimus_v6.3_ws/install/optimus_bringup/share/optimus_bringup/cmake/optimus_bringupConfig.cmake
[0.778s] -- Up-to-date: /home/optimus/optimus_v6.3_ws/install/optimus_bringup/share/optimus_bringup/cmake/optimus_bringupConfig-version.cmake
[0.779s] -- Up-to-date: /home/optimus/optimus_v6.3_ws/install/optimus_bringup/share/optimus_bringup/package.xml
[0.780s] Invoked command in '/home/optimus/optimus_v6.3_ws/build/optimus_bringup' returned '0': AMENT_PREFIX_PATH=/home/optimus/optimus_v6.3_ws/install/optimus_description:/home/optimus/optimus_v6.3_ws/install/optimus_bringup:/home/optimus/optimus_v6.3_ws/install/optimus_interfaces:/opt/ros/humble CMAKE_PREFIX_PATH=/home/optimus/optimus_v6.3_ws/install/optimus_interfaces:/home/optimus/optimus_v6.3_ws/install/optimus_bringup:/home/optimus/optimus_v6.3_ws/install/optimus_description:/opt/ros/humble /usr/bin/cmake --install /home/optimus/optimus_v6.3_ws/build/optimus_bringup
