[5.180s] Invoking command in '/home/optimus/optimus_v6.3_ws/src/optimus_description': CMAKE_PREFIX_PATH=/home/optimus/optimus_v6.3_ws/install/optimus_interfaces:/home/optimus/optimus_v6.3_ws/install/optimus_bringup PYTHONPATH=/home/optimus/optimus_v6.3_ws/build/optimus_description/prefix_override:/home/optimus/optimus_v6.3_ws/install/optimus_description/lib/python3.10/site-packages:${PYTHONPATH} /usr/bin/python3 setup.py egg_info --egg-base ../../build/optimus_description build --build-base /home/optimus/optimus_v6.3_ws/build/optimus_description/build install --record /home/optimus/optimus_v6.3_ws/build/optimus_description/install.log --single-version-externally-managed
[7.095s] running egg_info
[7.099s] writing ../../build/optimus_description/optimus_description.egg-info/PKG-INFO
[7.100s] writing dependency_links to ../../build/optimus_description/optimus_description.egg-info/dependency_links.txt
[7.102s] writing entry points to ../../build/optimus_description/optimus_description.egg-info/entry_points.txt
[7.103s] writing requirements to ../../build/optimus_description/optimus_description.egg-info/requires.txt
[7.104s] writing top-level names to ../../build/optimus_description/optimus_description.egg-info/top_level.txt
[7.119s] reading manifest file '../../build/optimus_description/optimus_description.egg-info/SOURCES.txt'
[7.124s] writing manifest file '../../build/optimus_description/optimus_description.egg-info/SOURCES.txt'
[7.125s] running build
[7.126s] running build_py
[7.129s] running install
[7.131s] running install_lib
[7.139s] running install_data
[7.143s] running install_egg_info
[7.151s] removing '/home/optimus/optimus_v6.3_ws/install/optimus_description/lib/python3.10/site-packages/optimus_description-0.0.0-py3.10.egg-info' (and everything under it)
[7.153s] Copying ../../build/optimus_description/optimus_description.egg-info to /home/optimus/optimus_v6.3_ws/install/optimus_description/lib/python3.10/site-packages/optimus_description-0.0.0-py3.10.egg-info
[7.163s] running install_scripts
[7.260s] Installing camera script to /home/optimus/optimus_v6.3_ws/install/optimus_description/lib/optimus_description
[7.261s] Installing lifecycle_manager script to /home/optimus/optimus_v6.3_ws/install/optimus_description/lib/optimus_description
[7.263s] Installing motor_driver script to /home/optimus/optimus_v6.3_ws/install/optimus_description/lib/optimus_description
[7.264s] Installing optimus_pi script to /home/optimus/optimus_v6.3_ws/install/optimus_description/lib/optimus_description
[7.266s] Installing ps4_controller script to /home/optimus/optimus_v6.3_ws/install/optimus_description/lib/optimus_description
[7.267s] Installing ultra_sonic_sensor script to /home/optimus/optimus_v6.3_ws/install/optimus_description/lib/optimus_description
[7.269s] writing list of installed files to '/home/optimus/optimus_v6.3_ws/build/optimus_description/install.log'
[7.460s] Invoked command in '/home/optimus/optimus_v6.3_ws/src/optimus_description' returned '0': CMAKE_PREFIX_PATH=/home/optimus/optimus_v6.3_ws/install/optimus_interfaces:/home/optimus/optimus_v6.3_ws/install/optimus_bringup PYTHONPATH=/home/optimus/optimus_v6.3_ws/build/optimus_description/prefix_override:/home/optimus/optimus_v6.3_ws/install/optimus_description/lib/python3.10/site-packages:${PYTHONPATH} /usr/bin/python3 setup.py egg_info --egg-base ../../build/optimus_description build --build-base /home/optimus/optimus_v6.3_ws/build/optimus_description/build install --record /home/optimus/optimus_v6.3_ws/build/optimus_description/install.log --single-version-externally-managed
