[4.314s] DEBUG:colcon:Command line arguments: ['/usr/bin/colcon', 'build', '--packages-select', 'optimus_description', '--symlink-install']
[4.314s] DEBUG:colcon:Parsed command line arguments: Namespace(log_base=None, log_level=None, verb_name='build', build_base='build', install_base='install', merge_install=False, symlink_install=True, test_result_base=None, continue_on_error=False, executor='parallel', parallel_workers=4, event_handlers=None, ignore_user_meta=False, metas=['./colcon.meta'], base_paths=['.'], packages_ignore=None, packages_ignore_regex=None, paths=None, packages_up_to=None, packages_up_to_regex=None, packages_above=None, packages_above_and_dependencies=None, packages_above_depth=None, packages_select_by_dep=None, packages_skip_by_dep=None, packages_skip_up_to=None, packages_select_build_failed=False, packages_skip_build_finished=False, packages_select_test_failures=False, packages_skip_test_passed=False, packages_select=['optimus_description'], packages_skip=None, packages_select_regex=None, packages_skip_regex=None, packages_start=None, packages_end=None, allow_overriding=[], cmake_args=None, cmake_target=None, cmake_target_skip_unavailable=False, cmake_clean_cache=False, cmake_clean_first=False, cmake_force_configure=False, ament_cmake_args=None, catkin_cmake_args=None, catkin_skip_building_tests=False, verb_parser=<colcon_defaults.argument_parser.defaults.DefaultArgumentsDecorator object at 0xffffa9205b40>, verb_extension=<colcon_core.verb.build.BuildVerb object at 0xffffa94f8be0>, main=<bound method BuildVerb.main of <colcon_core.verb.build.BuildVerb object at 0xffffa94f8be0>>)
[4.509s] Level 1:colcon.colcon_core.package_discovery:discover_packages(colcon_meta) check parameters
[4.510s] Level 1:colcon.colcon_core.package_discovery:discover_packages(recursive) check parameters
[4.510s] Level 1:colcon.colcon_core.package_discovery:discover_packages(ignore) check parameters
[4.510s] Level 1:colcon.colcon_core.package_discovery:discover_packages(path) check parameters
[4.510s] Level 1:colcon.colcon_core.package_discovery:discover_packages(colcon_meta) discover
[4.511s] Level 1:colcon.colcon_core.package_discovery:discover_packages(recursive) discover
[4.511s] INFO:colcon.colcon_core.package_discovery:Crawling recursively for packages in '/home/optimus/optimus_v6.3_ws'
[4.511s] Level 1:colcon.colcon_core.package_identification:_identify(.) by extensions ['ignore', 'ignore_ament_install']
[4.512s] Level 1:colcon.colcon_core.package_identification:_identify(.) by extension 'ignore'
[4.512s] Level 1:colcon.colcon_core.package_identification:_identify(.) by extension 'ignore_ament_install'
[4.512s] Level 1:colcon.colcon_core.package_identification:_identify(.) by extensions ['colcon_pkg']
[4.512s] Level 1:colcon.colcon_core.package_identification:_identify(.) by extension 'colcon_pkg'
[4.513s] Level 1:colcon.colcon_core.package_identification:_identify(.) by extensions ['colcon_meta']
[4.513s] Level 1:colcon.colcon_core.package_identification:_identify(.) by extension 'colcon_meta'
[4.513s] Level 1:colcon.colcon_core.package_identification:_identify(.) by extensions ['ros']
[4.513s] Level 1:colcon.colcon_core.package_identification:_identify(.) by extension 'ros'
[4.560s] Level 1:colcon.colcon_core.package_identification:_identify(.) by extensions ['cmake', 'python']
[4.560s] Level 1:colcon.colcon_core.package_identification:_identify(.) by extension 'cmake'
[4.560s] Level 1:colcon.colcon_core.package_identification:_identify(.) by extension 'python'
[4.560s] Level 1:colcon.colcon_core.package_identification:_identify(.) by extensions ['python_setup_py']
[4.560s] Level 1:colcon.colcon_core.package_identification:_identify(.) by extension 'python_setup_py'
[4.561s] Level 1:colcon.colcon_core.package_identification:_identify(build) by extensions ['ignore', 'ignore_ament_install']
[4.561s] Level 1:colcon.colcon_core.package_identification:_identify(build) by extension 'ignore'
[4.562s] Level 1:colcon.colcon_core.package_identification:_identify(build) ignored
[4.562s] Level 1:colcon.colcon_core.package_identification:_identify(install) by extensions ['ignore', 'ignore_ament_install']
[4.563s] Level 1:colcon.colcon_core.package_identification:_identify(install) by extension 'ignore'
[4.563s] Level 1:colcon.colcon_core.package_identification:_identify(install) ignored
[4.563s] Level 1:colcon.colcon_core.package_identification:_identify(log) by extensions ['ignore', 'ignore_ament_install']
[4.564s] Level 1:colcon.colcon_core.package_identification:_identify(log) by extension 'ignore'
[4.564s] Level 1:colcon.colcon_core.package_identification:_identify(log) ignored
[4.564s] Level 1:colcon.colcon_core.package_identification:_identify(src) by extensions ['ignore', 'ignore_ament_install']
[4.565s] Level 1:colcon.colcon_core.package_identification:_identify(src) by extension 'ignore'
[4.565s] Level 1:colcon.colcon_core.package_identification:_identify(src) by extension 'ignore_ament_install'
[4.565s] Level 1:colcon.colcon_core.package_identification:_identify(src) by extensions ['colcon_pkg']
[4.565s] Level 1:colcon.colcon_core.package_identification:_identify(src) by extension 'colcon_pkg'
[4.565s] Level 1:colcon.colcon_core.package_identification:_identify(src) by extensions ['colcon_meta']
[4.565s] Level 1:colcon.colcon_core.package_identification:_identify(src) by extension 'colcon_meta'
[4.566s] Level 1:colcon.colcon_core.package_identification:_identify(src) by extensions ['ros']
[4.566s] Level 1:colcon.colcon_core.package_identification:_identify(src) by extension 'ros'
[4.566s] Level 1:colcon.colcon_core.package_identification:_identify(src) by extensions ['cmake', 'python']
[4.566s] Level 1:colcon.colcon_core.package_identification:_identify(src) by extension 'cmake'
[4.567s] Level 1:colcon.colcon_core.package_identification:_identify(src) by extension 'python'
[4.567s] Level 1:colcon.colcon_core.package_identification:_identify(src) by extensions ['python_setup_py']
[4.567s] Level 1:colcon.colcon_core.package_identification:_identify(src) by extension 'python_setup_py'
[4.567s] Level 1:colcon.colcon_core.package_identification:_identify(src/optimus_bringup) by extensions ['ignore', 'ignore_ament_install']
[4.568s] Level 1:colcon.colcon_core.package_identification:_identify(src/optimus_bringup) by extension 'ignore'
[4.568s] Level 1:colcon.colcon_core.package_identification:_identify(src/optimus_bringup) by extension 'ignore_ament_install'
[4.568s] Level 1:colcon.colcon_core.package_identification:_identify(src/optimus_bringup) by extensions ['colcon_pkg']
[4.568s] Level 1:colcon.colcon_core.package_identification:_identify(src/optimus_bringup) by extension 'colcon_pkg'
[4.568s] Level 1:colcon.colcon_core.package_identification:_identify(src/optimus_bringup) by extensions ['colcon_meta']
[4.569s] Level 1:colcon.colcon_core.package_identification:_identify(src/optimus_bringup) by extension 'colcon_meta'
[4.569s] Level 1:colcon.colcon_core.package_identification:_identify(src/optimus_bringup) by extensions ['ros']
[4.569s] Level 1:colcon.colcon_core.package_identification:_identify(src/optimus_bringup) by extension 'ros'
[4.578s] DEBUG:colcon.colcon_core.package_identification:Package 'src/optimus_bringup' with type 'ros.ament_cmake' and name 'optimus_bringup'
[4.578s] Level 1:colcon.colcon_core.package_identification:_identify(src/optimus_description) by extensions ['ignore', 'ignore_ament_install']
[4.579s] Level 1:colcon.colcon_core.package_identification:_identify(src/optimus_description) by extension 'ignore'
[4.579s] Level 1:colcon.colcon_core.package_identification:_identify(src/optimus_description) by extension 'ignore_ament_install'
[4.579s] Level 1:colcon.colcon_core.package_identification:_identify(src/optimus_description) by extensions ['colcon_pkg']
[4.579s] Level 1:colcon.colcon_core.package_identification:_identify(src/optimus_description) by extension 'colcon_pkg'
[4.580s] Level 1:colcon.colcon_core.package_identification:_identify(src/optimus_description) by extensions ['colcon_meta']
[4.580s] Level 1:colcon.colcon_core.package_identification:_identify(src/optimus_description) by extension 'colcon_meta'
[4.580s] Level 1:colcon.colcon_core.package_identification:_identify(src/optimus_description) by extensions ['ros']
[4.580s] Level 1:colcon.colcon_core.package_identification:_identify(src/optimus_description) by extension 'ros'
[4.582s] DEBUG:colcon.colcon_core.package_identification:Package 'src/optimus_description' with type 'ros.ament_python' and name 'optimus_description'
[4.583s] Level 1:colcon.colcon_core.package_identification:_identify(src/optimus_interfaces) by extensions ['ignore', 'ignore_ament_install']
[4.584s] Level 1:colcon.colcon_core.package_identification:_identify(src/optimus_interfaces) by extension 'ignore'
[4.584s] Level 1:colcon.colcon_core.package_identification:_identify(src/optimus_interfaces) by extension 'ignore_ament_install'
[4.584s] Level 1:colcon.colcon_core.package_identification:_identify(src/optimus_interfaces) by extensions ['colcon_pkg']
[4.584s] Level 1:colcon.colcon_core.package_identification:_identify(src/optimus_interfaces) by extension 'colcon_pkg'
[4.584s] Level 1:colcon.colcon_core.package_identification:_identify(src/optimus_interfaces) by extensions ['colcon_meta']
[4.584s] Level 1:colcon.colcon_core.package_identification:_identify(src/optimus_interfaces) by extension 'colcon_meta'
[4.585s] Level 1:colcon.colcon_core.package_identification:_identify(src/optimus_interfaces) by extensions ['ros']
[4.585s] Level 1:colcon.colcon_core.package_identification:_identify(src/optimus_interfaces) by extension 'ros'
[4.587s] DEBUG:colcon.colcon_core.package_identification:Package 'src/optimus_interfaces' with type 'ros.ament_cmake' and name 'optimus_interfaces'
[4.587s] Level 1:colcon.colcon_core.package_discovery:discover_packages(recursive) using defaults
[4.587s] Level 1:colcon.colcon_core.package_discovery:discover_packages(ignore) discover
[4.587s] Level 1:colcon.colcon_core.package_discovery:discover_packages(ignore) using defaults
[4.587s] Level 1:colcon.colcon_core.package_discovery:discover_packages(path) discover
[4.588s] Level 1:colcon.colcon_core.package_discovery:discover_packages(path) using defaults
[4.857s] INFO:colcon.colcon_core.package_selection:Skipping not selected package 'optimus_interfaces' in 'src/optimus_interfaces'
[4.857s] INFO:colcon.colcon_core.package_selection:Skipping not selected package 'optimus_bringup' in 'src/optimus_bringup'
[4.975s] Level 1:colcon.colcon_core.package_discovery:discover_packages(prefix_path) check parameters
[4.975s] Level 1:colcon.colcon_core.package_discovery:discover_packages(prefix_path) discover
[5.104s] DEBUG:colcon.colcon_installed_package_information.package_discovery:Found 3 installed packages in /home/optimus/optimus_v6.3_ws/install
[5.173s] DEBUG:colcon.colcon_installed_package_information.package_discovery:Found 287 installed packages in /opt/ros/humble
[5.179s] Level 1:colcon.colcon_core.package_discovery:discover_packages(prefix_path) using defaults
[5.510s] WARNING:colcon.colcon_core.package_selection:Some selected packages are already built in one or more underlay workspaces:
	'optimus_description' is in: /home/optimus/optimus_v6.3_ws/install/optimus_description
If a package in a merged underlay workspace is overridden and it installs headers, then all packages in the overlay must sort their include directories by workspace order. Failure to do so may result in build failures or undefined behavior at run time.
If the overridden package is used by another package in any underlay, then the overriding package in the overlay must be API and ABI compatible or undefined behavior at run time may occur.

If you understand the risks and want to override a package anyways, add the following to the command line:
	--allow-overriding optimus_description

This may be promoted to an error in a future release of colcon-override-check.
[5.575s] Level 5:colcon.colcon_core.verb:set package 'optimus_description' build argument 'cmake_args' from command line to 'None'
[5.576s] Level 5:colcon.colcon_core.verb:set package 'optimus_description' build argument 'cmake_target' from command line to 'None'
[5.576s] Level 5:colcon.colcon_core.verb:set package 'optimus_description' build argument 'cmake_target_skip_unavailable' from command line to 'False'
[5.576s] Level 5:colcon.colcon_core.verb:set package 'optimus_description' build argument 'cmake_clean_cache' from command line to 'False'
[5.576s] Level 5:colcon.colcon_core.verb:set package 'optimus_description' build argument 'cmake_clean_first' from command line to 'False'
[5.576s] Level 5:colcon.colcon_core.verb:set package 'optimus_description' build argument 'cmake_force_configure' from command line to 'False'
[5.576s] Level 5:colcon.colcon_core.verb:set package 'optimus_description' build argument 'ament_cmake_args' from command line to 'None'
[5.577s] Level 5:colcon.colcon_core.verb:set package 'optimus_description' build argument 'catkin_cmake_args' from command line to 'None'
[5.577s] Level 5:colcon.colcon_core.verb:set package 'optimus_description' build argument 'catkin_skip_building_tests' from command line to 'False'
[5.577s] DEBUG:colcon.colcon_core.verb:Building package 'optimus_description' with the following arguments: {'ament_cmake_args': None, 'build_base': '/home/optimus/optimus_v6.3_ws/build/optimus_description', 'catkin_cmake_args': None, 'catkin_skip_building_tests': False, 'cmake_args': None, 'cmake_clean_cache': False, 'cmake_clean_first': False, 'cmake_force_configure': False, 'cmake_target': None, 'cmake_target_skip_unavailable': False, 'install_base': '/home/optimus/optimus_v6.3_ws/install/optimus_description', 'merge_install': False, 'path': '/home/optimus/optimus_v6.3_ws/src/optimus_description', 'symlink_install': True, 'test_result_base': None}
[5.636s] INFO:colcon.colcon_core.executor:Executing jobs using 'parallel' executor
[5.701s] DEBUG:colcon.colcon_parallel_executor.executor.parallel:run_until_complete
[5.702s] INFO:colcon.colcon_ros.task.ament_python.build:Building ROS package in '/home/optimus/optimus_v6.3_ws/src/optimus_description' with build type 'ament_python'
[5.702s] Level 1:colcon.colcon_core.shell:create_environment_hook('optimus_description', 'ament_prefix_path')
[5.775s] INFO:colcon.colcon_core.plugin_system:Skipping extension 'colcon_core.shell.bat': Not used on non-Windows systems
[5.776s] INFO:colcon.colcon_core.shell:Creating environment hook '/home/optimus/optimus_v6.3_ws/install/optimus_description/share/optimus_description/hook/ament_prefix_path.ps1'
[5.779s] INFO:colcon.colcon_core.shell:Creating environment descriptor '/home/optimus/optimus_v6.3_ws/install/optimus_description/share/optimus_description/hook/ament_prefix_path.dsv'
[5.781s] INFO:colcon.colcon_core.shell:Creating environment hook '/home/optimus/optimus_v6.3_ws/install/optimus_description/share/optimus_description/hook/ament_prefix_path.sh'
[5.846s] INFO:colcon.colcon_core.shell:Skip shell extension 'powershell' for command environment: Not usable outside of PowerShell
[5.847s] DEBUG:colcon.colcon_core.shell:Skip shell extension 'dsv' for command environment
[7.396s] INFO:colcon.colcon_core.task.python.build:Building Python package in '/home/optimus/optimus_v6.3_ws/src/optimus_description'
[7.463s] INFO:colcon.colcon_core.shell:Skip shell extension 'powershell' for command environment: Not usable outside of PowerShell
[7.463s] DEBUG:colcon.colcon_core.shell:Skip shell extension 'dsv' for command environment
[9.194s] DEBUG:colcon.colcon_core.task.python.build:While undoing a previous installation files outside the Python library path are being ignored: /home/optimus/optimus_v6.3_ws/install/optimus_description/share/ament_index/resource_index/packages/optimus_description
[9.195s] DEBUG:colcon.colcon_core.task.python.build:While undoing a previous installation files outside the Python library path are being ignored: /home/optimus/optimus_v6.3_ws/install/optimus_description/share/optimus_description/package.xml
[9.196s] DEBUG:colcon.colcon_core.task.python.build:While undoing a previous installation files outside the Python library path are being ignored: /home/optimus/optimus_v6.3_ws/install/optimus_description/lib/optimus_description/camera
[9.196s] DEBUG:colcon.colcon_core.task.python.build:While undoing a previous installation files outside the Python library path are being ignored: /home/optimus/optimus_v6.3_ws/install/optimus_description/lib/optimus_description/lifecycle_manager
[9.196s] DEBUG:colcon.colcon_core.task.python.build:While undoing a previous installation files outside the Python library path are being ignored: /home/optimus/optimus_v6.3_ws/install/optimus_description/lib/optimus_description/motor_driver
[9.196s] DEBUG:colcon.colcon_core.task.python.build:While undoing a previous installation files outside the Python library path are being ignored: /home/optimus/optimus_v6.3_ws/install/optimus_description/lib/optimus_description/optimus_pi
[9.197s] DEBUG:colcon.colcon_core.task.python.build:While undoing a previous installation files outside the Python library path are being ignored: /home/optimus/optimus_v6.3_ws/install/optimus_description/lib/optimus_description/ps4_controller
[9.197s] DEBUG:colcon.colcon_core.task.python.build:While undoing a previous installation files outside the Python library path are being ignored: /home/optimus/optimus_v6.3_ws/install/optimus_description/lib/optimus_description/ultra_sonic_sensor
[9.205s] DEBUG:colcon.colcon_core.event_handler.log_command:Invoking command in '/home/optimus/optimus_v6.3_ws/build/optimus_description': CMAKE_PREFIX_PATH=/home/optimus/optimus_v6.3_ws/install/optimus_interfaces:/home/optimus/optimus_v6.3_ws/install/optimus_bringup PYTHONPATH=/home/optimus/optimus_v6.3_ws/build/optimus_description/prefix_override:/home/optimus/optimus_v6.3_ws/install/optimus_description/lib/python3.10/site-packages:${PYTHONPATH} /usr/bin/python3 setup.py develop --editable --build-directory /home/optimus/optimus_v6.3_ws/build/optimus_description/build --no-deps install_data
[11.325s] Level 1:colcon.colcon_core.shell:create_environment_hook('optimus_description', 'pythonpath_develop')
[11.326s] DEBUG:colcon.colcon_core.event_handler.log_command:Invoked command in '/home/optimus/optimus_v6.3_ws/build/optimus_description' returned '0': CMAKE_PREFIX_PATH=/home/optimus/optimus_v6.3_ws/install/optimus_interfaces:/home/optimus/optimus_v6.3_ws/install/optimus_bringup PYTHONPATH=/home/optimus/optimus_v6.3_ws/build/optimus_description/prefix_override:/home/optimus/optimus_v6.3_ws/install/optimus_description/lib/python3.10/site-packages:${PYTHONPATH} /usr/bin/python3 setup.py develop --editable --build-directory /home/optimus/optimus_v6.3_ws/build/optimus_description/build --no-deps install_data
[11.392s] INFO:colcon.colcon_core.shell:Creating environment hook '/home/optimus/optimus_v6.3_ws/build/optimus_description/share/optimus_description/hook/pythonpath_develop.ps1'
[11.395s] INFO:colcon.colcon_core.shell:Creating environment descriptor '/home/optimus/optimus_v6.3_ws/build/optimus_description/share/optimus_description/hook/pythonpath_develop.dsv'
[11.396s] INFO:colcon.colcon_core.shell:Creating environment hook '/home/optimus/optimus_v6.3_ws/build/optimus_description/share/optimus_description/hook/pythonpath_develop.sh'
[11.469s] Level 1:colcon.colcon_core.environment:checking '/home/optimus/optimus_v6.3_ws/install/optimus_description' for CMake module files
[11.472s] Level 1:colcon.colcon_core.environment:checking '/home/optimus/optimus_v6.3_ws/install/optimus_description' for CMake config files
[11.475s] Level 1:colcon.colcon_core.environment:checking '/home/optimus/optimus_v6.3_ws/install/optimus_description/lib'
[11.476s] Level 1:colcon.colcon_core.environment:checking '/home/optimus/optimus_v6.3_ws/install/optimus_description/bin'
[11.476s] Level 1:colcon.colcon_core.environment:checking '/home/optimus/optimus_v6.3_ws/install/optimus_description/lib/pkgconfig/optimus_description.pc'
[11.477s] Level 1:colcon.colcon_core.environment:checking '/home/optimus/optimus_v6.3_ws/install/optimus_description/lib/python3.10/site-packages'
[11.477s] Level 1:colcon.colcon_core.shell:create_environment_hook('optimus_description', 'pythonpath')
[11.545s] INFO:colcon.colcon_core.shell:Creating environment hook '/home/optimus/optimus_v6.3_ws/install/optimus_description/share/optimus_description/hook/pythonpath.ps1'
[11.547s] INFO:colcon.colcon_core.shell:Creating environment descriptor '/home/optimus/optimus_v6.3_ws/install/optimus_description/share/optimus_description/hook/pythonpath.dsv'
[11.549s] INFO:colcon.colcon_core.shell:Creating environment hook '/home/optimus/optimus_v6.3_ws/install/optimus_description/share/optimus_description/hook/pythonpath.sh'
[11.552s] Level 1:colcon.colcon_core.environment:checking '/home/optimus/optimus_v6.3_ws/install/optimus_description/bin'
[11.552s] Level 1:colcon.colcon_core.environment:create_environment_scripts_only(optimus_description)
[11.614s] INFO:colcon.colcon_core.shell:Creating package script '/home/optimus/optimus_v6.3_ws/install/optimus_description/share/optimus_description/package.ps1'
[11.618s] INFO:colcon.colcon_core.shell:Creating package descriptor '/home/optimus/optimus_v6.3_ws/install/optimus_description/share/optimus_description/package.dsv'
[11.621s] INFO:colcon.colcon_core.shell:Creating package script '/home/optimus/optimus_v6.3_ws/install/optimus_description/share/optimus_description/package.sh'
[11.625s] INFO:colcon.colcon_core.shell:Creating package script '/home/optimus/optimus_v6.3_ws/install/optimus_description/share/optimus_description/package.bash'
[11.628s] INFO:colcon.colcon_core.shell:Creating package script '/home/optimus/optimus_v6.3_ws/install/optimus_description/share/optimus_description/package.zsh'
[11.632s] Level 1:colcon.colcon_core.environment:create_file_with_runtime_dependencies(/home/optimus/optimus_v6.3_ws/install/optimus_description/share/colcon-core/packages/optimus_description)
[11.634s] DEBUG:colcon.colcon_parallel_executor.executor.parallel:closing loop
[11.635s] DEBUG:colcon.colcon_parallel_executor.executor.parallel:loop closed
[11.636s] DEBUG:colcon.colcon_parallel_executor.executor.parallel:run_until_complete finished with '0'
[11.636s] DEBUG:colcon.colcon_core.event_reactor:joining thread
[11.743s] INFO:colcon.colcon_core.plugin_system:Skipping extension 'colcon_notification.desktop_notification.terminal_notifier': Not used on non-Darwin systems
[11.744s] INFO:colcon.colcon_core.plugin_system:Skipping extension 'colcon_notification.desktop_notification.win32': Not used on non-Windows systems
[11.744s] INFO:colcon.colcon_notification.desktop_notification:Sending desktop notification using 'notify2'
[11.750s] DEBUG:colcon.colcon_notification.desktop_notification.notify2:Failed to initialize notify2: org.freedesktop.DBus.Error.ServiceUnknown: The name org.freedesktop.Notifications was not provided by any .service files
[11.750s] DEBUG:colcon.colcon_core.event_reactor:joined thread
[11.822s] INFO:colcon.colcon_core.shell:Creating prefix script '/home/optimus/optimus_v6.3_ws/install/local_setup.ps1'
[11.826s] INFO:colcon.colcon_core.shell:Creating prefix util module '/home/optimus/optimus_v6.3_ws/install/_local_setup_util_ps1.py'
[11.832s] INFO:colcon.colcon_core.shell:Creating prefix chain script '/home/optimus/optimus_v6.3_ws/install/setup.ps1'
[11.934s] INFO:colcon.colcon_core.shell:Creating prefix script '/home/optimus/optimus_v6.3_ws/install/local_setup.sh'
[11.937s] INFO:colcon.colcon_core.shell:Creating prefix util module '/home/optimus/optimus_v6.3_ws/install/_local_setup_util_sh.py'
[11.939s] INFO:colcon.colcon_core.shell:Creating prefix chain script '/home/optimus/optimus_v6.3_ws/install/setup.sh'
[12.019s] INFO:colcon.colcon_core.shell:Creating prefix script '/home/optimus/optimus_v6.3_ws/install/local_setup.bash'
[12.021s] INFO:colcon.colcon_core.shell:Creating prefix chain script '/home/optimus/optimus_v6.3_ws/install/setup.bash'
[12.102s] INFO:colcon.colcon_core.shell:Creating prefix script '/home/optimus/optimus_v6.3_ws/install/local_setup.zsh'
[12.104s] INFO:colcon.colcon_core.shell:Creating prefix chain script '/home/optimus/optimus_v6.3_ws/install/setup.zsh'
