[0.237s] Invoking command in '/home/optimus/optimus_v6.3_ws/build/optimus_bringup': AMENT_PREFIX_PATH=/home/optimus/optimus_v6.3_ws/install/optimus_description:/home/optimus/optimus_v6.3_ws/install/optimus_interfaces:${AMENT_PREFIX_PATH} CMAKE_PREFIX_PATH=/home/optimus/optimus_v6.3_ws/install/optimus_interfaces:/opt/ros/humble LD_LIBRARY_PATH=/home/optimus/optimus_v6.3_ws/install/optimus_interfaces/lib:${LD_LIBRARY_PATH} PYTHONPATH=/home/optimus/optimus_v6.3_ws/install/optimus_description/lib/python3.10/site-packages:/home/optimus/optimus_v6.3_ws/install/optimus_interfaces/local/lib/python3.10/dist-packages:${PYTHONPATH} /usr/bin/cmake /home/optimus/optimus_v6.3_ws/src/optimus_bringup -DCMAKE_INSTALL_PREFIX=/home/optimus/optimus_v6.3_ws/install/optimus_bringup
[0.485s] -- The C compiler identification is GNU 11.4.0
[0.741s] -- The CXX compiler identification is GNU 11.4.0
[0.772s] -- Detecting C compiler ABI info
[1.083s] -- Detecting C compiler ABI info - done
[1.110s] -- Check for working C compiler: /usr/bin/cc - skipped
[1.111s] -- Detecting C compile features
[1.113s] -- Detecting C compile features - done
[1.124s] -- Detecting CXX compiler ABI info
[1.496s] -- Detecting CXX compiler ABI info - done
[1.529s] -- Check for working CXX compiler: /usr/bin/c++ - skipped
[1.530s] -- Detecting CXX compile features
[1.534s] -- Detecting CXX compile features - done
[1.563s] -- Found ament_cmake: 1.3.8 (/opt/ros/humble/share/ament_cmake/cmake)
[2.407s] -- Found Python3: /usr/bin/python3 (found version "3.10.12") found components: Interpreter 
[3.249s] -- Configuring done
[3.266s] -- Generating done
[3.271s] -- Build files have been written to: /home/optimus/optimus_v6.3_ws/build/optimus_bringup
[3.285s] Invoked command in '/home/optimus/optimus_v6.3_ws/build/optimus_bringup' returned '0': AMENT_PREFIX_PATH=/home/optimus/optimus_v6.3_ws/install/optimus_description:/home/optimus/optimus_v6.3_ws/install/optimus_interfaces:${AMENT_PREFIX_PATH} CMAKE_PREFIX_PATH=/home/optimus/optimus_v6.3_ws/install/optimus_interfaces:/opt/ros/humble LD_LIBRARY_PATH=/home/optimus/optimus_v6.3_ws/install/optimus_interfaces/lib:${LD_LIBRARY_PATH} PYTHONPATH=/home/optimus/optimus_v6.3_ws/install/optimus_description/lib/python3.10/site-packages:/home/optimus/optimus_v6.3_ws/install/optimus_interfaces/local/lib/python3.10/dist-packages:${PYTHONPATH} /usr/bin/cmake /home/optimus/optimus_v6.3_ws/src/optimus_bringup -DCMAKE_INSTALL_PREFIX=/home/optimus/optimus_v6.3_ws/install/optimus_bringup
[3.293s] Invoking command in '/home/optimus/optimus_v6.3_ws/build/optimus_bringup': AMENT_PREFIX_PATH=/home/optimus/optimus_v6.3_ws/install/optimus_description:/home/optimus/optimus_v6.3_ws/install/optimus_interfaces:${AMENT_PREFIX_PATH} CMAKE_PREFIX_PATH=/home/optimus/optimus_v6.3_ws/install/optimus_interfaces:/opt/ros/humble LD_LIBRARY_PATH=/home/optimus/optimus_v6.3_ws/install/optimus_interfaces/lib:${LD_LIBRARY_PATH} PYTHONPATH=/home/optimus/optimus_v6.3_ws/install/optimus_description/lib/python3.10/site-packages:/home/optimus/optimus_v6.3_ws/install/optimus_interfaces/local/lib/python3.10/dist-packages:${PYTHONPATH} /usr/bin/cmake --build /home/optimus/optimus_v6.3_ws/build/optimus_bringup -- -j4 -l4
[3.438s] Invoked command in '/home/optimus/optimus_v6.3_ws/build/optimus_bringup' returned '0': AMENT_PREFIX_PATH=/home/optimus/optimus_v6.3_ws/install/optimus_description:/home/optimus/optimus_v6.3_ws/install/optimus_interfaces:${AMENT_PREFIX_PATH} CMAKE_PREFIX_PATH=/home/optimus/optimus_v6.3_ws/install/optimus_interfaces:/opt/ros/humble LD_LIBRARY_PATH=/home/optimus/optimus_v6.3_ws/install/optimus_interfaces/lib:${LD_LIBRARY_PATH} PYTHONPATH=/home/optimus/optimus_v6.3_ws/install/optimus_description/lib/python3.10/site-packages:/home/optimus/optimus_v6.3_ws/install/optimus_interfaces/local/lib/python3.10/dist-packages:${PYTHONPATH} /usr/bin/cmake --build /home/optimus/optimus_v6.3_ws/build/optimus_bringup -- -j4 -l4
[3.548s] Invoking command in '/home/optimus/optimus_v6.3_ws/build/optimus_bringup': AMENT_PREFIX_PATH=/home/optimus/optimus_v6.3_ws/install/optimus_description:/home/optimus/optimus_v6.3_ws/install/optimus_interfaces:${AMENT_PREFIX_PATH} CMAKE_PREFIX_PATH=/home/optimus/optimus_v6.3_ws/install/optimus_interfaces:/opt/ros/humble LD_LIBRARY_PATH=/home/optimus/optimus_v6.3_ws/install/optimus_interfaces/lib:${LD_LIBRARY_PATH} PYTHONPATH=/home/optimus/optimus_v6.3_ws/install/optimus_description/lib/python3.10/site-packages:/home/optimus/optimus_v6.3_ws/install/optimus_interfaces/local/lib/python3.10/dist-packages:${PYTHONPATH} /usr/bin/cmake --install /home/optimus/optimus_v6.3_ws/build/optimus_bringup
[3.578s] -- Install configuration: ""
[3.578s] -- Installing: /home/optimus/optimus_v6.3_ws/install/optimus_bringup/share/optimus_bringup/launch
[3.578s] -- Installing: /home/optimus/optimus_v6.3_ws/install/optimus_bringup/share/optimus_bringup/launch/optimus_pi_bot.launch.py
[3.580s] -- Installing: /home/optimus/optimus_v6.3_ws/install/optimus_bringup/share/ament_index/resource_index/package_run_dependencies/optimus_bringup
[3.582s] -- Installing: /home/optimus/optimus_v6.3_ws/install/optimus_bringup/share/ament_index/resource_index/parent_prefix_path/optimus_bringup
[3.583s] -- Installing: /home/optimus/optimus_v6.3_ws/install/optimus_bringup/share/optimus_bringup/environment/ament_prefix_path.sh
[3.585s] -- Installing: /home/optimus/optimus_v6.3_ws/install/optimus_bringup/share/optimus_bringup/environment/ament_prefix_path.dsv
[3.586s] -- Installing: /home/optimus/optimus_v6.3_ws/install/optimus_bringup/share/optimus_bringup/environment/path.sh
[3.587s] -- Installing: /home/optimus/optimus_v6.3_ws/install/optimus_bringup/share/optimus_bringup/environment/path.dsv
[3.588s] -- Installing: /home/optimus/optimus_v6.3_ws/install/optimus_bringup/share/optimus_bringup/local_setup.bash
[3.589s] -- Installing: /home/optimus/optimus_v6.3_ws/install/optimus_bringup/share/optimus_bringup/local_setup.sh
[3.590s] -- Installing: /home/optimus/optimus_v6.3_ws/install/optimus_bringup/share/optimus_bringup/local_setup.zsh
[3.592s] -- Installing: /home/optimus/optimus_v6.3_ws/install/optimus_bringup/share/optimus_bringup/local_setup.dsv
[3.593s] -- Installing: /home/optimus/optimus_v6.3_ws/install/optimus_bringup/share/optimus_bringup/package.dsv
[3.594s] -- Installing: /home/optimus/optimus_v6.3_ws/install/optimus_bringup/share/ament_index/resource_index/packages/optimus_bringup
[3.596s] -- Installing: /home/optimus/optimus_v6.3_ws/install/optimus_bringup/share/optimus_bringup/cmake/optimus_bringupConfig.cmake
[3.597s] -- Installing: /home/optimus/optimus_v6.3_ws/install/optimus_bringup/share/optimus_bringup/cmake/optimus_bringupConfig-version.cmake
[3.598s] -- Installing: /home/optimus/optimus_v6.3_ws/install/optimus_bringup/share/optimus_bringup/package.xml
[3.604s] Invoked command in '/home/optimus/optimus_v6.3_ws/build/optimus_bringup' returned '0': AMENT_PREFIX_PATH=/home/optimus/optimus_v6.3_ws/install/optimus_description:/home/optimus/optimus_v6.3_ws/install/optimus_interfaces:${AMENT_PREFIX_PATH} CMAKE_PREFIX_PATH=/home/optimus/optimus_v6.3_ws/install/optimus_interfaces:/opt/ros/humble LD_LIBRARY_PATH=/home/optimus/optimus_v6.3_ws/install/optimus_interfaces/lib:${LD_LIBRARY_PATH} PYTHONPATH=/home/optimus/optimus_v6.3_ws/install/optimus_description/lib/python3.10/site-packages:/home/optimus/optimus_v6.3_ws/install/optimus_interfaces/local/lib/python3.10/dist-packages:${PYTHONPATH} /usr/bin/cmake --install /home/optimus/optimus_v6.3_ws/build/optimus_bringup
