[9.446s] Invoking command in '/home/optimus/optimus_v6.3_ws/src/optimus_description': CMAKE_PREFIX_PATH=/home/optimus/optimus_v6.3_ws/install/optimus_interfaces:/home/optimus/optimus_v6.3_ws/install/optimus_bringup PYTHONPATH=/home/optimus/optimus_v6.3_ws/build/optimus_description/prefix_override:/home/optimus/optimus_v6.3_ws/install/optimus_description/lib/python3.10/site-packages:${PYTHONPATH} /usr/bin/python3 setup.py egg_info --egg-base ../../build/optimus_description build --build-base /home/optimus/optimus_v6.3_ws/build/optimus_description/build install --record /home/optimus/optimus_v6.3_ws/build/optimus_description/install.log --single-version-externally-managed
[12.580s] running egg_info
[12.586s] writing ../../build/optimus_description/optimus_description.egg-info/PKG-INFO
[12.588s] writing dependency_links to ../../build/optimus_description/optimus_description.egg-info/dependency_links.txt
[12.592s] writing entry points to ../../build/optimus_description/optimus_description.egg-info/entry_points.txt
[12.594s] writing requirements to ../../build/optimus_description/optimus_description.egg-info/requires.txt
[12.595s] writing top-level names to ../../build/optimus_description/optimus_description.egg-info/top_level.txt
[12.615s] reading manifest file '../../build/optimus_description/optimus_description.egg-info/SOURCES.txt'
[12.621s] adding license file 'LICENSE'
[12.628s] writing manifest file '../../build/optimus_description/optimus_description.egg-info/SOURCES.txt'
[12.633s] running build
[12.635s] running build_py
[12.644s] copying optimus_description/ps4_controller_node.py -> /home/optimus/optimus_v6.3_ws/build/optimus_description/build/lib/optimus_description
[12.645s] running install
[12.646s] running install_lib
[12.653s] copying /home/optimus/optimus_v6.3_ws/build/optimus_description/build/lib/optimus_description/ps4_controller_node.py -> /home/optimus/optimus_v6.3_ws/install/optimus_description/lib/python3.10/site-packages/optimus_description
[12.663s] byte-compiling /home/optimus/optimus_v6.3_ws/install/optimus_description/lib/python3.10/site-packages/optimus_description/ps4_controller_node.py to ps4_controller_node.cpython-310.pyc
[12.679s] running install_data
[12.685s] running install_egg_info
[12.701s] removing '/home/optimus/optimus_v6.3_ws/install/optimus_description/lib/python3.10/site-packages/optimus_description-6.3.0-py3.10.egg-info' (and everything under it)
[12.706s] Copying ../../build/optimus_description/optimus_description.egg-info to /home/optimus/optimus_v6.3_ws/install/optimus_description/lib/python3.10/site-packages/optimus_description-6.3.0-py3.10.egg-info
[12.725s] running install_scripts
[12.919s] Installing camera script to /home/optimus/optimus_v6.3_ws/install/optimus_description/lib/optimus_description
[12.921s] Installing motor_driver script to /home/optimus/optimus_v6.3_ws/install/optimus_description/lib/optimus_description
[12.923s] Installing optimus_pi script to /home/optimus/optimus_v6.3_ws/install/optimus_description/lib/optimus_description
[12.925s] Installing ps4_controller script to /home/optimus/optimus_v6.3_ws/install/optimus_description/lib/optimus_description
[12.928s] Installing ultra_sonic_sensor script to /home/optimus/optimus_v6.3_ws/install/optimus_description/lib/optimus_description
[12.932s] writing list of installed files to '/home/optimus/optimus_v6.3_ws/build/optimus_description/install.log'
[13.156s] Invoked command in '/home/optimus/optimus_v6.3_ws/src/optimus_description' returned '0': CMAKE_PREFIX_PATH=/home/optimus/optimus_v6.3_ws/install/optimus_interfaces:/home/optimus/optimus_v6.3_ws/install/optimus_bringup PYTHONPATH=/home/optimus/optimus_v6.3_ws/build/optimus_description/prefix_override:/home/optimus/optimus_v6.3_ws/install/optimus_description/lib/python3.10/site-packages:${PYTHONPATH} /usr/bin/python3 setup.py egg_info --egg-base ../../build/optimus_description build --build-base /home/optimus/optimus_v6.3_ws/build/optimus_description/build install --record /home/optimus/optimus_v6.3_ws/build/optimus_description/install.log --single-version-externally-managed
