running egg_info
writing ../../build/optimus_description/optimus_description.egg-info/PKG-INFO
writing dependency_links to ../../build/optimus_description/optimus_description.egg-info/dependency_links.txt
writing entry points to ../../build/optimus_description/optimus_description.egg-info/entry_points.txt
writing requirements to ../../build/optimus_description/optimus_description.egg-info/requires.txt
writing top-level names to ../../build/optimus_description/optimus_description.egg-info/top_level.txt
reading manifest file '../../build/optimus_description/optimus_description.egg-info/SOURCES.txt'
writing manifest file '../../build/optimus_description/optimus_description.egg-info/SOURCES.txt'
running build
running build_py
running install
running install_lib
running install_data
running install_egg_info
removing '/home/optimus/optimus_v6.3_ws/install/optimus_description/lib/python3.10/site-packages/optimus_description-0.0.0-py3.10.egg-info' (and everything under it)
Copying ../../build/optimus_description/optimus_description.egg-info to /home/optimus/optimus_v6.3_ws/install/optimus_description/lib/python3.10/site-packages/optimus_description-0.0.0-py3.10.egg-info
running install_scripts
Installing camera script to /home/optimus/optimus_v6.3_ws/install/optimus_description/lib/optimus_description
Installing motor_driver script to /home/optimus/optimus_v6.3_ws/install/optimus_description/lib/optimus_description
Installing optimus_pi script to /home/optimus/optimus_v6.3_ws/install/optimus_description/lib/optimus_description
Installing ps4_controller script to /home/optimus/optimus_v6.3_ws/install/optimus_description/lib/optimus_description
Installing ultra_sonic_sensor script to /home/optimus/optimus_v6.3_ws/install/optimus_description/lib/optimus_description
writing list of installed files to '/home/optimus/optimus_v6.3_ws/build/optimus_description/install.log'
