[0.301s] Invoking command in '/home/optimus/optimus_v6.3_ws/build/optimus_interfaces': CMAKE_PREFIX_PATH=${CMAKE_PREFIX_PATH}:/home/optimus/optimus_v6.3_ws/install/optimus_description:/opt/ros/humble /usr/bin/cmake --build /home/optimus/optimus_v6.3_ws/build/optimus_interfaces -- -j4 -l4
[0.523s] [  1%] Built target optimus_interfaces__cpp
[0.541s] [ 12%] Built target optimus_interfaces__rosidl_generator_c
[0.602s] [ 12%] Built target ament_cmake_python_copy_optimus_interfaces
[0.647s] [ 23%] Built target optimus_interfaces__rosidl_typesupport_cpp
[0.680s] [ 34%] Built target optimus_interfaces__rosidl_typesupport_fastrtps_cpp
[0.698s] [ 45%] Built target optimus_interfaces__rosidl_typesupport_introspection_cpp
[0.734s] [ 56%] Built target optimus_interfaces__rosidl_typesupport_fastrtps_c
[0.776s] [ 67%] Built target optimus_interfaces__rosidl_typesupport_introspection_c
[0.797s] [ 78%] Built target optimus_interfaces__rosidl_typesupport_c
[0.886s] [ 78%] Built target optimus_interfaces
[0.990s] [ 80%] Built target optimus_interfaces__py
[1.116s] [ 89%] Built target optimus_interfaces__rosidl_generator_py
[1.287s] [ 92%] Built target optimus_interfaces__rosidl_typesupport_fastrtps_c__pyext
[1.312s] [ 96%] Built target optimus_interfaces__rosidl_typesupport_introspection_c__pyext
[1.318s] [100%] Built target optimus_interfaces__rosidl_typesupport_c__pyext
[2.080s] running egg_info
[2.083s] writing optimus_interfaces.egg-info/PKG-INFO
[2.084s] writing dependency_links to optimus_interfaces.egg-info/dependency_links.txt
[2.085s] writing top-level names to optimus_interfaces.egg-info/top_level.txt
[2.096s] reading manifest file 'optimus_interfaces.egg-info/SOURCES.txt'
[2.099s] writing manifest file 'optimus_interfaces.egg-info/SOURCES.txt'
[2.226s] [100%] Built target ament_cmake_python_build_optimus_interfaces_egg
[2.273s] Invoked command in '/home/optimus/optimus_v6.3_ws/build/optimus_interfaces' returned '0': CMAKE_PREFIX_PATH=${CMAKE_PREFIX_PATH}:/home/optimus/optimus_v6.3_ws/install/optimus_description:/opt/ros/humble /usr/bin/cmake --build /home/optimus/optimus_v6.3_ws/build/optimus_interfaces -- -j4 -l4
[2.991s] Invoking command in '/home/optimus/optimus_v6.3_ws/build/optimus_interfaces': CMAKE_PREFIX_PATH=${CMAKE_PREFIX_PATH}:/home/optimus/optimus_v6.3_ws/install/optimus_description:/opt/ros/humble /usr/bin/cmake --install /home/optimus/optimus_v6.3_ws/build/optimus_interfaces
[3.022s] -- Install configuration: ""
[3.022s] -- Up-to-date: /home/optimus/optimus_v6.3_ws/install/optimus_interfaces/share/ament_index/resource_index/rosidl_interfaces/optimus_interfaces
[3.023s] -- Up-to-date: /home/optimus/optimus_v6.3_ws/install/optimus_interfaces/include/optimus_interfaces/optimus_interfaces
[3.023s] -- Up-to-date: /home/optimus/optimus_v6.3_ws/install/optimus_interfaces/include/optimus_interfaces/optimus_interfaces/action
[3.024s] -- Up-to-date: /home/optimus/optimus_v6.3_ws/install/optimus_interfaces/include/optimus_interfaces/optimus_interfaces/action/control_optimus.h
[3.024s] -- Up-to-date: /home/optimus/optimus_v6.3_ws/install/optimus_interfaces/include/optimus_interfaces/optimus_interfaces/action/detail
[3.025s] -- Up-to-date: /home/optimus/optimus_v6.3_ws/install/optimus_interfaces/include/optimus_interfaces/optimus_interfaces/action/detail/control_optimus__type_support.h
[3.026s] -- Up-to-date: /home/optimus/optimus_v6.3_ws/install/optimus_interfaces/include/optimus_interfaces/optimus_interfaces/action/detail/control_optimus__functions.c
[3.026s] -- Up-to-date: /home/optimus/optimus_v6.3_ws/install/optimus_interfaces/include/optimus_interfaces/optimus_interfaces/action/detail/control_optimus__functions.h
[3.027s] -- Up-to-date: /home/optimus/optimus_v6.3_ws/install/optimus_interfaces/include/optimus_interfaces/optimus_interfaces/action/detail/control_optimus__struct.h
[3.027s] -- Up-to-date: /home/optimus/optimus_v6.3_ws/install/optimus_interfaces/include/optimus_interfaces/optimus_interfaces/srv
[3.028s] -- Up-to-date: /home/optimus/optimus_v6.3_ws/install/optimus_interfaces/include/optimus_interfaces/optimus_interfaces/srv/detail
[3.028s] -- Up-to-date: /home/optimus/optimus_v6.3_ws/install/optimus_interfaces/include/optimus_interfaces/optimus_interfaces/srv/detail/autonomous_driver__functions.h
[3.029s] -- Up-to-date: /home/optimus/optimus_v6.3_ws/install/optimus_interfaces/include/optimus_interfaces/optimus_interfaces/srv/detail/autonomous_driver__functions.c
[3.029s] -- Up-to-date: /home/optimus/optimus_v6.3_ws/install/optimus_interfaces/include/optimus_interfaces/optimus_interfaces/srv/detail/autonomous_driver__struct.h
[3.030s] -- Up-to-date: /home/optimus/optimus_v6.3_ws/install/optimus_interfaces/include/optimus_interfaces/optimus_interfaces/srv/detail/autonomous_driver__type_support.h
[3.031s] -- Up-to-date: /home/optimus/optimus_v6.3_ws/install/optimus_interfaces/include/optimus_interfaces/optimus_interfaces/srv/autonomous_driver.h
[3.032s] -- Up-to-date: /home/optimus/optimus_v6.3_ws/install/optimus_interfaces/include/optimus_interfaces/optimus_interfaces/msg
[3.033s] -- Up-to-date: /home/optimus/optimus_v6.3_ws/install/optimus_interfaces/include/optimus_interfaces/optimus_interfaces/msg/detail
[3.034s] -- Up-to-date: /home/optimus/optimus_v6.3_ws/install/optimus_interfaces/include/optimus_interfaces/optimus_interfaces/msg/detail/motor_driver__struct.h
[3.035s] -- Up-to-date: /home/optimus/optimus_v6.3_ws/install/optimus_interfaces/include/optimus_interfaces/optimus_interfaces/msg/detail/ultra_sonic_range__struct.h
[3.035s] -- Up-to-date: /home/optimus/optimus_v6.3_ws/install/optimus_interfaces/include/optimus_interfaces/optimus_interfaces/msg/detail/ultra_sonic_range__type_support.h
[3.035s] -- Up-to-date: /home/optimus/optimus_v6.3_ws/install/optimus_interfaces/include/optimus_interfaces/optimus_interfaces/msg/detail/motor_driver__functions.c
[3.036s] -- Up-to-date: /home/optimus/optimus_v6.3_ws/install/optimus_interfaces/include/optimus_interfaces/optimus_interfaces/msg/detail/motor_driver__type_support.h
[3.036s] -- Up-to-date: /home/optimus/optimus_v6.3_ws/install/optimus_interfaces/include/optimus_interfaces/optimus_interfaces/msg/detail/ultra_sonic_range__functions.c
[3.037s] -- Up-to-date: /home/optimus/optimus_v6.3_ws/install/optimus_interfaces/include/optimus_interfaces/optimus_interfaces/msg/detail/motor_driver__functions.h
[3.037s] -- Up-to-date: /home/optimus/optimus_v6.3_ws/install/optimus_interfaces/include/optimus_interfaces/optimus_interfaces/msg/detail/ultra_sonic_range__functions.h
[3.038s] -- Up-to-date: /home/optimus/optimus_v6.3_ws/install/optimus_interfaces/include/optimus_interfaces/optimus_interfaces/msg/rosidl_generator_c__visibility_control.h
[3.038s] -- Up-to-date: /home/optimus/optimus_v6.3_ws/install/optimus_interfaces/include/optimus_interfaces/optimus_interfaces/msg/ultra_sonic_range.h
[3.039s] -- Up-to-date: /home/optimus/optimus_v6.3_ws/install/optimus_interfaces/include/optimus_interfaces/optimus_interfaces/msg/motor_driver.h
[3.039s] -- Up-to-date: /home/optimus/optimus_v6.3_ws/install/optimus_interfaces/share/optimus_interfaces/environment/library_path.sh
[3.040s] -- Up-to-date: /home/optimus/optimus_v6.3_ws/install/optimus_interfaces/share/optimus_interfaces/environment/library_path.dsv
[3.040s] -- Up-to-date: /home/optimus/optimus_v6.3_ws/install/optimus_interfaces/lib/liboptimus_interfaces__rosidl_generator_c.so
[3.041s] -- Up-to-date: /home/optimus/optimus_v6.3_ws/install/optimus_interfaces/include/optimus_interfaces/optimus_interfaces
[3.041s] -- Up-to-date: /home/optimus/optimus_v6.3_ws/install/optimus_interfaces/include/optimus_interfaces/optimus_interfaces/action
[3.042s] -- Up-to-date: /home/optimus/optimus_v6.3_ws/install/optimus_interfaces/include/optimus_interfaces/optimus_interfaces/action/detail
[3.042s] -- Up-to-date: /home/optimus/optimus_v6.3_ws/install/optimus_interfaces/include/optimus_interfaces/optimus_interfaces/action/detail/control_optimus__rosidl_typesupport_fastrtps_c.h
[3.042s] -- Up-to-date: /home/optimus/optimus_v6.3_ws/install/optimus_interfaces/include/optimus_interfaces/optimus_interfaces/srv
[3.043s] -- Up-to-date: /home/optimus/optimus_v6.3_ws/install/optimus_interfaces/include/optimus_interfaces/optimus_interfaces/srv/detail
[3.043s] -- Up-to-date: /home/optimus/optimus_v6.3_ws/install/optimus_interfaces/include/optimus_interfaces/optimus_interfaces/srv/detail/autonomous_driver__rosidl_typesupport_fastrtps_c.h
[3.044s] -- Up-to-date: /home/optimus/optimus_v6.3_ws/install/optimus_interfaces/include/optimus_interfaces/optimus_interfaces/msg
[3.044s] -- Up-to-date: /home/optimus/optimus_v6.3_ws/install/optimus_interfaces/include/optimus_interfaces/optimus_interfaces/msg/detail
[3.045s] -- Up-to-date: /home/optimus/optimus_v6.3_ws/install/optimus_interfaces/include/optimus_interfaces/optimus_interfaces/msg/detail/motor_driver__rosidl_typesupport_fastrtps_c.h
[3.045s] -- Up-to-date: /home/optimus/optimus_v6.3_ws/install/optimus_interfaces/include/optimus_interfaces/optimus_interfaces/msg/detail/ultra_sonic_range__rosidl_typesupport_fastrtps_c.h
[3.045s] -- Up-to-date: /home/optimus/optimus_v6.3_ws/install/optimus_interfaces/include/optimus_interfaces/optimus_interfaces/msg/rosidl_typesupport_fastrtps_c__visibility_control.h
[3.046s] -- Up-to-date: /home/optimus/optimus_v6.3_ws/install/optimus_interfaces/lib/liboptimus_interfaces__rosidl_typesupport_fastrtps_c.so
[3.046s] -- Up-to-date: /home/optimus/optimus_v6.3_ws/install/optimus_interfaces/include/optimus_interfaces/optimus_interfaces
[3.047s] -- Up-to-date: /home/optimus/optimus_v6.3_ws/install/optimus_interfaces/include/optimus_interfaces/optimus_interfaces/action
[3.047s] -- Up-to-date: /home/optimus/optimus_v6.3_ws/install/optimus_interfaces/include/optimus_interfaces/optimus_interfaces/action/detail
[3.047s] -- Up-to-date: /home/optimus/optimus_v6.3_ws/install/optimus_interfaces/include/optimus_interfaces/optimus_interfaces/action/detail/control_optimus__type_support.c
[3.048s] -- Up-to-date: /home/optimus/optimus_v6.3_ws/install/optimus_interfaces/include/optimus_interfaces/optimus_interfaces/action/detail/control_optimus__rosidl_typesupport_introspection_c.h
[3.049s] -- Up-to-date: /home/optimus/optimus_v6.3_ws/install/optimus_interfaces/include/optimus_interfaces/optimus_interfaces/srv
[3.050s] -- Up-to-date: /home/optimus/optimus_v6.3_ws/install/optimus_interfaces/include/optimus_interfaces/optimus_interfaces/srv/detail
[3.050s] -- Up-to-date: /home/optimus/optimus_v6.3_ws/install/optimus_interfaces/include/optimus_interfaces/optimus_interfaces/srv/detail/autonomous_driver__type_support.c
[3.051s] -- Up-to-date: /home/optimus/optimus_v6.3_ws/install/optimus_interfaces/include/optimus_interfaces/optimus_interfaces/srv/detail/autonomous_driver__rosidl_typesupport_introspection_c.h
[3.051s] -- Up-to-date: /home/optimus/optimus_v6.3_ws/install/optimus_interfaces/include/optimus_interfaces/optimus_interfaces/msg
[3.052s] -- Up-to-date: /home/optimus/optimus_v6.3_ws/install/optimus_interfaces/include/optimus_interfaces/optimus_interfaces/msg/detail
[3.052s] -- Up-to-date: /home/optimus/optimus_v6.3_ws/install/optimus_interfaces/include/optimus_interfaces/optimus_interfaces/msg/detail/motor_driver__rosidl_typesupport_introspection_c.h
[3.052s] -- Up-to-date: /home/optimus/optimus_v6.3_ws/install/optimus_interfaces/include/optimus_interfaces/optimus_interfaces/msg/detail/ultra_sonic_range__rosidl_typesupport_introspection_c.h
[3.053s] -- Up-to-date: /home/optimus/optimus_v6.3_ws/install/optimus_interfaces/include/optimus_interfaces/optimus_interfaces/msg/detail/motor_driver__type_support.c
[3.053s] -- Up-to-date: /home/optimus/optimus_v6.3_ws/install/optimus_interfaces/include/optimus_interfaces/optimus_interfaces/msg/detail/ultra_sonic_range__type_support.c
[3.054s] -- Up-to-date: /home/optimus/optimus_v6.3_ws/install/optimus_interfaces/include/optimus_interfaces/optimus_interfaces/msg/rosidl_typesupport_introspection_c__visibility_control.h
[3.054s] -- Up-to-date: /home/optimus/optimus_v6.3_ws/install/optimus_interfaces/lib/liboptimus_interfaces__rosidl_typesupport_introspection_c.so
[3.054s] -- Up-to-date: /home/optimus/optimus_v6.3_ws/install/optimus_interfaces/lib/liboptimus_interfaces__rosidl_typesupport_c.so
[3.055s] -- Up-to-date: /home/optimus/optimus_v6.3_ws/install/optimus_interfaces/include/optimus_interfaces/optimus_interfaces
[3.055s] -- Up-to-date: /home/optimus/optimus_v6.3_ws/install/optimus_interfaces/include/optimus_interfaces/optimus_interfaces/action
[3.056s] -- Up-to-date: /home/optimus/optimus_v6.3_ws/install/optimus_interfaces/include/optimus_interfaces/optimus_interfaces/action/detail
[3.056s] -- Up-to-date: /home/optimus/optimus_v6.3_ws/install/optimus_interfaces/include/optimus_interfaces/optimus_interfaces/action/detail/control_optimus__builder.hpp
[3.057s] -- Up-to-date: /home/optimus/optimus_v6.3_ws/install/optimus_interfaces/include/optimus_interfaces/optimus_interfaces/action/detail/control_optimus__traits.hpp
[3.057s] -- Up-to-date: /home/optimus/optimus_v6.3_ws/install/optimus_interfaces/include/optimus_interfaces/optimus_interfaces/action/detail/control_optimus__struct.hpp
[3.058s] -- Up-to-date: /home/optimus/optimus_v6.3_ws/install/optimus_interfaces/include/optimus_interfaces/optimus_interfaces/action/control_optimus.hpp
[3.058s] -- Up-to-date: /home/optimus/optimus_v6.3_ws/install/optimus_interfaces/include/optimus_interfaces/optimus_interfaces/srv
[3.058s] -- Up-to-date: /home/optimus/optimus_v6.3_ws/install/optimus_interfaces/include/optimus_interfaces/optimus_interfaces/srv/detail
[3.059s] -- Up-to-date: /home/optimus/optimus_v6.3_ws/install/optimus_interfaces/include/optimus_interfaces/optimus_interfaces/srv/detail/autonomous_driver__struct.hpp
[3.059s] -- Up-to-date: /home/optimus/optimus_v6.3_ws/install/optimus_interfaces/include/optimus_interfaces/optimus_interfaces/srv/detail/autonomous_driver__builder.hpp
[3.060s] -- Up-to-date: /home/optimus/optimus_v6.3_ws/install/optimus_interfaces/include/optimus_interfaces/optimus_interfaces/srv/detail/autonomous_driver__traits.hpp
[3.060s] -- Up-to-date: /home/optimus/optimus_v6.3_ws/install/optimus_interfaces/include/optimus_interfaces/optimus_interfaces/srv/autonomous_driver.hpp
[3.061s] -- Up-to-date: /home/optimus/optimus_v6.3_ws/install/optimus_interfaces/include/optimus_interfaces/optimus_interfaces/msg
[3.061s] -- Up-to-date: /home/optimus/optimus_v6.3_ws/install/optimus_interfaces/include/optimus_interfaces/optimus_interfaces/msg/detail
[3.062s] -- Up-to-date: /home/optimus/optimus_v6.3_ws/install/optimus_interfaces/include/optimus_interfaces/optimus_interfaces/msg/detail/motor_driver__traits.hpp
[3.063s] -- Up-to-date: /home/optimus/optimus_v6.3_ws/install/optimus_interfaces/include/optimus_interfaces/optimus_interfaces/msg/detail/ultra_sonic_range__builder.hpp
[3.063s] -- Up-to-date: /home/optimus/optimus_v6.3_ws/install/optimus_interfaces/include/optimus_interfaces/optimus_interfaces/msg/detail/ultra_sonic_range__struct.hpp
[3.064s] -- Up-to-date: /home/optimus/optimus_v6.3_ws/install/optimus_interfaces/include/optimus_interfaces/optimus_interfaces/msg/detail/motor_driver__builder.hpp
[3.064s] -- Up-to-date: /home/optimus/optimus_v6.3_ws/install/optimus_interfaces/include/optimus_interfaces/optimus_interfaces/msg/detail/motor_driver__struct.hpp
[3.064s] -- Up-to-date: /home/optimus/optimus_v6.3_ws/install/optimus_interfaces/include/optimus_interfaces/optimus_interfaces/msg/detail/ultra_sonic_range__traits.hpp
[3.065s] -- Up-to-date: /home/optimus/optimus_v6.3_ws/install/optimus_interfaces/include/optimus_interfaces/optimus_interfaces/msg/motor_driver.hpp
[3.065s] -- Up-to-date: /home/optimus/optimus_v6.3_ws/install/optimus_interfaces/include/optimus_interfaces/optimus_interfaces/msg/ultra_sonic_range.hpp
[3.066s] -- Up-to-date: /home/optimus/optimus_v6.3_ws/install/optimus_interfaces/include/optimus_interfaces/optimus_interfaces
[3.066s] -- Up-to-date: /home/optimus/optimus_v6.3_ws/install/optimus_interfaces/include/optimus_interfaces/optimus_interfaces/action
[3.067s] -- Up-to-date: /home/optimus/optimus_v6.3_ws/install/optimus_interfaces/include/optimus_interfaces/optimus_interfaces/action/detail
[3.067s] -- Up-to-date: /home/optimus/optimus_v6.3_ws/install/optimus_interfaces/include/optimus_interfaces/optimus_interfaces/action/detail/dds_fastrtps
[3.068s] -- Up-to-date: /home/optimus/optimus_v6.3_ws/install/optimus_interfaces/include/optimus_interfaces/optimus_interfaces/action/detail/control_optimus__rosidl_typesupport_fastrtps_cpp.hpp
[3.068s] -- Up-to-date: /home/optimus/optimus_v6.3_ws/install/optimus_interfaces/include/optimus_interfaces/optimus_interfaces/srv
[3.069s] -- Up-to-date: /home/optimus/optimus_v6.3_ws/install/optimus_interfaces/include/optimus_interfaces/optimus_interfaces/srv/detail
[3.069s] -- Up-to-date: /home/optimus/optimus_v6.3_ws/install/optimus_interfaces/include/optimus_interfaces/optimus_interfaces/srv/detail/autonomous_driver__rosidl_typesupport_fastrtps_cpp.hpp
[3.069s] -- Up-to-date: /home/optimus/optimus_v6.3_ws/install/optimus_interfaces/include/optimus_interfaces/optimus_interfaces/srv/detail/dds_fastrtps
[3.070s] -- Up-to-date: /home/optimus/optimus_v6.3_ws/install/optimus_interfaces/include/optimus_interfaces/optimus_interfaces/msg
[3.070s] -- Up-to-date: /home/optimus/optimus_v6.3_ws/install/optimus_interfaces/include/optimus_interfaces/optimus_interfaces/msg/detail
[3.071s] -- Up-to-date: /home/optimus/optimus_v6.3_ws/install/optimus_interfaces/include/optimus_interfaces/optimus_interfaces/msg/detail/dds_fastrtps
[3.071s] -- Up-to-date: /home/optimus/optimus_v6.3_ws/install/optimus_interfaces/include/optimus_interfaces/optimus_interfaces/msg/detail/motor_driver__rosidl_typesupport_fastrtps_cpp.hpp
[3.072s] -- Up-to-date: /home/optimus/optimus_v6.3_ws/install/optimus_interfaces/include/optimus_interfaces/optimus_interfaces/msg/detail/ultra_sonic_range__rosidl_typesupport_fastrtps_cpp.hpp
[3.072s] -- Up-to-date: /home/optimus/optimus_v6.3_ws/install/optimus_interfaces/include/optimus_interfaces/optimus_interfaces/msg/rosidl_typesupport_fastrtps_cpp__visibility_control.h
[3.072s] -- Up-to-date: /home/optimus/optimus_v6.3_ws/install/optimus_interfaces/lib/liboptimus_interfaces__rosidl_typesupport_fastrtps_cpp.so
[3.073s] -- Up-to-date: /home/optimus/optimus_v6.3_ws/install/optimus_interfaces/include/optimus_interfaces/optimus_interfaces
[3.074s] -- Up-to-date: /home/optimus/optimus_v6.3_ws/install/optimus_interfaces/include/optimus_interfaces/optimus_interfaces/action
[3.074s] -- Up-to-date: /home/optimus/optimus_v6.3_ws/install/optimus_interfaces/include/optimus_interfaces/optimus_interfaces/action/detail
[3.074s] -- Up-to-date: /home/optimus/optimus_v6.3_ws/install/optimus_interfaces/include/optimus_interfaces/optimus_interfaces/action/detail/control_optimus__rosidl_typesupport_introspection_cpp.hpp
[3.075s] -- Up-to-date: /home/optimus/optimus_v6.3_ws/install/optimus_interfaces/include/optimus_interfaces/optimus_interfaces/action/detail/control_optimus__type_support.cpp
[3.075s] -- Up-to-date: /home/optimus/optimus_v6.3_ws/install/optimus_interfaces/include/optimus_interfaces/optimus_interfaces/srv
[3.076s] -- Up-to-date: /home/optimus/optimus_v6.3_ws/install/optimus_interfaces/include/optimus_interfaces/optimus_interfaces/srv/detail
[3.076s] -- Up-to-date: /home/optimus/optimus_v6.3_ws/install/optimus_interfaces/include/optimus_interfaces/optimus_interfaces/srv/detail/autonomous_driver__type_support.cpp
[3.076s] -- Up-to-date: /home/optimus/optimus_v6.3_ws/install/optimus_interfaces/include/optimus_interfaces/optimus_interfaces/srv/detail/autonomous_driver__rosidl_typesupport_introspection_cpp.hpp
[3.077s] -- Up-to-date: /home/optimus/optimus_v6.3_ws/install/optimus_interfaces/include/optimus_interfaces/optimus_interfaces/msg
[3.078s] -- Up-to-date: /home/optimus/optimus_v6.3_ws/install/optimus_interfaces/include/optimus_interfaces/optimus_interfaces/msg/detail
[3.078s] -- Up-to-date: /home/optimus/optimus_v6.3_ws/install/optimus_interfaces/include/optimus_interfaces/optimus_interfaces/msg/detail/motor_driver__rosidl_typesupport_introspection_cpp.hpp
[3.078s] -- Up-to-date: /home/optimus/optimus_v6.3_ws/install/optimus_interfaces/include/optimus_interfaces/optimus_interfaces/msg/detail/ultra_sonic_range__rosidl_typesupport_introspection_cpp.hpp
[3.079s] -- Up-to-date: /home/optimus/optimus_v6.3_ws/install/optimus_interfaces/include/optimus_interfaces/optimus_interfaces/msg/detail/ultra_sonic_range__type_support.cpp
[3.079s] -- Up-to-date: /home/optimus/optimus_v6.3_ws/install/optimus_interfaces/include/optimus_interfaces/optimus_interfaces/msg/detail/motor_driver__type_support.cpp
[3.079s] -- Up-to-date: /home/optimus/optimus_v6.3_ws/install/optimus_interfaces/lib/liboptimus_interfaces__rosidl_typesupport_introspection_cpp.so
[3.081s] -- Up-to-date: /home/optimus/optimus_v6.3_ws/install/optimus_interfaces/lib/liboptimus_interfaces__rosidl_typesupport_cpp.so
[3.082s] -- Up-to-date: /home/optimus/optimus_v6.3_ws/install/optimus_interfaces/share/optimus_interfaces/environment/pythonpath.sh
[3.083s] -- Up-to-date: /home/optimus/optimus_v6.3_ws/install/optimus_interfaces/share/optimus_interfaces/environment/pythonpath.dsv
[3.083s] -- Up-to-date: /home/optimus/optimus_v6.3_ws/install/optimus_interfaces/local/lib/python3.10/dist-packages/optimus_interfaces-0.0.0-py3.10.egg-info
[3.084s] -- Installing: /home/optimus/optimus_v6.3_ws/install/optimus_interfaces/local/lib/python3.10/dist-packages/optimus_interfaces-0.0.0-py3.10.egg-info/dependency_links.txt
[3.085s] -- Installing: /home/optimus/optimus_v6.3_ws/install/optimus_interfaces/local/lib/python3.10/dist-packages/optimus_interfaces-0.0.0-py3.10.egg-info/top_level.txt
[3.086s] -- Installing: /home/optimus/optimus_v6.3_ws/install/optimus_interfaces/local/lib/python3.10/dist-packages/optimus_interfaces-0.0.0-py3.10.egg-info/SOURCES.txt
[3.087s] -- Installing: /home/optimus/optimus_v6.3_ws/install/optimus_interfaces/local/lib/python3.10/dist-packages/optimus_interfaces-0.0.0-py3.10.egg-info/PKG-INFO
[3.089s] -- Up-to-date: /home/optimus/optimus_v6.3_ws/install/optimus_interfaces/local/lib/python3.10/dist-packages/optimus_interfaces
[3.089s] -- Up-to-date: /home/optimus/optimus_v6.3_ws/install/optimus_interfaces/local/lib/python3.10/dist-packages/optimus_interfaces/optimus_interfaces_s__rosidl_typesupport_c.cpython-310-aarch64-linux-gnu.so
[3.090s] -- Up-to-date: /home/optimus/optimus_v6.3_ws/install/optimus_interfaces/local/lib/python3.10/dist-packages/optimus_interfaces/_optimus_interfaces_s.ep.rosidl_typesupport_fastrtps_c.c
[3.090s] -- Up-to-date: /home/optimus/optimus_v6.3_ws/install/optimus_interfaces/local/lib/python3.10/dist-packages/optimus_interfaces/liboptimus_interfaces__rosidl_generator_py.so
[3.091s] -- Up-to-date: /home/optimus/optimus_v6.3_ws/install/optimus_interfaces/local/lib/python3.10/dist-packages/optimus_interfaces/action
[3.091s] -- Up-to-date: /home/optimus/optimus_v6.3_ws/install/optimus_interfaces/local/lib/python3.10/dist-packages/optimus_interfaces/action/_control_optimus_s.c
[3.092s] -- Up-to-date: /home/optimus/optimus_v6.3_ws/install/optimus_interfaces/local/lib/python3.10/dist-packages/optimus_interfaces/action/_control_optimus.py
[3.092s] -- Up-to-date: /home/optimus/optimus_v6.3_ws/install/optimus_interfaces/local/lib/python3.10/dist-packages/optimus_interfaces/action/__init__.py
[3.093s] -- Up-to-date: /home/optimus/optimus_v6.3_ws/install/optimus_interfaces/local/lib/python3.10/dist-packages/optimus_interfaces/srv
[3.093s] -- Up-to-date: /home/optimus/optimus_v6.3_ws/install/optimus_interfaces/local/lib/python3.10/dist-packages/optimus_interfaces/srv/_autonomous_driver_s.c
[3.093s] -- Up-to-date: /home/optimus/optimus_v6.3_ws/install/optimus_interfaces/local/lib/python3.10/dist-packages/optimus_interfaces/srv/_autonomous_driver.py
[3.094s] -- Up-to-date: /home/optimus/optimus_v6.3_ws/install/optimus_interfaces/local/lib/python3.10/dist-packages/optimus_interfaces/srv/__init__.py
[3.094s] -- Up-to-date: /home/optimus/optimus_v6.3_ws/install/optimus_interfaces/local/lib/python3.10/dist-packages/optimus_interfaces/msg
[3.095s] -- Up-to-date: /home/optimus/optimus_v6.3_ws/install/optimus_interfaces/local/lib/python3.10/dist-packages/optimus_interfaces/msg/_ultra_sonic_range.py
[3.095s] -- Up-to-date: /home/optimus/optimus_v6.3_ws/install/optimus_interfaces/local/lib/python3.10/dist-packages/optimus_interfaces/msg/_motor_driver.py
[3.095s] -- Up-to-date: /home/optimus/optimus_v6.3_ws/install/optimus_interfaces/local/lib/python3.10/dist-packages/optimus_interfaces/msg/_motor_driver_s.c
[3.096s] -- Up-to-date: /home/optimus/optimus_v6.3_ws/install/optimus_interfaces/local/lib/python3.10/dist-packages/optimus_interfaces/msg/__init__.py
[3.096s] -- Up-to-date: /home/optimus/optimus_v6.3_ws/install/optimus_interfaces/local/lib/python3.10/dist-packages/optimus_interfaces/msg/_ultra_sonic_range_s.c
[3.097s] -- Up-to-date: /home/optimus/optimus_v6.3_ws/install/optimus_interfaces/local/lib/python3.10/dist-packages/optimus_interfaces/optimus_interfaces_s__rosidl_typesupport_fastrtps_c.cpython-310-aarch64-linux-gnu.so
[3.097s] -- Up-to-date: /home/optimus/optimus_v6.3_ws/install/optimus_interfaces/local/lib/python3.10/dist-packages/optimus_interfaces/_optimus_interfaces_s.ep.rosidl_typesupport_introspection_c.c
[3.098s] -- Up-to-date: /home/optimus/optimus_v6.3_ws/install/optimus_interfaces/local/lib/python3.10/dist-packages/optimus_interfaces/_optimus_interfaces_s.ep.rosidl_typesupport_c.c
[3.098s] -- Up-to-date: /home/optimus/optimus_v6.3_ws/install/optimus_interfaces/local/lib/python3.10/dist-packages/optimus_interfaces/__init__.py
[3.098s] -- Up-to-date: /home/optimus/optimus_v6.3_ws/install/optimus_interfaces/local/lib/python3.10/dist-packages/optimus_interfaces/optimus_interfaces_s__rosidl_typesupport_introspection_c.cpython-310-aarch64-linux-gnu.so
[3.250s] Listing '/home/optimus/optimus_v6.3_ws/install/optimus_interfaces/local/lib/python3.10/dist-packages/optimus_interfaces'...
[3.251s] Listing '/home/optimus/optimus_v6.3_ws/install/optimus_interfaces/local/lib/python3.10/dist-packages/optimus_interfaces/action'...
[3.252s] Listing '/home/optimus/optimus_v6.3_ws/install/optimus_interfaces/local/lib/python3.10/dist-packages/optimus_interfaces/msg'...
[3.255s] Listing '/home/optimus/optimus_v6.3_ws/install/optimus_interfaces/local/lib/python3.10/dist-packages/optimus_interfaces/srv'...
[3.274s] -- Up-to-date: /home/optimus/optimus_v6.3_ws/install/optimus_interfaces/local/lib/python3.10/dist-packages/optimus_interfaces/optimus_interfaces_s__rosidl_typesupport_fastrtps_c.cpython-310-aarch64-linux-gnu.so
[3.276s] -- Up-to-date: /home/optimus/optimus_v6.3_ws/install/optimus_interfaces/local/lib/python3.10/dist-packages/optimus_interfaces/optimus_interfaces_s__rosidl_typesupport_introspection_c.cpython-310-aarch64-linux-gnu.so
[3.279s] -- Up-to-date: /home/optimus/optimus_v6.3_ws/install/optimus_interfaces/local/lib/python3.10/dist-packages/optimus_interfaces/optimus_interfaces_s__rosidl_typesupport_c.cpython-310-aarch64-linux-gnu.so
[3.282s] -- Up-to-date: /home/optimus/optimus_v6.3_ws/install/optimus_interfaces/lib/liboptimus_interfaces__rosidl_generator_py.so
[3.284s] -- Up-to-date: /home/optimus/optimus_v6.3_ws/install/optimus_interfaces/share/optimus_interfaces/msg/MotorDriver.idl
[3.285s] -- Up-to-date: /home/optimus/optimus_v6.3_ws/install/optimus_interfaces/share/optimus_interfaces/msg/UltraSonicRange.idl
[3.285s] -- Up-to-date: /home/optimus/optimus_v6.3_ws/install/optimus_interfaces/share/optimus_interfaces/srv/AutonomousDriver.idl
[3.286s] -- Up-to-date: /home/optimus/optimus_v6.3_ws/install/optimus_interfaces/share/optimus_interfaces/action/ControlOptimus.idl
[3.287s] -- Up-to-date: /home/optimus/optimus_v6.3_ws/install/optimus_interfaces/share/optimus_interfaces/msg/MotorDriver.msg
[3.288s] -- Up-to-date: /home/optimus/optimus_v6.3_ws/install/optimus_interfaces/share/optimus_interfaces/msg/UltraSonicRange.msg
[3.288s] -- Up-to-date: /home/optimus/optimus_v6.3_ws/install/optimus_interfaces/share/optimus_interfaces/srv/AutonomousDriver.srv
[3.289s] -- Up-to-date: /home/optimus/optimus_v6.3_ws/install/optimus_interfaces/share/optimus_interfaces/srv/AutonomousDriver_Request.msg
[3.289s] -- Up-to-date: /home/optimus/optimus_v6.3_ws/install/optimus_interfaces/share/optimus_interfaces/srv/AutonomousDriver_Response.msg
[3.290s] -- Up-to-date: /home/optimus/optimus_v6.3_ws/install/optimus_interfaces/share/optimus_interfaces/action/ControlOptimus.action
[3.291s] -- Up-to-date: /home/optimus/optimus_v6.3_ws/install/optimus_interfaces/share/ament_index/resource_index/package_run_dependencies/optimus_interfaces
[3.291s] -- Up-to-date: /home/optimus/optimus_v6.3_ws/install/optimus_interfaces/share/ament_index/resource_index/parent_prefix_path/optimus_interfaces
[3.292s] -- Up-to-date: /home/optimus/optimus_v6.3_ws/install/optimus_interfaces/share/optimus_interfaces/environment/ament_prefix_path.sh
[3.292s] -- Up-to-date: /home/optimus/optimus_v6.3_ws/install/optimus_interfaces/share/optimus_interfaces/environment/ament_prefix_path.dsv
[3.293s] -- Up-to-date: /home/optimus/optimus_v6.3_ws/install/optimus_interfaces/share/optimus_interfaces/environment/path.sh
[3.293s] -- Up-to-date: /home/optimus/optimus_v6.3_ws/install/optimus_interfaces/share/optimus_interfaces/environment/path.dsv
[3.294s] -- Up-to-date: /home/optimus/optimus_v6.3_ws/install/optimus_interfaces/share/optimus_interfaces/local_setup.bash
[3.294s] -- Up-to-date: /home/optimus/optimus_v6.3_ws/install/optimus_interfaces/share/optimus_interfaces/local_setup.sh
[3.294s] -- Up-to-date: /home/optimus/optimus_v6.3_ws/install/optimus_interfaces/share/optimus_interfaces/local_setup.zsh
[3.295s] -- Up-to-date: /home/optimus/optimus_v6.3_ws/install/optimus_interfaces/share/optimus_interfaces/local_setup.dsv
[3.295s] -- Installing: /home/optimus/optimus_v6.3_ws/install/optimus_interfaces/share/optimus_interfaces/package.dsv
[3.296s] -- Up-to-date: /home/optimus/optimus_v6.3_ws/install/optimus_interfaces/share/ament_index/resource_index/packages/optimus_interfaces
[3.296s] -- Up-to-date: /home/optimus/optimus_v6.3_ws/install/optimus_interfaces/share/optimus_interfaces/cmake/export_optimus_interfaces__rosidl_generator_cExport.cmake
[3.296s] -- Up-to-date: /home/optimus/optimus_v6.3_ws/install/optimus_interfaces/share/optimus_interfaces/cmake/export_optimus_interfaces__rosidl_generator_cExport-noconfig.cmake
[3.297s] -- Up-to-date: /home/optimus/optimus_v6.3_ws/install/optimus_interfaces/share/optimus_interfaces/cmake/export_optimus_interfaces__rosidl_typesupport_fastrtps_cExport.cmake
[3.298s] -- Up-to-date: /home/optimus/optimus_v6.3_ws/install/optimus_interfaces/share/optimus_interfaces/cmake/export_optimus_interfaces__rosidl_typesupport_fastrtps_cExport-noconfig.cmake
[3.298s] -- Up-to-date: /home/optimus/optimus_v6.3_ws/install/optimus_interfaces/share/optimus_interfaces/cmake/optimus_interfaces__rosidl_typesupport_introspection_cExport.cmake
[3.299s] -- Up-to-date: /home/optimus/optimus_v6.3_ws/install/optimus_interfaces/share/optimus_interfaces/cmake/optimus_interfaces__rosidl_typesupport_introspection_cExport-noconfig.cmake
[3.300s] -- Up-to-date: /home/optimus/optimus_v6.3_ws/install/optimus_interfaces/share/optimus_interfaces/cmake/optimus_interfaces__rosidl_typesupport_cExport.cmake
[3.300s] -- Up-to-date: /home/optimus/optimus_v6.3_ws/install/optimus_interfaces/share/optimus_interfaces/cmake/optimus_interfaces__rosidl_typesupport_cExport-noconfig.cmake
[3.301s] -- Up-to-date: /home/optimus/optimus_v6.3_ws/install/optimus_interfaces/share/optimus_interfaces/cmake/export_optimus_interfaces__rosidl_generator_cppExport.cmake
[3.302s] -- Up-to-date: /home/optimus/optimus_v6.3_ws/install/optimus_interfaces/share/optimus_interfaces/cmake/export_optimus_interfaces__rosidl_typesupport_fastrtps_cppExport.cmake
[3.303s] -- Up-to-date: /home/optimus/optimus_v6.3_ws/install/optimus_interfaces/share/optimus_interfaces/cmake/export_optimus_interfaces__rosidl_typesupport_fastrtps_cppExport-noconfig.cmake
[3.303s] -- Up-to-date: /home/optimus/optimus_v6.3_ws/install/optimus_interfaces/share/optimus_interfaces/cmake/optimus_interfaces__rosidl_typesupport_introspection_cppExport.cmake
[3.304s] -- Up-to-date: /home/optimus/optimus_v6.3_ws/install/optimus_interfaces/share/optimus_interfaces/cmake/optimus_interfaces__rosidl_typesupport_introspection_cppExport-noconfig.cmake
[3.305s] -- Up-to-date: /home/optimus/optimus_v6.3_ws/install/optimus_interfaces/share/optimus_interfaces/cmake/optimus_interfaces__rosidl_typesupport_cppExport.cmake
[3.305s] -- Up-to-date: /home/optimus/optimus_v6.3_ws/install/optimus_interfaces/share/optimus_interfaces/cmake/optimus_interfaces__rosidl_typesupport_cppExport-noconfig.cmake
[3.306s] -- Up-to-date: /home/optimus/optimus_v6.3_ws/install/optimus_interfaces/share/optimus_interfaces/cmake/export_optimus_interfaces__rosidl_generator_pyExport.cmake
[3.307s] -- Up-to-date: /home/optimus/optimus_v6.3_ws/install/optimus_interfaces/share/optimus_interfaces/cmake/export_optimus_interfaces__rosidl_generator_pyExport-noconfig.cmake
[3.307s] -- Up-to-date: /home/optimus/optimus_v6.3_ws/install/optimus_interfaces/share/optimus_interfaces/cmake/rosidl_cmake-extras.cmake
[3.308s] -- Up-to-date: /home/optimus/optimus_v6.3_ws/install/optimus_interfaces/share/optimus_interfaces/cmake/ament_cmake_export_dependencies-extras.cmake
[3.308s] -- Up-to-date: /home/optimus/optimus_v6.3_ws/install/optimus_interfaces/share/optimus_interfaces/cmake/ament_cmake_export_include_directories-extras.cmake
[3.309s] -- Up-to-date: /home/optimus/optimus_v6.3_ws/install/optimus_interfaces/share/optimus_interfaces/cmake/ament_cmake_export_libraries-extras.cmake
[3.309s] -- Up-to-date: /home/optimus/optimus_v6.3_ws/install/optimus_interfaces/share/optimus_interfaces/cmake/ament_cmake_export_targets-extras.cmake
[3.310s] -- Up-to-date: /home/optimus/optimus_v6.3_ws/install/optimus_interfaces/share/optimus_interfaces/cmake/rosidl_cmake_export_typesupport_targets-extras.cmake
[3.310s] -- Up-to-date: /home/optimus/optimus_v6.3_ws/install/optimus_interfaces/share/optimus_interfaces/cmake/rosidl_cmake_export_typesupport_libraries-extras.cmake
[3.310s] -- Up-to-date: /home/optimus/optimus_v6.3_ws/install/optimus_interfaces/share/optimus_interfaces/cmake/optimus_interfacesConfig.cmake
[3.311s] -- Up-to-date: /home/optimus/optimus_v6.3_ws/install/optimus_interfaces/share/optimus_interfaces/cmake/optimus_interfacesConfig-version.cmake
[3.311s] -- Up-to-date: /home/optimus/optimus_v6.3_ws/install/optimus_interfaces/share/optimus_interfaces/package.xml
[3.319s] Invoked command in '/home/optimus/optimus_v6.3_ws/build/optimus_interfaces' returned '0': CMAKE_PREFIX_PATH=${CMAKE_PREFIX_PATH}:/home/optimus/optimus_v6.3_ws/install/optimus_description:/opt/ros/humble /usr/bin/cmake --install /home/optimus/optimus_v6.3_ws/build/optimus_interfaces
