[4.351s] DEBUG:colcon:Command line arguments: ['/usr/bin/colcon', 'build']
[4.351s] DEBUG:colcon:Parsed command line arguments: Namespace(log_base=None, log_level=None, verb_name='build', build_base='build', install_base='install', merge_install=False, symlink_install=False, test_result_base=None, continue_on_error=False, executor='parallel', parallel_workers=4, event_handlers=None, ignore_user_meta=False, metas=['./colcon.meta'], base_paths=['.'], packages_ignore=None, packages_ignore_regex=None, paths=None, packages_up_to=None, packages_up_to_regex=None, packages_above=None, packages_above_and_dependencies=None, packages_above_depth=None, packages_select_by_dep=None, packages_skip_by_dep=None, packages_skip_up_to=None, packages_select_build_failed=False, packages_skip_build_finished=False, packages_select_test_failures=False, packages_skip_test_passed=False, packages_select=None, packages_skip=None, packages_select_regex=None, packages_skip_regex=None, packages_start=None, packages_end=None, allow_overriding=[], cmake_args=None, cmake_target=None, cmake_target_skip_unavailable=False, cmake_clean_cache=False, cmake_clean_first=False, cmake_force_configure=False, ament_cmake_args=None, catkin_cmake_args=None, catkin_skip_building_tests=False, verb_parser=<colcon_defaults.argument_parser.defaults.DefaultArgumentsDecorator object at 0xffffb3873d60>, verb_extension=<colcon_core.verb.build.BuildVerb object at 0xffffb3b48a00>, main=<bound method BuildVerb.main of <colcon_core.verb.build.BuildVerb object at 0xffffb3b48a00>>)
[4.549s] Level 1:colcon.colcon_core.package_discovery:discover_packages(colcon_meta) check parameters
[4.549s] Level 1:colcon.colcon_core.package_discovery:discover_packages(recursive) check parameters
[4.549s] Level 1:colcon.colcon_core.package_discovery:discover_packages(ignore) check parameters
[4.549s] Level 1:colcon.colcon_core.package_discovery:discover_packages(path) check parameters
[4.550s] Level 1:colcon.colcon_core.package_discovery:discover_packages(colcon_meta) discover
[4.550s] Level 1:colcon.colcon_core.package_discovery:discover_packages(recursive) discover
[4.550s] INFO:colcon.colcon_core.package_discovery:Crawling recursively for packages in '/home/optimus/optimus_v6.3_ws'
[4.550s] Level 1:colcon.colcon_core.package_identification:_identify(.) by extensions ['ignore', 'ignore_ament_install']
[4.551s] Level 1:colcon.colcon_core.package_identification:_identify(.) by extension 'ignore'
[4.551s] Level 1:colcon.colcon_core.package_identification:_identify(.) by extension 'ignore_ament_install'
[4.551s] Level 1:colcon.colcon_core.package_identification:_identify(.) by extensions ['colcon_pkg']
[4.551s] Level 1:colcon.colcon_core.package_identification:_identify(.) by extension 'colcon_pkg'
[4.552s] Level 1:colcon.colcon_core.package_identification:_identify(.) by extensions ['colcon_meta']
[4.552s] Level 1:colcon.colcon_core.package_identification:_identify(.) by extension 'colcon_meta'
[4.552s] Level 1:colcon.colcon_core.package_identification:_identify(.) by extensions ['ros']
[4.552s] Level 1:colcon.colcon_core.package_identification:_identify(.) by extension 'ros'
[4.600s] Level 1:colcon.colcon_core.package_identification:_identify(.) by extensions ['cmake', 'python']
[4.600s] Level 1:colcon.colcon_core.package_identification:_identify(.) by extension 'cmake'
[4.600s] Level 1:colcon.colcon_core.package_identification:_identify(.) by extension 'python'
[4.601s] Level 1:colcon.colcon_core.package_identification:_identify(.) by extensions ['python_setup_py']
[4.601s] Level 1:colcon.colcon_core.package_identification:_identify(.) by extension 'python_setup_py'
[4.601s] Level 1:colcon.colcon_core.package_identification:_identify(build) by extensions ['ignore', 'ignore_ament_install']
[4.602s] Level 1:colcon.colcon_core.package_identification:_identify(build) by extension 'ignore'
[4.602s] Level 1:colcon.colcon_core.package_identification:_identify(build) ignored
[4.602s] Level 1:colcon.colcon_core.package_identification:_identify(install) by extensions ['ignore', 'ignore_ament_install']
[4.603s] Level 1:colcon.colcon_core.package_identification:_identify(install) by extension 'ignore'
[4.603s] Level 1:colcon.colcon_core.package_identification:_identify(install) ignored
[4.604s] Level 1:colcon.colcon_core.package_identification:_identify(log) by extensions ['ignore', 'ignore_ament_install']
[4.604s] Level 1:colcon.colcon_core.package_identification:_identify(log) by extension 'ignore'
[4.604s] Level 1:colcon.colcon_core.package_identification:_identify(log) ignored
[4.605s] Level 1:colcon.colcon_core.package_identification:_identify(src) by extensions ['ignore', 'ignore_ament_install']
[4.605s] Level 1:colcon.colcon_core.package_identification:_identify(src) by extension 'ignore'
[4.605s] Level 1:colcon.colcon_core.package_identification:_identify(src) by extension 'ignore_ament_install'
[4.606s] Level 1:colcon.colcon_core.package_identification:_identify(src) by extensions ['colcon_pkg']
[4.606s] Level 1:colcon.colcon_core.package_identification:_identify(src) by extension 'colcon_pkg'
[4.606s] Level 1:colcon.colcon_core.package_identification:_identify(src) by extensions ['colcon_meta']
[4.606s] Level 1:colcon.colcon_core.package_identification:_identify(src) by extension 'colcon_meta'
[4.606s] Level 1:colcon.colcon_core.package_identification:_identify(src) by extensions ['ros']
[4.606s] Level 1:colcon.colcon_core.package_identification:_identify(src) by extension 'ros'
[4.607s] Level 1:colcon.colcon_core.package_identification:_identify(src) by extensions ['cmake', 'python']
[4.607s] Level 1:colcon.colcon_core.package_identification:_identify(src) by extension 'cmake'
[4.607s] Level 1:colcon.colcon_core.package_identification:_identify(src) by extension 'python'
[4.607s] Level 1:colcon.colcon_core.package_identification:_identify(src) by extensions ['python_setup_py']
[4.607s] Level 1:colcon.colcon_core.package_identification:_identify(src) by extension 'python_setup_py'
[4.608s] Level 1:colcon.colcon_core.package_identification:_identify(src/optimus_bringup) by extensions ['ignore', 'ignore_ament_install']
[4.608s] Level 1:colcon.colcon_core.package_identification:_identify(src/optimus_bringup) by extension 'ignore'
[4.609s] Level 1:colcon.colcon_core.package_identification:_identify(src/optimus_bringup) by extension 'ignore_ament_install'
[4.609s] Level 1:colcon.colcon_core.package_identification:_identify(src/optimus_bringup) by extensions ['colcon_pkg']
[4.609s] Level 1:colcon.colcon_core.package_identification:_identify(src/optimus_bringup) by extension 'colcon_pkg'
[4.609s] Level 1:colcon.colcon_core.package_identification:_identify(src/optimus_bringup) by extensions ['colcon_meta']
[4.609s] Level 1:colcon.colcon_core.package_identification:_identify(src/optimus_bringup) by extension 'colcon_meta'
[4.609s] Level 1:colcon.colcon_core.package_identification:_identify(src/optimus_bringup) by extensions ['ros']
[4.609s] Level 1:colcon.colcon_core.package_identification:_identify(src/optimus_bringup) by extension 'ros'
[4.618s] DEBUG:colcon.colcon_core.package_identification:Package 'src/optimus_bringup' with type 'ros.ament_cmake' and name 'optimus_bringup'
[4.619s] Level 1:colcon.colcon_core.package_identification:_identify(src/optimus_description) by extensions ['ignore', 'ignore_ament_install']
[4.620s] Level 1:colcon.colcon_core.package_identification:_identify(src/optimus_description) by extension 'ignore'
[4.620s] Level 1:colcon.colcon_core.package_identification:_identify(src/optimus_description) by extension 'ignore_ament_install'
[4.620s] Level 1:colcon.colcon_core.package_identification:_identify(src/optimus_description) by extensions ['colcon_pkg']
[4.620s] Level 1:colcon.colcon_core.package_identification:_identify(src/optimus_description) by extension 'colcon_pkg'
[4.620s] Level 1:colcon.colcon_core.package_identification:_identify(src/optimus_description) by extensions ['colcon_meta']
[4.621s] Level 1:colcon.colcon_core.package_identification:_identify(src/optimus_description) by extension 'colcon_meta'
[4.621s] Level 1:colcon.colcon_core.package_identification:_identify(src/optimus_description) by extensions ['ros']
[4.621s] Level 1:colcon.colcon_core.package_identification:_identify(src/optimus_description) by extension 'ros'
[4.623s] DEBUG:colcon.colcon_core.package_identification:Package 'src/optimus_description' with type 'ros.ament_python' and name 'optimus_description'
[4.624s] Level 1:colcon.colcon_core.package_identification:_identify(src/optimus_interfaces) by extensions ['ignore', 'ignore_ament_install']
[4.624s] Level 1:colcon.colcon_core.package_identification:_identify(src/optimus_interfaces) by extension 'ignore'
[4.625s] Level 1:colcon.colcon_core.package_identification:_identify(src/optimus_interfaces) by extension 'ignore_ament_install'
[4.625s] Level 1:colcon.colcon_core.package_identification:_identify(src/optimus_interfaces) by extensions ['colcon_pkg']
[4.625s] Level 1:colcon.colcon_core.package_identification:_identify(src/optimus_interfaces) by extension 'colcon_pkg'
[4.625s] Level 1:colcon.colcon_core.package_identification:_identify(src/optimus_interfaces) by extensions ['colcon_meta']
[4.625s] Level 1:colcon.colcon_core.package_identification:_identify(src/optimus_interfaces) by extension 'colcon_meta'
[4.626s] Level 1:colcon.colcon_core.package_identification:_identify(src/optimus_interfaces) by extensions ['ros']
[4.626s] Level 1:colcon.colcon_core.package_identification:_identify(src/optimus_interfaces) by extension 'ros'
[4.628s] DEBUG:colcon.colcon_core.package_identification:Package 'src/optimus_interfaces' with type 'ros.ament_cmake' and name 'optimus_interfaces'
[4.628s] Level 1:colcon.colcon_core.package_discovery:discover_packages(recursive) using defaults
[4.628s] Level 1:colcon.colcon_core.package_discovery:discover_packages(ignore) discover
[4.628s] Level 1:colcon.colcon_core.package_discovery:discover_packages(ignore) using defaults
[4.628s] Level 1:colcon.colcon_core.package_discovery:discover_packages(path) discover
[4.629s] Level 1:colcon.colcon_core.package_discovery:discover_packages(path) using defaults
[5.010s] Level 1:colcon.colcon_core.package_discovery:discover_packages(prefix_path) check parameters
[5.010s] Level 1:colcon.colcon_core.package_discovery:discover_packages(prefix_path) discover
[5.151s] DEBUG:colcon.colcon_installed_package_information.package_discovery:Found 3 installed packages in /home/optimus/optimus_v6.3_ws/install
[5.226s] DEBUG:colcon.colcon_installed_package_information.package_discovery:Found 287 installed packages in /opt/ros/humble
[5.232s] Level 1:colcon.colcon_core.package_discovery:discover_packages(prefix_path) using defaults
[5.637s] Level 5:colcon.colcon_core.verb:set package 'optimus_interfaces' build argument 'cmake_args' from command line to 'None'
[5.637s] Level 5:colcon.colcon_core.verb:set package 'optimus_interfaces' build argument 'cmake_target' from command line to 'None'
[5.638s] Level 5:colcon.colcon_core.verb:set package 'optimus_interfaces' build argument 'cmake_target_skip_unavailable' from command line to 'False'
[5.638s] Level 5:colcon.colcon_core.verb:set package 'optimus_interfaces' build argument 'cmake_clean_cache' from command line to 'False'
[5.638s] Level 5:colcon.colcon_core.verb:set package 'optimus_interfaces' build argument 'cmake_clean_first' from command line to 'False'
[5.638s] Level 5:colcon.colcon_core.verb:set package 'optimus_interfaces' build argument 'cmake_force_configure' from command line to 'False'
[5.638s] Level 5:colcon.colcon_core.verb:set package 'optimus_interfaces' build argument 'ament_cmake_args' from command line to 'None'
[5.638s] Level 5:colcon.colcon_core.verb:set package 'optimus_interfaces' build argument 'catkin_cmake_args' from command line to 'None'
[5.638s] Level 5:colcon.colcon_core.verb:set package 'optimus_interfaces' build argument 'catkin_skip_building_tests' from command line to 'False'
[5.638s] DEBUG:colcon.colcon_core.verb:Building package 'optimus_interfaces' with the following arguments: {'ament_cmake_args': None, 'build_base': '/home/optimus/optimus_v6.3_ws/build/optimus_interfaces', 'catkin_cmake_args': None, 'catkin_skip_building_tests': False, 'cmake_args': None, 'cmake_clean_cache': False, 'cmake_clean_first': False, 'cmake_force_configure': False, 'cmake_target': None, 'cmake_target_skip_unavailable': False, 'install_base': '/home/optimus/optimus_v6.3_ws/install/optimus_interfaces', 'merge_install': False, 'path': '/home/optimus/optimus_v6.3_ws/src/optimus_interfaces', 'symlink_install': False, 'test_result_base': None}
[5.700s] Level 5:colcon.colcon_core.verb:set package 'optimus_description' build argument 'cmake_args' from command line to 'None'
[5.700s] Level 5:colcon.colcon_core.verb:set package 'optimus_description' build argument 'cmake_target' from command line to 'None'
[5.700s] Level 5:colcon.colcon_core.verb:set package 'optimus_description' build argument 'cmake_target_skip_unavailable' from command line to 'False'
[5.700s] Level 5:colcon.colcon_core.verb:set package 'optimus_description' build argument 'cmake_clean_cache' from command line to 'False'
[5.700s] Level 5:colcon.colcon_core.verb:set package 'optimus_description' build argument 'cmake_clean_first' from command line to 'False'
[5.700s] Level 5:colcon.colcon_core.verb:set package 'optimus_description' build argument 'cmake_force_configure' from command line to 'False'
[5.700s] Level 5:colcon.colcon_core.verb:set package 'optimus_description' build argument 'ament_cmake_args' from command line to 'None'
[5.701s] Level 5:colcon.colcon_core.verb:set package 'optimus_description' build argument 'catkin_cmake_args' from command line to 'None'
[5.701s] Level 5:colcon.colcon_core.verb:set package 'optimus_description' build argument 'catkin_skip_building_tests' from command line to 'False'
[5.701s] DEBUG:colcon.colcon_core.verb:Building package 'optimus_description' with the following arguments: {'ament_cmake_args': None, 'build_base': '/home/optimus/optimus_v6.3_ws/build/optimus_description', 'catkin_cmake_args': None, 'catkin_skip_building_tests': False, 'cmake_args': None, 'cmake_clean_cache': False, 'cmake_clean_first': False, 'cmake_force_configure': False, 'cmake_target': None, 'cmake_target_skip_unavailable': False, 'install_base': '/home/optimus/optimus_v6.3_ws/install/optimus_description', 'merge_install': False, 'path': '/home/optimus/optimus_v6.3_ws/src/optimus_description', 'symlink_install': False, 'test_result_base': None}
[5.761s] Level 5:colcon.colcon_core.verb:set package 'optimus_bringup' build argument 'cmake_args' from command line to 'None'
[5.761s] Level 5:colcon.colcon_core.verb:set package 'optimus_bringup' build argument 'cmake_target' from command line to 'None'
[5.761s] Level 5:colcon.colcon_core.verb:set package 'optimus_bringup' build argument 'cmake_target_skip_unavailable' from command line to 'False'
[5.762s] Level 5:colcon.colcon_core.verb:set package 'optimus_bringup' build argument 'cmake_clean_cache' from command line to 'False'
[5.762s] Level 5:colcon.colcon_core.verb:set package 'optimus_bringup' build argument 'cmake_clean_first' from command line to 'False'
[5.762s] Level 5:colcon.colcon_core.verb:set package 'optimus_bringup' build argument 'cmake_force_configure' from command line to 'False'
[5.762s] Level 5:colcon.colcon_core.verb:set package 'optimus_bringup' build argument 'ament_cmake_args' from command line to 'None'
[5.762s] Level 5:colcon.colcon_core.verb:set package 'optimus_bringup' build argument 'catkin_cmake_args' from command line to 'None'
[5.762s] Level 5:colcon.colcon_core.verb:set package 'optimus_bringup' build argument 'catkin_skip_building_tests' from command line to 'False'
[5.762s] DEBUG:colcon.colcon_core.verb:Building package 'optimus_bringup' with the following arguments: {'ament_cmake_args': None, 'build_base': '/home/optimus/optimus_v6.3_ws/build/optimus_bringup', 'catkin_cmake_args': None, 'catkin_skip_building_tests': False, 'cmake_args': None, 'cmake_clean_cache': False, 'cmake_clean_first': False, 'cmake_force_configure': False, 'cmake_target': None, 'cmake_target_skip_unavailable': False, 'install_base': '/home/optimus/optimus_v6.3_ws/install/optimus_bringup', 'merge_install': False, 'path': '/home/optimus/optimus_v6.3_ws/src/optimus_bringup', 'symlink_install': False, 'test_result_base': None}
[5.825s] INFO:colcon.colcon_core.executor:Executing jobs using 'parallel' executor
[5.887s] DEBUG:colcon.colcon_parallel_executor.executor.parallel:run_until_complete
[5.888s] INFO:colcon.colcon_ros.task.ament_cmake.build:Building ROS package in '/home/optimus/optimus_v6.3_ws/src/optimus_interfaces' with build type 'ament_cmake'
[5.889s] INFO:colcon.colcon_cmake.task.cmake.build:Building CMake package in '/home/optimus/optimus_v6.3_ws/src/optimus_interfaces'
[5.959s] INFO:colcon.colcon_core.plugin_system:Skipping extension 'colcon_core.shell.bat': Not used on non-Windows systems
[5.960s] INFO:colcon.colcon_core.shell:Skip shell extension 'powershell' for command environment: Not usable outside of PowerShell
[5.961s] DEBUG:colcon.colcon_core.shell:Skip shell extension 'dsv' for command environment
[6.189s] DEBUG:colcon.colcon_core.event_handler.log_command:Invoking command in '/home/optimus/optimus_v6.3_ws/build/optimus_interfaces': CMAKE_PREFIX_PATH=${CMAKE_PREFIX_PATH}:/home/optimus/optimus_v6.3_ws/install/optimus_description:/opt/ros/humble /usr/bin/cmake --build /home/optimus/optimus_v6.3_ws/build/optimus_interfaces -- -j4 -l4
[8.394s] DEBUG:colcon.colcon_core.event_handler.log_command:Invoked command in '/home/optimus/optimus_v6.3_ws/build/optimus_interfaces' returned '0': CMAKE_PREFIX_PATH=${CMAKE_PREFIX_PATH}:/home/optimus/optimus_v6.3_ws/install/optimus_description:/opt/ros/humble /usr/bin/cmake --build /home/optimus/optimus_v6.3_ws/build/optimus_interfaces -- -j4 -l4
[9.104s] DEBUG:colcon.colcon_core.event_handler.log_command:Invoking command in '/home/optimus/optimus_v6.3_ws/build/optimus_interfaces': CMAKE_PREFIX_PATH=${CMAKE_PREFIX_PATH}:/home/optimus/optimus_v6.3_ws/install/optimus_description:/opt/ros/humble /usr/bin/cmake --install /home/optimus/optimus_v6.3_ws/build/optimus_interfaces
[9.427s] Level 1:colcon.colcon_core.environment:create_environment_scripts_only(optimus_interfaces)
[9.429s] DEBUG:colcon.colcon_core.event_handler.log_command:Invoked command in '/home/optimus/optimus_v6.3_ws/build/optimus_interfaces' returned '0': CMAKE_PREFIX_PATH=${CMAKE_PREFIX_PATH}:/home/optimus/optimus_v6.3_ws/install/optimus_description:/opt/ros/humble /usr/bin/cmake --install /home/optimus/optimus_v6.3_ws/build/optimus_interfaces
[9.500s] Level 1:colcon.colcon_core.environment:checking '/home/optimus/optimus_v6.3_ws/install/optimus_interfaces' for CMake module files
[9.504s] Level 1:colcon.colcon_core.environment:checking '/home/optimus/optimus_v6.3_ws/install/optimus_interfaces' for CMake config files
[9.507s] Level 1:colcon.colcon_core.shell:create_environment_hook('optimus_interfaces', 'cmake_prefix_path')
[9.599s] INFO:colcon.colcon_core.shell:Creating environment hook '/home/optimus/optimus_v6.3_ws/install/optimus_interfaces/share/optimus_interfaces/hook/cmake_prefix_path.ps1'
[9.602s] INFO:colcon.colcon_core.shell:Creating environment descriptor '/home/optimus/optimus_v6.3_ws/install/optimus_interfaces/share/optimus_interfaces/hook/cmake_prefix_path.dsv'
[9.605s] INFO:colcon.colcon_core.shell:Creating environment hook '/home/optimus/optimus_v6.3_ws/install/optimus_interfaces/share/optimus_interfaces/hook/cmake_prefix_path.sh'
[9.610s] Level 1:colcon.colcon_core.environment:checking '/home/optimus/optimus_v6.3_ws/install/optimus_interfaces/lib'
[9.611s] Level 1:colcon.colcon_core.shell:create_environment_hook('optimus_interfaces', 'ld_library_path_lib')
[9.749s] INFO:colcon.colcon_core.shell:Creating environment hook '/home/optimus/optimus_v6.3_ws/install/optimus_interfaces/share/optimus_interfaces/hook/ld_library_path_lib.ps1'
[9.753s] INFO:colcon.colcon_core.shell:Creating environment descriptor '/home/optimus/optimus_v6.3_ws/install/optimus_interfaces/share/optimus_interfaces/hook/ld_library_path_lib.dsv'
[9.755s] INFO:colcon.colcon_core.shell:Creating environment hook '/home/optimus/optimus_v6.3_ws/install/optimus_interfaces/share/optimus_interfaces/hook/ld_library_path_lib.sh'
[9.758s] Level 1:colcon.colcon_core.environment:checking '/home/optimus/optimus_v6.3_ws/install/optimus_interfaces/bin'
[9.759s] Level 1:colcon.colcon_core.environment:checking '/home/optimus/optimus_v6.3_ws/install/optimus_interfaces/lib/pkgconfig/optimus_interfaces.pc'
[9.760s] Level 1:colcon.colcon_core.environment:checking '/home/optimus/optimus_v6.3_ws/install/optimus_interfaces/lib/python3.10/site-packages'
[9.762s] Level 1:colcon.colcon_core.environment:checking '/home/optimus/optimus_v6.3_ws/install/optimus_interfaces/bin'
[9.856s] INFO:colcon.colcon_core.shell:Creating package script '/home/optimus/optimus_v6.3_ws/install/optimus_interfaces/share/optimus_interfaces/package.ps1'
[9.860s] INFO:colcon.colcon_core.shell:Creating package descriptor '/home/optimus/optimus_v6.3_ws/install/optimus_interfaces/share/optimus_interfaces/package.dsv'
[9.863s] INFO:colcon.colcon_core.shell:Creating package script '/home/optimus/optimus_v6.3_ws/install/optimus_interfaces/share/optimus_interfaces/package.sh'
[9.867s] INFO:colcon.colcon_core.shell:Creating package script '/home/optimus/optimus_v6.3_ws/install/optimus_interfaces/share/optimus_interfaces/package.bash'
[9.870s] INFO:colcon.colcon_core.shell:Creating package script '/home/optimus/optimus_v6.3_ws/install/optimus_interfaces/share/optimus_interfaces/package.zsh'
[9.873s] Level 1:colcon.colcon_core.environment:create_file_with_runtime_dependencies(/home/optimus/optimus_v6.3_ws/install/optimus_interfaces/share/colcon-core/packages/optimus_interfaces)
[10.613s] Level 1:colcon.colcon_core.environment:create_environment_scripts_only(optimus_interfaces)
[10.674s] Level 1:colcon.colcon_core.environment:checking '/home/optimus/optimus_v6.3_ws/install/optimus_interfaces' for CMake module files
[10.678s] Level 1:colcon.colcon_core.environment:checking '/home/optimus/optimus_v6.3_ws/install/optimus_interfaces' for CMake config files
[10.681s] Level 1:colcon.colcon_core.shell:create_environment_hook('optimus_interfaces', 'cmake_prefix_path')
[10.741s] INFO:colcon.colcon_core.shell:Creating environment hook '/home/optimus/optimus_v6.3_ws/install/optimus_interfaces/share/optimus_interfaces/hook/cmake_prefix_path.ps1'
[10.744s] INFO:colcon.colcon_core.shell:Creating environment descriptor '/home/optimus/optimus_v6.3_ws/install/optimus_interfaces/share/optimus_interfaces/hook/cmake_prefix_path.dsv'
[10.745s] INFO:colcon.colcon_core.shell:Creating environment hook '/home/optimus/optimus_v6.3_ws/install/optimus_interfaces/share/optimus_interfaces/hook/cmake_prefix_path.sh'
[10.748s] Level 1:colcon.colcon_core.environment:checking '/home/optimus/optimus_v6.3_ws/install/optimus_interfaces/lib'
[10.749s] Level 1:colcon.colcon_core.shell:create_environment_hook('optimus_interfaces', 'ld_library_path_lib')
[10.811s] INFO:colcon.colcon_core.shell:Creating environment hook '/home/optimus/optimus_v6.3_ws/install/optimus_interfaces/share/optimus_interfaces/hook/ld_library_path_lib.ps1'
[10.813s] INFO:colcon.colcon_core.shell:Creating environment descriptor '/home/optimus/optimus_v6.3_ws/install/optimus_interfaces/share/optimus_interfaces/hook/ld_library_path_lib.dsv'
[10.815s] INFO:colcon.colcon_core.shell:Creating environment hook '/home/optimus/optimus_v6.3_ws/install/optimus_interfaces/share/optimus_interfaces/hook/ld_library_path_lib.sh'
[10.817s] Level 1:colcon.colcon_core.environment:checking '/home/optimus/optimus_v6.3_ws/install/optimus_interfaces/bin'
[10.817s] Level 1:colcon.colcon_core.environment:checking '/home/optimus/optimus_v6.3_ws/install/optimus_interfaces/lib/pkgconfig/optimus_interfaces.pc'
[10.818s] Level 1:colcon.colcon_core.environment:checking '/home/optimus/optimus_v6.3_ws/install/optimus_interfaces/lib/python3.10/site-packages'
[10.819s] Level 1:colcon.colcon_core.environment:checking '/home/optimus/optimus_v6.3_ws/install/optimus_interfaces/bin'
[10.882s] INFO:colcon.colcon_core.shell:Creating package script '/home/optimus/optimus_v6.3_ws/install/optimus_interfaces/share/optimus_interfaces/package.ps1'
[10.884s] INFO:colcon.colcon_core.shell:Creating package descriptor '/home/optimus/optimus_v6.3_ws/install/optimus_interfaces/share/optimus_interfaces/package.dsv'
[10.887s] INFO:colcon.colcon_core.shell:Creating package script '/home/optimus/optimus_v6.3_ws/install/optimus_interfaces/share/optimus_interfaces/package.sh'
[10.889s] INFO:colcon.colcon_core.shell:Creating package script '/home/optimus/optimus_v6.3_ws/install/optimus_interfaces/share/optimus_interfaces/package.bash'
[10.891s] INFO:colcon.colcon_core.shell:Creating package script '/home/optimus/optimus_v6.3_ws/install/optimus_interfaces/share/optimus_interfaces/package.zsh'
[10.893s] Level 1:colcon.colcon_core.environment:create_file_with_runtime_dependencies(/home/optimus/optimus_v6.3_ws/install/optimus_interfaces/share/colcon-core/packages/optimus_interfaces)
[10.895s] INFO:colcon.colcon_ros.task.ament_python.build:Building ROS package in '/home/optimus/optimus_v6.3_ws/src/optimus_description' with build type 'ament_python'
[10.896s] Level 1:colcon.colcon_core.shell:create_environment_hook('optimus_description', 'ament_prefix_path')
[10.961s] INFO:colcon.colcon_core.shell:Creating environment hook '/home/optimus/optimus_v6.3_ws/install/optimus_description/share/optimus_description/hook/ament_prefix_path.ps1'
[10.964s] INFO:colcon.colcon_core.shell:Creating environment descriptor '/home/optimus/optimus_v6.3_ws/install/optimus_description/share/optimus_description/hook/ament_prefix_path.dsv'
[10.965s] INFO:colcon.colcon_core.shell:Creating environment hook '/home/optimus/optimus_v6.3_ws/install/optimus_description/share/optimus_description/hook/ament_prefix_path.sh'
[11.029s] INFO:colcon.colcon_core.shell:Skip shell extension 'powershell' for command environment: Not usable outside of PowerShell
[11.029s] DEBUG:colcon.colcon_core.shell:Skip shell extension 'dsv' for command environment
[13.180s] INFO:colcon.colcon_core.task.python.build:Building Python package in '/home/optimus/optimus_v6.3_ws/src/optimus_description'
[13.375s] INFO:colcon.colcon_core.shell:Skip shell extension 'powershell' for command environment: Not usable outside of PowerShell
[13.376s] DEBUG:colcon.colcon_core.shell:Skip shell extension 'dsv' for command environment
[16.635s] DEBUG:colcon.colcon_core.event_handler.log_command:Invoking command in '/home/optimus/optimus_v6.3_ws/src/optimus_description': CMAKE_PREFIX_PATH=/home/optimus/optimus_v6.3_ws/install/optimus_interfaces:/home/optimus/optimus_v6.3_ws/install/optimus_bringup PYTHONPATH=/home/optimus/optimus_v6.3_ws/build/optimus_description/prefix_override:/home/optimus/optimus_v6.3_ws/install/optimus_description/lib/python3.10/site-packages:${PYTHONPATH} /usr/bin/python3 setup.py egg_info --egg-base ../../build/optimus_description build --build-base /home/optimus/optimus_v6.3_ws/build/optimus_description/build install --record /home/optimus/optimus_v6.3_ws/build/optimus_description/install.log --single-version-externally-managed
[18.971s] DEBUG:colcon.colcon_core.event_handler.log_command:Invoked command in '/home/optimus/optimus_v6.3_ws/src/optimus_description' returned '0': CMAKE_PREFIX_PATH=/home/optimus/optimus_v6.3_ws/install/optimus_interfaces:/home/optimus/optimus_v6.3_ws/install/optimus_bringup PYTHONPATH=/home/optimus/optimus_v6.3_ws/build/optimus_description/prefix_override:/home/optimus/optimus_v6.3_ws/install/optimus_description/lib/python3.10/site-packages:${PYTHONPATH} /usr/bin/python3 setup.py egg_info --egg-base ../../build/optimus_description build --build-base /home/optimus/optimus_v6.3_ws/build/optimus_description/build install --record /home/optimus/optimus_v6.3_ws/build/optimus_description/install.log --single-version-externally-managed
[19.131s] Level 1:colcon.colcon_core.environment:checking '/home/optimus/optimus_v6.3_ws/install/optimus_description' for CMake module files
[19.134s] Level 1:colcon.colcon_core.environment:checking '/home/optimus/optimus_v6.3_ws/install/optimus_description' for CMake config files
[19.141s] Level 1:colcon.colcon_core.environment:checking '/home/optimus/optimus_v6.3_ws/install/optimus_description/lib'
[19.142s] Level 1:colcon.colcon_core.environment:checking '/home/optimus/optimus_v6.3_ws/install/optimus_description/bin'
[19.143s] Level 1:colcon.colcon_core.environment:checking '/home/optimus/optimus_v6.3_ws/install/optimus_description/lib/pkgconfig/optimus_description.pc'
[19.145s] Level 1:colcon.colcon_core.environment:checking '/home/optimus/optimus_v6.3_ws/install/optimus_description/lib/python3.10/site-packages'
[19.146s] Level 1:colcon.colcon_core.shell:create_environment_hook('optimus_description', 'pythonpath')
[19.272s] INFO:colcon.colcon_core.shell:Creating environment hook '/home/optimus/optimus_v6.3_ws/install/optimus_description/share/optimus_description/hook/pythonpath.ps1'
[19.275s] INFO:colcon.colcon_core.shell:Creating environment descriptor '/home/optimus/optimus_v6.3_ws/install/optimus_description/share/optimus_description/hook/pythonpath.dsv'
[19.278s] INFO:colcon.colcon_core.shell:Creating environment hook '/home/optimus/optimus_v6.3_ws/install/optimus_description/share/optimus_description/hook/pythonpath.sh'
[19.283s] Level 1:colcon.colcon_core.environment:checking '/home/optimus/optimus_v6.3_ws/install/optimus_description/bin'
[19.284s] Level 1:colcon.colcon_core.environment:create_environment_scripts_only(optimus_description)
[19.506s] INFO:colcon.colcon_core.shell:Creating package script '/home/optimus/optimus_v6.3_ws/install/optimus_description/share/optimus_description/package.ps1'
[19.513s] INFO:colcon.colcon_core.shell:Creating package descriptor '/home/optimus/optimus_v6.3_ws/install/optimus_description/share/optimus_description/package.dsv'
[19.519s] INFO:colcon.colcon_core.shell:Creating package script '/home/optimus/optimus_v6.3_ws/install/optimus_description/share/optimus_description/package.sh'
[19.523s] INFO:colcon.colcon_core.shell:Creating package script '/home/optimus/optimus_v6.3_ws/install/optimus_description/share/optimus_description/package.bash'
[19.526s] INFO:colcon.colcon_core.shell:Creating package script '/home/optimus/optimus_v6.3_ws/install/optimus_description/share/optimus_description/package.zsh'
[19.529s] Level 1:colcon.colcon_core.environment:create_file_with_runtime_dependencies(/home/optimus/optimus_v6.3_ws/install/optimus_description/share/colcon-core/packages/optimus_description)
[19.534s] INFO:colcon.colcon_ros.task.ament_cmake.build:Building ROS package in '/home/optimus/optimus_v6.3_ws/src/optimus_bringup' with build type 'ament_cmake'
[19.535s] INFO:colcon.colcon_cmake.task.cmake.build:Building CMake package in '/home/optimus/optimus_v6.3_ws/src/optimus_bringup'
[19.649s] INFO:colcon.colcon_core.shell:Skip shell extension 'powershell' for command environment: Not usable outside of PowerShell
[19.649s] DEBUG:colcon.colcon_core.shell:Skip shell extension 'dsv' for command environment
[20.184s] DEBUG:colcon.colcon_core.event_handler.log_command:Invoking command in '/home/optimus/optimus_v6.3_ws/build/optimus_bringup': AMENT_PREFIX_PATH=/home/optimus/optimus_v6.3_ws/install/optimus_description:/home/optimus/optimus_v6.3_ws/install/optimus_bringup:/home/optimus/optimus_v6.3_ws/install/optimus_interfaces:/opt/ros/humble CMAKE_PREFIX_PATH=/home/optimus/optimus_v6.3_ws/install/optimus_interfaces:/home/optimus/optimus_v6.3_ws/install/optimus_bringup:/home/optimus/optimus_v6.3_ws/install/optimus_description:/opt/ros/humble /usr/bin/cmake --build /home/optimus/optimus_v6.3_ws/build/optimus_bringup -- -j4 -l4
[20.419s] DEBUG:colcon.colcon_core.event_handler.log_command:Invoked command in '/home/optimus/optimus_v6.3_ws/build/optimus_bringup' returned '0': AMENT_PREFIX_PATH=/home/optimus/optimus_v6.3_ws/install/optimus_description:/home/optimus/optimus_v6.3_ws/install/optimus_bringup:/home/optimus/optimus_v6.3_ws/install/optimus_interfaces:/opt/ros/humble CMAKE_PREFIX_PATH=/home/optimus/optimus_v6.3_ws/install/optimus_interfaces:/home/optimus/optimus_v6.3_ws/install/optimus_bringup:/home/optimus/optimus_v6.3_ws/install/optimus_description:/opt/ros/humble /usr/bin/cmake --build /home/optimus/optimus_v6.3_ws/build/optimus_bringup -- -j4 -l4
[20.620s] DEBUG:colcon.colcon_core.event_handler.log_command:Invoking command in '/home/optimus/optimus_v6.3_ws/build/optimus_bringup': AMENT_PREFIX_PATH=/home/optimus/optimus_v6.3_ws/install/optimus_description:/home/optimus/optimus_v6.3_ws/install/optimus_bringup:/home/optimus/optimus_v6.3_ws/install/optimus_interfaces:/opt/ros/humble CMAKE_PREFIX_PATH=/home/optimus/optimus_v6.3_ws/install/optimus_interfaces:/home/optimus/optimus_v6.3_ws/install/optimus_bringup:/home/optimus/optimus_v6.3_ws/install/optimus_description:/opt/ros/humble /usr/bin/cmake --install /home/optimus/optimus_v6.3_ws/build/optimus_bringup
[20.704s] Level 1:colcon.colcon_core.environment:create_environment_scripts_only(optimus_bringup)
[20.729s] DEBUG:colcon.colcon_core.event_handler.log_command:Invoked command in '/home/optimus/optimus_v6.3_ws/build/optimus_bringup' returned '0': AMENT_PREFIX_PATH=/home/optimus/optimus_v6.3_ws/install/optimus_description:/home/optimus/optimus_v6.3_ws/install/optimus_bringup:/home/optimus/optimus_v6.3_ws/install/optimus_interfaces:/opt/ros/humble CMAKE_PREFIX_PATH=/home/optimus/optimus_v6.3_ws/install/optimus_interfaces:/home/optimus/optimus_v6.3_ws/install/optimus_bringup:/home/optimus/optimus_v6.3_ws/install/optimus_description:/opt/ros/humble /usr/bin/cmake --install /home/optimus/optimus_v6.3_ws/build/optimus_bringup
[20.918s] Level 1:colcon.colcon_core.environment:checking '/home/optimus/optimus_v6.3_ws/install/optimus_bringup' for CMake module files
[20.924s] Level 1:colcon.colcon_core.environment:checking '/home/optimus/optimus_v6.3_ws/install/optimus_bringup' for CMake config files
[20.927s] Level 1:colcon.colcon_core.shell:create_environment_hook('optimus_bringup', 'cmake_prefix_path')
[21.112s] INFO:colcon.colcon_core.shell:Creating environment hook '/home/optimus/optimus_v6.3_ws/install/optimus_bringup/share/optimus_bringup/hook/cmake_prefix_path.ps1'
[21.117s] INFO:colcon.colcon_core.shell:Creating environment descriptor '/home/optimus/optimus_v6.3_ws/install/optimus_bringup/share/optimus_bringup/hook/cmake_prefix_path.dsv'
[21.122s] INFO:colcon.colcon_core.shell:Creating environment hook '/home/optimus/optimus_v6.3_ws/install/optimus_bringup/share/optimus_bringup/hook/cmake_prefix_path.sh'
[21.130s] Level 1:colcon.colcon_core.environment:checking '/home/optimus/optimus_v6.3_ws/install/optimus_bringup/bin'
[21.131s] Level 1:colcon.colcon_core.environment:checking '/home/optimus/optimus_v6.3_ws/install/optimus_bringup/lib/pkgconfig/optimus_bringup.pc'
[21.133s] Level 1:colcon.colcon_core.environment:checking '/home/optimus/optimus_v6.3_ws/install/optimus_bringup/lib/python3.10/site-packages'
[21.135s] Level 1:colcon.colcon_core.environment:checking '/home/optimus/optimus_v6.3_ws/install/optimus_bringup/bin'
[21.334s] INFO:colcon.colcon_core.shell:Creating package script '/home/optimus/optimus_v6.3_ws/install/optimus_bringup/share/optimus_bringup/package.ps1'
[21.338s] INFO:colcon.colcon_core.shell:Creating package descriptor '/home/optimus/optimus_v6.3_ws/install/optimus_bringup/share/optimus_bringup/package.dsv'
[21.341s] INFO:colcon.colcon_core.shell:Creating package script '/home/optimus/optimus_v6.3_ws/install/optimus_bringup/share/optimus_bringup/package.sh'
[21.344s] INFO:colcon.colcon_core.shell:Creating package script '/home/optimus/optimus_v6.3_ws/install/optimus_bringup/share/optimus_bringup/package.bash'
[21.349s] INFO:colcon.colcon_core.shell:Creating package script '/home/optimus/optimus_v6.3_ws/install/optimus_bringup/share/optimus_bringup/package.zsh'
[21.353s] Level 1:colcon.colcon_core.environment:create_file_with_runtime_dependencies(/home/optimus/optimus_v6.3_ws/install/optimus_bringup/share/colcon-core/packages/optimus_bringup)
[21.701s] Level 1:colcon.colcon_core.environment:create_environment_scripts_only(optimus_bringup)
[21.841s] Level 1:colcon.colcon_core.environment:checking '/home/optimus/optimus_v6.3_ws/install/optimus_bringup' for CMake module files
[21.845s] Level 1:colcon.colcon_core.environment:checking '/home/optimus/optimus_v6.3_ws/install/optimus_bringup' for CMake config files
[21.848s] Level 1:colcon.colcon_core.shell:create_environment_hook('optimus_bringup', 'cmake_prefix_path')
[22.026s] INFO:colcon.colcon_core.shell:Creating environment hook '/home/optimus/optimus_v6.3_ws/install/optimus_bringup/share/optimus_bringup/hook/cmake_prefix_path.ps1'
[22.030s] INFO:colcon.colcon_core.shell:Creating environment descriptor '/home/optimus/optimus_v6.3_ws/install/optimus_bringup/share/optimus_bringup/hook/cmake_prefix_path.dsv'
[22.035s] INFO:colcon.colcon_core.shell:Creating environment hook '/home/optimus/optimus_v6.3_ws/install/optimus_bringup/share/optimus_bringup/hook/cmake_prefix_path.sh'
[22.042s] Level 1:colcon.colcon_core.environment:checking '/home/optimus/optimus_v6.3_ws/install/optimus_bringup/bin'
[22.043s] Level 1:colcon.colcon_core.environment:checking '/home/optimus/optimus_v6.3_ws/install/optimus_bringup/lib/pkgconfig/optimus_bringup.pc'
[22.045s] Level 1:colcon.colcon_core.environment:checking '/home/optimus/optimus_v6.3_ws/install/optimus_bringup/lib/python3.10/site-packages'
[22.047s] Level 1:colcon.colcon_core.environment:checking '/home/optimus/optimus_v6.3_ws/install/optimus_bringup/bin'
[22.248s] INFO:colcon.colcon_core.shell:Creating package script '/home/optimus/optimus_v6.3_ws/install/optimus_bringup/share/optimus_bringup/package.ps1'
[22.252s] INFO:colcon.colcon_core.shell:Creating package descriptor '/home/optimus/optimus_v6.3_ws/install/optimus_bringup/share/optimus_bringup/package.dsv'
[22.256s] INFO:colcon.colcon_core.shell:Creating package script '/home/optimus/optimus_v6.3_ws/install/optimus_bringup/share/optimus_bringup/package.sh'
[22.260s] INFO:colcon.colcon_core.shell:Creating package script '/home/optimus/optimus_v6.3_ws/install/optimus_bringup/share/optimus_bringup/package.bash'
[22.265s] INFO:colcon.colcon_core.shell:Creating package script '/home/optimus/optimus_v6.3_ws/install/optimus_bringup/share/optimus_bringup/package.zsh'
[22.268s] Level 1:colcon.colcon_core.environment:create_file_with_runtime_dependencies(/home/optimus/optimus_v6.3_ws/install/optimus_bringup/share/colcon-core/packages/optimus_bringup)
[22.273s] DEBUG:colcon.colcon_parallel_executor.executor.parallel:closing loop
[22.273s] DEBUG:colcon.colcon_parallel_executor.executor.parallel:loop closed
[22.274s] DEBUG:colcon.colcon_parallel_executor.executor.parallel:run_until_complete finished with '0'
[22.275s] DEBUG:colcon.colcon_core.event_reactor:joining thread
[22.442s] INFO:colcon.colcon_core.plugin_system:Skipping extension 'colcon_notification.desktop_notification.terminal_notifier': Not used on non-Darwin systems
[22.442s] INFO:colcon.colcon_core.plugin_system:Skipping extension 'colcon_notification.desktop_notification.win32': Not used on non-Windows systems
[22.443s] INFO:colcon.colcon_notification.desktop_notification:Sending desktop notification using 'notify2'
[22.448s] DEBUG:colcon.colcon_notification.desktop_notification.notify2:Failed to initialize notify2: org.freedesktop.DBus.Error.ServiceUnknown: The name org.freedesktop.Notifications was not provided by any .service files
[22.449s] DEBUG:colcon.colcon_core.event_reactor:joined thread
[22.539s] INFO:colcon.colcon_core.shell:Creating prefix script '/home/optimus/optimus_v6.3_ws/install/local_setup.ps1'
[22.543s] INFO:colcon.colcon_core.shell:Creating prefix util module '/home/optimus/optimus_v6.3_ws/install/_local_setup_util_ps1.py'
[22.549s] INFO:colcon.colcon_core.shell:Creating prefix chain script '/home/optimus/optimus_v6.3_ws/install/setup.ps1'
[22.636s] INFO:colcon.colcon_core.shell:Creating prefix script '/home/optimus/optimus_v6.3_ws/install/local_setup.sh'
[22.639s] INFO:colcon.colcon_core.shell:Creating prefix util module '/home/optimus/optimus_v6.3_ws/install/_local_setup_util_sh.py'
[22.642s] INFO:colcon.colcon_core.shell:Creating prefix chain script '/home/optimus/optimus_v6.3_ws/install/setup.sh'
[22.732s] INFO:colcon.colcon_core.shell:Creating prefix script '/home/optimus/optimus_v6.3_ws/install/local_setup.bash'
[22.735s] INFO:colcon.colcon_core.shell:Creating prefix chain script '/home/optimus/optimus_v6.3_ws/install/setup.bash'
[22.825s] INFO:colcon.colcon_core.shell:Creating prefix script '/home/optimus/optimus_v6.3_ws/install/local_setup.zsh'
[22.827s] INFO:colcon.colcon_core.shell:Creating prefix chain script '/home/optimus/optimus_v6.3_ws/install/setup.zsh'
