[3.558s] Invoking command in '/home/optimus/optimus_v6.3_ws/src/optimus_description': CMAKE_PREFIX_PATH=/home/optimus/optimus_v6.3_ws/install/optimus_interfaces:/home/optimus/optimus_v6.3_ws/install/optimus_bringup PYTHONPATH=/home/optimus/optimus_v6.3_ws/build/optimus_description/prefix_override:/home/optimus/optimus_v6.3_ws/install/optimus_description/lib/python3.10/site-packages:${PYTHONPATH} /usr/bin/python3 setup.py egg_info --egg-base ../../build/optimus_description build --build-base /home/optimus/optimus_v6.3_ws/build/optimus_description/build install --record /home/optimus/optimus_v6.3_ws/build/optimus_description/install.log --single-version-externally-managed
[4.682s] running egg_info
[4.684s] writing ../../build/optimus_description/optimus_description.egg-info/PKG-INFO
[4.685s] writing dependency_links to ../../build/optimus_description/optimus_description.egg-info/dependency_links.txt
[4.687s] writing entry points to ../../build/optimus_description/optimus_description.egg-info/entry_points.txt
[4.687s] writing requirements to ../../build/optimus_description/optimus_description.egg-info/requires.txt
[4.688s] writing top-level names to ../../build/optimus_description/optimus_description.egg-info/top_level.txt
[4.697s] reading manifest file '../../build/optimus_description/optimus_description.egg-info/SOURCES.txt'
[4.701s] writing manifest file '../../build/optimus_description/optimus_description.egg-info/SOURCES.txt'
[4.702s] running build
[4.702s] running build_py
[4.705s] running install
[4.706s] running install_lib
[4.714s] running install_data
[4.716s] running install_egg_info
[4.723s] removing '/home/optimus/optimus_v6.3_ws/install/optimus_description/lib/python3.10/site-packages/optimus_description-0.0.0-py3.10.egg-info' (and everything under it)
[4.725s] Copying ../../build/optimus_description/optimus_description.egg-info to /home/optimus/optimus_v6.3_ws/install/optimus_description/lib/python3.10/site-packages/optimus_description-0.0.0-py3.10.egg-info
[4.733s] running install_scripts
[4.809s] Installing camera script to /home/optimus/optimus_v6.3_ws/install/optimus_description/lib/optimus_description
[4.811s] Installing motor_driver script to /home/optimus/optimus_v6.3_ws/install/optimus_description/lib/optimus_description
[4.812s] Installing optimus_pi script to /home/optimus/optimus_v6.3_ws/install/optimus_description/lib/optimus_description
[4.813s] Installing ps4_controller script to /home/optimus/optimus_v6.3_ws/install/optimus_description/lib/optimus_description
[4.814s] Installing ultra_sonic_sensor script to /home/optimus/optimus_v6.3_ws/install/optimus_description/lib/optimus_description
[4.816s] writing list of installed files to '/home/optimus/optimus_v6.3_ws/build/optimus_description/install.log'
[4.942s] Invoked command in '/home/optimus/optimus_v6.3_ws/src/optimus_description' returned '0': CMAKE_PREFIX_PATH=/home/optimus/optimus_v6.3_ws/install/optimus_interfaces:/home/optimus/optimus_v6.3_ws/install/optimus_bringup PYTHONPATH=/home/optimus/optimus_v6.3_ws/build/optimus_description/prefix_override:/home/optimus/optimus_v6.3_ws/install/optimus_description/lib/python3.10/site-packages:${PYTHONPATH} /usr/bin/python3 setup.py egg_info --egg-base ../../build/optimus_description build --build-base /home/optimus/optimus_v6.3_ws/build/optimus_description/build install --record /home/optimus/optimus_v6.3_ws/build/optimus_description/install.log --single-version-externally-managed
