[3.737s] Invoking command in '/home/optimus/optimus_v6.3_ws/src/optimus_description': CMAKE_PREFIX_PATH=/home/optimus/optimus_v6.3_ws/install/optimus_interfaces:/home/optimus/optimus_v6.3_ws/install/optimus_bringup PYTHONPATH=/home/optimus/optimus_v6.3_ws/build/optimus_description/prefix_override:/home/optimus/optimus_v6.3_ws/install/optimus_description/lib/python3.10/site-packages:${PYTHONPATH} /usr/bin/python3 setup.py egg_info --egg-base ../../build/optimus_description build --build-base /home/optimus/optimus_v6.3_ws/build/optimus_description/build install --record /home/optimus/optimus_v6.3_ws/build/optimus_description/install.log --single-version-externally-managed
[4.859s] running egg_info
[4.861s] writing ../../build/optimus_description/optimus_description.egg-info/PKG-INFO
[4.862s] writing dependency_links to ../../build/optimus_description/optimus_description.egg-info/dependency_links.txt
[4.863s] writing entry points to ../../build/optimus_description/optimus_description.egg-info/entry_points.txt
[4.864s] writing requirements to ../../build/optimus_description/optimus_description.egg-info/requires.txt
[4.865s] writing top-level names to ../../build/optimus_description/optimus_description.egg-info/top_level.txt
[4.874s] reading manifest file '../../build/optimus_description/optimus_description.egg-info/SOURCES.txt'
[4.879s] writing manifest file '../../build/optimus_description/optimus_description.egg-info/SOURCES.txt'
[4.880s] running build
[4.880s] running build_py
[4.882s] copying optimus_description/optimus_pi_node.py -> /home/optimus/optimus_v6.3_ws/build/optimus_description/build/lib/optimus_description
[4.884s] running install
[4.885s] running install_lib
[4.890s] copying /home/optimus/optimus_v6.3_ws/build/optimus_description/build/lib/optimus_description/optimus_pi_node.py -> /home/optimus/optimus_v6.3_ws/install/optimus_description/lib/python3.10/site-packages/optimus_description
[4.894s] byte-compiling /home/optimus/optimus_v6.3_ws/install/optimus_description/lib/python3.10/site-packages/optimus_description/optimus_pi_node.py to optimus_pi_node.cpython-310.pyc
[4.900s] running install_data
[4.902s] running install_egg_info
[4.909s] removing '/home/optimus/optimus_v6.3_ws/install/optimus_description/lib/python3.10/site-packages/optimus_description-0.0.0-py3.10.egg-info' (and everything under it)
[4.911s] Copying ../../build/optimus_description/optimus_description.egg-info to /home/optimus/optimus_v6.3_ws/install/optimus_description/lib/python3.10/site-packages/optimus_description-0.0.0-py3.10.egg-info
[4.919s] running install_scripts
[4.995s] Installing camera script to /home/optimus/optimus_v6.3_ws/install/optimus_description/lib/optimus_description
[4.996s] Installing lifecycle_manager script to /home/optimus/optimus_v6.3_ws/install/optimus_description/lib/optimus_description
[4.997s] Installing motor_driver script to /home/optimus/optimus_v6.3_ws/install/optimus_description/lib/optimus_description
[4.998s] Installing optimus_pi script to /home/optimus/optimus_v6.3_ws/install/optimus_description/lib/optimus_description
[4.999s] Installing ps4_controller script to /home/optimus/optimus_v6.3_ws/install/optimus_description/lib/optimus_description
[5.000s] Installing ultra_sonic_sensor script to /home/optimus/optimus_v6.3_ws/install/optimus_description/lib/optimus_description
[5.002s] writing list of installed files to '/home/optimus/optimus_v6.3_ws/build/optimus_description/install.log'
[5.137s] Invoked command in '/home/optimus/optimus_v6.3_ws/src/optimus_description' returned '0': CMAKE_PREFIX_PATH=/home/optimus/optimus_v6.3_ws/install/optimus_interfaces:/home/optimus/optimus_v6.3_ws/install/optimus_bringup PYTHONPATH=/home/optimus/optimus_v6.3_ws/build/optimus_description/prefix_override:/home/optimus/optimus_v6.3_ws/install/optimus_description/lib/python3.10/site-packages:${PYTHONPATH} /usr/bin/python3 setup.py egg_info --egg-base ../../build/optimus_description build --build-base /home/optimus/optimus_v6.3_ws/build/optimus_description/build install --record /home/optimus/optimus_v6.3_ws/build/optimus_description/install.log --single-version-externally-managed
