[5.307s] Invoking command in '/home/optimus/optimus_v6.3_ws/src/optimus_description': CMAKE_PREFIX_PATH=/home/optimus/optimus_v6.3_ws/install/optimus_interfaces:/home/optimus/optimus_v6.3_ws/install/optimus_bringup PYTHONPATH=/home/optimus/optimus_v6.3_ws/build/optimus_description/prefix_override:/home/optimus/optimus_v6.3_ws/install/optimus_description/lib/python3.10/site-packages:${PYTHONPATH} /usr/bin/python3 setup.py egg_info --egg-base ../../build/optimus_description build --build-base /home/optimus/optimus_v6.3_ws/build/optimus_description/build install --record /home/optimus/optimus_v6.3_ws/build/optimus_description/install.log --single-version-externally-managed
[7.297s] running egg_info
[7.300s] writing ../../build/optimus_description/optimus_description.egg-info/PKG-INFO
[7.301s] writing dependency_links to ../../build/optimus_description/optimus_description.egg-info/dependency_links.txt
[7.303s] writing entry points to ../../build/optimus_description/optimus_description.egg-info/entry_points.txt
[7.304s] writing requirements to ../../build/optimus_description/optimus_description.egg-info/requires.txt
[7.306s] writing top-level names to ../../build/optimus_description/optimus_description.egg-info/top_level.txt
[7.317s] reading manifest file '../../build/optimus_description/optimus_description.egg-info/SOURCES.txt'
[7.322s] writing manifest file '../../build/optimus_description/optimus_description.egg-info/SOURCES.txt'
[7.323s] running build
[7.324s] running build_py
[7.326s] copying optimus_description/ps4_controller_node.py -> /home/optimus/optimus_v6.3_ws/build/optimus_description/build/lib/optimus_description
[7.328s] running install
[7.330s] running install_lib
[7.335s] copying /home/optimus/optimus_v6.3_ws/build/optimus_description/build/lib/optimus_description/ps4_controller_node.py -> /home/optimus/optimus_v6.3_ws/install/optimus_description/lib/python3.10/site-packages/optimus_description
[7.341s] byte-compiling /home/optimus/optimus_v6.3_ws/install/optimus_description/lib/python3.10/site-packages/optimus_description/ps4_controller_node.py to ps4_controller_node.cpython-310.pyc
[7.349s] running install_data
[7.352s] running install_egg_info
[7.361s] removing '/home/optimus/optimus_v6.3_ws/install/optimus_description/lib/python3.10/site-packages/optimus_description-0.0.0-py3.10.egg-info' (and everything under it)
[7.363s] Copying ../../build/optimus_description/optimus_description.egg-info to /home/optimus/optimus_v6.3_ws/install/optimus_description/lib/python3.10/site-packages/optimus_description-0.0.0-py3.10.egg-info
[7.374s] running install_scripts
[7.482s] Installing camera script to /home/optimus/optimus_v6.3_ws/install/optimus_description/lib/optimus_description
[7.483s] Installing lifecycle_manager script to /home/optimus/optimus_v6.3_ws/install/optimus_description/lib/optimus_description
[7.488s] Installing motor_driver script to /home/optimus/optimus_v6.3_ws/install/optimus_description/lib/optimus_description
[7.489s] Installing optimus_pi script to /home/optimus/optimus_v6.3_ws/install/optimus_description/lib/optimus_description
[7.489s] Installing ps4_controller script to /home/optimus/optimus_v6.3_ws/install/optimus_description/lib/optimus_description
[7.490s] Installing ultra_sonic_sensor script to /home/optimus/optimus_v6.3_ws/install/optimus_description/lib/optimus_description
[7.491s] writing list of installed files to '/home/optimus/optimus_v6.3_ws/build/optimus_description/install.log'
[7.677s] Invoked command in '/home/optimus/optimus_v6.3_ws/src/optimus_description' returned '0': CMAKE_PREFIX_PATH=/home/optimus/optimus_v6.3_ws/install/optimus_interfaces:/home/optimus/optimus_v6.3_ws/install/optimus_bringup PYTHONPATH=/home/optimus/optimus_v6.3_ws/build/optimus_description/prefix_override:/home/optimus/optimus_v6.3_ws/install/optimus_description/lib/python3.10/site-packages:${PYTHONPATH} /usr/bin/python3 setup.py egg_info --egg-base ../../build/optimus_description build --build-base /home/optimus/optimus_v6.3_ws/build/optimus_description/build install --record /home/optimus/optimus_v6.3_ws/build/optimus_description/install.log --single-version-externally-managed
