[12.751s] Invoking command in '/home/optimus/optimus_v6.3_ws/src/optimus_description': CMAKE_PREFIX_PATH=/home/optimus/optimus_v6.3_ws/install/optimus_interfaces:/home/optimus/optimus_v6.3_ws/install/optimus_bringup PYTHONPATH=/home/optimus/optimus_v6.3_ws/build/optimus_description/prefix_override:/home/optimus/optimus_v6.3_ws/install/optimus_description/lib/python3.10/site-packages:${PYTHONPATH} /usr/bin/python3 setup.py egg_info --egg-base ../../build/optimus_description build --build-base /home/optimus/optimus_v6.3_ws/build/optimus_description/build install --record /home/optimus/optimus_v6.3_ws/build/optimus_description/install.log --single-version-externally-managed
[16.893s] running egg_info
[16.903s] writing ../../build/optimus_description/optimus_description.egg-info/PKG-INFO
[16.907s] writing dependency_links to ../../build/optimus_description/optimus_description.egg-info/dependency_links.txt
[16.911s] writing entry points to ../../build/optimus_description/optimus_description.egg-info/entry_points.txt
[16.915s] writing requirements to ../../build/optimus_description/optimus_description.egg-info/requires.txt
[16.916s] writing top-level names to ../../build/optimus_description/optimus_description.egg-info/top_level.txt
[16.943s] reading manifest file '../../build/optimus_description/optimus_description.egg-info/SOURCES.txt'
[16.948s] adding license file 'LICENSE'
[16.958s] writing manifest file '../../build/optimus_description/optimus_description.egg-info/SOURCES.txt'
[16.963s] running build
[16.965s] running build_py
[16.966s] copying optimus_description/ps4_controller_node.py -> /home/optimus/optimus_v6.3_ws/build/optimus_description/build/lib/optimus_description
[16.972s] running install
[16.976s] running install_lib
[16.988s] copying /home/optimus/optimus_v6.3_ws/build/optimus_description/build/lib/optimus_description/ps4_controller_node.py -> /home/optimus/optimus_v6.3_ws/install/optimus_description/lib/python3.10/site-packages/optimus_description
[17.001s] byte-compiling /home/optimus/optimus_v6.3_ws/install/optimus_description/lib/python3.10/site-packages/optimus_description/ps4_controller_node.py to ps4_controller_node.cpython-310.pyc
[17.024s] running install_data
[17.031s] running install_egg_info
[17.051s] removing '/home/optimus/optimus_v6.3_ws/install/optimus_description/lib/python3.10/site-packages/optimus_description-6.3.0-py3.10.egg-info' (and everything under it)
[17.058s] Copying ../../build/optimus_description/optimus_description.egg-info to /home/optimus/optimus_v6.3_ws/install/optimus_description/lib/python3.10/site-packages/optimus_description-6.3.0-py3.10.egg-info
[17.081s] running install_scripts
[17.329s] Installing camera script to /home/optimus/optimus_v6.3_ws/install/optimus_description/lib/optimus_description
[17.332s] Installing motor_driver script to /home/optimus/optimus_v6.3_ws/install/optimus_description/lib/optimus_description
[17.334s] Installing optimus_pi script to /home/optimus/optimus_v6.3_ws/install/optimus_description/lib/optimus_description
[17.339s] Installing ps4_controller script to /home/optimus/optimus_v6.3_ws/install/optimus_description/lib/optimus_description
[17.340s] Installing ultra_sonic_sensor script to /home/optimus/optimus_v6.3_ws/install/optimus_description/lib/optimus_description
[17.345s] writing list of installed files to '/home/optimus/optimus_v6.3_ws/build/optimus_description/install.log'
[17.635s] Invoked command in '/home/optimus/optimus_v6.3_ws/src/optimus_description' returned '0': CMAKE_PREFIX_PATH=/home/optimus/optimus_v6.3_ws/install/optimus_interfaces:/home/optimus/optimus_v6.3_ws/install/optimus_bringup PYTHONPATH=/home/optimus/optimus_v6.3_ws/build/optimus_description/prefix_override:/home/optimus/optimus_v6.3_ws/install/optimus_description/lib/python3.10/site-packages:${PYTHONPATH} /usr/bin/python3 setup.py egg_info --egg-base ../../build/optimus_description build --build-base /home/optimus/optimus_v6.3_ws/build/optimus_description/build install --record /home/optimus/optimus_v6.3_ws/build/optimus_description/install.log --single-version-externally-managed
