[3.501s] Invoking command in '/home/optimus/optimus_v6.3_ws/build/optimus_description': CMAKE_PREFIX_PATH=/home/optimus/optimus_v6.3_ws/install/optimus_interfaces:/home/optimus/optimus_v6.3_ws/install/optimus_bringup PYTHONPATH=/home/optimus/optimus_v6.3_ws/build/optimus_description/prefix_override:/home/optimus/optimus_v6.3_ws/install/optimus_description/lib/python3.10/site-packages:${PYTHONPATH} /usr/bin/python3 setup.py develop --editable --build-directory /home/optimus/optimus_v6.3_ws/build/optimus_description/build --no-deps install_data
[4.701s] running develop
[5.441s] running egg_info
[5.442s] writing optimus_description.egg-info/PKG-INFO
[5.443s] writing dependency_links to optimus_description.egg-info/dependency_links.txt
[5.444s] writing entry points to optimus_description.egg-info/entry_points.txt
[5.445s] writing requirements to optimus_description.egg-info/requires.txt
[5.446s] writing top-level names to optimus_description.egg-info/top_level.txt
[5.454s] reading manifest file 'optimus_description.egg-info/SOURCES.txt'
[5.459s] writing manifest file 'optimus_description.egg-info/SOURCES.txt'
[5.465s] running build_ext
[5.466s] Creating /home/optimus/optimus_v6.3_ws/install/optimus_description/lib/python3.10/site-packages/optimus-description.egg-link (link to .)
[5.469s] Installing camera script to /home/optimus/optimus_v6.3_ws/install/optimus_description/lib/optimus_description
[5.470s] Installing lifecycle_manager script to /home/optimus/optimus_v6.3_ws/install/optimus_description/lib/optimus_description
[5.471s] Installing motor_driver script to /home/optimus/optimus_v6.3_ws/install/optimus_description/lib/optimus_description
[5.472s] Installing optimus_pi script to /home/optimus/optimus_v6.3_ws/install/optimus_description/lib/optimus_description
[5.473s] Installing ps4_controller script to /home/optimus/optimus_v6.3_ws/install/optimus_description/lib/optimus_description
[5.474s] Installing ultra_sonic_sensor script to /home/optimus/optimus_v6.3_ws/install/optimus_description/lib/optimus_description
[5.475s] 
[5.476s] Installed /home/optimus/optimus_v6.3_ws/build/optimus_description
[5.476s] running install_data
[5.622s] Invoked command in '/home/optimus/optimus_v6.3_ws/build/optimus_description' returned '0': CMAKE_PREFIX_PATH=/home/optimus/optimus_v6.3_ws/install/optimus_interfaces:/home/optimus/optimus_v6.3_ws/install/optimus_bringup PYTHONPATH=/home/optimus/optimus_v6.3_ws/build/optimus_description/prefix_override:/home/optimus/optimus_v6.3_ws/install/optimus_description/lib/python3.10/site-packages:${PYTHONPATH} /usr/bin/python3 setup.py develop --editable --build-directory /home/optimus/optimus_v6.3_ws/build/optimus_description/build --no-deps install_data
