[0.308s] Invoking command in '/home/optimus/optimus_v6.3_ws/build/optimus_interfaces': CMAKE_PREFIX_PATH=${CMAKE_PREFIX_PATH}:/home/optimus/optimus_v6.3_ws/install/optimus_description:/opt/ros/humble /usr/bin/cmake --build /home/optimus/optimus_v6.3_ws/build/optimus_interfaces -- -j4 -l4
[0.537s] [  1%] Built target optimus_interfaces__cpp
[0.547s] [ 12%] Built target optimus_interfaces__rosidl_generator_c
[0.597s] [ 12%] Built target ament_cmake_python_copy_optimus_interfaces
[0.674s] [ 23%] Built target optimus_interfaces__rosidl_typesupport_cpp
[0.683s] [ 34%] Built target optimus_interfaces__rosidl_typesupport_fastrtps_cpp
[0.686s] [ 45%] Built target optimus_interfaces__rosidl_typesupport_introspection_cpp
[0.738s] [ 56%] Built target optimus_interfaces__rosidl_typesupport_fastrtps_c
[0.790s] [ 67%] Built target optimus_interfaces__rosidl_typesupport_introspection_c
[0.795s] [ 78%] Built target optimus_interfaces__rosidl_typesupport_c
[0.881s] [ 78%] Built target optimus_interfaces
[0.970s] [ 80%] Built target optimus_interfaces__py
[1.089s] [ 89%] Built target optimus_interfaces__rosidl_generator_py
[1.221s] [ 92%] Built target optimus_interfaces__rosidl_typesupport_c__pyext
[1.226s] [ 96%] Built target optimus_interfaces__rosidl_typesupport_fastrtps_c__pyext
[1.244s] [100%] Built target optimus_interfaces__rosidl_typesupport_introspection_c__pyext
[1.985s] running egg_info
[1.988s] writing optimus_interfaces.egg-info/PKG-INFO
[1.989s] writing dependency_links to optimus_interfaces.egg-info/dependency_links.txt
[1.990s] writing top-level names to optimus_interfaces.egg-info/top_level.txt
[2.001s] reading manifest file 'optimus_interfaces.egg-info/SOURCES.txt'
[2.004s] writing manifest file 'optimus_interfaces.egg-info/SOURCES.txt'
[2.132s] [100%] Built target ament_cmake_python_build_optimus_interfaces_egg
[2.181s] Invoked command in '/home/optimus/optimus_v6.3_ws/build/optimus_interfaces' returned '0': CMAKE_PREFIX_PATH=${CMAKE_PREFIX_PATH}:/home/optimus/optimus_v6.3_ws/install/optimus_description:/opt/ros/humble /usr/bin/cmake --build /home/optimus/optimus_v6.3_ws/build/optimus_interfaces -- -j4 -l4
[2.889s] Invoking command in '/home/optimus/optimus_v6.3_ws/build/optimus_interfaces': CMAKE_PREFIX_PATH=${CMAKE_PREFIX_PATH}:/home/optimus/optimus_v6.3_ws/install/optimus_description:/opt/ros/humble /usr/bin/cmake --install /home/optimus/optimus_v6.3_ws/build/optimus_interfaces
[2.920s] -- Install configuration: ""
[2.921s] -- Up-to-date: /home/optimus/optimus_v6.3_ws/install/optimus_interfaces/share/ament_index/resource_index/rosidl_interfaces/optimus_interfaces
[2.922s] -- Up-to-date: /home/optimus/optimus_v6.3_ws/install/optimus_interfaces/include/optimus_interfaces/optimus_interfaces
[2.923s] -- Up-to-date: /home/optimus/optimus_v6.3_ws/install/optimus_interfaces/include/optimus_interfaces/optimus_interfaces/action
[2.924s] -- Up-to-date: /home/optimus/optimus_v6.3_ws/install/optimus_interfaces/include/optimus_interfaces/optimus_interfaces/action/control_optimus.h
[2.925s] -- Up-to-date: /home/optimus/optimus_v6.3_ws/install/optimus_interfaces/include/optimus_interfaces/optimus_interfaces/action/detail
[2.926s] -- Up-to-date: /home/optimus/optimus_v6.3_ws/install/optimus_interfaces/include/optimus_interfaces/optimus_interfaces/action/detail/control_optimus__type_support.h
[2.926s] -- Up-to-date: /home/optimus/optimus_v6.3_ws/install/optimus_interfaces/include/optimus_interfaces/optimus_interfaces/action/detail/control_optimus__functions.c
[2.927s] -- Up-to-date: /home/optimus/optimus_v6.3_ws/install/optimus_interfaces/include/optimus_interfaces/optimus_interfaces/action/detail/control_optimus__functions.h
[2.928s] -- Up-to-date: /home/optimus/optimus_v6.3_ws/install/optimus_interfaces/include/optimus_interfaces/optimus_interfaces/action/detail/control_optimus__struct.h
[2.929s] -- Up-to-date: /home/optimus/optimus_v6.3_ws/install/optimus_interfaces/include/optimus_interfaces/optimus_interfaces/srv
[2.930s] -- Up-to-date: /home/optimus/optimus_v6.3_ws/install/optimus_interfaces/include/optimus_interfaces/optimus_interfaces/srv/detail
[2.930s] -- Up-to-date: /home/optimus/optimus_v6.3_ws/install/optimus_interfaces/include/optimus_interfaces/optimus_interfaces/srv/detail/autonomous_driver__functions.h
[2.931s] -- Up-to-date: /home/optimus/optimus_v6.3_ws/install/optimus_interfaces/include/optimus_interfaces/optimus_interfaces/srv/detail/autonomous_driver__functions.c
[2.932s] -- Up-to-date: /home/optimus/optimus_v6.3_ws/install/optimus_interfaces/include/optimus_interfaces/optimus_interfaces/srv/detail/autonomous_driver__struct.h
[2.932s] -- Up-to-date: /home/optimus/optimus_v6.3_ws/install/optimus_interfaces/include/optimus_interfaces/optimus_interfaces/srv/detail/autonomous_driver__type_support.h
[2.933s] -- Up-to-date: /home/optimus/optimus_v6.3_ws/install/optimus_interfaces/include/optimus_interfaces/optimus_interfaces/srv/autonomous_driver.h
[2.934s] -- Up-to-date: /home/optimus/optimus_v6.3_ws/install/optimus_interfaces/include/optimus_interfaces/optimus_interfaces/msg
[2.934s] -- Up-to-date: /home/optimus/optimus_v6.3_ws/install/optimus_interfaces/include/optimus_interfaces/optimus_interfaces/msg/detail
[2.935s] -- Up-to-date: /home/optimus/optimus_v6.3_ws/install/optimus_interfaces/include/optimus_interfaces/optimus_interfaces/msg/detail/motor_driver__struct.h
[2.936s] -- Up-to-date: /home/optimus/optimus_v6.3_ws/install/optimus_interfaces/include/optimus_interfaces/optimus_interfaces/msg/detail/ultra_sonic_range__struct.h
[2.937s] -- Up-to-date: /home/optimus/optimus_v6.3_ws/install/optimus_interfaces/include/optimus_interfaces/optimus_interfaces/msg/detail/ultra_sonic_range__type_support.h
[2.937s] -- Up-to-date: /home/optimus/optimus_v6.3_ws/install/optimus_interfaces/include/optimus_interfaces/optimus_interfaces/msg/detail/motor_driver__functions.c
[2.938s] -- Up-to-date: /home/optimus/optimus_v6.3_ws/install/optimus_interfaces/include/optimus_interfaces/optimus_interfaces/msg/detail/motor_driver__type_support.h
[2.939s] -- Up-to-date: /home/optimus/optimus_v6.3_ws/install/optimus_interfaces/include/optimus_interfaces/optimus_interfaces/msg/detail/ultra_sonic_range__functions.c
[2.940s] -- Up-to-date: /home/optimus/optimus_v6.3_ws/install/optimus_interfaces/include/optimus_interfaces/optimus_interfaces/msg/detail/motor_driver__functions.h
[2.940s] -- Up-to-date: /home/optimus/optimus_v6.3_ws/install/optimus_interfaces/include/optimus_interfaces/optimus_interfaces/msg/detail/ultra_sonic_range__functions.h
[2.941s] -- Up-to-date: /home/optimus/optimus_v6.3_ws/install/optimus_interfaces/include/optimus_interfaces/optimus_interfaces/msg/rosidl_generator_c__visibility_control.h
[2.942s] -- Up-to-date: /home/optimus/optimus_v6.3_ws/install/optimus_interfaces/include/optimus_interfaces/optimus_interfaces/msg/ultra_sonic_range.h
[2.942s] -- Up-to-date: /home/optimus/optimus_v6.3_ws/install/optimus_interfaces/include/optimus_interfaces/optimus_interfaces/msg/motor_driver.h
[2.943s] -- Up-to-date: /home/optimus/optimus_v6.3_ws/install/optimus_interfaces/share/optimus_interfaces/environment/library_path.sh
[2.944s] -- Up-to-date: /home/optimus/optimus_v6.3_ws/install/optimus_interfaces/share/optimus_interfaces/environment/library_path.dsv
[2.944s] -- Up-to-date: /home/optimus/optimus_v6.3_ws/install/optimus_interfaces/lib/liboptimus_interfaces__rosidl_generator_c.so
[2.945s] -- Up-to-date: /home/optimus/optimus_v6.3_ws/install/optimus_interfaces/include/optimus_interfaces/optimus_interfaces
[2.946s] -- Up-to-date: /home/optimus/optimus_v6.3_ws/install/optimus_interfaces/include/optimus_interfaces/optimus_interfaces/action
[2.947s] -- Up-to-date: /home/optimus/optimus_v6.3_ws/install/optimus_interfaces/include/optimus_interfaces/optimus_interfaces/action/detail
[2.947s] -- Up-to-date: /home/optimus/optimus_v6.3_ws/install/optimus_interfaces/include/optimus_interfaces/optimus_interfaces/action/detail/control_optimus__rosidl_typesupport_fastrtps_c.h
[2.948s] -- Up-to-date: /home/optimus/optimus_v6.3_ws/install/optimus_interfaces/include/optimus_interfaces/optimus_interfaces/srv
[2.949s] -- Up-to-date: /home/optimus/optimus_v6.3_ws/install/optimus_interfaces/include/optimus_interfaces/optimus_interfaces/srv/detail
[2.950s] -- Up-to-date: /home/optimus/optimus_v6.3_ws/install/optimus_interfaces/include/optimus_interfaces/optimus_interfaces/srv/detail/autonomous_driver__rosidl_typesupport_fastrtps_c.h
[2.951s] -- Up-to-date: /home/optimus/optimus_v6.3_ws/install/optimus_interfaces/include/optimus_interfaces/optimus_interfaces/msg
[2.952s] -- Up-to-date: /home/optimus/optimus_v6.3_ws/install/optimus_interfaces/include/optimus_interfaces/optimus_interfaces/msg/detail
[2.952s] -- Up-to-date: /home/optimus/optimus_v6.3_ws/install/optimus_interfaces/include/optimus_interfaces/optimus_interfaces/msg/detail/motor_driver__rosidl_typesupport_fastrtps_c.h
[2.953s] -- Up-to-date: /home/optimus/optimus_v6.3_ws/install/optimus_interfaces/include/optimus_interfaces/optimus_interfaces/msg/detail/ultra_sonic_range__rosidl_typesupport_fastrtps_c.h
[2.954s] -- Up-to-date: /home/optimus/optimus_v6.3_ws/install/optimus_interfaces/include/optimus_interfaces/optimus_interfaces/msg/rosidl_typesupport_fastrtps_c__visibility_control.h
[2.955s] -- Up-to-date: /home/optimus/optimus_v6.3_ws/install/optimus_interfaces/lib/liboptimus_interfaces__rosidl_typesupport_fastrtps_c.so
[2.957s] -- Up-to-date: /home/optimus/optimus_v6.3_ws/install/optimus_interfaces/include/optimus_interfaces/optimus_interfaces
[2.958s] -- Up-to-date: /home/optimus/optimus_v6.3_ws/install/optimus_interfaces/include/optimus_interfaces/optimus_interfaces/action
[2.959s] -- Up-to-date: /home/optimus/optimus_v6.3_ws/install/optimus_interfaces/include/optimus_interfaces/optimus_interfaces/action/detail
[2.959s] -- Up-to-date: /home/optimus/optimus_v6.3_ws/install/optimus_interfaces/include/optimus_interfaces/optimus_interfaces/action/detail/control_optimus__type_support.c
[2.960s] -- Up-to-date: /home/optimus/optimus_v6.3_ws/install/optimus_interfaces/include/optimus_interfaces/optimus_interfaces/action/detail/control_optimus__rosidl_typesupport_introspection_c.h
[2.961s] -- Up-to-date: /home/optimus/optimus_v6.3_ws/install/optimus_interfaces/include/optimus_interfaces/optimus_interfaces/srv
[2.961s] -- Up-to-date: /home/optimus/optimus_v6.3_ws/install/optimus_interfaces/include/optimus_interfaces/optimus_interfaces/srv/detail
[2.962s] -- Up-to-date: /home/optimus/optimus_v6.3_ws/install/optimus_interfaces/include/optimus_interfaces/optimus_interfaces/srv/detail/autonomous_driver__type_support.c
[2.963s] -- Up-to-date: /home/optimus/optimus_v6.3_ws/install/optimus_interfaces/include/optimus_interfaces/optimus_interfaces/srv/detail/autonomous_driver__rosidl_typesupport_introspection_c.h
[2.963s] -- Up-to-date: /home/optimus/optimus_v6.3_ws/install/optimus_interfaces/include/optimus_interfaces/optimus_interfaces/msg
[2.964s] -- Up-to-date: /home/optimus/optimus_v6.3_ws/install/optimus_interfaces/include/optimus_interfaces/optimus_interfaces/msg/detail
[2.965s] -- Up-to-date: /home/optimus/optimus_v6.3_ws/install/optimus_interfaces/include/optimus_interfaces/optimus_interfaces/msg/detail/motor_driver__rosidl_typesupport_introspection_c.h
[2.966s] -- Up-to-date: /home/optimus/optimus_v6.3_ws/install/optimus_interfaces/include/optimus_interfaces/optimus_interfaces/msg/detail/ultra_sonic_range__rosidl_typesupport_introspection_c.h
[2.966s] -- Up-to-date: /home/optimus/optimus_v6.3_ws/install/optimus_interfaces/include/optimus_interfaces/optimus_interfaces/msg/detail/motor_driver__type_support.c
[2.967s] -- Up-to-date: /home/optimus/optimus_v6.3_ws/install/optimus_interfaces/include/optimus_interfaces/optimus_interfaces/msg/detail/ultra_sonic_range__type_support.c
[2.968s] -- Up-to-date: /home/optimus/optimus_v6.3_ws/install/optimus_interfaces/include/optimus_interfaces/optimus_interfaces/msg/rosidl_typesupport_introspection_c__visibility_control.h
[2.969s] -- Up-to-date: /home/optimus/optimus_v6.3_ws/install/optimus_interfaces/lib/liboptimus_interfaces__rosidl_typesupport_introspection_c.so
[2.972s] -- Up-to-date: /home/optimus/optimus_v6.3_ws/install/optimus_interfaces/lib/liboptimus_interfaces__rosidl_typesupport_c.so
[2.973s] -- Up-to-date: /home/optimus/optimus_v6.3_ws/install/optimus_interfaces/include/optimus_interfaces/optimus_interfaces
[2.974s] -- Up-to-date: /home/optimus/optimus_v6.3_ws/install/optimus_interfaces/include/optimus_interfaces/optimus_interfaces/action
[2.975s] -- Up-to-date: /home/optimus/optimus_v6.3_ws/install/optimus_interfaces/include/optimus_interfaces/optimus_interfaces/action/detail
[2.976s] -- Up-to-date: /home/optimus/optimus_v6.3_ws/install/optimus_interfaces/include/optimus_interfaces/optimus_interfaces/action/detail/control_optimus__builder.hpp
[2.976s] -- Up-to-date: /home/optimus/optimus_v6.3_ws/install/optimus_interfaces/include/optimus_interfaces/optimus_interfaces/action/detail/control_optimus__traits.hpp
[2.977s] -- Up-to-date: /home/optimus/optimus_v6.3_ws/install/optimus_interfaces/include/optimus_interfaces/optimus_interfaces/action/detail/control_optimus__struct.hpp
[2.978s] -- Up-to-date: /home/optimus/optimus_v6.3_ws/install/optimus_interfaces/include/optimus_interfaces/optimus_interfaces/action/control_optimus.hpp
[2.978s] -- Up-to-date: /home/optimus/optimus_v6.3_ws/install/optimus_interfaces/include/optimus_interfaces/optimus_interfaces/srv
[2.979s] -- Up-to-date: /home/optimus/optimus_v6.3_ws/install/optimus_interfaces/include/optimus_interfaces/optimus_interfaces/srv/detail
[2.980s] -- Up-to-date: /home/optimus/optimus_v6.3_ws/install/optimus_interfaces/include/optimus_interfaces/optimus_interfaces/srv/detail/autonomous_driver__struct.hpp
[2.980s] -- Up-to-date: /home/optimus/optimus_v6.3_ws/install/optimus_interfaces/include/optimus_interfaces/optimus_interfaces/srv/detail/autonomous_driver__builder.hpp
[2.981s] -- Up-to-date: /home/optimus/optimus_v6.3_ws/install/optimus_interfaces/include/optimus_interfaces/optimus_interfaces/srv/detail/autonomous_driver__traits.hpp
[2.982s] -- Up-to-date: /home/optimus/optimus_v6.3_ws/install/optimus_interfaces/include/optimus_interfaces/optimus_interfaces/srv/autonomous_driver.hpp
[2.983s] -- Up-to-date: /home/optimus/optimus_v6.3_ws/install/optimus_interfaces/include/optimus_interfaces/optimus_interfaces/msg
[2.983s] -- Up-to-date: /home/optimus/optimus_v6.3_ws/install/optimus_interfaces/include/optimus_interfaces/optimus_interfaces/msg/detail
[2.984s] -- Up-to-date: /home/optimus/optimus_v6.3_ws/install/optimus_interfaces/include/optimus_interfaces/optimus_interfaces/msg/detail/motor_driver__traits.hpp
[2.984s] -- Up-to-date: /home/optimus/optimus_v6.3_ws/install/optimus_interfaces/include/optimus_interfaces/optimus_interfaces/msg/detail/ultra_sonic_range__builder.hpp
[2.985s] -- Up-to-date: /home/optimus/optimus_v6.3_ws/install/optimus_interfaces/include/optimus_interfaces/optimus_interfaces/msg/detail/ultra_sonic_range__struct.hpp
[2.986s] -- Up-to-date: /home/optimus/optimus_v6.3_ws/install/optimus_interfaces/include/optimus_interfaces/optimus_interfaces/msg/detail/motor_driver__builder.hpp
[2.987s] -- Up-to-date: /home/optimus/optimus_v6.3_ws/install/optimus_interfaces/include/optimus_interfaces/optimus_interfaces/msg/detail/motor_driver__struct.hpp
[2.987s] -- Up-to-date: /home/optimus/optimus_v6.3_ws/install/optimus_interfaces/include/optimus_interfaces/optimus_interfaces/msg/detail/ultra_sonic_range__traits.hpp
[2.988s] -- Up-to-date: /home/optimus/optimus_v6.3_ws/install/optimus_interfaces/include/optimus_interfaces/optimus_interfaces/msg/motor_driver.hpp
[2.989s] -- Up-to-date: /home/optimus/optimus_v6.3_ws/install/optimus_interfaces/include/optimus_interfaces/optimus_interfaces/msg/ultra_sonic_range.hpp
[2.989s] -- Up-to-date: /home/optimus/optimus_v6.3_ws/install/optimus_interfaces/include/optimus_interfaces/optimus_interfaces
[2.990s] -- Up-to-date: /home/optimus/optimus_v6.3_ws/install/optimus_interfaces/include/optimus_interfaces/optimus_interfaces/action
[2.991s] -- Up-to-date: /home/optimus/optimus_v6.3_ws/install/optimus_interfaces/include/optimus_interfaces/optimus_interfaces/action/detail
[2.991s] -- Up-to-date: /home/optimus/optimus_v6.3_ws/install/optimus_interfaces/include/optimus_interfaces/optimus_interfaces/action/detail/dds_fastrtps
[2.992s] -- Up-to-date: /home/optimus/optimus_v6.3_ws/install/optimus_interfaces/include/optimus_interfaces/optimus_interfaces/action/detail/control_optimus__rosidl_typesupport_fastrtps_cpp.hpp
[2.993s] -- Up-to-date: /home/optimus/optimus_v6.3_ws/install/optimus_interfaces/include/optimus_interfaces/optimus_interfaces/srv
[2.993s] -- Up-to-date: /home/optimus/optimus_v6.3_ws/install/optimus_interfaces/include/optimus_interfaces/optimus_interfaces/srv/detail
[2.994s] -- Up-to-date: /home/optimus/optimus_v6.3_ws/install/optimus_interfaces/include/optimus_interfaces/optimus_interfaces/srv/detail/autonomous_driver__rosidl_typesupport_fastrtps_cpp.hpp
[2.995s] -- Up-to-date: /home/optimus/optimus_v6.3_ws/install/optimus_interfaces/include/optimus_interfaces/optimus_interfaces/srv/detail/dds_fastrtps
[2.995s] -- Up-to-date: /home/optimus/optimus_v6.3_ws/install/optimus_interfaces/include/optimus_interfaces/optimus_interfaces/msg
[2.996s] -- Up-to-date: /home/optimus/optimus_v6.3_ws/install/optimus_interfaces/include/optimus_interfaces/optimus_interfaces/msg/detail
[2.997s] -- Up-to-date: /home/optimus/optimus_v6.3_ws/install/optimus_interfaces/include/optimus_interfaces/optimus_interfaces/msg/detail/dds_fastrtps
[2.998s] -- Up-to-date: /home/optimus/optimus_v6.3_ws/install/optimus_interfaces/include/optimus_interfaces/optimus_interfaces/msg/detail/motor_driver__rosidl_typesupport_fastrtps_cpp.hpp
[2.998s] -- Up-to-date: /home/optimus/optimus_v6.3_ws/install/optimus_interfaces/include/optimus_interfaces/optimus_interfaces/msg/detail/ultra_sonic_range__rosidl_typesupport_fastrtps_cpp.hpp
[2.999s] -- Up-to-date: /home/optimus/optimus_v6.3_ws/install/optimus_interfaces/include/optimus_interfaces/optimus_interfaces/msg/rosidl_typesupport_fastrtps_cpp__visibility_control.h
[3.000s] -- Up-to-date: /home/optimus/optimus_v6.3_ws/install/optimus_interfaces/lib/liboptimus_interfaces__rosidl_typesupport_fastrtps_cpp.so
[3.001s] -- Up-to-date: /home/optimus/optimus_v6.3_ws/install/optimus_interfaces/include/optimus_interfaces/optimus_interfaces
[3.002s] -- Up-to-date: /home/optimus/optimus_v6.3_ws/install/optimus_interfaces/include/optimus_interfaces/optimus_interfaces/action
[3.003s] -- Up-to-date: /home/optimus/optimus_v6.3_ws/install/optimus_interfaces/include/optimus_interfaces/optimus_interfaces/action/detail
[3.004s] -- Up-to-date: /home/optimus/optimus_v6.3_ws/install/optimus_interfaces/include/optimus_interfaces/optimus_interfaces/action/detail/control_optimus__rosidl_typesupport_introspection_cpp.hpp
[3.004s] -- Up-to-date: /home/optimus/optimus_v6.3_ws/install/optimus_interfaces/include/optimus_interfaces/optimus_interfaces/action/detail/control_optimus__type_support.cpp
[3.005s] -- Up-to-date: /home/optimus/optimus_v6.3_ws/install/optimus_interfaces/include/optimus_interfaces/optimus_interfaces/srv
[3.006s] -- Up-to-date: /home/optimus/optimus_v6.3_ws/install/optimus_interfaces/include/optimus_interfaces/optimus_interfaces/srv/detail
[3.007s] -- Up-to-date: /home/optimus/optimus_v6.3_ws/install/optimus_interfaces/include/optimus_interfaces/optimus_interfaces/srv/detail/autonomous_driver__type_support.cpp
[3.008s] -- Up-to-date: /home/optimus/optimus_v6.3_ws/install/optimus_interfaces/include/optimus_interfaces/optimus_interfaces/srv/detail/autonomous_driver__rosidl_typesupport_introspection_cpp.hpp
[3.009s] -- Up-to-date: /home/optimus/optimus_v6.3_ws/install/optimus_interfaces/include/optimus_interfaces/optimus_interfaces/msg
[3.010s] -- Up-to-date: /home/optimus/optimus_v6.3_ws/install/optimus_interfaces/include/optimus_interfaces/optimus_interfaces/msg/detail
[3.011s] -- Up-to-date: /home/optimus/optimus_v6.3_ws/install/optimus_interfaces/include/optimus_interfaces/optimus_interfaces/msg/detail/motor_driver__rosidl_typesupport_introspection_cpp.hpp
[3.012s] -- Up-to-date: /home/optimus/optimus_v6.3_ws/install/optimus_interfaces/include/optimus_interfaces/optimus_interfaces/msg/detail/ultra_sonic_range__rosidl_typesupport_introspection_cpp.hpp
[3.012s] -- Up-to-date: /home/optimus/optimus_v6.3_ws/install/optimus_interfaces/include/optimus_interfaces/optimus_interfaces/msg/detail/ultra_sonic_range__type_support.cpp
[3.013s] -- Up-to-date: /home/optimus/optimus_v6.3_ws/install/optimus_interfaces/include/optimus_interfaces/optimus_interfaces/msg/detail/motor_driver__type_support.cpp
[3.014s] -- Up-to-date: /home/optimus/optimus_v6.3_ws/install/optimus_interfaces/lib/liboptimus_interfaces__rosidl_typesupport_introspection_cpp.so
[3.016s] -- Up-to-date: /home/optimus/optimus_v6.3_ws/install/optimus_interfaces/lib/liboptimus_interfaces__rosidl_typesupport_cpp.so
[3.017s] -- Up-to-date: /home/optimus/optimus_v6.3_ws/install/optimus_interfaces/share/optimus_interfaces/environment/pythonpath.sh
[3.018s] -- Up-to-date: /home/optimus/optimus_v6.3_ws/install/optimus_interfaces/share/optimus_interfaces/environment/pythonpath.dsv
[3.019s] -- Up-to-date: /home/optimus/optimus_v6.3_ws/install/optimus_interfaces/local/lib/python3.10/dist-packages/optimus_interfaces-0.0.0-py3.10.egg-info
[3.020s] -- Installing: /home/optimus/optimus_v6.3_ws/install/optimus_interfaces/local/lib/python3.10/dist-packages/optimus_interfaces-0.0.0-py3.10.egg-info/dependency_links.txt
[3.020s] -- Installing: /home/optimus/optimus_v6.3_ws/install/optimus_interfaces/local/lib/python3.10/dist-packages/optimus_interfaces-0.0.0-py3.10.egg-info/top_level.txt
[3.021s] -- Installing: /home/optimus/optimus_v6.3_ws/install/optimus_interfaces/local/lib/python3.10/dist-packages/optimus_interfaces-0.0.0-py3.10.egg-info/SOURCES.txt
[3.021s] -- Installing: /home/optimus/optimus_v6.3_ws/install/optimus_interfaces/local/lib/python3.10/dist-packages/optimus_interfaces-0.0.0-py3.10.egg-info/PKG-INFO
[3.026s] -- Up-to-date: /home/optimus/optimus_v6.3_ws/install/optimus_interfaces/local/lib/python3.10/dist-packages/optimus_interfaces
[3.027s] -- Up-to-date: /home/optimus/optimus_v6.3_ws/install/optimus_interfaces/local/lib/python3.10/dist-packages/optimus_interfaces/optimus_interfaces_s__rosidl_typesupport_c.cpython-310-aarch64-linux-gnu.so
[3.029s] -- Up-to-date: /home/optimus/optimus_v6.3_ws/install/optimus_interfaces/local/lib/python3.10/dist-packages/optimus_interfaces/_optimus_interfaces_s.ep.rosidl_typesupport_fastrtps_c.c
[3.030s] -- Up-to-date: /home/optimus/optimus_v6.3_ws/install/optimus_interfaces/local/lib/python3.10/dist-packages/optimus_interfaces/liboptimus_interfaces__rosidl_generator_py.so
[3.031s] -- Up-to-date: /home/optimus/optimus_v6.3_ws/install/optimus_interfaces/local/lib/python3.10/dist-packages/optimus_interfaces/action
[3.032s] -- Up-to-date: /home/optimus/optimus_v6.3_ws/install/optimus_interfaces/local/lib/python3.10/dist-packages/optimus_interfaces/action/_control_optimus_s.c
[3.032s] -- Up-to-date: /home/optimus/optimus_v6.3_ws/install/optimus_interfaces/local/lib/python3.10/dist-packages/optimus_interfaces/action/_control_optimus.py
[3.033s] -- Up-to-date: /home/optimus/optimus_v6.3_ws/install/optimus_interfaces/local/lib/python3.10/dist-packages/optimus_interfaces/action/__init__.py
[3.033s] -- Up-to-date: /home/optimus/optimus_v6.3_ws/install/optimus_interfaces/local/lib/python3.10/dist-packages/optimus_interfaces/srv
[3.034s] -- Up-to-date: /home/optimus/optimus_v6.3_ws/install/optimus_interfaces/local/lib/python3.10/dist-packages/optimus_interfaces/srv/_autonomous_driver_s.c
[3.034s] -- Up-to-date: /home/optimus/optimus_v6.3_ws/install/optimus_interfaces/local/lib/python3.10/dist-packages/optimus_interfaces/srv/_autonomous_driver.py
[3.035s] -- Up-to-date: /home/optimus/optimus_v6.3_ws/install/optimus_interfaces/local/lib/python3.10/dist-packages/optimus_interfaces/srv/__init__.py
[3.036s] -- Up-to-date: /home/optimus/optimus_v6.3_ws/install/optimus_interfaces/local/lib/python3.10/dist-packages/optimus_interfaces/msg
[3.036s] -- Up-to-date: /home/optimus/optimus_v6.3_ws/install/optimus_interfaces/local/lib/python3.10/dist-packages/optimus_interfaces/msg/_ultra_sonic_range.py
[3.037s] -- Up-to-date: /home/optimus/optimus_v6.3_ws/install/optimus_interfaces/local/lib/python3.10/dist-packages/optimus_interfaces/msg/_motor_driver.py
[3.037s] -- Up-to-date: /home/optimus/optimus_v6.3_ws/install/optimus_interfaces/local/lib/python3.10/dist-packages/optimus_interfaces/msg/_motor_driver_s.c
[3.038s] -- Up-to-date: /home/optimus/optimus_v6.3_ws/install/optimus_interfaces/local/lib/python3.10/dist-packages/optimus_interfaces/msg/__init__.py
[3.039s] -- Up-to-date: /home/optimus/optimus_v6.3_ws/install/optimus_interfaces/local/lib/python3.10/dist-packages/optimus_interfaces/msg/_ultra_sonic_range_s.c
[3.040s] -- Up-to-date: /home/optimus/optimus_v6.3_ws/install/optimus_interfaces/local/lib/python3.10/dist-packages/optimus_interfaces/optimus_interfaces_s__rosidl_typesupport_fastrtps_c.cpython-310-aarch64-linux-gnu.so
[3.041s] -- Up-to-date: /home/optimus/optimus_v6.3_ws/install/optimus_interfaces/local/lib/python3.10/dist-packages/optimus_interfaces/_optimus_interfaces_s.ep.rosidl_typesupport_introspection_c.c
[3.041s] -- Up-to-date: /home/optimus/optimus_v6.3_ws/install/optimus_interfaces/local/lib/python3.10/dist-packages/optimus_interfaces/_optimus_interfaces_s.ep.rosidl_typesupport_c.c
[3.042s] -- Up-to-date: /home/optimus/optimus_v6.3_ws/install/optimus_interfaces/local/lib/python3.10/dist-packages/optimus_interfaces/__init__.py
[3.043s] -- Up-to-date: /home/optimus/optimus_v6.3_ws/install/optimus_interfaces/local/lib/python3.10/dist-packages/optimus_interfaces/optimus_interfaces_s__rosidl_typesupport_introspection_c.cpython-310-aarch64-linux-gnu.so
[3.209s] Listing '/home/optimus/optimus_v6.3_ws/install/optimus_interfaces/local/lib/python3.10/dist-packages/optimus_interfaces'...
[3.211s] Listing '/home/optimus/optimus_v6.3_ws/install/optimus_interfaces/local/lib/python3.10/dist-packages/optimus_interfaces/action'...
[3.212s] Listing '/home/optimus/optimus_v6.3_ws/install/optimus_interfaces/local/lib/python3.10/dist-packages/optimus_interfaces/msg'...
[3.214s] Listing '/home/optimus/optimus_v6.3_ws/install/optimus_interfaces/local/lib/python3.10/dist-packages/optimus_interfaces/srv'...
[3.236s] -- Up-to-date: /home/optimus/optimus_v6.3_ws/install/optimus_interfaces/local/lib/python3.10/dist-packages/optimus_interfaces/optimus_interfaces_s__rosidl_typesupport_fastrtps_c.cpython-310-aarch64-linux-gnu.so
[3.238s] -- Up-to-date: /home/optimus/optimus_v6.3_ws/install/optimus_interfaces/local/lib/python3.10/dist-packages/optimus_interfaces/optimus_interfaces_s__rosidl_typesupport_introspection_c.cpython-310-aarch64-linux-gnu.so
[3.241s] -- Up-to-date: /home/optimus/optimus_v6.3_ws/install/optimus_interfaces/local/lib/python3.10/dist-packages/optimus_interfaces/optimus_interfaces_s__rosidl_typesupport_c.cpython-310-aarch64-linux-gnu.so
[3.243s] -- Up-to-date: /home/optimus/optimus_v6.3_ws/install/optimus_interfaces/lib/liboptimus_interfaces__rosidl_generator_py.so
[3.244s] -- Up-to-date: /home/optimus/optimus_v6.3_ws/install/optimus_interfaces/share/optimus_interfaces/msg/MotorDriver.idl
[3.244s] -- Up-to-date: /home/optimus/optimus_v6.3_ws/install/optimus_interfaces/share/optimus_interfaces/msg/UltraSonicRange.idl
[3.245s] -- Up-to-date: /home/optimus/optimus_v6.3_ws/install/optimus_interfaces/share/optimus_interfaces/srv/AutonomousDriver.idl
[3.246s] -- Up-to-date: /home/optimus/optimus_v6.3_ws/install/optimus_interfaces/share/optimus_interfaces/action/ControlOptimus.idl
[3.247s] -- Up-to-date: /home/optimus/optimus_v6.3_ws/install/optimus_interfaces/share/optimus_interfaces/msg/MotorDriver.msg
[3.247s] -- Up-to-date: /home/optimus/optimus_v6.3_ws/install/optimus_interfaces/share/optimus_interfaces/msg/UltraSonicRange.msg
[3.248s] -- Up-to-date: /home/optimus/optimus_v6.3_ws/install/optimus_interfaces/share/optimus_interfaces/srv/AutonomousDriver.srv
[3.249s] -- Up-to-date: /home/optimus/optimus_v6.3_ws/install/optimus_interfaces/share/optimus_interfaces/srv/AutonomousDriver_Request.msg
[3.249s] -- Up-to-date: /home/optimus/optimus_v6.3_ws/install/optimus_interfaces/share/optimus_interfaces/srv/AutonomousDriver_Response.msg
[3.250s] -- Up-to-date: /home/optimus/optimus_v6.3_ws/install/optimus_interfaces/share/optimus_interfaces/action/ControlOptimus.action
[3.250s] -- Up-to-date: /home/optimus/optimus_v6.3_ws/install/optimus_interfaces/share/ament_index/resource_index/package_run_dependencies/optimus_interfaces
[3.251s] -- Up-to-date: /home/optimus/optimus_v6.3_ws/install/optimus_interfaces/share/ament_index/resource_index/parent_prefix_path/optimus_interfaces
[3.251s] -- Up-to-date: /home/optimus/optimus_v6.3_ws/install/optimus_interfaces/share/optimus_interfaces/environment/ament_prefix_path.sh
[3.252s] -- Up-to-date: /home/optimus/optimus_v6.3_ws/install/optimus_interfaces/share/optimus_interfaces/environment/ament_prefix_path.dsv
[3.252s] -- Up-to-date: /home/optimus/optimus_v6.3_ws/install/optimus_interfaces/share/optimus_interfaces/environment/path.sh
[3.253s] -- Up-to-date: /home/optimus/optimus_v6.3_ws/install/optimus_interfaces/share/optimus_interfaces/environment/path.dsv
[3.254s] -- Up-to-date: /home/optimus/optimus_v6.3_ws/install/optimus_interfaces/share/optimus_interfaces/local_setup.bash
[3.254s] -- Up-to-date: /home/optimus/optimus_v6.3_ws/install/optimus_interfaces/share/optimus_interfaces/local_setup.sh
[3.255s] -- Up-to-date: /home/optimus/optimus_v6.3_ws/install/optimus_interfaces/share/optimus_interfaces/local_setup.zsh
[3.255s] -- Up-to-date: /home/optimus/optimus_v6.3_ws/install/optimus_interfaces/share/optimus_interfaces/local_setup.dsv
[3.256s] -- Installing: /home/optimus/optimus_v6.3_ws/install/optimus_interfaces/share/optimus_interfaces/package.dsv
[3.256s] -- Up-to-date: /home/optimus/optimus_v6.3_ws/install/optimus_interfaces/share/ament_index/resource_index/packages/optimus_interfaces
[3.256s] -- Up-to-date: /home/optimus/optimus_v6.3_ws/install/optimus_interfaces/share/optimus_interfaces/cmake/export_optimus_interfaces__rosidl_generator_cExport.cmake
[3.257s] -- Up-to-date: /home/optimus/optimus_v6.3_ws/install/optimus_interfaces/share/optimus_interfaces/cmake/export_optimus_interfaces__rosidl_generator_cExport-noconfig.cmake
[3.257s] -- Up-to-date: /home/optimus/optimus_v6.3_ws/install/optimus_interfaces/share/optimus_interfaces/cmake/export_optimus_interfaces__rosidl_typesupport_fastrtps_cExport.cmake
[3.258s] -- Up-to-date: /home/optimus/optimus_v6.3_ws/install/optimus_interfaces/share/optimus_interfaces/cmake/export_optimus_interfaces__rosidl_typesupport_fastrtps_cExport-noconfig.cmake
[3.258s] -- Up-to-date: /home/optimus/optimus_v6.3_ws/install/optimus_interfaces/share/optimus_interfaces/cmake/optimus_interfaces__rosidl_typesupport_introspection_cExport.cmake
[3.259s] -- Up-to-date: /home/optimus/optimus_v6.3_ws/install/optimus_interfaces/share/optimus_interfaces/cmake/optimus_interfaces__rosidl_typesupport_introspection_cExport-noconfig.cmake
[3.259s] -- Up-to-date: /home/optimus/optimus_v6.3_ws/install/optimus_interfaces/share/optimus_interfaces/cmake/optimus_interfaces__rosidl_typesupport_cExport.cmake
[3.260s] -- Up-to-date: /home/optimus/optimus_v6.3_ws/install/optimus_interfaces/share/optimus_interfaces/cmake/optimus_interfaces__rosidl_typesupport_cExport-noconfig.cmake
[3.261s] -- Up-to-date: /home/optimus/optimus_v6.3_ws/install/optimus_interfaces/share/optimus_interfaces/cmake/export_optimus_interfaces__rosidl_generator_cppExport.cmake
[3.262s] -- Up-to-date: /home/optimus/optimus_v6.3_ws/install/optimus_interfaces/share/optimus_interfaces/cmake/export_optimus_interfaces__rosidl_typesupport_fastrtps_cppExport.cmake
[3.262s] -- Up-to-date: /home/optimus/optimus_v6.3_ws/install/optimus_interfaces/share/optimus_interfaces/cmake/export_optimus_interfaces__rosidl_typesupport_fastrtps_cppExport-noconfig.cmake
[3.263s] -- Up-to-date: /home/optimus/optimus_v6.3_ws/install/optimus_interfaces/share/optimus_interfaces/cmake/optimus_interfaces__rosidl_typesupport_introspection_cppExport.cmake
[3.264s] -- Up-to-date: /home/optimus/optimus_v6.3_ws/install/optimus_interfaces/share/optimus_interfaces/cmake/optimus_interfaces__rosidl_typesupport_introspection_cppExport-noconfig.cmake
[3.265s] -- Up-to-date: /home/optimus/optimus_v6.3_ws/install/optimus_interfaces/share/optimus_interfaces/cmake/optimus_interfaces__rosidl_typesupport_cppExport.cmake
[3.266s] -- Up-to-date: /home/optimus/optimus_v6.3_ws/install/optimus_interfaces/share/optimus_interfaces/cmake/optimus_interfaces__rosidl_typesupport_cppExport-noconfig.cmake
[3.266s] -- Up-to-date: /home/optimus/optimus_v6.3_ws/install/optimus_interfaces/share/optimus_interfaces/cmake/export_optimus_interfaces__rosidl_generator_pyExport.cmake
[3.267s] -- Up-to-date: /home/optimus/optimus_v6.3_ws/install/optimus_interfaces/share/optimus_interfaces/cmake/export_optimus_interfaces__rosidl_generator_pyExport-noconfig.cmake
[3.267s] -- Up-to-date: /home/optimus/optimus_v6.3_ws/install/optimus_interfaces/share/optimus_interfaces/cmake/rosidl_cmake-extras.cmake
[3.268s] -- Up-to-date: /home/optimus/optimus_v6.3_ws/install/optimus_interfaces/share/optimus_interfaces/cmake/ament_cmake_export_dependencies-extras.cmake
[3.268s] -- Up-to-date: /home/optimus/optimus_v6.3_ws/install/optimus_interfaces/share/optimus_interfaces/cmake/ament_cmake_export_include_directories-extras.cmake
[3.269s] -- Up-to-date: /home/optimus/optimus_v6.3_ws/install/optimus_interfaces/share/optimus_interfaces/cmake/ament_cmake_export_libraries-extras.cmake
[3.269s] -- Up-to-date: /home/optimus/optimus_v6.3_ws/install/optimus_interfaces/share/optimus_interfaces/cmake/ament_cmake_export_targets-extras.cmake
[3.270s] -- Up-to-date: /home/optimus/optimus_v6.3_ws/install/optimus_interfaces/share/optimus_interfaces/cmake/rosidl_cmake_export_typesupport_targets-extras.cmake
[3.270s] -- Up-to-date: /home/optimus/optimus_v6.3_ws/install/optimus_interfaces/share/optimus_interfaces/cmake/rosidl_cmake_export_typesupport_libraries-extras.cmake
[3.271s] -- Up-to-date: /home/optimus/optimus_v6.3_ws/install/optimus_interfaces/share/optimus_interfaces/cmake/optimus_interfacesConfig.cmake
[3.271s] -- Up-to-date: /home/optimus/optimus_v6.3_ws/install/optimus_interfaces/share/optimus_interfaces/cmake/optimus_interfacesConfig-version.cmake
[3.272s] -- Up-to-date: /home/optimus/optimus_v6.3_ws/install/optimus_interfaces/share/optimus_interfaces/package.xml
[3.279s] Invoked command in '/home/optimus/optimus_v6.3_ws/build/optimus_interfaces' returned '0': CMAKE_PREFIX_PATH=${CMAKE_PREFIX_PATH}:/home/optimus/optimus_v6.3_ws/install/optimus_description:/opt/ros/humble /usr/bin/cmake --install /home/optimus/optimus_v6.3_ws/build/optimus_interfaces
